[01m[K/home/hs/ros2_study/src/nexus_base_ros-master/src/nexus_serial_bridge.cpp:25:42:[m[K [01;31m[Kerror: [m[Kstray â€˜[01m[K#[m[Kâ€™ in program
   25 | constexpr int kDefaultBaudrate = 115200; [01;31m[K#[m[K Serial baudrate
      |                                          [01;31m[K^[m[K
[01m[K/home/hs/ros2_study/src/nexus_base_ros-master/src/nexus_serial_bridge.cpp:26:43:[m[K [01;31m[Kerror: [m[Kstray â€˜[01m[K#[m[Kâ€™ in program
   26 | constexpr double kDefaultTxRateHz = 20.0; [01;31m[K#[m[K Command transmission rate in Hz
      |                                           [01;31m[K^[m[K
[01m[K/home/hs/ros2_study/src/nexus_base_ros-master/src/nexus_serial_bridge.cpp:27:44:[m[K [01;31m[Kerror: [m[Kstray â€˜[01m[K#[m[Kâ€™ in program
   27 | constexpr int kDefaultCmdTimeoutMs = 250;  [01;31m[K#[m[K Command timeout in milliseconds
      |                                            [01;31m[K^[m[K
[01m[K/home/hs/ros2_study/src/nexus_base_ros-master/src/nexus_serial_bridge.cpp:28:43:[m[K [01;31m[Kerror: [m[Kstray â€˜[01m[K#[m[Kâ€™ in program
   28 | constexpr size_t kLineBufferSize = 256;   [01;31m[K#[m[K Buffer size for reading lines from serial
      |                                           [01;31m[K^[m[K
[01m[K/home/hs/ros2_study/src/nexus_base_ros-master/src/nexus_serial_bridge.cpp:25:44:[m[K [01;31m[Kerror: [m[Kâ€˜[01m[KSerial[m[Kâ€™ does not name a type
   25 | constexpr int kDefaultBaudrate = 115200; # [01;31m[KSerial[m[K baudrate
      |                                            [01;31m[K^~~~~~[m[K
[01m[K/home/hs/ros2_study/src/nexus_base_ros-master/src/nexus_serial_bridge.cpp:26:45:[m[K [01;31m[Kerror: [m[Kâ€˜[01m[KCommand[m[Kâ€™ does not name a type
   26 | constexpr double kDefaultTxRateHz = 20.0; # [01;31m[KCommand[m[K transmission rate in Hz
      |                                             [01;31m[K^~~~~~~[m[K
[01m[K/home/hs/ros2_study/src/nexus_base_ros-master/src/nexus_serial_bridge.cpp:27:46:[m[K [01;31m[Kerror: [m[Kâ€˜[01m[KCommand[m[Kâ€™ does not name a type
   27 | constexpr int kDefaultCmdTimeoutMs = 250;  # [01;31m[KCommand[m[K timeout in milliseconds
      |                                              [01;31m[K^~~~~~~[m[K
[01m[K/home/hs/ros2_study/src/nexus_base_ros-master/src/nexus_serial_bridge.cpp:28:45:[m[K [01;31m[Kerror: [m[Kâ€˜[01m[KBuffer[m[Kâ€™ does not name a type
   28 | constexpr size_t kLineBufferSize = 256;   # [01;31m[KBuffer[m[K size for reading lines from serial
      |                                             [01;31m[K^~~~~~[m[K
[01m[K/home/hs/ros2_study/src/nexus_base_ros-master/src/nexus_serial_bridge.cpp:[m[K In constructor â€˜[01m[KNexusSerialBridge::NexusSerialBridge()[m[Kâ€™:
[01m[K/home/hs/ros2_study/src/nexus_base_ros-master/src/nexus_serial_bridge.cpp:42:59:[m[K [01;31m[Kerror: [m[Kâ€˜[01m[KkDefaultTxRateHz[m[Kâ€™ was not declared in this scope
   42 |     tx_rate_hz_ = declare_parameter<double>("tx_rate_hz", [01;31m[KkDefaultTxRateHz[m[K);
      |                                                           [01;31m[K^~~~~~~~~~~~~~~~[m[K
[01m[K/home/hs/ros2_study/src/nexus_base_ros-master/src/nexus_serial_bridge.cpp:43:64:[m[K [01;31m[Kerror: [m[Kâ€˜[01m[KkDefaultCmdTimeoutMs[m[Kâ€™ was not declared in this scope
   43 |     cmd_timeout_ms_ = declare_parameter<int>("cmd_timeout_ms", [01;31m[KkDefaultCmdTimeoutMs[m[K);
      |                                                                [01;31m[K^~~~~~~~~~~~~~~~~~~~[m[K
[01m[K/home/hs/ros2_study/src/nexus_base_ros-master/src/nexus_serial_bridge.cpp:[m[K In member function â€˜[01m[Kvoid NexusSerialBridge::sendLatestCmd()[m[Kâ€™:
[01m[K/home/hs/ros2_study/src/nexus_base_ros-master/src/nexus_serial_bridge.cpp:165:15:[m[K [01;31m[Kerror: [m[Kâ€˜[01m[KkLineBufferSize[m[Kâ€™ was not declared in this scope
  165 |     char line[[01;31m[KkLineBufferSize[m[K];
      |               [01;31m[K^~~~~~~~~~~~~~~[m[K
[01m[K/home/hs/ros2_study/src/nexus_base_ros-master/src/nexus_serial_bridge.cpp:166:19:[m[K [01;31m[Kerror: [m[Kâ€˜[01m[Kline[m[Kâ€™ was not declared in this scope; did you mean â€˜[01m[Klink[m[Kâ€™?
  166 |     std::snprintf([01;31m[Kline[m[K, sizeof(line), "TWIST %.0f %.0f %.0f\n", vx, vy, wz);
      |                   [01;31m[K^~~~[m[K
      |                   [32m[Klink[m[K
gmake[2]: *** [CMakeFiles/nexus_serial_bridge.dir/build.make:76: CMakeFiles/nexus_serial_bridge.dir/src/nexus_serial_bridge.cpp.o] ì˜¤ë¥˜ 1
gmake[1]: *** [CMakeFiles/Makefile2:598: CMakeFiles/nexus_serial_bridge.dir/all] ì˜¤ë¥˜ 2
gmake: *** [Makefile:146: all] ì˜¤ë¥˜ 2
