[0.461s] Invoking command in '/home/hs/ros2_study/build/nexus_base_ros': CMAKE_PREFIX_PATH=/opt/ros/humble /usr/local/bin/cmake --build /home/hs/ros2_study/build/nexus_base_ros -- -j8 -l8
[0.506s] [  1%] Built target nexus_base_ros__cpp
[0.514s] [  1%] Built target ament_cmake_python_copy_nexus_base_ros
[0.515s] [ 11%] Built target nexus_base_ros__rosidl_generator_c
[0.552s] [ 21%] Built target nexus_base_ros__rosidl_typesupport_cpp
[0.554s] [ 31%] Built target nexus_base_ros__rosidl_typesupport_introspection_cpp
[0.558s] [ 40%] Built target nexus_base_ros__rosidl_typesupport_fastrtps_cpp
[0.560s] [ 50%] Built target nexus_base_ros__rosidl_typesupport_c
[0.567s] [ 62%] Built target nexus_base_ros__rosidl_typesupport_fastrtps_c
[0.567s] [ 70%] Built target nexus_base_ros__rosidl_typesupport_introspection_c
[0.581s] [ 70%] Built target nexus_base_ros
[0.604s] [ 72%] Built target nexus_base_ros__py
[0.619s] [ 75%] Built target nexus_teleop_joy
[0.620s] [ 78%] Built target nexus_odometry
[0.639s] [ 86%] Built target nexus_base_ros__rosidl_generator_py
[0.640s] [ 88%] [32mBuilding CXX object CMakeFiles/nexus_serial_bridge.dir/src/nexus_serial_bridge.cpp.o[0m
[0.674s] [ 91%] Built target nexus_base_ros__rosidl_typesupport_c__pyext
[0.679s] [ 95%] Built target nexus_base_ros__rosidl_typesupport_introspection_c__pyext
[0.682s] [ 98%] Built target nexus_base_ros__rosidl_typesupport_fastrtps_c__pyext
[1.209s] running egg_info
[1.209s] writing nexus_base_ros.egg-info/PKG-INFO
[1.210s] writing dependency_links to nexus_base_ros.egg-info/dependency_links.txt
[1.210s] writing top-level names to nexus_base_ros.egg-info/top_level.txt
[1.216s] reading manifest file 'nexus_base_ros.egg-info/SOURCES.txt'
[1.218s] writing manifest file 'nexus_base_ros.egg-info/SOURCES.txt'
[1.264s] [ 98%] Built target ament_cmake_python_build_nexus_base_ros_egg
[2.342s] [01m[K/home/hs/ros2_study/src/nexus_base_ros-master/src/nexus_serial_bridge.cpp:25:42:[m[K [01;31m[Kerror: [m[Kstray â€˜[01m[K#[m[Kâ€™ in program
[2.342s]    25 | constexpr int kDefaultBaudrate = 115200; [01;31m[K#[m[K Serial baudrate
[2.342s]       |                                          [01;31m[K^[m[K
[2.342s] [01m[K/home/hs/ros2_study/src/nexus_base_ros-master/src/nexus_serial_bridge.cpp:26:43:[m[K [01;31m[Kerror: [m[Kstray â€˜[01m[K#[m[Kâ€™ in program
[2.342s]    26 | constexpr double kDefaultTxRateHz = 20.0; [01;31m[K#[m[K Command transmission rate in Hz
[2.342s]       |                                           [01;31m[K^[m[K
[2.342s] [01m[K/home/hs/ros2_study/src/nexus_base_ros-master/src/nexus_serial_bridge.cpp:27:44:[m[K [01;31m[Kerror: [m[Kstray â€˜[01m[K#[m[Kâ€™ in program
[2.342s]    27 | constexpr int kDefaultCmdTimeoutMs = 250;  [01;31m[K#[m[K Command timeout in milliseconds
[2.342s]       |                                            [01;31m[K^[m[K
[2.342s] [01m[K/home/hs/ros2_study/src/nexus_base_ros-master/src/nexus_serial_bridge.cpp:28:43:[m[K [01;31m[Kerror: [m[Kstray â€˜[01m[K#[m[Kâ€™ in program
[2.343s]    28 | constexpr size_t kLineBufferSize = 256;   [01;31m[K#[m[K Buffer size for reading lines from serial
[2.343s]       |                                           [01;31m[K^[m[K
[8.235s] [01m[K/home/hs/ros2_study/src/nexus_base_ros-master/src/nexus_serial_bridge.cpp:25:44:[m[K [01;31m[Kerror: [m[Kâ€˜[01m[KSerial[m[Kâ€™ does not name a type
[8.236s]    25 | constexpr int kDefaultBaudrate = 115200; # [01;31m[KSerial[m[K baudrate
[8.236s]       |                                            [01;31m[K^~~~~~[m[K
[8.239s] [01m[K/home/hs/ros2_study/src/nexus_base_ros-master/src/nexus_serial_bridge.cpp:26:45:[m[K [01;31m[Kerror: [m[Kâ€˜[01m[KCommand[m[Kâ€™ does not name a type
[8.239s]    26 | constexpr double kDefaultTxRateHz = 20.0; # [01;31m[KCommand[m[K transmission rate in Hz
[8.240s]       |                                             [01;31m[K^~~~~~~[m[K
[8.243s] [01m[K/home/hs/ros2_study/src/nexus_base_ros-master/src/nexus_serial_bridge.cpp:27:46:[m[K [01;31m[Kerror: [m[Kâ€˜[01m[KCommand[m[Kâ€™ does not name a type
[8.244s]    27 | constexpr int kDefaultCmdTimeoutMs = 250;  # [01;31m[KCommand[m[K timeout in milliseconds
[8.244s]       |                                              [01;31m[K^~~~~~~[m[K
[8.247s] [01m[K/home/hs/ros2_study/src/nexus_base_ros-master/src/nexus_serial_bridge.cpp:28:45:[m[K [01;31m[Kerror: [m[Kâ€˜[01m[KBuffer[m[Kâ€™ does not name a type
[8.247s]    28 | constexpr size_t kLineBufferSize = 256;   # [01;31m[KBuffer[m[K size for reading lines from serial
[8.247s]       |                                             [01;31m[K^~~~~~[m[K
[8.457s] [01m[K/home/hs/ros2_study/src/nexus_base_ros-master/src/nexus_serial_bridge.cpp:[m[K In constructor â€˜[01m[KNexusSerialBridge::NexusSerialBridge()[m[Kâ€™:
[8.458s] [01m[K/home/hs/ros2_study/src/nexus_base_ros-master/src/nexus_serial_bridge.cpp:42:59:[m[K [01;31m[Kerror: [m[Kâ€˜[01m[KkDefaultTxRateHz[m[Kâ€™ was not declared in this scope
[8.458s]    42 |     tx_rate_hz_ = declare_parameter<double>("tx_rate_hz", [01;31m[KkDefaultTxRateHz[m[K);
[8.458s]       |                                                           [01;31m[K^~~~~~~~~~~~~~~~[m[K
[8.495s] [01m[K/home/hs/ros2_study/src/nexus_base_ros-master/src/nexus_serial_bridge.cpp:43:64:[m[K [01;31m[Kerror: [m[Kâ€˜[01m[KkDefaultCmdTimeoutMs[m[Kâ€™ was not declared in this scope
[8.496s]    43 |     cmd_timeout_ms_ = declare_parameter<int>("cmd_timeout_ms", [01;31m[KkDefaultCmdTimeoutMs[m[K);
[8.496s]       |                                                                [01;31m[K^~~~~~~~~~~~~~~~~~~~[m[K
[9.035s] [01m[K/home/hs/ros2_study/src/nexus_base_ros-master/src/nexus_serial_bridge.cpp:[m[K In member function â€˜[01m[Kvoid NexusSerialBridge::sendLatestCmd()[m[Kâ€™:
[9.035s] [01m[K/home/hs/ros2_study/src/nexus_base_ros-master/src/nexus_serial_bridge.cpp:165:15:[m[K [01;31m[Kerror: [m[Kâ€˜[01m[KkLineBufferSize[m[Kâ€™ was not declared in this scope
[9.036s]   165 |     char line[[01;31m[KkLineBufferSize[m[K];
[9.036s]       |               [01;31m[K^~~~~~~~~~~~~~~[m[K
[9.043s] [01m[K/home/hs/ros2_study/src/nexus_base_ros-master/src/nexus_serial_bridge.cpp:166:19:[m[K [01;31m[Kerror: [m[Kâ€˜[01m[Kline[m[Kâ€™ was not declared in this scope; did you mean â€˜[01m[Klink[m[Kâ€™?
[9.044s]   166 |     std::snprintf([01;31m[Kline[m[K, sizeof(line), "TWIST %.0f %.0f %.0f\n", vx, vy, wz);
[9.044s]       |                   [01;31m[K^~~~[m[K
[9.044s]       |                   [32m[Klink[m[K
[14.596s] gmake[2]: *** [CMakeFiles/nexus_serial_bridge.dir/build.make:76: CMakeFiles/nexus_serial_bridge.dir/src/nexus_serial_bridge.cpp.o] ì˜¤ë¥˜ 1
[14.596s] gmake[1]: *** [CMakeFiles/Makefile2:598: CMakeFiles/nexus_serial_bridge.dir/all] ì˜¤ë¥˜ 2
[14.597s] gmake: *** [Makefile:146: all] ì˜¤ë¥˜ 2
[14.599s] Invoked command in '/home/hs/ros2_study/build/nexus_base_ros' returned '2': CMAKE_PREFIX_PATH=/opt/ros/humble /usr/local/bin/cmake --build /home/hs/ros2_study/build/nexus_base_ros -- -j8 -l8
