[33mCMake Warning (dev) at /opt/ros/humble/share/rosidl_generator_py/cmake/rosidl_generator_py_generate_interfaces.cmake:20 (find_package):
  Policy CMP0148 is not set: The FindPythonInterp and FindPythonLibs modules
  are removed.  Run "cmake --help-policy CMP0148" for policy details.  Use
  the cmake_policy command to set the policy and suppress this warning.

Call Stack (most recent call first):
  /opt/ros/humble/share/ament_cmake_core/cmake/core/ament_execute_extensions.cmake:48 (include)
  /opt/ros/humble/share/rosidl_cmake/cmake/rosidl_generate_interfaces.cmake:286 (ament_execute_extensions)
  CMakeLists.txt:29 (rosidl_generate_interfaces)
This warning is for project developers.  Use -Wno-dev to suppress it.
[0m
[33mCMake Warning (dev) at /opt/ros/humble/share/python_cmake_module/cmake/Modules/FindPythonExtra.cmake:52 (find_package):
  Policy CMP0148 is not set: The FindPythonInterp and FindPythonLibs modules
  are removed.  Run "cmake --help-policy CMP0148" for policy details.  Use
  the cmake_policy command to set the policy and suppress this warning.

Call Stack (most recent call first):
  /opt/ros/humble/share/rosidl_generator_py/cmake/rosidl_generator_py_generate_interfaces.cmake:23 (find_package)
  /opt/ros/humble/share/ament_cmake_core/cmake/core/ament_execute_extensions.cmake:48 (include)
  /opt/ros/humble/share/rosidl_cmake/cmake/rosidl_generate_interfaces.cmake:286 (ament_execute_extensions)
  CMakeLists.txt:29 (rosidl_generate_interfaces)
This warning is for project developers.  Use -Wno-dev to suppress it.
[0m
[33mCMake Warning (dev) at /opt/ros/humble/share/python_cmake_module/cmake/Modules/FindPythonExtra.cmake:140 (find_package):
  Policy CMP0148 is not set: The FindPythonInterp and FindPythonLibs modules
  are removed.  Run "cmake --help-policy CMP0148" for policy details.  Use
  the cmake_policy command to set the policy and suppress this warning.

Call Stack (most recent call first):
  /opt/ros/humble/share/rosidl_generator_py/cmake/rosidl_generator_py_generate_interfaces.cmake:23 (find_package)
  /opt/ros/humble/share/ament_cmake_core/cmake/core/ament_execute_extensions.cmake:48 (include)
  /opt/ros/humble/share/rosidl_cmake/cmake/rosidl_generate_interfaces.cmake:286 (ament_execute_extensions)
  CMakeLists.txt:29 (rosidl_generate_interfaces)
This warning is for project developers.  Use -Wno-dev to suppress it.
[0m
[0mCMake Deprecation Warning at /opt/ros/humble/share/rosidl_cmake/cmake/rosidl_target_interfaces.cmake:32 (message):
  Use rosidl_get_typesupport_target() and target_link_libraries() instead of
  rosidl_target_interfaces()
Call Stack (most recent call first):
  CMakeLists.txt:65 (rosidl_target_interfaces)

[0m
[0mCMake Deprecation Warning at /opt/ros/humble/share/rosidl_cmake/cmake/rosidl_target_interfaces.cmake:32 (message):
  Use rosidl_get_typesupport_target() and target_link_libraries() instead of
  rosidl_target_interfaces()
Call Stack (most recent call first):
  CMakeLists.txt:66 (rosidl_target_interfaces)

[0m
[0mCMake Deprecation Warning at /opt/ros/humble/share/rosidl_cmake/cmake/rosidl_target_interfaces.cmake:32 (message):
  Use rosidl_get_typesupport_target() and target_link_libraries() instead of
  rosidl_target_interfaces()
Call Stack (most recent call first):
  CMakeLists.txt:67 (rosidl_target_interfaces)

[0m
In file included from [01m[K/home/hs/ros2_study/build/nexus_base_ros/rosidl_generator_c/nexus_base_ros/msg/detail/motors__functions.h:19[m[K,
                 from [01m[K/home/hs/ros2_study/build/nexus_base_ros/rosidl_generator_c/nexus_base_ros/msg/detail/motors__functions.c:4[m[K:
[01m[K/home/hs/ros2_study/build/nexus_base_ros/rosidl_generator_c/nexus_base_ros/msg/detail/motors__struct.h:22:10:[m[K [01;31m[Kfatal error: [m[Knexus_base_ros/msg/detail/header__struct.h: ê·¸ëŸ° íŒŒì¼ì´ë‚˜ ë””ë ‰í„°ë¦¬ê°€ ì—†ìŠµë‹ˆë‹¤
   22 | #include [01;31m[K"nexus_base_ros/msg/detail/header__struct.h"[m[K
      |          [01;31m[K^~~~~~~~~~~~~~~~~~~~~~~~~~~~~~~~~~~~~~~~~~~~[m[K
compilation terminated.
gmake[2]: *** [CMakeFiles/nexus_base_ros__rosidl_generator_c.dir/build.make:199: CMakeFiles/nexus_base_ros__rosidl_generator_c.dir/rosidl_generator_c/nexus_base_ros/msg/detail/motors__functions.c.o] ì˜¤ë¥˜ 1
gmake[2]: *** ëë‚˜ì§€ ì•Šì€ ì‘ì—…ì„ ê¸°ë‹¤ë¦¬ê³  ìˆìŠµë‹ˆë‹¤....
In file included from [01m[K/home/hs/ros2_study/build/nexus_base_ros/rosidl_generator_c/nexus_base_ros/msg/detail/encoders__functions.h:19[m[K,
                 from [01m[K/home/hs/ros2_study/build/nexus_base_ros/rosidl_generator_c/nexus_base_ros/msg/detail/encoders__functions.c:4[m[K:
[01m[K/home/hs/ros2_study/build/nexus_base_ros/rosidl_generator_c/nexus_base_ros/msg/detail/encoders__struct.h:22:10:[m[K [01;31m[Kfatal error: [m[Knexus_base_ros/msg/detail/header__struct.h: ê·¸ëŸ° íŒŒì¼ì´ë‚˜ ë””ë ‰í„°ë¦¬ê°€ ì—†ìŠµë‹ˆë‹¤
   22 | #include [01;31m[K"nexus_base_ros/msg/detail/header__struct.h"[m[K
      |          [01;31m[K^~~~~~~~~~~~~~~~~~~~~~~~~~~~~~~~~~~~~~~~~~~~[m[K
compilation terminated.
gmake[2]: *** [CMakeFiles/nexus_base_ros__rosidl_generator_c.dir/build.make:185: CMakeFiles/nexus_base_ros__rosidl_generator_c.dir/rosidl_generator_c/nexus_base_ros/msg/detail/encoders__functions.c.o] ì˜¤ë¥˜ 1
gmake[1]: *** [CMakeFiles/Makefile2:219: CMakeFiles/nexus_base_ros__rosidl_generator_c.dir/all] ì˜¤ë¥˜ 2
gmake[1]: *** ëë‚˜ì§€ ì•Šì€ ì‘ì—…ì„ ê¸°ë‹¤ë¦¬ê³  ìˆìŠµë‹ˆë‹¤....
In file included from [01m[K/home/hs/ros2_study/build/nexus_base_ros/rosidl_typesupport_cpp/nexus_base_ros/msg/motors__type_support.cpp:7[m[K:
[01m[K/home/hs/ros2_study/build/nexus_base_ros/rosidl_generator_cpp/nexus_base_ros/msg/detail/motors__struct.hpp:21:10:[m[K [01;31m[Kfatal error: [m[Knexus_base_ros/msg/detail/header__struct.hpp: ê·¸ëŸ° íŒŒì¼ì´ë‚˜ ë””ë ‰í„°ë¦¬ê°€ ì—†ìŠµë‹ˆë‹¤
   21 | #include [01;31m[K"nexus_base_ros/msg/detail/header__struct.hpp"[m[K
      |          [01;31m[K^~~~~~~~~~~~~~~~~~~~~~~~~~~~~~~~~~~~~~~~~~~~~~[m[K
compilation terminated.
In file included from [01m[K/home/hs/ros2_study/build/nexus_base_ros/rosidl_typesupport_cpp/nexus_base_ros/msg/encoders__type_support.cpp:7[m[K:
[01m[K/home/hs/ros2_study/build/nexus_base_ros/rosidl_generator_cpp/nexus_base_ros/msg/detail/encoders__struct.hpp:21:10:[m[K [01;31m[Kfatal error: [m[Knexus_base_ros/msg/detail/header__struct.hpp: ê·¸ëŸ° íŒŒì¼ì´ë‚˜ ë””ë ‰í„°ë¦¬ê°€ ì—†ìŠµë‹ˆë‹¤
   21 | #include [01;31m[K"nexus_base_ros/msg/detail/header__struct.hpp"[m[K
      |          [01;31m[K^~~~~~~~~~~~~~~~~~~~~~~~~~~~~~~~~~~~~~~~~~~~~~[m[K
compilation terminated.
gmake[2]: *** [CMakeFiles/nexus_base_ros__rosidl_typesupport_cpp.dir/build.make:144: CMakeFiles/nexus_base_ros__rosidl_typesupport_cpp.dir/rosidl_typesupport_cpp/nexus_base_ros/msg/motors__type_support.cpp.o] ì˜¤ë¥˜ 1
gmake[2]: *** ëë‚˜ì§€ ì•Šì€ ì‘ì—…ì„ ê¸°ë‹¤ë¦¬ê³  ìˆìŠµë‹ˆë‹¤....
gmake[2]: *** [CMakeFiles/nexus_base_ros__rosidl_typesupport_cpp.dir/build.make:130: CMakeFiles/nexus_base_ros__rosidl_typesupport_cpp.dir/rosidl_typesupport_cpp/nexus_base_ros/msg/encoders__type_support.cpp.o] ì˜¤ë¥˜ 1
In file included from [01m[K/home/hs/ros2_study/build/nexus_base_ros/rosidl_typesupport_introspection_cpp/nexus_base_ros/msg/detail/encoders__type_support.cpp:12[m[K:
[01m[K/home/hs/ros2_study/build/nexus_base_ros/rosidl_generator_cpp/nexus_base_ros/msg/detail/encoders__struct.hpp:21:10:[m[K [01;31m[Kfatal error: [m[Knexus_base_ros/msg/detail/header__struct.hpp: ê·¸ëŸ° íŒŒì¼ì´ë‚˜ ë””ë ‰í„°ë¦¬ê°€ ì—†ìŠµë‹ˆë‹¤
   21 | #include [01;31m[K"nexus_base_ros/msg/detail/header__struct.hpp"[m[K
      |          [01;31m[K^~~~~~~~~~~~~~~~~~~~~~~~~~~~~~~~~~~~~~~~~~~~~~[m[K
compilation terminated.
gmake[2]: *** [CMakeFiles/nexus_base_ros__rosidl_typesupport_introspection_cpp.dir/build.make:144: CMakeFiles/nexus_base_ros__rosidl_typesupport_introspection_cpp.dir/rosidl_typesupport_introspection_cpp/nexus_base_ros/msg/detail/encoders__type_support.cpp.o] ì˜¤ë¥˜ 1
gmake[2]: *** ëë‚˜ì§€ ì•Šì€ ì‘ì—…ì„ ê¸°ë‹¤ë¦¬ê³  ìˆìŠµë‹ˆë‹¤....
In file included from [01m[K/home/hs/ros2_study/build/nexus_base_ros/rosidl_typesupport_introspection_cpp/nexus_base_ros/msg/detail/motors__type_support.cpp:12[m[K:
[01m[K/home/hs/ros2_study/build/nexus_base_ros/rosidl_generator_cpp/nexus_base_ros/msg/detail/motors__struct.hpp:21:10:[m[K [01;31m[Kfatal error: [m[Knexus_base_ros/msg/detail/header__struct.hpp: ê·¸ëŸ° íŒŒì¼ì´ë‚˜ ë””ë ‰í„°ë¦¬ê°€ ì—†ìŠµë‹ˆë‹¤
   21 | #include [01;31m[K"nexus_base_ros/msg/detail/header__struct.hpp"[m[K
      |          [01;31m[K^~~~~~~~~~~~~~~~~~~~~~~~~~~~~~~~~~~~~~~~~~~~~~[m[K
compilation terminated.
gmake[2]: *** [CMakeFiles/nexus_base_ros__rosidl_typesupport_introspection_cpp.dir/build.make:158: CMakeFiles/nexus_base_ros__rosidl_typesupport_introspection_cpp.dir/rosidl_typesupport_introspection_cpp/nexus_base_ros/msg/detail/motors__type_support.cpp.o] ì˜¤ë¥˜ 1
In file included from [01m[K/home/hs/ros2_study/build/nexus_base_ros/rosidl_typesupport_fastrtps_cpp/nexus_base_ros/msg/detail/encoders__rosidl_typesupport_fastrtps_cpp.hpp:11[m[K,
                 from [01m[K/home/hs/ros2_study/build/nexus_base_ros/rosidl_typesupport_fastrtps_cpp/nexus_base_ros/msg/detail/dds_fastrtps/encoders__type_support.cpp:4[m[K:
[01m[K/home/hs/ros2_study/build/nexus_base_ros/rosidl_generator_cpp/nexus_base_ros/msg/detail/encoders__struct.hpp:21:10:[m[K [01;31m[Kfatal error: [m[Knexus_base_ros/msg/detail/header__struct.hpp: ê·¸ëŸ° íŒŒì¼ì´ë‚˜ ë””ë ‰í„°ë¦¬ê°€ ì—†ìŠµë‹ˆë‹¤
   21 | #include [01;31m[K"nexus_base_ros/msg/detail/header__struct.hpp"[m[K
      |          [01;31m[K^~~~~~~~~~~~~~~~~~~~~~~~~~~~~~~~~~~~~~~~~~~~~~[m[K
compilation terminated.
gmake[2]: *** [CMakeFiles/nexus_base_ros__rosidl_typesupport_fastrtps_cpp.dir/build.make:144: CMakeFiles/nexus_base_ros__rosidl_typesupport_fastrtps_cpp.dir/rosidl_typesupport_fastrtps_cpp/nexus_base_ros/msg/detail/dds_fastrtps/encoders__type_support.cpp.o] ì˜¤ë¥˜ 1
gmake[2]: *** ëë‚˜ì§€ ì•Šì€ ì‘ì—…ì„ ê¸°ë‹¤ë¦¬ê³  ìˆìŠµë‹ˆë‹¤....
In file included from [01m[K/home/hs/ros2_study/build/nexus_base_ros/rosidl_typesupport_fastrtps_cpp/nexus_base_ros/msg/detail/motors__rosidl_typesupport_fastrtps_cpp.hpp:11[m[K,
                 from [01m[K/home/hs/ros2_study/build/nexus_base_ros/rosidl_typesupport_fastrtps_cpp/nexus_base_ros/msg/detail/dds_fastrtps/motors__type_support.cpp:4[m[K:
[01m[K/home/hs/ros2_study/build/nexus_base_ros/rosidl_generator_cpp/nexus_base_ros/msg/detail/motors__struct.hpp:21:10:[m[K [01;31m[Kfatal error: [m[Knexus_base_ros/msg/detail/header__struct.hpp: ê·¸ëŸ° íŒŒì¼ì´ë‚˜ ë””ë ‰í„°ë¦¬ê°€ ì—†ìŠµë‹ˆë‹¤
   21 | #include [01;31m[K"nexus_base_ros/msg/detail/header__struct.hpp"[m[K
      |          [01;31m[K^~~~~~~~~~~~~~~~~~~~~~~~~~~~~~~~~~~~~~~~~~~~~~[m[K
compilation terminated.
gmake[2]: *** [CMakeFiles/nexus_base_ros__rosidl_typesupport_fastrtps_cpp.dir/build.make:158: CMakeFiles/nexus_base_ros__rosidl_typesupport_fastrtps_cpp.dir/rosidl_typesupport_fastrtps_cpp/nexus_base_ros/msg/detail/dds_fastrtps/motors__type_support.cpp.o] ì˜¤ë¥˜ 1
gmake[1]: *** [CMakeFiles/Makefile2:401: CMakeFiles/nexus_base_ros__rosidl_typesupport_cpp.dir/all] ì˜¤ë¥˜ 2
gmake[1]: *** [CMakeFiles/Makefile2:375: CMakeFiles/nexus_base_ros__rosidl_typesupport_introspection_cpp.dir/all] ì˜¤ë¥˜ 2
gmake[1]: *** [CMakeFiles/Makefile2:297: CMakeFiles/nexus_base_ros__rosidl_typesupport_fastrtps_cpp.dir/all] ì˜¤ë¥˜ 2
gmake: *** [Makefile:146: all] ì˜¤ë¥˜ 2
