-- The C compiler identification is GNU 11.4.0
-- The CXX compiler identification is GNU 11.4.0
-- Detecting C compiler ABI info
-- Detecting C compiler ABI info - done
-- Check for working C compiler: /usr/bin/cc - skipped
-- Detecting C compile features
-- Detecting C compile features - done
-- Detecting CXX compiler ABI info
-- Detecting CXX compiler ABI info - done
-- Check for working CXX compiler: /usr/bin/c++ - skipped
-- Detecting CXX compile features
-- Detecting CXX compile features - done
-- Found ament_cmake: 1.3.12 (/opt/ros/humble/share/ament_cmake/cmake)
-- Found Python3: /usr/bin/python3 (found version "3.10.12") found components: Interpreter
-- Found rclcpp: 16.0.17 (/opt/ros/humble/share/rclcpp/cmake)
-- Found rosidl_generator_c: 3.1.8 (/opt/ros/humble/share/rosidl_generator_c/cmake)
-- Found rosidl_adapter: 3.1.8 (/opt/ros/humble/share/rosidl_adapter/cmake)
-- Found rosidl_generator_cpp: 3.1.8 (/opt/ros/humble/share/rosidl_generator_cpp/cmake)
-- Using all available rosidl_typesupport_c: rosidl_typesupport_fastrtps_c;rosidl_typesupport_introspection_c
-- Using all available rosidl_typesupport_cpp: rosidl_typesupport_fastrtps_cpp;rosidl_typesupport_introspection_cpp
-- Found rmw_implementation_cmake: 6.1.2 (/opt/ros/humble/share/rmw_implementation_cmake/cmake)
-- Found rmw_fastrtps_cpp: 6.2.9 (/opt/ros/humble/share/rmw_fastrtps_cpp/cmake)
-- Found OpenSSL: /usr/lib/x86_64-linux-gnu/libcrypto.so (found version "3.0.2")
-- Found FastRTPS: /opt/ros/humble/include
-- Using RMW implementation 'rmw_fastrtps_cpp' as default
-- Performing Test CMAKE_HAVE_LIBC_PTHREAD
-- Performing Test CMAKE_HAVE_LIBC_PTHREAD - Success
-- Found Threads: TRUE
-- Found geometry_msgs: 4.9.0 (/opt/ros/humble/share/geometry_msgs/cmake)
-- Found sensor_msgs: 4.9.0 (/opt/ros/humble/share/sensor_msgs/cmake)
-- Found nav_msgs: 4.9.0 (/opt/ros/humble/share/nav_msgs/cmake)
-- Found tf2: 0.25.18 (/opt/ros/humble/share/tf2/cmake)
-- Found tf2_ros: 0.25.18 (/opt/ros/humble/share/tf2_ros/cmake)
-- Found rosidl_default_generators: 1.2.0 (/opt/ros/humble/share/rosidl_default_generators/cmake)
-- Found Boost: /usr/lib/x86_64-linux-gnu/cmake/Boost-1.74.0/BoostConfig.cmake (found version "1.74.0") found components: system
-- Found ament_cmake_ros: 0.10.0 (/opt/ros/humble/share/ament_cmake_ros/cmake)
-- Using all available rosidl_typesupport_c: rosidl_typesupport_fastrtps_c;rosidl_typesupport_introspection_c
-- Using all available rosidl_typesupport_cpp: rosidl_typesupport_fastrtps_cpp;rosidl_typesupport_introspection_cpp
[33mCMake Warning (dev) at /opt/ros/humble/share/rosidl_generator_py/cmake/rosidl_generator_py_generate_interfaces.cmake:20 (find_package):
  Policy CMP0148 is not set: The FindPythonInterp and FindPythonLibs modules
  are removed.  Run "cmake --help-policy CMP0148" for policy details.  Use
  the cmake_policy command to set the policy and suppress this warning.

Call Stack (most recent call first):
  /opt/ros/humble/share/ament_cmake_core/cmake/core/ament_execute_extensions.cmake:48 (include)
  /opt/ros/humble/share/rosidl_cmake/cmake/rosidl_generate_interfaces.cmake:286 (ament_execute_extensions)
  CMakeLists.txt:29 (rosidl_generate_interfaces)
This warning is for project developers.  Use -Wno-dev to suppress it.
[0m
-- Found PythonInterp: /usr/bin/python3 (found suitable version "3.10.12", minimum required is "3.6")
-- Found python_cmake_module: 0.10.0 (/opt/ros/humble/share/python_cmake_module/cmake)
[33mCMake Warning (dev) at /opt/ros/humble/share/python_cmake_module/cmake/Modules/FindPythonExtra.cmake:52 (find_package):
  Policy CMP0148 is not set: The FindPythonInterp and FindPythonLibs modules
  are removed.  Run "cmake --help-policy CMP0148" for policy details.  Use
  the cmake_policy command to set the policy and suppress this warning.

Call Stack (most recent call first):
  /opt/ros/humble/share/rosidl_generator_py/cmake/rosidl_generator_py_generate_interfaces.cmake:23 (find_package)
  /opt/ros/humble/share/ament_cmake_core/cmake/core/ament_execute_extensions.cmake:48 (include)
  /opt/ros/humble/share/rosidl_cmake/cmake/rosidl_generate_interfaces.cmake:286 (ament_execute_extensions)
  CMakeLists.txt:29 (rosidl_generate_interfaces)
This warning is for project developers.  Use -Wno-dev to suppress it.
[0m
[33mCMake Warning (dev) at /opt/ros/humble/share/python_cmake_module/cmake/Modules/FindPythonExtra.cmake:140 (find_package):
  Policy CMP0148 is not set: The FindPythonInterp and FindPythonLibs modules
  are removed.  Run "cmake --help-policy CMP0148" for policy details.  Use
  the cmake_policy command to set the policy and suppress this warning.

Call Stack (most recent call first):
  /opt/ros/humble/share/rosidl_generator_py/cmake/rosidl_generator_py_generate_interfaces.cmake:23 (find_package)
  /opt/ros/humble/share/ament_cmake_core/cmake/core/ament_execute_extensions.cmake:48 (include)
  /opt/ros/humble/share/rosidl_cmake/cmake/rosidl_generate_interfaces.cmake:286 (ament_execute_extensions)
  CMakeLists.txt:29 (rosidl_generate_interfaces)
This warning is for project developers.  Use -Wno-dev to suppress it.
[0m
-- Found PythonLibs: /usr/lib/x86_64-linux-gnu/libpython3.10.so (found suitable version "3.10.12", minimum required is "3.5")
-- Using PYTHON_EXECUTABLE: /usr/bin/python3
-- Using PYTHON_INCLUDE_DIRS: /usr/include/python3.10
-- Using PYTHON_LIBRARIES: /usr/lib/x86_64-linux-gnu/libpython3.10.so
-- Found PythonExtra: .so
[0mCMake Deprecation Warning at /opt/ros/humble/share/rosidl_cmake/cmake/rosidl_target_interfaces.cmake:32 (message):
  Use rosidl_get_typesupport_target() and target_link_libraries() instead of
  rosidl_target_interfaces()
Call Stack (most recent call first):
  CMakeLists.txt:65 (rosidl_target_interfaces)

[0m
[0mCMake Deprecation Warning at /opt/ros/humble/share/rosidl_cmake/cmake/rosidl_target_interfaces.cmake:32 (message):
  Use rosidl_get_typesupport_target() and target_link_libraries() instead of
  rosidl_target_interfaces()
Call Stack (most recent call first):
  CMakeLists.txt:66 (rosidl_target_interfaces)

[0m
[0mCMake Deprecation Warning at /opt/ros/humble/share/rosidl_cmake/cmake/rosidl_target_interfaces.cmake:32 (message):
  Use rosidl_get_typesupport_target() and target_link_libraries() instead of
  rosidl_target_interfaces()
Call Stack (most recent call first):
  CMakeLists.txt:67 (rosidl_target_interfaces)

[0m
-- Configuring done (5.5s)
-- Generating done (0.2s)
-- Build files have been written to: /home/hs/ros2_study/build/nexus_base_ros
[  1%] [34m[1mGenerating C code for ROS interfaces[0m
[  3%] [34m[1mGenerating C++ code for ROS interfaces[0m
[  3%] Built target ament_cmake_python_copy_nexus_base_ros
running egg_info
creating nexus_base_ros.egg-info
writing nexus_base_ros.egg-info/PKG-INFO
writing dependency_links to nexus_base_ros.egg-info/dependency_links.txt
writing top-level names to nexus_base_ros.egg-info/top_level.txt
writing manifest file 'nexus_base_ros.egg-info/SOURCES.txt'
reading manifest file 'nexus_base_ros.egg-info/SOURCES.txt'
writing manifest file 'nexus_base_ros.egg-info/SOURCES.txt'
[  3%] Built target ament_cmake_python_build_nexus_base_ros_egg
[  3%] Built target nexus_base_ros__cpp
[  4%] [34m[1mGenerating C++ type support dispatch for ROS interfaces[0m
[  6%] [34m[1mGenerating C++ type support for eProsima Fast-RTPS[0m
[  8%] [34m[1mGenerating C++ introspection for ROS interfaces[0m
[ 11%] [32mBuilding C object CMakeFiles/nexus_base_ros__rosidl_generator_c.dir/rosidl_generator_c/nexus_base_ros/msg/detail/encoders__functions.c.o[0m
[ 11%] [32mBuilding C object CMakeFiles/nexus_base_ros__rosidl_generator_c.dir/rosidl_generator_c/nexus_base_ros/msg/detail/motors__functions.c.o[0m
[ 13%] [32mBuilding C object CMakeFiles/nexus_base_ros__rosidl_generator_c.dir/rosidl_generator_c/nexus_base_ros/srv/detail/emergency_stop_enable__functions.c.o[0m
[ 14%] [32mBuilding C object CMakeFiles/nexus_base_ros__rosidl_generator_c.dir/rosidl_generator_c/nexus_base_ros/srv/detail/arming_enable__functions.c.o[0m
In file included from [01m[K/home/hs/ros2_study/build/nexus_base_ros/rosidl_generator_c/nexus_base_ros/msg/detail/motors__functions.h:19[m[K,
                 from [01m[K/home/hs/ros2_study/build/nexus_base_ros/rosidl_generator_c/nexus_base_ros/msg/detail/motors__functions.c:4[m[K:
[01m[K/home/hs/ros2_study/build/nexus_base_ros/rosidl_generator_c/nexus_base_ros/msg/detail/motors__struct.h:22:10:[m[K [01;31m[Kfatal error: [m[Knexus_base_ros/msg/detail/header__struct.h: ê·¸ëŸ° íŒŒì¼ì´ë‚˜ ë””ë ‰í„°ë¦¬ê°€ ì—†ìŠµë‹ˆë‹¤
   22 | #include [01;31m[K"nexus_base_ros/msg/detail/header__struct.h"[m[K
      |          [01;31m[K^~~~~~~~~~~~~~~~~~~~~~~~~~~~~~~~~~~~~~~~~~~~[m[K
compilation terminated.
gmake[2]: *** [CMakeFiles/nexus_base_ros__rosidl_generator_c.dir/build.make:199: CMakeFiles/nexus_base_ros__rosidl_generator_c.dir/rosidl_generator_c/nexus_base_ros/msg/detail/motors__functions.c.o] ì˜¤ë¥˜ 1
gmake[2]: *** ëë‚˜ì§€ ì•Šì€ ì‘ì—…ì„ ê¸°ë‹¤ë¦¬ê³  ìˆìŠµë‹ˆë‹¤....
In file included from [01m[K/home/hs/ros2_study/build/nexus_base_ros/rosidl_generator_c/nexus_base_ros/msg/detail/encoders__functions.h:19[m[K,
                 from [01m[K/home/hs/ros2_study/build/nexus_base_ros/rosidl_generator_c/nexus_base_ros/msg/detail/encoders__functions.c:4[m[K:
[01m[K/home/hs/ros2_study/build/nexus_base_ros/rosidl_generator_c/nexus_base_ros/msg/detail/encoders__struct.h:22:10:[m[K [01;31m[Kfatal error: [m[Knexus_base_ros/msg/detail/header__struct.h: ê·¸ëŸ° íŒŒì¼ì´ë‚˜ ë””ë ‰í„°ë¦¬ê°€ ì—†ìŠµë‹ˆë‹¤
   22 | #include [01;31m[K"nexus_base_ros/msg/detail/header__struct.h"[m[K
      |          [01;31m[K^~~~~~~~~~~~~~~~~~~~~~~~~~~~~~~~~~~~~~~~~~~~[m[K
compilation terminated.
gmake[2]: *** [CMakeFiles/nexus_base_ros__rosidl_generator_c.dir/build.make:185: CMakeFiles/nexus_base_ros__rosidl_generator_c.dir/rosidl_generator_c/nexus_base_ros/msg/detail/encoders__functions.c.o] ì˜¤ë¥˜ 1
gmake[1]: *** [CMakeFiles/Makefile2:219: CMakeFiles/nexus_base_ros__rosidl_generator_c.dir/all] ì˜¤ë¥˜ 2
gmake[1]: *** ëë‚˜ì§€ ì•Šì€ ì‘ì—…ì„ ê¸°ë‹¤ë¦¬ê³  ìˆìŠµë‹ˆë‹¤....
[ 16%] [32mBuilding CXX object CMakeFiles/nexus_base_ros__rosidl_typesupport_cpp.dir/rosidl_typesupport_cpp/nexus_base_ros/msg/motors__type_support.cpp.o[0m
[ 18%] [32mBuilding CXX object CMakeFiles/nexus_base_ros__rosidl_typesupport_cpp.dir/rosidl_typesupport_cpp/nexus_base_ros/msg/encoders__type_support.cpp.o[0m
[ 19%] [32mBuilding CXX object CMakeFiles/nexus_base_ros__rosidl_typesupport_cpp.dir/rosidl_typesupport_cpp/nexus_base_ros/srv/arming_enable__type_support.cpp.o[0m
[ 21%] [32mBuilding CXX object CMakeFiles/nexus_base_ros__rosidl_typesupport_cpp.dir/rosidl_typesupport_cpp/nexus_base_ros/srv/emergency_stop_enable__type_support.cpp.o[0m
[ 24%] [32mBuilding CXX object CMakeFiles/nexus_base_ros__rosidl_typesupport_introspection_cpp.dir/rosidl_typesupport_introspection_cpp/nexus_base_ros/msg/detail/motors__type_support.cpp.o[0m
[ 26%] [32mBuilding CXX object CMakeFiles/nexus_base_ros__rosidl_typesupport_introspection_cpp.dir/rosidl_typesupport_introspection_cpp/nexus_base_ros/srv/detail/emergency_stop_enable__type_support.cpp.o[0m
[ 26%] [32mBuilding CXX object CMakeFiles/nexus_base_ros__rosidl_typesupport_introspection_cpp.dir/rosidl_typesupport_introspection_cpp/nexus_base_ros/msg/detail/encoders__type_support.cpp.o[0m
In file included from [01m[K/home/hs/ros2_study/build/nexus_base_ros/rosidl_typesupport_cpp/nexus_base_ros/msg/motors__type_support.cpp:7[m[K:
[01m[K/home/hs/ros2_study/build/nexus_base_ros/rosidl_generator_cpp/nexus_base_ros/msg/detail/motors__struct.hpp:21:10:[m[K [01;31m[Kfatal error: [m[Knexus_base_ros/msg/detail/header__struct.hpp: ê·¸ëŸ° íŒŒì¼ì´ë‚˜ ë””ë ‰í„°ë¦¬ê°€ ì—†ìŠµë‹ˆë‹¤
   21 | #include [01;31m[K"nexus_base_ros/msg/detail/header__struct.hpp"[m[K
      |          [01;31m[K^~~~~~~~~~~~~~~~~~~~~~~~~~~~~~~~~~~~~~~~~~~~~~[m[K
compilation terminated.
[ 27%] [32mBuilding CXX object CMakeFiles/nexus_base_ros__rosidl_typesupport_fastrtps_cpp.dir/rosidl_typesupport_fastrtps_cpp/nexus_base_ros/msg/detail/dds_fastrtps/encoders__type_support.cpp.o[0m
In file included from [01m[K/home/hs/ros2_study/build/nexus_base_ros/rosidl_typesupport_cpp/nexus_base_ros/msg/encoders__type_support.cpp:7[m[K:
[01m[K/home/hs/ros2_study/build/nexus_base_ros/rosidl_generator_cpp/nexus_base_ros/msg/detail/encoders__struct.hpp:21:10:[m[K [01;31m[Kfatal error: [m[Knexus_base_ros/msg/detail/header__struct.hpp: ê·¸ëŸ° íŒŒì¼ì´ë‚˜ ë””ë ‰í„°ë¦¬ê°€ ì—†ìŠµë‹ˆë‹¤
   21 | #include [01;31m[K"nexus_base_ros/msg/detail/header__struct.hpp"[m[K
      |          [01;31m[K^~~~~~~~~~~~~~~~~~~~~~~~~~~~~~~~~~~~~~~~~~~~~~[m[K
compilation terminated.
gmake[2]: *** [CMakeFiles/nexus_base_ros__rosidl_typesupport_cpp.dir/build.make:144: CMakeFiles/nexus_base_ros__rosidl_typesupport_cpp.dir/rosidl_typesupport_cpp/nexus_base_ros/msg/motors__type_support.cpp.o] ì˜¤ë¥˜ 1
gmake[2]: *** ëë‚˜ì§€ ì•Šì€ ì‘ì—…ì„ ê¸°ë‹¤ë¦¬ê³  ìˆìŠµë‹ˆë‹¤....
gmake[2]: *** [CMakeFiles/nexus_base_ros__rosidl_typesupport_cpp.dir/build.make:130: CMakeFiles/nexus_base_ros__rosidl_typesupport_cpp.dir/rosidl_typesupport_cpp/nexus_base_ros/msg/encoders__type_support.cpp.o] ì˜¤ë¥˜ 1
[ 29%] [32mBuilding CXX object CMakeFiles/nexus_base_ros__rosidl_typesupport_introspection_cpp.dir/rosidl_typesupport_introspection_cpp/nexus_base_ros/srv/detail/arming_enable__type_support.cpp.o[0m
[ 31%] [32mBuilding CXX object CMakeFiles/nexus_base_ros__rosidl_typesupport_fastrtps_cpp.dir/rosidl_typesupport_fastrtps_cpp/nexus_base_ros/msg/detail/dds_fastrtps/motors__type_support.cpp.o[0m
In file included from [01m[K/home/hs/ros2_study/build/nexus_base_ros/rosidl_typesupport_introspection_cpp/nexus_base_ros/msg/detail/encoders__type_support.cpp:12[m[K:
[01m[K/home/hs/ros2_study/build/nexus_base_ros/rosidl_generator_cpp/nexus_base_ros/msg/detail/encoders__struct.hpp:21:10:[m[K [01;31m[Kfatal error: [m[Knexus_base_ros/msg/detail/header__struct.hpp: ê·¸ëŸ° íŒŒì¼ì´ë‚˜ ë””ë ‰í„°ë¦¬ê°€ ì—†ìŠµë‹ˆë‹¤
   21 | #include [01;31m[K"nexus_base_ros/msg/detail/header__struct.hpp"[m[K
      |          [01;31m[K^~~~~~~~~~~~~~~~~~~~~~~~~~~~~~~~~~~~~~~~~~~~~~[m[K
compilation terminated.
gmake[2]: *** [CMakeFiles/nexus_base_ros__rosidl_typesupport_introspection_cpp.dir/build.make:144: CMakeFiles/nexus_base_ros__rosidl_typesupport_introspection_cpp.dir/rosidl_typesupport_introspection_cpp/nexus_base_ros/msg/detail/encoders__type_support.cpp.o] ì˜¤ë¥˜ 1
gmake[2]: *** ëë‚˜ì§€ ì•Šì€ ì‘ì—…ì„ ê¸°ë‹¤ë¦¬ê³  ìˆìŠµë‹ˆë‹¤....
In file included from [01m[K/home/hs/ros2_study/build/nexus_base_ros/rosidl_typesupport_introspection_cpp/nexus_base_ros/msg/detail/motors__type_support.cpp:12[m[K:
[01m[K/home/hs/ros2_study/build/nexus_base_ros/rosidl_generator_cpp/nexus_base_ros/msg/detail/motors__struct.hpp:21:10:[m[K [01;31m[Kfatal error: [m[Knexus_base_ros/msg/detail/header__struct.hpp: ê·¸ëŸ° íŒŒì¼ì´ë‚˜ ë””ë ‰í„°ë¦¬ê°€ ì—†ìŠµë‹ˆë‹¤
   21 | #include [01;31m[K"nexus_base_ros/msg/detail/header__struct.hpp"[m[K
      |          [01;31m[K^~~~~~~~~~~~~~~~~~~~~~~~~~~~~~~~~~~~~~~~~~~~~~[m[K
compilation terminated.
gmake[2]: *** [CMakeFiles/nexus_base_ros__rosidl_typesupport_introspection_cpp.dir/build.make:158: CMakeFiles/nexus_base_ros__rosidl_typesupport_introspection_cpp.dir/rosidl_typesupport_introspection_cpp/nexus_base_ros/msg/detail/motors__type_support.cpp.o] ì˜¤ë¥˜ 1
[ 32%] [32mBuilding CXX object CMakeFiles/nexus_base_ros__rosidl_typesupport_fastrtps_cpp.dir/rosidl_typesupport_fastrtps_cpp/nexus_base_ros/srv/detail/dds_fastrtps/emergency_stop_enable__type_support.cpp.o[0m
[ 34%] [32mBuilding CXX object CMakeFiles/nexus_base_ros__rosidl_typesupport_fastrtps_cpp.dir/rosidl_typesupport_fastrtps_cpp/nexus_base_ros/srv/detail/dds_fastrtps/arming_enable__type_support.cpp.o[0m
In file included from [01m[K/home/hs/ros2_study/build/nexus_base_ros/rosidl_typesupport_fastrtps_cpp/nexus_base_ros/msg/detail/encoders__rosidl_typesupport_fastrtps_cpp.hpp:11[m[K,
                 from [01m[K/home/hs/ros2_study/build/nexus_base_ros/rosidl_typesupport_fastrtps_cpp/nexus_base_ros/msg/detail/dds_fastrtps/encoders__type_support.cpp:4[m[K:
[01m[K/home/hs/ros2_study/build/nexus_base_ros/rosidl_generator_cpp/nexus_base_ros/msg/detail/encoders__struct.hpp:21:10:[m[K [01;31m[Kfatal error: [m[Knexus_base_ros/msg/detail/header__struct.hpp: ê·¸ëŸ° íŒŒì¼ì´ë‚˜ ë””ë ‰í„°ë¦¬ê°€ ì—†ìŠµë‹ˆë‹¤
   21 | #include [01;31m[K"nexus_base_ros/msg/detail/header__struct.hpp"[m[K
      |          [01;31m[K^~~~~~~~~~~~~~~~~~~~~~~~~~~~~~~~~~~~~~~~~~~~~~[m[K
compilation terminated.
gmake[2]: *** [CMakeFiles/nexus_base_ros__rosidl_typesupport_fastrtps_cpp.dir/build.make:144: CMakeFiles/nexus_base_ros__rosidl_typesupport_fastrtps_cpp.dir/rosidl_typesupport_fastrtps_cpp/nexus_base_ros/msg/detail/dds_fastrtps/encoders__type_support.cpp.o] ì˜¤ë¥˜ 1
gmake[2]: *** ëë‚˜ì§€ ì•Šì€ ì‘ì—…ì„ ê¸°ë‹¤ë¦¬ê³  ìˆìŠµë‹ˆë‹¤....
In file included from [01m[K/home/hs/ros2_study/build/nexus_base_ros/rosidl_typesupport_fastrtps_cpp/nexus_base_ros/msg/detail/motors__rosidl_typesupport_fastrtps_cpp.hpp:11[m[K,
                 from [01m[K/home/hs/ros2_study/build/nexus_base_ros/rosidl_typesupport_fastrtps_cpp/nexus_base_ros/msg/detail/dds_fastrtps/motors__type_support.cpp:4[m[K:
[01m[K/home/hs/ros2_study/build/nexus_base_ros/rosidl_generator_cpp/nexus_base_ros/msg/detail/motors__struct.hpp:21:10:[m[K [01;31m[Kfatal error: [m[Knexus_base_ros/msg/detail/header__struct.hpp: ê·¸ëŸ° íŒŒì¼ì´ë‚˜ ë””ë ‰í„°ë¦¬ê°€ ì—†ìŠµë‹ˆë‹¤
   21 | #include [01;31m[K"nexus_base_ros/msg/detail/header__struct.hpp"[m[K
      |          [01;31m[K^~~~~~~~~~~~~~~~~~~~~~~~~~~~~~~~~~~~~~~~~~~~~~[m[K
compilation terminated.
gmake[2]: *** [CMakeFiles/nexus_base_ros__rosidl_typesupport_fastrtps_cpp.dir/build.make:158: CMakeFiles/nexus_base_ros__rosidl_typesupport_fastrtps_cpp.dir/rosidl_typesupport_fastrtps_cpp/nexus_base_ros/msg/detail/dds_fastrtps/motors__type_support.cpp.o] ì˜¤ë¥˜ 1
gmake[1]: *** [CMakeFiles/Makefile2:401: CMakeFiles/nexus_base_ros__rosidl_typesupport_cpp.dir/all] ì˜¤ë¥˜ 2
gmake[1]: *** [CMakeFiles/Makefile2:375: CMakeFiles/nexus_base_ros__rosidl_typesupport_introspection_cpp.dir/all] ì˜¤ë¥˜ 2
gmake[1]: *** [CMakeFiles/Makefile2:297: CMakeFiles/nexus_base_ros__rosidl_typesupport_fastrtps_cpp.dir/all] ì˜¤ë¥˜ 2
gmake: *** [Makefile:146: all] ì˜¤ë¥˜ 2
