[0.017s] Invoking command in '/home/hs/ros2_study/build/nexus_base_ros': CMAKE_PREFIX_PATH=/opt/ros/humble /usr/local/bin/cmake /home/hs/ros2_study/src/nexus_base_ros-master -DCMAKE_INSTALL_PREFIX=/home/hs/ros2_study/install/nexus_base_ros
[0.171s] -- The C compiler identification is GNU 11.4.0
[0.403s] -- The CXX compiler identification is GNU 11.4.0
[0.421s] -- Detecting C compiler ABI info
[0.511s] -- Detecting C compiler ABI info - done
[0.538s] -- Check for working C compiler: /usr/bin/cc - skipped
[0.539s] -- Detecting C compile features
[0.539s] -- Detecting C compile features - done
[0.546s] -- Detecting CXX compiler ABI info
[0.655s] -- Detecting CXX compiler ABI info - done
[0.684s] -- Check for working CXX compiler: /usr/bin/c++ - skipped
[0.684s] -- Detecting CXX compile features
[0.685s] -- Detecting CXX compile features - done
[0.703s] -- Found ament_cmake: 1.3.12 (/opt/ros/humble/share/ament_cmake/cmake)
[0.888s] -- Found Python3: /usr/bin/python3 (found version "3.10.12") found components: Interpreter
[1.077s] -- Found rclcpp: 16.0.17 (/opt/ros/humble/share/rclcpp/cmake)
[1.195s] -- Found rosidl_generator_c: 3.1.8 (/opt/ros/humble/share/rosidl_generator_c/cmake)
[1.218s] -- Found rosidl_adapter: 3.1.8 (/opt/ros/humble/share/rosidl_adapter/cmake)
[1.260s] -- Found rosidl_generator_cpp: 3.1.8 (/opt/ros/humble/share/rosidl_generator_cpp/cmake)
[1.303s] -- Using all available rosidl_typesupport_c: rosidl_typesupport_fastrtps_c;rosidl_typesupport_introspection_c
[1.341s] -- Using all available rosidl_typesupport_cpp: rosidl_typesupport_fastrtps_cpp;rosidl_typesupport_introspection_cpp
[1.440s] -- Found rmw_implementation_cmake: 6.1.2 (/opt/ros/humble/share/rmw_implementation_cmake/cmake)
[1.446s] -- Found rmw_fastrtps_cpp: 6.2.9 (/opt/ros/humble/share/rmw_fastrtps_cpp/cmake)
[1.579s] -- Found OpenSSL: /usr/lib/x86_64-linux-gnu/libcrypto.so (found version "3.0.2")
[1.649s] -- Found FastRTPS: /opt/ros/humble/include
[1.743s] -- Using RMW implementation 'rmw_fastrtps_cpp' as default
[1.761s] -- Performing Test CMAKE_HAVE_LIBC_PTHREAD
[1.883s] -- Performing Test CMAKE_HAVE_LIBC_PTHREAD - Success
[1.887s] -- Found Threads: TRUE
[2.096s] -- Found geometry_msgs: 4.9.0 (/opt/ros/humble/share/geometry_msgs/cmake)
[2.131s] -- Found sensor_msgs: 4.9.0 (/opt/ros/humble/share/sensor_msgs/cmake)
[2.177s] -- Found nav_msgs: 4.9.0 (/opt/ros/humble/share/nav_msgs/cmake)
[2.225s] -- Found tf2: 0.25.18 (/opt/ros/humble/share/tf2/cmake)
[2.247s] -- Found tf2_ros: 0.25.18 (/opt/ros/humble/share/tf2_ros/cmake)
[2.469s] -- Found rosidl_default_generators: 1.2.0 (/opt/ros/humble/share/rosidl_default_generators/cmake)
[2.507s] -- Found Boost: /usr/lib/x86_64-linux-gnu/cmake/Boost-1.74.0/BoostConfig.cmake (found version "1.74.0") found components: system
[3.344s] -- Found ament_cmake_ros: 0.10.0 (/opt/ros/humble/share/ament_cmake_ros/cmake)
[4.642s] -- Using all available rosidl_typesupport_c: rosidl_typesupport_fastrtps_c;rosidl_typesupport_introspection_c
[5.104s] -- Using all available rosidl_typesupport_cpp: rosidl_typesupport_fastrtps_cpp;rosidl_typesupport_introspection_cpp
[5.108s] [33mCMake Warning (dev) at /opt/ros/humble/share/rosidl_generator_py/cmake/rosidl_generator_py_generate_interfaces.cmake:20 (find_package):
[5.108s]   Policy CMP0148 is not set: The FindPythonInterp and FindPythonLibs modules
[5.108s]   are removed.  Run "cmake --help-policy CMP0148" for policy details.  Use
[5.109s]   the cmake_policy command to set the policy and suppress this warning.
[5.109s] 
[5.109s] Call Stack (most recent call first):
[5.109s]   /opt/ros/humble/share/ament_cmake_core/cmake/core/ament_execute_extensions.cmake:48 (include)
[5.109s]   /opt/ros/humble/share/rosidl_cmake/cmake/rosidl_generate_interfaces.cmake:286 (ament_execute_extensions)
[5.109s]   CMakeLists.txt:29 (rosidl_generate_interfaces)
[5.110s] This warning is for project developers.  Use -Wno-dev to suppress it.
[5.110s] [0m
[5.136s] -- Found PythonInterp: /usr/bin/python3 (found suitable version "3.10.12", minimum required is "3.6")
[5.140s] -- Found python_cmake_module: 0.10.0 (/opt/ros/humble/share/python_cmake_module/cmake)
[5.141s] [33mCMake Warning (dev) at /opt/ros/humble/share/python_cmake_module/cmake/Modules/FindPythonExtra.cmake:52 (find_package):
[5.141s]   Policy CMP0148 is not set: The FindPythonInterp and FindPythonLibs modules
[5.141s]   are removed.  Run "cmake --help-policy CMP0148" for policy details.  Use
[5.142s]   the cmake_policy command to set the policy and suppress this warning.
[5.142s] 
[5.142s] Call Stack (most recent call first):
[5.142s]   /opt/ros/humble/share/rosidl_generator_py/cmake/rosidl_generator_py_generate_interfaces.cmake:23 (find_package)
[5.142s]   /opt/ros/humble/share/ament_cmake_core/cmake/core/ament_execute_extensions.cmake:48 (include)
[5.142s]   /opt/ros/humble/share/rosidl_cmake/cmake/rosidl_generate_interfaces.cmake:286 (ament_execute_extensions)
[5.142s]   CMakeLists.txt:29 (rosidl_generate_interfaces)
[5.143s] This warning is for project developers.  Use -Wno-dev to suppress it.
[5.143s] [0m
[5.168s] [33mCMake Warning (dev) at /opt/ros/humble/share/python_cmake_module/cmake/Modules/FindPythonExtra.cmake:140 (find_package):
[5.168s]   Policy CMP0148 is not set: The FindPythonInterp and FindPythonLibs modules
[5.168s]   are removed.  Run "cmake --help-policy CMP0148" for policy details.  Use
[5.168s]   the cmake_policy command to set the policy and suppress this warning.
[5.169s] 
[5.169s] Call Stack (most recent call first):
[5.169s]   /opt/ros/humble/share/rosidl_generator_py/cmake/rosidl_generator_py_generate_interfaces.cmake:23 (find_package)
[5.169s]   /opt/ros/humble/share/ament_cmake_core/cmake/core/ament_execute_extensions.cmake:48 (include)
[5.169s]   /opt/ros/humble/share/rosidl_cmake/cmake/rosidl_generate_interfaces.cmake:286 (ament_execute_extensions)
[5.170s]   CMakeLists.txt:29 (rosidl_generate_interfaces)
[5.170s] This warning is for project developers.  Use -Wno-dev to suppress it.
[5.170s] [0m
[5.184s] -- Found PythonLibs: /usr/lib/x86_64-linux-gnu/libpython3.10.so (found suitable version "3.10.12", minimum required is "3.5")
[5.184s] -- Using PYTHON_EXECUTABLE: /usr/bin/python3
[5.184s] -- Using PYTHON_INCLUDE_DIRS: /usr/include/python3.10
[5.184s] -- Using PYTHON_LIBRARIES: /usr/lib/x86_64-linux-gnu/libpython3.10.so
[5.212s] -- Found PythonExtra: .so
[5.452s] [0mCMake Deprecation Warning at /opt/ros/humble/share/rosidl_cmake/cmake/rosidl_target_interfaces.cmake:32 (message):
[5.453s]   Use rosidl_get_typesupport_target() and target_link_libraries() instead of
[5.453s]   rosidl_target_interfaces()
[5.454s] Call Stack (most recent call first):
[5.454s]   CMakeLists.txt:65 (rosidl_target_interfaces)
[5.454s] 
[5.455s] [0m
[5.455s] [0mCMake Deprecation Warning at /opt/ros/humble/share/rosidl_cmake/cmake/rosidl_target_interfaces.cmake:32 (message):
[5.455s]   Use rosidl_get_typesupport_target() and target_link_libraries() instead of
[5.456s]   rosidl_target_interfaces()
[5.456s] Call Stack (most recent call first):
[5.456s]   CMakeLists.txt:66 (rosidl_target_interfaces)
[5.457s] 
[5.457s] [0m
[5.458s] [0mCMake Deprecation Warning at /opt/ros/humble/share/rosidl_cmake/cmake/rosidl_target_interfaces.cmake:32 (message):
[5.458s]   Use rosidl_get_typesupport_target() and target_link_libraries() instead of
[5.458s]   rosidl_target_interfaces()
[5.459s] Call Stack (most recent call first):
[5.461s]   CMakeLists.txt:67 (rosidl_target_interfaces)
[5.462s] 
[5.462s] [0m
[5.498s] -- Configuring done (5.5s)
[5.770s] -- Generating done (0.2s)
[5.816s] -- Build files have been written to: /home/hs/ros2_study/build/nexus_base_ros
[5.844s] Invoked command in '/home/hs/ros2_study/build/nexus_base_ros' returned '0': CMAKE_PREFIX_PATH=/opt/ros/humble /usr/local/bin/cmake /home/hs/ros2_study/src/nexus_base_ros-master -DCMAKE_INSTALL_PREFIX=/home/hs/ros2_study/install/nexus_base_ros
[5.848s] Invoking command in '/home/hs/ros2_study/build/nexus_base_ros': CMAKE_PREFIX_PATH=/opt/ros/humble /usr/local/bin/cmake --build /home/hs/ros2_study/build/nexus_base_ros -- -j8 -l8
[5.881s] [  1%] [34m[1mGenerating C code for ROS interfaces[0m
[5.889s] [  3%] [34m[1mGenerating C++ code for ROS interfaces[0m
[5.894s] [  3%] Built target ament_cmake_python_copy_nexus_base_ros
[6.376s] running egg_info
[6.377s] creating nexus_base_ros.egg-info
[6.378s] writing nexus_base_ros.egg-info/PKG-INFO
[6.378s] writing dependency_links to nexus_base_ros.egg-info/dependency_links.txt
[6.378s] writing top-level names to nexus_base_ros.egg-info/top_level.txt
[6.379s] writing manifest file 'nexus_base_ros.egg-info/SOURCES.txt'
[6.382s] reading manifest file 'nexus_base_ros.egg-info/SOURCES.txt'
[6.382s] writing manifest file 'nexus_base_ros.egg-info/SOURCES.txt'
[6.414s] [  3%] Built target ament_cmake_python_build_nexus_base_ros_egg
[6.619s] [  3%] Built target nexus_base_ros__cpp
[6.628s] [  4%] [34m[1mGenerating C++ type support dispatch for ROS interfaces[0m
[6.631s] [  6%] [34m[1mGenerating C++ type support for eProsima Fast-RTPS[0m
[6.633s] [  8%] [34m[1mGenerating C++ introspection for ROS interfaces[0m
[6.644s] [ 11%] [32mBuilding C object CMakeFiles/nexus_base_ros__rosidl_generator_c.dir/rosidl_generator_c/nexus_base_ros/msg/detail/encoders__functions.c.o[0m
[6.645s] [ 11%] [32mBuilding C object CMakeFiles/nexus_base_ros__rosidl_generator_c.dir/rosidl_generator_c/nexus_base_ros/msg/detail/motors__functions.c.o[0m
[6.645s] [ 13%] [32mBuilding C object CMakeFiles/nexus_base_ros__rosidl_generator_c.dir/rosidl_generator_c/nexus_base_ros/srv/detail/emergency_stop_enable__functions.c.o[0m
[6.645s] [ 14%] [32mBuilding C object CMakeFiles/nexus_base_ros__rosidl_generator_c.dir/rosidl_generator_c/nexus_base_ros/srv/detail/arming_enable__functions.c.o[0m
[6.671s] In file included from [01m[K/home/hs/ros2_study/build/nexus_base_ros/rosidl_generator_c/nexus_base_ros/msg/detail/motors__functions.h:19[m[K,
[6.671s]                  from [01m[K/home/hs/ros2_study/build/nexus_base_ros/rosidl_generator_c/nexus_base_ros/msg/detail/motors__functions.c:4[m[K:
[6.672s] [01m[K/home/hs/ros2_study/build/nexus_base_ros/rosidl_generator_c/nexus_base_ros/msg/detail/motors__struct.h:22:10:[m[K [01;31m[Kfatal error: [m[Knexus_base_ros/msg/detail/header__struct.h: ê·¸ëŸ° íŒŒì¼ì´ë‚˜ ë””ë ‰í„°ë¦¬ê°€ ì—†ìŠµë‹ˆë‹¤
[6.672s]    22 | #include [01;31m[K"nexus_base_ros/msg/detail/header__struct.h"[m[K
[6.672s]       |          [01;31m[K^~~~~~~~~~~~~~~~~~~~~~~~~~~~~~~~~~~~~~~~~~~~[m[K
[6.672s] compilation terminated.
[6.673s] gmake[2]: *** [CMakeFiles/nexus_base_ros__rosidl_generator_c.dir/build.make:199: CMakeFiles/nexus_base_ros__rosidl_generator_c.dir/rosidl_generator_c/nexus_base_ros/msg/detail/motors__functions.c.o] ì˜¤ë¥˜ 1
[6.674s] gmake[2]: *** ëë‚˜ì§€ ì•Šì€ ì‘ì—…ì„ ê¸°ë‹¤ë¦¬ê³  ìˆìŠµë‹ˆë‹¤....
[6.674s] In file included from [01m[K/home/hs/ros2_study/build/nexus_base_ros/rosidl_generator_c/nexus_base_ros/msg/detail/encoders__functions.h:19[m[K,
[6.675s]                  from [01m[K/home/hs/ros2_study/build/nexus_base_ros/rosidl_generator_c/nexus_base_ros/msg/detail/encoders__functions.c:4[m[K:
[6.675s] [01m[K/home/hs/ros2_study/build/nexus_base_ros/rosidl_generator_c/nexus_base_ros/msg/detail/encoders__struct.h:22:10:[m[K [01;31m[Kfatal error: [m[Knexus_base_ros/msg/detail/header__struct.h: ê·¸ëŸ° íŒŒì¼ì´ë‚˜ ë””ë ‰í„°ë¦¬ê°€ ì—†ìŠµë‹ˆë‹¤
[6.675s]    22 | #include [01;31m[K"nexus_base_ros/msg/detail/header__struct.h"[m[K
[6.675s]       |          [01;31m[K^~~~~~~~~~~~~~~~~~~~~~~~~~~~~~~~~~~~~~~~~~~~[m[K
[6.675s] compilation terminated.
[6.676s] gmake[2]: *** [CMakeFiles/nexus_base_ros__rosidl_generator_c.dir/build.make:185: CMakeFiles/nexus_base_ros__rosidl_generator_c.dir/rosidl_generator_c/nexus_base_ros/msg/detail/encoders__functions.c.o] ì˜¤ë¥˜ 1
[6.758s] gmake[1]: *** [CMakeFiles/Makefile2:219: CMakeFiles/nexus_base_ros__rosidl_generator_c.dir/all] ì˜¤ë¥˜ 2
[6.758s] gmake[1]: *** ëë‚˜ì§€ ì•Šì€ ì‘ì—…ì„ ê¸°ë‹¤ë¦¬ê³  ìˆìŠµë‹ˆë‹¤....
[7.198s] [ 16%] [32mBuilding CXX object CMakeFiles/nexus_base_ros__rosidl_typesupport_cpp.dir/rosidl_typesupport_cpp/nexus_base_ros/msg/motors__type_support.cpp.o[0m
[7.198s] [ 18%] [32mBuilding CXX object CMakeFiles/nexus_base_ros__rosidl_typesupport_cpp.dir/rosidl_typesupport_cpp/nexus_base_ros/msg/encoders__type_support.cpp.o[0m
[7.199s] [ 19%] [32mBuilding CXX object CMakeFiles/nexus_base_ros__rosidl_typesupport_cpp.dir/rosidl_typesupport_cpp/nexus_base_ros/srv/arming_enable__type_support.cpp.o[0m
[7.199s] [ 21%] [32mBuilding CXX object CMakeFiles/nexus_base_ros__rosidl_typesupport_cpp.dir/rosidl_typesupport_cpp/nexus_base_ros/srv/emergency_stop_enable__type_support.cpp.o[0m
[7.312s] [ 24%] [32mBuilding CXX object CMakeFiles/nexus_base_ros__rosidl_typesupport_introspection_cpp.dir/rosidl_typesupport_introspection_cpp/nexus_base_ros/msg/detail/motors__type_support.cpp.o[0m
[7.313s] [ 26%] [32mBuilding CXX object CMakeFiles/nexus_base_ros__rosidl_typesupport_introspection_cpp.dir/rosidl_typesupport_introspection_cpp/nexus_base_ros/srv/detail/emergency_stop_enable__type_support.cpp.o[0m
[7.315s] [ 26%] [32mBuilding CXX object CMakeFiles/nexus_base_ros__rosidl_typesupport_introspection_cpp.dir/rosidl_typesupport_introspection_cpp/nexus_base_ros/msg/detail/encoders__type_support.cpp.o[0m
[7.410s] In file included from [01m[K/home/hs/ros2_study/build/nexus_base_ros/rosidl_typesupport_cpp/nexus_base_ros/msg/motors__type_support.cpp:7[m[K:
[7.410s] [01m[K/home/hs/ros2_study/build/nexus_base_ros/rosidl_generator_cpp/nexus_base_ros/msg/detail/motors__struct.hpp:21:10:[m[K [01;31m[Kfatal error: [m[Knexus_base_ros/msg/detail/header__struct.hpp: ê·¸ëŸ° íŒŒì¼ì´ë‚˜ ë””ë ‰í„°ë¦¬ê°€ ì—†ìŠµë‹ˆë‹¤
[7.410s]    21 | #include [01;31m[K"nexus_base_ros/msg/detail/header__struct.hpp"[m[K
[7.411s]       |          [01;31m[K^~~~~~~~~~~~~~~~~~~~~~~~~~~~~~~~~~~~~~~~~~~~~~[m[K
[7.411s] compilation terminated.
[7.411s] [ 27%] [32mBuilding CXX object CMakeFiles/nexus_base_ros__rosidl_typesupport_fastrtps_cpp.dir/rosidl_typesupport_fastrtps_cpp/nexus_base_ros/msg/detail/dds_fastrtps/encoders__type_support.cpp.o[0m
[7.411s] In file included from [01m[K/home/hs/ros2_study/build/nexus_base_ros/rosidl_typesupport_cpp/nexus_base_ros/msg/encoders__type_support.cpp:7[m[K:
[7.411s] [01m[K/home/hs/ros2_study/build/nexus_base_ros/rosidl_generator_cpp/nexus_base_ros/msg/detail/encoders__struct.hpp:21:10:[m[K [01;31m[Kfatal error: [m[Knexus_base_ros/msg/detail/header__struct.hpp: ê·¸ëŸ° íŒŒì¼ì´ë‚˜ ë””ë ‰í„°ë¦¬ê°€ ì—†ìŠµë‹ˆë‹¤
[7.412s]    21 | #include [01;31m[K"nexus_base_ros/msg/detail/header__struct.hpp"[m[K
[7.412s]       |          [01;31m[K^~~~~~~~~~~~~~~~~~~~~~~~~~~~~~~~~~~~~~~~~~~~~~[m[K
[7.412s] compilation terminated.
[7.412s] gmake[2]: *** [CMakeFiles/nexus_base_ros__rosidl_typesupport_cpp.dir/build.make:144: CMakeFiles/nexus_base_ros__rosidl_typesupport_cpp.dir/rosidl_typesupport_cpp/nexus_base_ros/msg/motors__type_support.cpp.o] ì˜¤ë¥˜ 1
[7.412s] gmake[2]: *** ëë‚˜ì§€ ì•Šì€ ì‘ì—…ì„ ê¸°ë‹¤ë¦¬ê³  ìˆìŠµë‹ˆë‹¤....
[7.418s] gmake[2]: *** [CMakeFiles/nexus_base_ros__rosidl_typesupport_cpp.dir/build.make:130: CMakeFiles/nexus_base_ros__rosidl_typesupport_cpp.dir/rosidl_typesupport_cpp/nexus_base_ros/msg/encoders__type_support.cpp.o] ì˜¤ë¥˜ 1
[7.428s] [ 29%] [32mBuilding CXX object CMakeFiles/nexus_base_ros__rosidl_typesupport_introspection_cpp.dir/rosidl_typesupport_introspection_cpp/nexus_base_ros/srv/detail/arming_enable__type_support.cpp.o[0m
[7.438s] [ 31%] [32mBuilding CXX object CMakeFiles/nexus_base_ros__rosidl_typesupport_fastrtps_cpp.dir/rosidl_typesupport_fastrtps_cpp/nexus_base_ros/msg/detail/dds_fastrtps/motors__type_support.cpp.o[0m
[7.499s] In file included from [01m[K/home/hs/ros2_study/build/nexus_base_ros/rosidl_typesupport_introspection_cpp/nexus_base_ros/msg/detail/encoders__type_support.cpp:12[m[K:
[7.499s] [01m[K/home/hs/ros2_study/build/nexus_base_ros/rosidl_generator_cpp/nexus_base_ros/msg/detail/encoders__struct.hpp:21:10:[m[K [01;31m[Kfatal error: [m[Knexus_base_ros/msg/detail/header__struct.hpp: ê·¸ëŸ° íŒŒì¼ì´ë‚˜ ë””ë ‰í„°ë¦¬ê°€ ì—†ìŠµë‹ˆë‹¤
[7.499s]    21 | #include [01;31m[K"nexus_base_ros/msg/detail/header__struct.hpp"[m[K
[7.499s]       |          [01;31m[K^~~~~~~~~~~~~~~~~~~~~~~~~~~~~~~~~~~~~~~~~~~~~~[m[K
[7.500s] compilation terminated.
[7.502s] gmake[2]: *** [CMakeFiles/nexus_base_ros__rosidl_typesupport_introspection_cpp.dir/build.make:144: CMakeFiles/nexus_base_ros__rosidl_typesupport_introspection_cpp.dir/rosidl_typesupport_introspection_cpp/nexus_base_ros/msg/detail/encoders__type_support.cpp.o] ì˜¤ë¥˜ 1
[7.503s] gmake[2]: *** ëë‚˜ì§€ ì•Šì€ ì‘ì—…ì„ ê¸°ë‹¤ë¦¬ê³  ìˆìŠµë‹ˆë‹¤....
[7.506s] In file included from [01m[K/home/hs/ros2_study/build/nexus_base_ros/rosidl_typesupport_introspection_cpp/nexus_base_ros/msg/detail/motors__type_support.cpp:12[m[K:
[7.506s] [01m[K/home/hs/ros2_study/build/nexus_base_ros/rosidl_generator_cpp/nexus_base_ros/msg/detail/motors__struct.hpp:21:10:[m[K [01;31m[Kfatal error: [m[Knexus_base_ros/msg/detail/header__struct.hpp: ê·¸ëŸ° íŒŒì¼ì´ë‚˜ ë””ë ‰í„°ë¦¬ê°€ ì—†ìŠµë‹ˆë‹¤
[7.506s]    21 | #include [01;31m[K"nexus_base_ros/msg/detail/header__struct.hpp"[m[K
[7.509s]       |          [01;31m[K^~~~~~~~~~~~~~~~~~~~~~~~~~~~~~~~~~~~~~~~~~~~~~[m[K
[7.509s] compilation terminated.
[7.510s] gmake[2]: *** [CMakeFiles/nexus_base_ros__rosidl_typesupport_introspection_cpp.dir/build.make:158: CMakeFiles/nexus_base_ros__rosidl_typesupport_introspection_cpp.dir/rosidl_typesupport_introspection_cpp/nexus_base_ros/msg/detail/motors__type_support.cpp.o] ì˜¤ë¥˜ 1
[7.513s] [ 32%] [32mBuilding CXX object CMakeFiles/nexus_base_ros__rosidl_typesupport_fastrtps_cpp.dir/rosidl_typesupport_fastrtps_cpp/nexus_base_ros/srv/detail/dds_fastrtps/emergency_stop_enable__type_support.cpp.o[0m
[7.522s] [ 34%] [32mBuilding CXX object CMakeFiles/nexus_base_ros__rosidl_typesupport_fastrtps_cpp.dir/rosidl_typesupport_fastrtps_cpp/nexus_base_ros/srv/detail/dds_fastrtps/arming_enable__type_support.cpp.o[0m
[7.585s] In file included from [01m[K/home/hs/ros2_study/build/nexus_base_ros/rosidl_typesupport_fastrtps_cpp/nexus_base_ros/msg/detail/encoders__rosidl_typesupport_fastrtps_cpp.hpp:11[m[K,
[7.585s]                  from [01m[K/home/hs/ros2_study/build/nexus_base_ros/rosidl_typesupport_fastrtps_cpp/nexus_base_ros/msg/detail/dds_fastrtps/encoders__type_support.cpp:4[m[K:
[7.585s] [01m[K/home/hs/ros2_study/build/nexus_base_ros/rosidl_generator_cpp/nexus_base_ros/msg/detail/encoders__struct.hpp:21:10:[m[K [01;31m[Kfatal error: [m[Knexus_base_ros/msg/detail/header__struct.hpp: ê·¸ëŸ° íŒŒì¼ì´ë‚˜ ë””ë ‰í„°ë¦¬ê°€ ì—†ìŠµë‹ˆë‹¤
[7.585s]    21 | #include [01;31m[K"nexus_base_ros/msg/detail/header__struct.hpp"[m[K
[7.585s]       |          [01;31m[K^~~~~~~~~~~~~~~~~~~~~~~~~~~~~~~~~~~~~~~~~~~~~~[m[K
[7.585s] compilation terminated.
[7.588s] gmake[2]: *** [CMakeFiles/nexus_base_ros__rosidl_typesupport_fastrtps_cpp.dir/build.make:144: CMakeFiles/nexus_base_ros__rosidl_typesupport_fastrtps_cpp.dir/rosidl_typesupport_fastrtps_cpp/nexus_base_ros/msg/detail/dds_fastrtps/encoders__type_support.cpp.o] ì˜¤ë¥˜ 1
[7.588s] gmake[2]: *** ëë‚˜ì§€ ì•Šì€ ì‘ì—…ì„ ê¸°ë‹¤ë¦¬ê³  ìˆìŠµë‹ˆë‹¤....
[7.590s] In file included from [01m[K/home/hs/ros2_study/build/nexus_base_ros/rosidl_typesupport_fastrtps_cpp/nexus_base_ros/msg/detail/motors__rosidl_typesupport_fastrtps_cpp.hpp:11[m[K,
[7.591s]                  from [01m[K/home/hs/ros2_study/build/nexus_base_ros/rosidl_typesupport_fastrtps_cpp/nexus_base_ros/msg/detail/dds_fastrtps/motors__type_support.cpp:4[m[K:
[7.591s] [01m[K/home/hs/ros2_study/build/nexus_base_ros/rosidl_generator_cpp/nexus_base_ros/msg/detail/motors__struct.hpp:21:10:[m[K [01;31m[Kfatal error: [m[Knexus_base_ros/msg/detail/header__struct.hpp: ê·¸ëŸ° íŒŒì¼ì´ë‚˜ ë””ë ‰í„°ë¦¬ê°€ ì—†ìŠµë‹ˆë‹¤
[7.591s]    21 | #include [01;31m[K"nexus_base_ros/msg/detail/header__struct.hpp"[m[K
[7.591s]       |          [01;31m[K^~~~~~~~~~~~~~~~~~~~~~~~~~~~~~~~~~~~~~~~~~~~~~[m[K
[7.591s] compilation terminated.
[7.593s] gmake[2]: *** [CMakeFiles/nexus_base_ros__rosidl_typesupport_fastrtps_cpp.dir/build.make:158: CMakeFiles/nexus_base_ros__rosidl_typesupport_fastrtps_cpp.dir/rosidl_typesupport_fastrtps_cpp/nexus_base_ros/msg/detail/dds_fastrtps/motors__type_support.cpp.o] ì˜¤ë¥˜ 1
[7.934s] gmake[1]: *** [CMakeFiles/Makefile2:401: CMakeFiles/nexus_base_ros__rosidl_typesupport_cpp.dir/all] ì˜¤ë¥˜ 2
[8.206s] gmake[1]: *** [CMakeFiles/Makefile2:375: CMakeFiles/nexus_base_ros__rosidl_typesupport_introspection_cpp.dir/all] ì˜¤ë¥˜ 2
[8.308s] gmake[1]: *** [CMakeFiles/Makefile2:297: CMakeFiles/nexus_base_ros__rosidl_typesupport_fastrtps_cpp.dir/all] ì˜¤ë¥˜ 2
[8.308s] gmake: *** [Makefile:146: all] ì˜¤ë¥˜ 2
[8.310s] Invoked command in '/home/hs/ros2_study/build/nexus_base_ros' returned '2': CMAKE_PREFIX_PATH=/opt/ros/humble /usr/local/bin/cmake --build /home/hs/ros2_study/build/nexus_base_ros -- -j8 -l8
