[0.000000] (-) TimerEvent: {}
[0.000157] (bno055) JobQueued: {'identifier': 'bno055', 'dependencies': OrderedDict()}
[0.000200] (nexus_base_ros) JobQueued: {'identifier': 'nexus_base_ros', 'dependencies': OrderedDict()}
[0.000229] (sllidar_ros2) JobQueued: {'identifier': 'sllidar_ros2', 'dependencies': OrderedDict()}
[0.000439] (bno055) JobStarted: {'identifier': 'bno055'}
[0.011859] (nexus_base_ros) JobStarted: {'identifier': 'nexus_base_ros'}
[0.017996] (sllidar_ros2) JobStarted: {'identifier': 'sllidar_ros2'}
[0.099114] (-) TimerEvent: {}
[0.199485] (-) TimerEvent: {}
[0.299822] (-) TimerEvent: {}
[0.400180] (-) TimerEvent: {}
[0.500617] (-) TimerEvent: {}
[0.542719] (nexus_base_ros) JobProgress: {'identifier': 'nexus_base_ros', 'progress': 'cmake'}
[0.544125] (nexus_base_ros) JobProgress: {'identifier': 'nexus_base_ros', 'progress': 'build'}
[0.545846] (nexus_base_ros) Command: {'cmd': ['/usr/local/bin/cmake', '--build', '/home/hs/ros2_study/build/nexus_base_ros', '--', '-j8', '-l8'], 'cwd': '/home/hs/ros2_study/build/nexus_base_ros', 'env': OrderedDict([('PYTHON_BASIC_REPL', '1'), ('LESSOPEN', '| /usr/bin/lesspipe %s'), ('LANGUAGE', 'ko:en_US:en'), ('USER', 'hs'), ('LC_TIME', 'ko_KR.UTF-8'), ('XDG_SESSION_TYPE', 'wayland'), ('GIT_ASKPASS', '/usr/share/code/resources/app/extensions/git/dist/askpass.sh'), ('STM32CubeMX_PATH', '/home/hs/STM32CubeMX'), ('SHLVL', '2'), ('LD_LIBRARY_PATH', '/home/hs/ros2_study/install/nexus_base_ros/lib:/usr/lib/x86_64-linux-gnu/gazebo-11/plugins:/opt/ros/humble/opt/rviz_ogre_vendor/lib:/opt/ros/humble/lib/x86_64-linux-gnu:/opt/ros/humble/lib'), ('HOME', '/home/hs'), ('CHROME_DESKTOP', 'code.desktop'), ('TERM_PROGRAM_VERSION', '1.108.1'), ('DESKTOP_SESSION', 'ubuntu'), ('ROS_PYTHON_VERSION', '3'), ('GNOME_SHELL_SESSION_MODE', 'ubuntu'), ('GTK_MODULES', 'gail:atk-bridge'), ('VSCODE_GIT_ASKPASS_MAIN', '/usr/share/code/resources/app/extensions/git/dist/askpass-main.js'), ('LC_MONETARY', 'ko_KR.UTF-8'), ('VSCODE_GIT_ASKPASS_NODE', '/usr/share/code/code'), ('PYDEVD_DISABLE_FILE_VALIDATION', '1'), ('DBUS_STARTER_BUS_TYPE', 'session'), ('SYSTEMD_EXEC_PID', '2975'), ('BUNDLED_DEBUGPY_PATH', '/home/hs/.vscode/extensions/ms-python.debugpy-2025.10.0-linux-x64/bundled/libs/debugpy'), ('VSCODE_PYTHON_AUTOACTIVATE_GUARD', '1'), ('DBUS_SESSION_BUS_ADDRESS', 'unix:path=/run/user/1000/bus,guid=f963dfa289b34d744642bec3696fbd95'), ('COLORTERM', 'truecolor'), ('IM_CONFIG_PHASE', '1'), ('WAYLAND_DISPLAY', 'wayland-0'), ('COLCON_PREFIX_PATH', '/home/hs/ros2_study/install'), ('ROS_DISTRO', 'humble'), ('LOGNAME', 'hs'), ('_', '/usr/bin/colcon'), ('ROS_VERSION', '2'), ('XDG_SESSION_CLASS', 'user'), ('USERNAME', 'hs'), ('TERM', 'xterm-256color'), ('GAZEBO_MODEL_PATH', ':/opt/ros/humble/share:/opt/ros/humble/share'), ('GNOME_DESKTOP_SESSION_ID', 'this-is-deprecated'), ('FC_FONTATIONS', '1'), ('ROS_LOCALHOST_ONLY', '0'), ('PATH', '/usr/local/MATLAB/R2024b/bin:/usr/local/MATLAB/R2024b/bin:/opt/ros/humble/bin:/home/hs/.local/bin:/usr/local/sbin:/usr/local/bin:/usr/sbin:/usr/bin:/sbin:/bin:/usr/games:/usr/local/games:/snap/bin:/snap/bin:/home/hs/esp/xtensa-esp32-elf/bin:/opt/JLink:/home/hs/.vscode/extensions/ms-python.debugpy-2025.10.0-linux-x64/bundled/scripts/noConfigScripts:/opt/JLink'), ('SESSION_MANAGER', 'local/hs-760XBE:@/tmp/.ICE-unix/2975,unix/hs-760XBE:/tmp/.ICE-unix/2975'), ('PAPERSIZE', 'a4'), ('XDG_MENU_PREFIX', 'gnome-'), ('LC_ADDRESS', 'ko_KR.UTF-8'), ('GNOME_TERMINAL_SCREEN', '/org/gnome/Terminal/screen/c624cff7_ea00_4557_80b0_6ca17a5db9be'), ('GNOME_SETUP_DISPLAY', ':1'), ('XDG_RUNTIME_DIR', '/run/user/1000'), ('GDK_BACKEND', 'wayland'), ('DISPLAY', ':0'), ('VSCODE_DEBUGPY_ADAPTER_ENDPOINTS', '/home/hs/.vscode/extensions/ms-python.debugpy-2025.10.0-linux-x64/.noConfigDebugAdapterEndpoints/endpoint-93dc2f40e9dcc4fe.txt'), ('LANG', 'ko_KR.UTF-8'), ('XDG_CURRENT_DESKTOP', 'ubuntu:GNOME'), ('LC_TELEPHONE', 'ko_KR.UTF-8'), ('XMODIFIERS', '@im=ibus'), ('XDG_SESSION_DESKTOP', 'ubuntu'), ('XAUTHORITY', '/run/user/1000/.mutter-Xwaylandauth.2A37I3'), ('LS_COLORS', 'rs=0:di=01;34:ln=01;36:mh=00:pi=40;33:so=01;35:do=01;35:bd=40;33;01:cd=40;33;01:or=40;31;01:mi=00:su=37;41:sg=30;43:ca=30;41:tw=30;42:ow=34;42:st=37;44:ex=01;32:*.tar=01;31:*.tgz=01;31:*.arc=01;31:*.arj=01;31:*.taz=01;31:*.lha=01;31:*.lz4=01;31:*.lzh=01;31:*.lzma=01;31:*.tlz=01;31:*.txz=01;31:*.tzo=01;31:*.t7z=01;31:*.zip=01;31:*.z=01;31:*.dz=01;31:*.gz=01;31:*.lrz=01;31:*.lz=01;31:*.lzo=01;31:*.xz=01;31:*.zst=01;31:*.tzst=01;31:*.bz2=01;31:*.bz=01;31:*.tbz=01;31:*.tbz2=01;31:*.tz=01;31:*.deb=01;31:*.rpm=01;31:*.jar=01;31:*.war=01;31:*.ear=01;31:*.sar=01;31:*.rar=01;31:*.alz=01;31:*.ace=01;31:*.zoo=01;31:*.cpio=01;31:*.7z=01;31:*.rz=01;31:*.cab=01;31:*.wim=01;31:*.swm=01;31:*.dwm=01;31:*.esd=01;31:*.jpg=01;35:*.jpeg=01;35:*.mjpg=01;35:*.mjpeg=01;35:*.gif=01;35:*.bmp=01;35:*.pbm=01;35:*.pgm=01;35:*.ppm=01;35:*.tga=01;35:*.xbm=01;35:*.xpm=01;35:*.tif=01;35:*.tiff=01;35:*.png=01;35:*.svg=01;35:*.svgz=01;35:*.mng=01;35:*.pcx=01;35:*.mov=01;35:*.mpg=01;35:*.mpeg=01;35:*.m2v=01;35:*.mkv=01;35:*.webm=01;35:*.webp=01;35:*.ogm=01;35:*.mp4=01;35:*.m4v=01;35:*.mp4v=01;35:*.vob=01;35:*.qt=01;35:*.nuv=01;35:*.wmv=01;35:*.asf=01;35:*.rm=01;35:*.rmvb=01;35:*.flc=01;35:*.avi=01;35:*.fli=01;35:*.flv=01;35:*.gl=01;35:*.dl=01;35:*.xcf=01;35:*.xwd=01;35:*.yuv=01;35:*.cgm=01;35:*.emf=01;35:*.ogv=01;35:*.ogx=01;35:*.aac=00;36:*.au=00;36:*.flac=00;36:*.m4a=00;36:*.mid=00;36:*.midi=00;36:*.mka=00;36:*.mp3=00;36:*.mpc=00;36:*.ogg=00;36:*.ra=00;36:*.wav=00;36:*.oga=00;36:*.opus=00;36:*.spx=00;36:*.xspf=00;36:'), ('VSCODE_GIT_IPC_HANDLE', '/run/user/1000/vscode-git-c015e2e957.sock'), ('GNOME_TERMINAL_SERVICE', ':1.570'), ('TERM_PROGRAM', 'vscode'), ('SSH_AGENT_LAUNCHER', 'gnome-keyring'), ('SSH_AUTH_SOCK', '/run/user/1000/keyring/ssh'), ('AMENT_PREFIX_PATH', '/home/hs/ros2_study/install/sllidar_ros2:/home/hs/ros2_study/install/bno055:/home/hs/ros2_study/install/nexus_base_ros:/opt/ros/humble'), ('SHELL', '/bin/bash'), ('LC_NAME', 'ko_KR.UTF-8'), ('QT_ACCESSIBILITY', '1'), ('GDMSESSION', 'ubuntu'), ('LESSCLOSE', '/usr/bin/lesspipe %s %s'), ('LC_MEASUREMENT', 'ko_KR.UTF-8'), ('LC_IDENTIFICATION', 'ko_KR.UTF-8'), ('VSCODE_GIT_ASKPASS_EXTRA_ARGS', ''), ('QT_IM_MODULE', 'ibus'), ('PWD', '/home/hs/ros2_study/build/nexus_base_ros'), ('TURTLEBOT3_MODEL', 'burger'), ('LC_ALL', 'en_US.UTF-8'), ('XDG_CONFIG_DIRS', '/etc/xdg/xdg-ubuntu:/etc/xdg'), ('GAZEBO_PLUGIN_PATH', ':/opt/ros/humble/lib:/opt/ros/humble/lib'), ('DBUS_STARTER_ADDRESS', 'unix:path=/run/user/1000/bus,guid=f963dfa289b34d744642bec3696fbd95'), ('XDG_DATA_DIRS', '/usr/share/ubuntu:/usr/local/share/:/usr/share/:/var/lib/snapd/desktop'), ('PYTHONPATH', '/home/hs/ros2_study/install/bno055/lib/python3.10/site-packages:/home/hs/ros2_study/install/nexus_base_ros/local/lib/python3.10/dist-packages:/opt/ros/humble/lib/python3.10/site-packages:/opt/ros/humble/local/lib/python3.10/dist-packages'), ('LC_NUMERIC', 'ko_KR.UTF-8'), ('LC_PAPER', 'ko_KR.UTF-8'), ('COLCON', '1'), ('VTE_VERSION', '6800'), ('CMAKE_PREFIX_PATH', '/home/hs/ros2_study/install/sllidar_ros2:/home/hs/ros2_study/install/nexus_base_ros:/home/hs/ros2_study/install/bno055:/opt/ros/humble')]), 'shell': False}
[0.552700] (sllidar_ros2) JobProgress: {'identifier': 'sllidar_ros2', 'progress': 'cmake'}
[0.553513] (sllidar_ros2) JobProgress: {'identifier': 'sllidar_ros2', 'progress': 'build'}
[0.554640] (sllidar_ros2) Command: {'cmd': ['/usr/local/bin/cmake', '--build', '/home/hs/ros2_study/build/sllidar_ros2', '--', '-j8', '-l8'], 'cwd': '/home/hs/ros2_study/build/sllidar_ros2', 'env': OrderedDict([('PYTHON_BASIC_REPL', '1'), ('LESSOPEN', '| /usr/bin/lesspipe %s'), ('LANGUAGE', 'ko:en_US:en'), ('USER', 'hs'), ('LC_TIME', 'ko_KR.UTF-8'), ('XDG_SESSION_TYPE', 'wayland'), ('GIT_ASKPASS', '/usr/share/code/resources/app/extensions/git/dist/askpass.sh'), ('STM32CubeMX_PATH', '/home/hs/STM32CubeMX'), ('SHLVL', '2'), ('LD_LIBRARY_PATH', '/home/hs/ros2_study/install/nexus_base_ros/lib:/usr/lib/x86_64-linux-gnu/gazebo-11/plugins:/opt/ros/humble/opt/rviz_ogre_vendor/lib:/opt/ros/humble/lib/x86_64-linux-gnu:/opt/ros/humble/lib'), ('HOME', '/home/hs'), ('CHROME_DESKTOP', 'code.desktop'), ('TERM_PROGRAM_VERSION', '1.108.1'), ('DESKTOP_SESSION', 'ubuntu'), ('ROS_PYTHON_VERSION', '3'), ('GNOME_SHELL_SESSION_MODE', 'ubuntu'), ('GTK_MODULES', 'gail:atk-bridge'), ('VSCODE_GIT_ASKPASS_MAIN', '/usr/share/code/resources/app/extensions/git/dist/askpass-main.js'), ('LC_MONETARY', 'ko_KR.UTF-8'), ('VSCODE_GIT_ASKPASS_NODE', '/usr/share/code/code'), ('PYDEVD_DISABLE_FILE_VALIDATION', '1'), ('DBUS_STARTER_BUS_TYPE', 'session'), ('SYSTEMD_EXEC_PID', '2975'), ('BUNDLED_DEBUGPY_PATH', '/home/hs/.vscode/extensions/ms-python.debugpy-2025.10.0-linux-x64/bundled/libs/debugpy'), ('VSCODE_PYTHON_AUTOACTIVATE_GUARD', '1'), ('DBUS_SESSION_BUS_ADDRESS', 'unix:path=/run/user/1000/bus,guid=f963dfa289b34d744642bec3696fbd95'), ('COLORTERM', 'truecolor'), ('IM_CONFIG_PHASE', '1'), ('WAYLAND_DISPLAY', 'wayland-0'), ('COLCON_PREFIX_PATH', '/home/hs/ros2_study/install'), ('ROS_DISTRO', 'humble'), ('LOGNAME', 'hs'), ('_', '/usr/bin/colcon'), ('ROS_VERSION', '2'), ('XDG_SESSION_CLASS', 'user'), ('USERNAME', 'hs'), ('TERM', 'xterm-256color'), ('GAZEBO_MODEL_PATH', ':/opt/ros/humble/share:/opt/ros/humble/share'), ('GNOME_DESKTOP_SESSION_ID', 'this-is-deprecated'), ('FC_FONTATIONS', '1'), ('ROS_LOCALHOST_ONLY', '0'), ('PATH', '/usr/local/MATLAB/R2024b/bin:/usr/local/MATLAB/R2024b/bin:/opt/ros/humble/bin:/home/hs/.local/bin:/usr/local/sbin:/usr/local/bin:/usr/sbin:/usr/bin:/sbin:/bin:/usr/games:/usr/local/games:/snap/bin:/snap/bin:/home/hs/esp/xtensa-esp32-elf/bin:/opt/JLink:/home/hs/.vscode/extensions/ms-python.debugpy-2025.10.0-linux-x64/bundled/scripts/noConfigScripts:/opt/JLink'), ('SESSION_MANAGER', 'local/hs-760XBE:@/tmp/.ICE-unix/2975,unix/hs-760XBE:/tmp/.ICE-unix/2975'), ('PAPERSIZE', 'a4'), ('XDG_MENU_PREFIX', 'gnome-'), ('LC_ADDRESS', 'ko_KR.UTF-8'), ('GNOME_TERMINAL_SCREEN', '/org/gnome/Terminal/screen/c624cff7_ea00_4557_80b0_6ca17a5db9be'), ('GNOME_SETUP_DISPLAY', ':1'), ('XDG_RUNTIME_DIR', '/run/user/1000'), ('GDK_BACKEND', 'wayland'), ('DISPLAY', ':0'), ('VSCODE_DEBUGPY_ADAPTER_ENDPOINTS', '/home/hs/.vscode/extensions/ms-python.debugpy-2025.10.0-linux-x64/.noConfigDebugAdapterEndpoints/endpoint-93dc2f40e9dcc4fe.txt'), ('LANG', 'ko_KR.UTF-8'), ('XDG_CURRENT_DESKTOP', 'ubuntu:GNOME'), ('LC_TELEPHONE', 'ko_KR.UTF-8'), ('XMODIFIERS', '@im=ibus'), ('XDG_SESSION_DESKTOP', 'ubuntu'), ('XAUTHORITY', '/run/user/1000/.mutter-Xwaylandauth.2A37I3'), ('LS_COLORS', 'rs=0:di=01;34:ln=01;36:mh=00:pi=40;33:so=01;35:do=01;35:bd=40;33;01:cd=40;33;01:or=40;31;01:mi=00:su=37;41:sg=30;43:ca=30;41:tw=30;42:ow=34;42:st=37;44:ex=01;32:*.tar=01;31:*.tgz=01;31:*.arc=01;31:*.arj=01;31:*.taz=01;31:*.lha=01;31:*.lz4=01;31:*.lzh=01;31:*.lzma=01;31:*.tlz=01;31:*.txz=01;31:*.tzo=01;31:*.t7z=01;31:*.zip=01;31:*.z=01;31:*.dz=01;31:*.gz=01;31:*.lrz=01;31:*.lz=01;31:*.lzo=01;31:*.xz=01;31:*.zst=01;31:*.tzst=01;31:*.bz2=01;31:*.bz=01;31:*.tbz=01;31:*.tbz2=01;31:*.tz=01;31:*.deb=01;31:*.rpm=01;31:*.jar=01;31:*.war=01;31:*.ear=01;31:*.sar=01;31:*.rar=01;31:*.alz=01;31:*.ace=01;31:*.zoo=01;31:*.cpio=01;31:*.7z=01;31:*.rz=01;31:*.cab=01;31:*.wim=01;31:*.swm=01;31:*.dwm=01;31:*.esd=01;31:*.jpg=01;35:*.jpeg=01;35:*.mjpg=01;35:*.mjpeg=01;35:*.gif=01;35:*.bmp=01;35:*.pbm=01;35:*.pgm=01;35:*.ppm=01;35:*.tga=01;35:*.xbm=01;35:*.xpm=01;35:*.tif=01;35:*.tiff=01;35:*.png=01;35:*.svg=01;35:*.svgz=01;35:*.mng=01;35:*.pcx=01;35:*.mov=01;35:*.mpg=01;35:*.mpeg=01;35:*.m2v=01;35:*.mkv=01;35:*.webm=01;35:*.webp=01;35:*.ogm=01;35:*.mp4=01;35:*.m4v=01;35:*.mp4v=01;35:*.vob=01;35:*.qt=01;35:*.nuv=01;35:*.wmv=01;35:*.asf=01;35:*.rm=01;35:*.rmvb=01;35:*.flc=01;35:*.avi=01;35:*.fli=01;35:*.flv=01;35:*.gl=01;35:*.dl=01;35:*.xcf=01;35:*.xwd=01;35:*.yuv=01;35:*.cgm=01;35:*.emf=01;35:*.ogv=01;35:*.ogx=01;35:*.aac=00;36:*.au=00;36:*.flac=00;36:*.m4a=00;36:*.mid=00;36:*.midi=00;36:*.mka=00;36:*.mp3=00;36:*.mpc=00;36:*.ogg=00;36:*.ra=00;36:*.wav=00;36:*.oga=00;36:*.opus=00;36:*.spx=00;36:*.xspf=00;36:'), ('VSCODE_GIT_IPC_HANDLE', '/run/user/1000/vscode-git-c015e2e957.sock'), ('GNOME_TERMINAL_SERVICE', ':1.570'), ('TERM_PROGRAM', 'vscode'), ('SSH_AGENT_LAUNCHER', 'gnome-keyring'), ('SSH_AUTH_SOCK', '/run/user/1000/keyring/ssh'), ('AMENT_PREFIX_PATH', '/home/hs/ros2_study/install/sllidar_ros2:/home/hs/ros2_study/install/bno055:/home/hs/ros2_study/install/nexus_base_ros:/opt/ros/humble'), ('SHELL', '/bin/bash'), ('LC_NAME', 'ko_KR.UTF-8'), ('QT_ACCESSIBILITY', '1'), ('GDMSESSION', 'ubuntu'), ('LESSCLOSE', '/usr/bin/lesspipe %s %s'), ('LC_MEASUREMENT', 'ko_KR.UTF-8'), ('LC_IDENTIFICATION', 'ko_KR.UTF-8'), ('VSCODE_GIT_ASKPASS_EXTRA_ARGS', ''), ('QT_IM_MODULE', 'ibus'), ('PWD', '/home/hs/ros2_study/build/sllidar_ros2'), ('TURTLEBOT3_MODEL', 'burger'), ('LC_ALL', 'en_US.UTF-8'), ('XDG_CONFIG_DIRS', '/etc/xdg/xdg-ubuntu:/etc/xdg'), ('GAZEBO_PLUGIN_PATH', ':/opt/ros/humble/lib:/opt/ros/humble/lib'), ('DBUS_STARTER_ADDRESS', 'unix:path=/run/user/1000/bus,guid=f963dfa289b34d744642bec3696fbd95'), ('XDG_DATA_DIRS', '/usr/share/ubuntu:/usr/local/share/:/usr/share/:/var/lib/snapd/desktop'), ('PYTHONPATH', '/home/hs/ros2_study/install/bno055/lib/python3.10/site-packages:/home/hs/ros2_study/install/nexus_base_ros/local/lib/python3.10/dist-packages:/opt/ros/humble/lib/python3.10/site-packages:/opt/ros/humble/local/lib/python3.10/dist-packages'), ('LC_NUMERIC', 'ko_KR.UTF-8'), ('LC_PAPER', 'ko_KR.UTF-8'), ('COLCON', '1'), ('VTE_VERSION', '6800'), ('CMAKE_PREFIX_PATH', '/home/hs/ros2_study/install/sllidar_ros2:/home/hs/ros2_study/install/nexus_base_ros:/home/hs/ros2_study/install/bno055:/opt/ros/humble')]), 'shell': False}
[0.600748] (nexus_base_ros) StdoutLine: {'line': b'[  1%] Built target nexus_base_ros__cpp\n'}
[0.601157] (-) TimerEvent: {}
[0.605836] (nexus_base_ros) StdoutLine: {'line': b'[ 11%] Built target nexus_base_ros__rosidl_generator_c\n'}
[0.611443] (nexus_base_ros) StdoutLine: {'line': b'[ 11%] Built target ament_cmake_python_copy_nexus_base_ros\n'}
[0.620633] (sllidar_ros2) StdoutLine: {'line': b'[ 10%] Built target sllidar_client\n'}
[0.635062] (sllidar_ros2) StdoutLine: {'line': b'[100%] Built target sllidar_node\n'}
[0.638660] (nexus_base_ros) StdoutLine: {'line': b'[ 21%] Built target nexus_base_ros__rosidl_typesupport_cpp\n'}
[0.645561] (nexus_base_ros) StdoutLine: {'line': b'[ 31%] Built target nexus_base_ros__rosidl_typesupport_fastrtps_cpp\n'}
[0.649298] (sllidar_ros2) CommandEnded: {'returncode': 0}
[0.651956] (nexus_base_ros) StdoutLine: {'line': b'[ 40%] Built target nexus_base_ros__rosidl_typesupport_introspection_c\n'}
[0.652220] (sllidar_ros2) JobProgress: {'identifier': 'sllidar_ros2', 'progress': 'install'}
[0.652277] (nexus_base_ros) StdoutLine: {'line': b'[ 60%] Built target nexus_base_ros__rosidl_typesupport_introspection_cpp\n'}
[0.652498] (nexus_base_ros) StdoutLine: {'line': b'[ 60%] Built target nexus_base_ros__rosidl_typesupport_fastrtps_c\n'}
[0.652981] (nexus_base_ros) StdoutLine: {'line': b'[ 70%] Built target nexus_base_ros__rosidl_typesupport_c\n'}
[0.660994] (sllidar_ros2) Command: {'cmd': ['/usr/local/bin/cmake', '--install', '/home/hs/ros2_study/build/sllidar_ros2'], 'cwd': '/home/hs/ros2_study/build/sllidar_ros2', 'env': OrderedDict([('PYTHON_BASIC_REPL', '1'), ('LESSOPEN', '| /usr/bin/lesspipe %s'), ('LANGUAGE', 'ko:en_US:en'), ('USER', 'hs'), ('LC_TIME', 'ko_KR.UTF-8'), ('XDG_SESSION_TYPE', 'wayland'), ('GIT_ASKPASS', '/usr/share/code/resources/app/extensions/git/dist/askpass.sh'), ('STM32CubeMX_PATH', '/home/hs/STM32CubeMX'), ('SHLVL', '2'), ('LD_LIBRARY_PATH', '/home/hs/ros2_study/install/nexus_base_ros/lib:/usr/lib/x86_64-linux-gnu/gazebo-11/plugins:/opt/ros/humble/opt/rviz_ogre_vendor/lib:/opt/ros/humble/lib/x86_64-linux-gnu:/opt/ros/humble/lib'), ('HOME', '/home/hs'), ('CHROME_DESKTOP', 'code.desktop'), ('TERM_PROGRAM_VERSION', '1.108.1'), ('DESKTOP_SESSION', 'ubuntu'), ('ROS_PYTHON_VERSION', '3'), ('GNOME_SHELL_SESSION_MODE', 'ubuntu'), ('GTK_MODULES', 'gail:atk-bridge'), ('VSCODE_GIT_ASKPASS_MAIN', '/usr/share/code/resources/app/extensions/git/dist/askpass-main.js'), ('LC_MONETARY', 'ko_KR.UTF-8'), ('VSCODE_GIT_ASKPASS_NODE', '/usr/share/code/code'), ('PYDEVD_DISABLE_FILE_VALIDATION', '1'), ('DBUS_STARTER_BUS_TYPE', 'session'), ('SYSTEMD_EXEC_PID', '2975'), ('BUNDLED_DEBUGPY_PATH', '/home/hs/.vscode/extensions/ms-python.debugpy-2025.10.0-linux-x64/bundled/libs/debugpy'), ('VSCODE_PYTHON_AUTOACTIVATE_GUARD', '1'), ('DBUS_SESSION_BUS_ADDRESS', 'unix:path=/run/user/1000/bus,guid=f963dfa289b34d744642bec3696fbd95'), ('COLORTERM', 'truecolor'), ('IM_CONFIG_PHASE', '1'), ('WAYLAND_DISPLAY', 'wayland-0'), ('COLCON_PREFIX_PATH', '/home/hs/ros2_study/install'), ('ROS_DISTRO', 'humble'), ('LOGNAME', 'hs'), ('_', '/usr/bin/colcon'), ('ROS_VERSION', '2'), ('XDG_SESSION_CLASS', 'user'), ('USERNAME', 'hs'), ('TERM', 'xterm-256color'), ('GAZEBO_MODEL_PATH', ':/opt/ros/humble/share:/opt/ros/humble/share'), ('GNOME_DESKTOP_SESSION_ID', 'this-is-deprecated'), ('FC_FONTATIONS', '1'), ('ROS_LOCALHOST_ONLY', '0'), ('PATH', '/usr/local/MATLAB/R2024b/bin:/usr/local/MATLAB/R2024b/bin:/opt/ros/humble/bin:/home/hs/.local/bin:/usr/local/sbin:/usr/local/bin:/usr/sbin:/usr/bin:/sbin:/bin:/usr/games:/usr/local/games:/snap/bin:/snap/bin:/home/hs/esp/xtensa-esp32-elf/bin:/opt/JLink:/home/hs/.vscode/extensions/ms-python.debugpy-2025.10.0-linux-x64/bundled/scripts/noConfigScripts:/opt/JLink'), ('SESSION_MANAGER', 'local/hs-760XBE:@/tmp/.ICE-unix/2975,unix/hs-760XBE:/tmp/.ICE-unix/2975'), ('PAPERSIZE', 'a4'), ('XDG_MENU_PREFIX', 'gnome-'), ('LC_ADDRESS', 'ko_KR.UTF-8'), ('GNOME_TERMINAL_SCREEN', '/org/gnome/Terminal/screen/c624cff7_ea00_4557_80b0_6ca17a5db9be'), ('GNOME_SETUP_DISPLAY', ':1'), ('XDG_RUNTIME_DIR', '/run/user/1000'), ('GDK_BACKEND', 'wayland'), ('DISPLAY', ':0'), ('VSCODE_DEBUGPY_ADAPTER_ENDPOINTS', '/home/hs/.vscode/extensions/ms-python.debugpy-2025.10.0-linux-x64/.noConfigDebugAdapterEndpoints/endpoint-93dc2f40e9dcc4fe.txt'), ('LANG', 'ko_KR.UTF-8'), ('XDG_CURRENT_DESKTOP', 'ubuntu:GNOME'), ('LC_TELEPHONE', 'ko_KR.UTF-8'), ('XMODIFIERS', '@im=ibus'), ('XDG_SESSION_DESKTOP', 'ubuntu'), ('XAUTHORITY', '/run/user/1000/.mutter-Xwaylandauth.2A37I3'), ('LS_COLORS', 'rs=0:di=01;34:ln=01;36:mh=00:pi=40;33:so=01;35:do=01;35:bd=40;33;01:cd=40;33;01:or=40;31;01:mi=00:su=37;41:sg=30;43:ca=30;41:tw=30;42:ow=34;42:st=37;44:ex=01;32:*.tar=01;31:*.tgz=01;31:*.arc=01;31:*.arj=01;31:*.taz=01;31:*.lha=01;31:*.lz4=01;31:*.lzh=01;31:*.lzma=01;31:*.tlz=01;31:*.txz=01;31:*.tzo=01;31:*.t7z=01;31:*.zip=01;31:*.z=01;31:*.dz=01;31:*.gz=01;31:*.lrz=01;31:*.lz=01;31:*.lzo=01;31:*.xz=01;31:*.zst=01;31:*.tzst=01;31:*.bz2=01;31:*.bz=01;31:*.tbz=01;31:*.tbz2=01;31:*.tz=01;31:*.deb=01;31:*.rpm=01;31:*.jar=01;31:*.war=01;31:*.ear=01;31:*.sar=01;31:*.rar=01;31:*.alz=01;31:*.ace=01;31:*.zoo=01;31:*.cpio=01;31:*.7z=01;31:*.rz=01;31:*.cab=01;31:*.wim=01;31:*.swm=01;31:*.dwm=01;31:*.esd=01;31:*.jpg=01;35:*.jpeg=01;35:*.mjpg=01;35:*.mjpeg=01;35:*.gif=01;35:*.bmp=01;35:*.pbm=01;35:*.pgm=01;35:*.ppm=01;35:*.tga=01;35:*.xbm=01;35:*.xpm=01;35:*.tif=01;35:*.tiff=01;35:*.png=01;35:*.svg=01;35:*.svgz=01;35:*.mng=01;35:*.pcx=01;35:*.mov=01;35:*.mpg=01;35:*.mpeg=01;35:*.m2v=01;35:*.mkv=01;35:*.webm=01;35:*.webp=01;35:*.ogm=01;35:*.mp4=01;35:*.m4v=01;35:*.mp4v=01;35:*.vob=01;35:*.qt=01;35:*.nuv=01;35:*.wmv=01;35:*.asf=01;35:*.rm=01;35:*.rmvb=01;35:*.flc=01;35:*.avi=01;35:*.fli=01;35:*.flv=01;35:*.gl=01;35:*.dl=01;35:*.xcf=01;35:*.xwd=01;35:*.yuv=01;35:*.cgm=01;35:*.emf=01;35:*.ogv=01;35:*.ogx=01;35:*.aac=00;36:*.au=00;36:*.flac=00;36:*.m4a=00;36:*.mid=00;36:*.midi=00;36:*.mka=00;36:*.mp3=00;36:*.mpc=00;36:*.ogg=00;36:*.ra=00;36:*.wav=00;36:*.oga=00;36:*.opus=00;36:*.spx=00;36:*.xspf=00;36:'), ('VSCODE_GIT_IPC_HANDLE', '/run/user/1000/vscode-git-c015e2e957.sock'), ('GNOME_TERMINAL_SERVICE', ':1.570'), ('TERM_PROGRAM', 'vscode'), ('SSH_AGENT_LAUNCHER', 'gnome-keyring'), ('SSH_AUTH_SOCK', '/run/user/1000/keyring/ssh'), ('AMENT_PREFIX_PATH', '/home/hs/ros2_study/install/sllidar_ros2:/home/hs/ros2_study/install/bno055:/home/hs/ros2_study/install/nexus_base_ros:/opt/ros/humble'), ('SHELL', '/bin/bash'), ('LC_NAME', 'ko_KR.UTF-8'), ('QT_ACCESSIBILITY', '1'), ('GDMSESSION', 'ubuntu'), ('LESSCLOSE', '/usr/bin/lesspipe %s %s'), ('LC_MEASUREMENT', 'ko_KR.UTF-8'), ('LC_IDENTIFICATION', 'ko_KR.UTF-8'), ('VSCODE_GIT_ASKPASS_EXTRA_ARGS', ''), ('QT_IM_MODULE', 'ibus'), ('PWD', '/home/hs/ros2_study/build/sllidar_ros2'), ('TURTLEBOT3_MODEL', 'burger'), ('LC_ALL', 'en_US.UTF-8'), ('XDG_CONFIG_DIRS', '/etc/xdg/xdg-ubuntu:/etc/xdg'), ('GAZEBO_PLUGIN_PATH', ':/opt/ros/humble/lib:/opt/ros/humble/lib'), ('DBUS_STARTER_ADDRESS', 'unix:path=/run/user/1000/bus,guid=f963dfa289b34d744642bec3696fbd95'), ('XDG_DATA_DIRS', '/usr/share/ubuntu:/usr/local/share/:/usr/share/:/var/lib/snapd/desktop'), ('PYTHONPATH', '/home/hs/ros2_study/install/bno055/lib/python3.10/site-packages:/home/hs/ros2_study/install/nexus_base_ros/local/lib/python3.10/dist-packages:/opt/ros/humble/lib/python3.10/site-packages:/opt/ros/humble/local/lib/python3.10/dist-packages'), ('LC_NUMERIC', 'ko_KR.UTF-8'), ('LC_PAPER', 'ko_KR.UTF-8'), ('COLCON', '1'), ('VTE_VERSION', '6800'), ('CMAKE_PREFIX_PATH', '/home/hs/ros2_study/install/sllidar_ros2:/home/hs/ros2_study/install/nexus_base_ros:/home/hs/ros2_study/install/bno055:/opt/ros/humble')]), 'shell': False}
[0.665625] (sllidar_ros2) StdoutLine: {'line': b'-- Install configuration: ""\n'}
[0.666410] (sllidar_ros2) StdoutLine: {'line': b'-- Up-to-date: /home/hs/ros2_study/install/sllidar_ros2/share/sllidar_ros2/launch\n'}
[0.667364] (sllidar_ros2) StdoutLine: {'line': b'-- Up-to-date: /home/hs/ros2_study/install/sllidar_ros2/share/sllidar_ros2/launch/sllidar_s3_launch.py\n'}
[0.667638] (sllidar_ros2) StdoutLine: {'line': b'-- Up-to-date: /home/hs/ros2_study/install/sllidar_ros2/share/sllidar_ros2/launch/view_sllidar_s1_tcp_launch.py\n'}
[0.667834] (sllidar_ros2) StdoutLine: {'line': b'-- Up-to-date: /home/hs/ros2_study/install/sllidar_ros2/share/sllidar_ros2/launch/view_sllidar_a2m12_launch.py\n'}
[0.667993] (sllidar_ros2) StdoutLine: {'line': b'-- Up-to-date: /home/hs/ros2_study/install/sllidar_ros2/share/sllidar_ros2/launch/sllidar_a2m8_launch.py\n'}
[0.668146] (sllidar_ros2) StdoutLine: {'line': b'-- Up-to-date: /home/hs/ros2_study/install/sllidar_ros2/share/sllidar_ros2/launch/sllidar_a2m12_launch.py\n'}
[0.668331] (sllidar_ros2) StdoutLine: {'line': b'-- Up-to-date: /home/hs/ros2_study/install/sllidar_ros2/share/sllidar_ros2/launch/sllidar_c1_launch.py\n'}
[0.668483] (sllidar_ros2) StdoutLine: {'line': b'-- Up-to-date: /home/hs/ros2_study/install/sllidar_ros2/share/sllidar_ros2/launch/view_sllidar_s3_launch.py\n'}
[0.668646] (sllidar_ros2) StdoutLine: {'line': b'-- Up-to-date: /home/hs/ros2_study/install/sllidar_ros2/share/sllidar_ros2/launch/view_sllidar_a2m8_launch.py\n'}
[0.668814] (sllidar_ros2) StdoutLine: {'line': b'-- Up-to-date: /home/hs/ros2_study/install/sllidar_ros2/share/sllidar_ros2/launch/view_sllidar_s2e_launch.py\n'}
[0.668966] (sllidar_ros2) StdoutLine: {'line': b'-- Up-to-date: /home/hs/ros2_study/install/sllidar_ros2/share/sllidar_ros2/launch/view_sllidar_s2_launch.py\n'}
[0.669114] (sllidar_ros2) StdoutLine: {'line': b'-- Up-to-date: /home/hs/ros2_study/install/sllidar_ros2/share/sllidar_ros2/launch/view_sllidar_a3_launch.py\n'}
[0.669263] (sllidar_ros2) StdoutLine: {'line': b'-- Up-to-date: /home/hs/ros2_study/install/sllidar_ros2/share/sllidar_ros2/launch/view_sllidar_s1_launch.py\n'}
[0.669411] (sllidar_ros2) StdoutLine: {'line': b'-- Up-to-date: /home/hs/ros2_study/install/sllidar_ros2/share/sllidar_ros2/launch/view_sllidar_c1_launch.py\n'}
[0.669559] (sllidar_ros2) StdoutLine: {'line': b'-- Up-to-date: /home/hs/ros2_study/install/sllidar_ros2/share/sllidar_ros2/launch/view_sllidar_a1_launch.py\n'}
[0.669735] (sllidar_ros2) StdoutLine: {'line': b'-- Up-to-date: /home/hs/ros2_study/install/sllidar_ros2/share/sllidar_ros2/launch/view_sllidar_a2m7_launch.py\n'}
[0.669889] (sllidar_ros2) StdoutLine: {'line': b'-- Up-to-date: /home/hs/ros2_study/install/sllidar_ros2/share/sllidar_ros2/launch/sllidar_a2m7_launch.py\n'}
[0.670038] (sllidar_ros2) StdoutLine: {'line': b'-- Up-to-date: /home/hs/ros2_study/install/sllidar_ros2/share/sllidar_ros2/launch/sllidar_a1_launch.py\n'}
[0.670189] (sllidar_ros2) StdoutLine: {'line': b'-- Up-to-date: /home/hs/ros2_study/install/sllidar_ros2/share/sllidar_ros2/launch/sllidar_a3_launch.py\n'}
[0.670431] (sllidar_ros2) StdoutLine: {'line': b'-- Up-to-date: /home/hs/ros2_study/install/sllidar_ros2/share/sllidar_ros2/launch/sllidar_s2_launch.py\n'}
[0.671079] (sllidar_ros2) StdoutLine: {'line': b'-- Up-to-date: /home/hs/ros2_study/install/sllidar_ros2/share/sllidar_ros2/launch/sllidar_s1_tcp_launch.py\n'}
[0.671330] (sllidar_ros2) StdoutLine: {'line': b'-- Up-to-date: /home/hs/ros2_study/install/sllidar_ros2/share/sllidar_ros2/launch/sllidar_s2e_launch.py\n'}
[0.671502] (sllidar_ros2) StdoutLine: {'line': b'-- Up-to-date: /home/hs/ros2_study/install/sllidar_ros2/share/sllidar_ros2/launch/sllidar_s1_launch.py\n'}
[0.671756] (sllidar_ros2) StdoutLine: {'line': b'-- Up-to-date: /home/hs/ros2_study/install/sllidar_ros2/share/sllidar_ros2/launch/sllidar_t1_launch.py\n'}
[0.673033] (sllidar_ros2) StdoutLine: {'line': b'-- Up-to-date: /home/hs/ros2_study/install/sllidar_ros2/share/sllidar_ros2/launch/view_sllidar_t1_launch.py\n'}
[0.673242] (sllidar_ros2) StdoutLine: {'line': b'-- Up-to-date: /home/hs/ros2_study/install/sllidar_ros2/share/sllidar_ros2/rviz\n'}
[0.673403] (sllidar_ros2) StdoutLine: {'line': b'-- Up-to-date: /home/hs/ros2_study/install/sllidar_ros2/share/sllidar_ros2/rviz/sllidar_ros2.rviz\n'}
[0.673730] (sllidar_ros2) StdoutLine: {'line': b'-- Up-to-date: /home/hs/ros2_study/install/sllidar_ros2/lib/sllidar_ros2/sllidar_node\n'}
[0.673995] (sllidar_ros2) StdoutLine: {'line': b'-- Up-to-date: /home/hs/ros2_study/install/sllidar_ros2/lib/sllidar_ros2/sllidar_client\n'}
[0.674199] (sllidar_ros2) StdoutLine: {'line': b'-- Up-to-date: /home/hs/ros2_study/install/sllidar_ros2/share/ament_index/resource_index/package_run_dependencies/sllidar_ros2\n'}
[0.674376] (sllidar_ros2) StdoutLine: {'line': b'-- Up-to-date: /home/hs/ros2_study/install/sllidar_ros2/share/ament_index/resource_index/parent_prefix_path/sllidar_ros2\n'}
[0.674942] (sllidar_ros2) StdoutLine: {'line': b'-- Up-to-date: /home/hs/ros2_study/install/sllidar_ros2/share/sllidar_ros2/environment/ament_prefix_path.sh\n'}
[0.675119] (sllidar_ros2) StdoutLine: {'line': b'-- Up-to-date: /home/hs/ros2_study/install/sllidar_ros2/share/sllidar_ros2/environment/ament_prefix_path.dsv\n'}
[0.675283] (sllidar_ros2) StdoutLine: {'line': b'-- Up-to-date: /home/hs/ros2_study/install/sllidar_ros2/share/sllidar_ros2/environment/path.sh\n'}
[0.675468] (sllidar_ros2) StdoutLine: {'line': b'-- Up-to-date: /home/hs/ros2_study/install/sllidar_ros2/share/sllidar_ros2/environment/path.dsv\n'}
[0.675634] (sllidar_ros2) StdoutLine: {'line': b'-- Up-to-date: /home/hs/ros2_study/install/sllidar_ros2/share/sllidar_ros2/local_setup.bash\n'}
[0.675803] (sllidar_ros2) StdoutLine: {'line': b'-- Up-to-date: /home/hs/ros2_study/install/sllidar_ros2/share/sllidar_ros2/local_setup.sh\n'}
[0.675951] (sllidar_ros2) StdoutLine: {'line': b'-- Up-to-date: /home/hs/ros2_study/install/sllidar_ros2/share/sllidar_ros2/local_setup.zsh\n'}
[0.676098] (sllidar_ros2) StdoutLine: {'line': b'-- Up-to-date: /home/hs/ros2_study/install/sllidar_ros2/share/sllidar_ros2/local_setup.dsv\n'}
[0.676266] (sllidar_ros2) StdoutLine: {'line': b'-- Installing: /home/hs/ros2_study/install/sllidar_ros2/share/sllidar_ros2/package.dsv\n'}
[0.676414] (sllidar_ros2) StdoutLine: {'line': b'-- Up-to-date: /home/hs/ros2_study/install/sllidar_ros2/share/ament_index/resource_index/packages/sllidar_ros2\n'}
[0.677259] (sllidar_ros2) StdoutLine: {'line': b'-- Up-to-date: /home/hs/ros2_study/install/sllidar_ros2/share/sllidar_ros2/cmake/ament_cmake_export_dependencies-extras.cmake\n'}
[0.677466] (sllidar_ros2) StdoutLine: {'line': b'-- Up-to-date: /home/hs/ros2_study/install/sllidar_ros2/share/sllidar_ros2/cmake/ament_cmake_export_include_directories-extras.cmake\n'}
[0.677720] (sllidar_ros2) StdoutLine: {'line': b'-- Up-to-date: /home/hs/ros2_study/install/sllidar_ros2/share/sllidar_ros2/cmake/sllidar_ros2Config.cmake\n'}
[0.677901] (sllidar_ros2) StdoutLine: {'line': b'-- Up-to-date: /home/hs/ros2_study/install/sllidar_ros2/share/sllidar_ros2/cmake/sllidar_ros2Config-version.cmake\n'}
[0.678069] (sllidar_ros2) StdoutLine: {'line': b'-- Up-to-date: /home/hs/ros2_study/install/sllidar_ros2/share/sllidar_ros2/package.xml\n'}
[0.678247] (sllidar_ros2) CommandEnded: {'returncode': 0}
[0.681828] (nexus_base_ros) StdoutLine: {'line': b'[ 70%] Built target nexus_base_ros\n'}
[0.699769] (nexus_base_ros) StdoutLine: {'line': b'[ 72%] Built target nexus_base_ros__py\n'}
[0.708519] (-) TimerEvent: {}
[0.717847] (nexus_base_ros) StdoutLine: {'line': b'[ 75%] Built target nexus_odometry\n'}
[0.739990] (nexus_base_ros) StdoutLine: {'line': b'[ 83%] Built target nexus_teleop_joy\n'}
[0.740488] (nexus_base_ros) StdoutLine: {'line': b'[ 86%] Built target nexus_base_ros__rosidl_generator_py\n'}
[0.744575] (sllidar_ros2) JobEnded: {'identifier': 'sllidar_ros2', 'rc': 0}
[0.770289] (nexus_base_ros) StdoutLine: {'line': b'[ 90%] Built target nexus_base_ros__rosidl_typesupport_introspection_c__pyext\n'}
[0.770620] (nexus_base_ros) StdoutLine: {'line': b'[ 93%] Built target nexus_base_ros__rosidl_typesupport_fastrtps_c__pyext\n'}
[0.772395] (nexus_base_ros) StdoutLine: {'line': b'[ 96%] Built target nexus_base_ros__rosidl_typesupport_c__pyext\n'}
[0.778236] (nexus_base_ros) StdoutLine: {'line': b'[ 98%] \x1b[32mBuilding CXX object CMakeFiles/nexus_serial_bridge.dir/src/nexus_serial_bridge.cpp.o\x1b[0m\n'}
[0.808636] (-) TimerEvent: {}
[0.909009] (-) TimerEvent: {}
[1.009354] (-) TimerEvent: {}
[1.109724] (-) TimerEvent: {}
[1.144636] (nexus_base_ros) StdoutLine: {'line': b'running egg_info\n'}
[1.145948] (nexus_base_ros) StdoutLine: {'line': b'writing nexus_base_ros.egg-info/PKG-INFO\n'}
[1.146522] (nexus_base_ros) StdoutLine: {'line': b'writing dependency_links to nexus_base_ros.egg-info/dependency_links.txt\n'}
[1.146888] (nexus_base_ros) StdoutLine: {'line': b'writing top-level names to nexus_base_ros.egg-info/top_level.txt\n'}
[1.150711] (nexus_base_ros) StdoutLine: {'line': b"reading manifest file 'nexus_base_ros.egg-info/SOURCES.txt'\n"}
[1.151862] (nexus_base_ros) StdoutLine: {'line': b"writing manifest file 'nexus_base_ros.egg-info/SOURCES.txt'\n"}
[1.200615] (nexus_base_ros) StdoutLine: {'line': b'[ 98%] Built target ament_cmake_python_build_nexus_base_ros_egg\n'}
[1.209814] (-) TimerEvent: {}
[1.310152] (-) TimerEvent: {}
[1.348928] (bno055) Command: {'cmd': ['/usr/bin/python3', '-W', 'ignore:setup.py install is deprecated', '-W', 'ignore:easy_install command is deprecated', 'setup.py', 'egg_info', '--egg-base', '../../build/bno055', 'build', '--build-base', '/home/hs/ros2_study/build/bno055/build', 'install', '--record', '/home/hs/ros2_study/build/bno055/install.log', '--single-version-externally-managed', 'install_data'], 'cwd': '/home/hs/ros2_study/src/bno055', 'env': {'PYTHON_BASIC_REPL': '1', 'LESSOPEN': '| /usr/bin/lesspipe %s', 'LANGUAGE': 'ko:en_US:en', 'USER': 'hs', 'LC_TIME': 'ko_KR.UTF-8', 'XDG_SESSION_TYPE': 'wayland', 'GIT_ASKPASS': '/usr/share/code/resources/app/extensions/git/dist/askpass.sh', 'STM32CubeMX_PATH': '/home/hs/STM32CubeMX', 'SHLVL': '2', 'LD_LIBRARY_PATH': '/home/hs/ros2_study/install/nexus_base_ros/lib:/usr/lib/x86_64-linux-gnu/gazebo-11/plugins:/opt/ros/humble/opt/rviz_ogre_vendor/lib:/opt/ros/humble/lib/x86_64-linux-gnu:/opt/ros/humble/lib', 'HOME': '/home/hs', 'CHROME_DESKTOP': 'code.desktop', 'TERM_PROGRAM_VERSION': '1.108.1', 'DESKTOP_SESSION': 'ubuntu', 'ROS_PYTHON_VERSION': '3', 'GNOME_SHELL_SESSION_MODE': 'ubuntu', 'GTK_MODULES': 'gail:atk-bridge', 'VSCODE_GIT_ASKPASS_MAIN': '/usr/share/code/resources/app/extensions/git/dist/askpass-main.js', 'LC_MONETARY': 'ko_KR.UTF-8', 'VSCODE_GIT_ASKPASS_NODE': '/usr/share/code/code', 'PYDEVD_DISABLE_FILE_VALIDATION': '1', 'DBUS_STARTER_BUS_TYPE': 'session', 'SYSTEMD_EXEC_PID': '2975', 'BUNDLED_DEBUGPY_PATH': '/home/hs/.vscode/extensions/ms-python.debugpy-2025.10.0-linux-x64/bundled/libs/debugpy', 'VSCODE_PYTHON_AUTOACTIVATE_GUARD': '1', 'DBUS_SESSION_BUS_ADDRESS': 'unix:path=/run/user/1000/bus,guid=f963dfa289b34d744642bec3696fbd95', 'COLORTERM': 'truecolor', 'IM_CONFIG_PHASE': '1', 'WAYLAND_DISPLAY': 'wayland-0', 'COLCON_PREFIX_PATH': '/home/hs/ros2_study/install', 'ROS_DISTRO': 'humble', 'LOGNAME': 'hs', '_': '/usr/bin/colcon', 'ROS_VERSION': '2', 'XDG_SESSION_CLASS': 'user', 'USERNAME': 'hs', 'TERM': 'xterm-256color', 'GAZEBO_MODEL_PATH': ':/opt/ros/humble/share:/opt/ros/humble/share', 'GNOME_DESKTOP_SESSION_ID': 'this-is-deprecated', 'FC_FONTATIONS': '1', 'ROS_LOCALHOST_ONLY': '0', 'PATH': '/usr/local/MATLAB/R2024b/bin:/usr/local/MATLAB/R2024b/bin:/opt/ros/humble/bin:/home/hs/.local/bin:/usr/local/sbin:/usr/local/bin:/usr/sbin:/usr/bin:/sbin:/bin:/usr/games:/usr/local/games:/snap/bin:/snap/bin:/home/hs/esp/xtensa-esp32-elf/bin:/opt/JLink:/home/hs/.vscode/extensions/ms-python.debugpy-2025.10.0-linux-x64/bundled/scripts/noConfigScripts:/opt/JLink', 'SESSION_MANAGER': 'local/hs-760XBE:@/tmp/.ICE-unix/2975,unix/hs-760XBE:/tmp/.ICE-unix/2975', 'PAPERSIZE': 'a4', 'XDG_MENU_PREFIX': 'gnome-', 'LC_ADDRESS': 'ko_KR.UTF-8', 'GNOME_TERMINAL_SCREEN': '/org/gnome/Terminal/screen/c624cff7_ea00_4557_80b0_6ca17a5db9be', 'GNOME_SETUP_DISPLAY': ':1', 'XDG_RUNTIME_DIR': '/run/user/1000', 'GDK_BACKEND': 'wayland', 'DISPLAY': ':0', 'VSCODE_DEBUGPY_ADAPTER_ENDPOINTS': '/home/hs/.vscode/extensions/ms-python.debugpy-2025.10.0-linux-x64/.noConfigDebugAdapterEndpoints/endpoint-93dc2f40e9dcc4fe.txt', 'LANG': 'ko_KR.UTF-8', 'XDG_CURRENT_DESKTOP': 'ubuntu:GNOME', 'LC_TELEPHONE': 'ko_KR.UTF-8', 'XMODIFIERS': '@im=ibus', 'XDG_SESSION_DESKTOP': 'ubuntu', 'XAUTHORITY': '/run/user/1000/.mutter-Xwaylandauth.2A37I3', 'LS_COLORS': 'rs=0:di=01;34:ln=01;36:mh=00:pi=40;33:so=01;35:do=01;35:bd=40;33;01:cd=40;33;01:or=40;31;01:mi=00:su=37;41:sg=30;43:ca=30;41:tw=30;42:ow=34;42:st=37;44:ex=01;32:*.tar=01;31:*.tgz=01;31:*.arc=01;31:*.arj=01;31:*.taz=01;31:*.lha=01;31:*.lz4=01;31:*.lzh=01;31:*.lzma=01;31:*.tlz=01;31:*.txz=01;31:*.tzo=01;31:*.t7z=01;31:*.zip=01;31:*.z=01;31:*.dz=01;31:*.gz=01;31:*.lrz=01;31:*.lz=01;31:*.lzo=01;31:*.xz=01;31:*.zst=01;31:*.tzst=01;31:*.bz2=01;31:*.bz=01;31:*.tbz=01;31:*.tbz2=01;31:*.tz=01;31:*.deb=01;31:*.rpm=01;31:*.jar=01;31:*.war=01;31:*.ear=01;31:*.sar=01;31:*.rar=01;31:*.alz=01;31:*.ace=01;31:*.zoo=01;31:*.cpio=01;31:*.7z=01;31:*.rz=01;31:*.cab=01;31:*.wim=01;31:*.swm=01;31:*.dwm=01;31:*.esd=01;31:*.jpg=01;35:*.jpeg=01;35:*.mjpg=01;35:*.mjpeg=01;35:*.gif=01;35:*.bmp=01;35:*.pbm=01;35:*.pgm=01;35:*.ppm=01;35:*.tga=01;35:*.xbm=01;35:*.xpm=01;35:*.tif=01;35:*.tiff=01;35:*.png=01;35:*.svg=01;35:*.svgz=01;35:*.mng=01;35:*.pcx=01;35:*.mov=01;35:*.mpg=01;35:*.mpeg=01;35:*.m2v=01;35:*.mkv=01;35:*.webm=01;35:*.webp=01;35:*.ogm=01;35:*.mp4=01;35:*.m4v=01;35:*.mp4v=01;35:*.vob=01;35:*.qt=01;35:*.nuv=01;35:*.wmv=01;35:*.asf=01;35:*.rm=01;35:*.rmvb=01;35:*.flc=01;35:*.avi=01;35:*.fli=01;35:*.flv=01;35:*.gl=01;35:*.dl=01;35:*.xcf=01;35:*.xwd=01;35:*.yuv=01;35:*.cgm=01;35:*.emf=01;35:*.ogv=01;35:*.ogx=01;35:*.aac=00;36:*.au=00;36:*.flac=00;36:*.m4a=00;36:*.mid=00;36:*.midi=00;36:*.mka=00;36:*.mp3=00;36:*.mpc=00;36:*.ogg=00;36:*.ra=00;36:*.wav=00;36:*.oga=00;36:*.opus=00;36:*.spx=00;36:*.xspf=00;36:', 'VSCODE_GIT_IPC_HANDLE': '/run/user/1000/vscode-git-c015e2e957.sock', 'GNOME_TERMINAL_SERVICE': ':1.570', 'TERM_PROGRAM': 'vscode', 'SSH_AGENT_LAUNCHER': 'gnome-keyring', 'SSH_AUTH_SOCK': '/run/user/1000/keyring/ssh', 'AMENT_PREFIX_PATH': '/home/hs/ros2_study/install/sllidar_ros2:/home/hs/ros2_study/install/bno055:/home/hs/ros2_study/install/nexus_base_ros:/opt/ros/humble', 'SHELL': '/bin/bash', 'LC_NAME': 'ko_KR.UTF-8', 'QT_ACCESSIBILITY': '1', 'GDMSESSION': 'ubuntu', 'LESSCLOSE': '/usr/bin/lesspipe %s %s', 'LC_MEASUREMENT': 'ko_KR.UTF-8', 'LC_IDENTIFICATION': 'ko_KR.UTF-8', 'VSCODE_GIT_ASKPASS_EXTRA_ARGS': '', 'QT_IM_MODULE': 'ibus', 'PWD': '/home/hs/ros2_study/build/bno055', 'TURTLEBOT3_MODEL': 'burger', 'LC_ALL': 'en_US.UTF-8', 'XDG_CONFIG_DIRS': '/etc/xdg/xdg-ubuntu:/etc/xdg', 'GAZEBO_PLUGIN_PATH': ':/opt/ros/humble/lib:/opt/ros/humble/lib', 'DBUS_STARTER_ADDRESS': 'unix:path=/run/user/1000/bus,guid=f963dfa289b34d744642bec3696fbd95', 'XDG_DATA_DIRS': '/usr/share/ubuntu:/usr/local/share/:/usr/share/:/var/lib/snapd/desktop', 'PYTHONPATH': '/home/hs/ros2_study/build/bno055/prefix_override:/usr/lib/python3/dist-packages/colcon_core/task/python/colcon_distutils_commands:/home/hs/ros2_study/install/bno055/lib/python3.10/site-packages:/home/hs/ros2_study/install/bno055/lib/python3.10/site-packages:/home/hs/ros2_study/install/nexus_base_ros/local/lib/python3.10/dist-packages:/opt/ros/humble/lib/python3.10/site-packages:/opt/ros/humble/local/lib/python3.10/dist-packages', 'LC_NUMERIC': 'ko_KR.UTF-8', 'LC_PAPER': 'ko_KR.UTF-8', 'COLCON': '1', 'VTE_VERSION': '6800', 'CMAKE_PREFIX_PATH': '/home/hs/ros2_study/install/sllidar_ros2:/home/hs/ros2_study/install/nexus_base_ros'}, 'shell': False}
[1.410254] (-) TimerEvent: {}
[1.510632] (-) TimerEvent: {}
[1.610985] (-) TimerEvent: {}
[1.712580] (-) TimerEvent: {}
[1.813314] (-) TimerEvent: {}
[1.823032] (bno055) StdoutLine: {'line': b'running egg_info\n'}
[1.824098] (bno055) StdoutLine: {'line': b'writing ../../build/bno055/bno055.egg-info/PKG-INFO\n'}
[1.824429] (bno055) StdoutLine: {'line': b'writing dependency_links to ../../build/bno055/bno055.egg-info/dependency_links.txt\n'}
[1.824681] (bno055) StdoutLine: {'line': b'writing entry points to ../../build/bno055/bno055.egg-info/entry_points.txt\n'}
[1.824920] (bno055) StdoutLine: {'line': b'writing requirements to ../../build/bno055/bno055.egg-info/requires.txt\n'}
[1.825154] (bno055) StdoutLine: {'line': b'writing top-level names to ../../build/bno055/bno055.egg-info/top_level.txt\n'}
[1.828470] (bno055) StdoutLine: {'line': b"reading manifest file '../../build/bno055/bno055.egg-info/SOURCES.txt'\n"}
[1.828861] (bno055) StdoutLine: {'line': b"adding license file 'LICENSE'\n"}
[1.829045] (bno055) StdoutLine: {'line': b"adding license file 'AUTHORS'\n"}
[1.830272] (bno055) StdoutLine: {'line': b"writing manifest file '../../build/bno055/bno055.egg-info/SOURCES.txt'\n"}
[1.830660] (bno055) StdoutLine: {'line': b'running build\n'}
[1.830847] (bno055) StdoutLine: {'line': b'running build_py\n'}
[1.833100] (bno055) StdoutLine: {'line': b'running install\n'}
[1.833769] (bno055) StdoutLine: {'line': b'running install_lib\n'}
[1.836454] (bno055) StdoutLine: {'line': b'running install_data\n'}
[1.836858] (bno055) StdoutLine: {'line': b'running install_egg_info\n'}
[1.840262] (bno055) StdoutLine: {'line': b"removing '/home/hs/ros2_study/install/bno055/lib/python3.10/site-packages/bno055-0.5.0-py3.10.egg-info' (and everything under it)\n"}
[1.840858] (bno055) StdoutLine: {'line': b'Copying ../../build/bno055/bno055.egg-info to /home/hs/ros2_study/install/bno055/lib/python3.10/site-packages/bno055-0.5.0-py3.10.egg-info\n'}
[1.841905] (bno055) StdoutLine: {'line': b'running install_scripts\n'}
[1.873698] (bno055) StdoutLine: {'line': b'Installing bno055 script to /home/hs/ros2_study/install/bno055/lib/bno055\n'}
[1.874697] (bno055) StdoutLine: {'line': b"writing list of installed files to '/home/hs/ros2_study/build/bno055/install.log'\n"}
[1.913638] (-) TimerEvent: {}
[1.915036] (bno055) CommandEnded: {'returncode': 0}
[1.926888] (bno055) JobEnded: {'identifier': 'bno055', 'rc': 0}
[2.013709] (-) TimerEvent: {}
[2.114019] (-) TimerEvent: {}
[2.214335] (-) TimerEvent: {}
[2.314665] (-) TimerEvent: {}
[2.415015] (-) TimerEvent: {}
[2.515324] (-) TimerEvent: {}
[2.615677] (-) TimerEvent: {}
[2.715980] (-) TimerEvent: {}
[2.816301] (-) TimerEvent: {}
[2.916649] (-) TimerEvent: {}
[3.016968] (-) TimerEvent: {}
[3.117314] (-) TimerEvent: {}
[3.217663] (-) TimerEvent: {}
[3.317985] (-) TimerEvent: {}
[3.418304] (-) TimerEvent: {}
[3.518639] (-) TimerEvent: {}
[3.618960] (-) TimerEvent: {}
[3.719303] (-) TimerEvent: {}
[3.819702] (-) TimerEvent: {}
[3.920028] (-) TimerEvent: {}
[4.020353] (-) TimerEvent: {}
[4.120692] (-) TimerEvent: {}
[4.221045] (-) TimerEvent: {}
[4.321351] (-) TimerEvent: {}
[4.421715] (-) TimerEvent: {}
[4.522932] (-) TimerEvent: {}
[4.623339] (-) TimerEvent: {}
[4.723699] (-) TimerEvent: {}
[4.824036] (-) TimerEvent: {}
[4.924365] (-) TimerEvent: {}
[5.024708] (-) TimerEvent: {}
[5.125043] (-) TimerEvent: {}
[5.225396] (-) TimerEvent: {}
[5.325714] (-) TimerEvent: {}
[5.426038] (-) TimerEvent: {}
[5.526383] (-) TimerEvent: {}
[5.626672] (-) TimerEvent: {}
[5.648751] (nexus_base_ros) StderrLine: {'line': b'\x1b[01m\x1b[K/home/hs/ros2_study/src/nexus_base_ros-master/src/nexus_serial_bridge.cpp:\x1b[m\x1b[K In constructor \xe2\x80\x98\x1b[01m\x1b[KNexusSerialBridge::NexusSerialBridge()\x1b[m\x1b[K\xe2\x80\x99:\n'}
[5.649017] (nexus_base_ros) StderrLine: {'line': b'\x1b[01m\x1b[K/home/hs/ros2_study/src/nexus_base_ros-master/src/nexus_serial_bridge.cpp:35:5:\x1b[m\x1b[K \x1b[01;31m\x1b[Kerror: \x1b[m\x1b[Kclass \xe2\x80\x98\x1b[01m\x1b[KNexusSerialBridge\x1b[m\x1b[K\xe2\x80\x99 does not have any field named \xe2\x80\x98\x1b[01m\x1b[Kio_\x1b[m\x1b[K\xe2\x80\x99\n'}
[5.649143] (nexus_base_ros) StderrLine: {'line': b'   35 |     \x1b[01;31m\x1b[Kio_\x1b[m\x1b[K(),\n'}
[5.649242] (nexus_base_ros) StderrLine: {'line': b'      |     \x1b[01;31m\x1b[K^~~\x1b[m\x1b[K\n'}
[5.649334] (nexus_base_ros) StderrLine: {'line': b'\x1b[01m\x1b[K/home/hs/ros2_study/src/nexus_base_ros-master/src/nexus_serial_bridge.cpp:36:5:\x1b[m\x1b[K \x1b[01;31m\x1b[Kerror: \x1b[m\x1b[Kclass \xe2\x80\x98\x1b[01m\x1b[KNexusSerialBridge\x1b[m\x1b[K\xe2\x80\x99 does not have any field named \xe2\x80\x98\x1b[01m\x1b[Kserial_\x1b[m\x1b[K\xe2\x80\x99\n'}
[5.649428] (nexus_base_ros) StderrLine: {'line': b'   36 |     \x1b[01;31m\x1b[Kserial_\x1b[m\x1b[K(io_),\n'}
[5.649521] (nexus_base_ros) StderrLine: {'line': b'      |     \x1b[01;31m\x1b[K^~~~~~~\x1b[m\x1b[K\n'}
[5.657065] (nexus_base_ros) StderrLine: {'line': b'\x1b[01m\x1b[K/home/hs/ros2_study/src/nexus_base_ros-master/src/nexus_serial_bridge.cpp:36:13:\x1b[m\x1b[K \x1b[01;31m\x1b[Kerror: \x1b[m\x1b[K\xe2\x80\x98\x1b[01m\x1b[Kio_\x1b[m\x1b[K\xe2\x80\x99 was not declared in this scope\n'}
[5.657328] (nexus_base_ros) StderrLine: {'line': b'   36 |     serial_(\x1b[01;31m\x1b[Kio_\x1b[m\x1b[K),\n'}
[5.657497] (nexus_base_ros) StderrLine: {'line': b'      |             \x1b[01;31m\x1b[K^~~\x1b[m\x1b[K\n'}
[5.657669] (nexus_base_ros) StderrLine: {'line': b'\x1b[01m\x1b[K/home/hs/ros2_study/src/nexus_base_ros-master/src/nexus_serial_bridge.cpp:37:5:\x1b[m\x1b[K \x1b[01;31m\x1b[Kerror: \x1b[m\x1b[Kclass \xe2\x80\x98\x1b[01m\x1b[KNexusSerialBridge\x1b[m\x1b[K\xe2\x80\x99 does not have any field named \xe2\x80\x98\x1b[01m\x1b[Krunning_\x1b[m\x1b[K\xe2\x80\x99\n'}
[5.657847] (nexus_base_ros) StderrLine: {'line': b'   37 |     \x1b[01;31m\x1b[Krunning_\x1b[m\x1b[K(true),\n'}
[5.657993] (nexus_base_ros) StderrLine: {'line': b'      |     \x1b[01;31m\x1b[K^~~~~~~~\x1b[m\x1b[K\n'}
[5.658088] (nexus_base_ros) StderrLine: {'line': b'\x1b[01m\x1b[K/home/hs/ros2_study/src/nexus_base_ros-master/src/nexus_serial_bridge.cpp:38:5:\x1b[m\x1b[K \x1b[01;31m\x1b[Kerror: \x1b[m\x1b[Kclass \xe2\x80\x98\x1b[01m\x1b[KNexusSerialBridge\x1b[m\x1b[K\xe2\x80\x99 does not have any field named \xe2\x80\x98\x1b[01m\x1b[Karmed_\x1b[m\x1b[K\xe2\x80\x99\n'}
[5.658183] (nexus_base_ros) StderrLine: {'line': b'   38 |     \x1b[01;31m\x1b[Karmed_\x1b[m\x1b[K(true),\n'}
[5.658272] (nexus_base_ros) StderrLine: {'line': b'      |     \x1b[01;31m\x1b[K^~~~~~\x1b[m\x1b[K\n'}
[5.658359] (nexus_base_ros) StderrLine: {'line': b'\x1b[01m\x1b[K/home/hs/ros2_study/src/nexus_base_ros-master/src/nexus_serial_bridge.cpp:39:5:\x1b[m\x1b[K \x1b[01;31m\x1b[Kerror: \x1b[m\x1b[Kclass \xe2\x80\x98\x1b[01m\x1b[KNexusSerialBridge\x1b[m\x1b[K\xe2\x80\x99 does not have any field named \xe2\x80\x98\x1b[01m\x1b[Khas_cmd_\x1b[m\x1b[K\xe2\x80\x99\n'}
[5.658522] (nexus_base_ros) StderrLine: {'line': b'   39 |     \x1b[01;31m\x1b[Khas_cmd_\x1b[m\x1b[K(false) {\n'}
[5.658624] (nexus_base_ros) StderrLine: {'line': b'      |     \x1b[01;31m\x1b[K^~~~~~~~\x1b[m\x1b[K\n'}
[5.667009] (nexus_base_ros) StderrLine: {'line': b'\x1b[01m\x1b[K/home/hs/ros2_study/src/nexus_base_ros-master/src/nexus_serial_bridge.cpp:40:5:\x1b[m\x1b[K \x1b[01;31m\x1b[Kerror: \x1b[m\x1b[K\xe2\x80\x98\x1b[01m\x1b[Kport_\x1b[m\x1b[K\xe2\x80\x99 was not declared in this scope\n'}
[5.667221] (nexus_base_ros) StderrLine: {'line': b'   40 |     \x1b[01;31m\x1b[Kport_\x1b[m\x1b[K = declare_parameter<std::string>("serial_port", "/dev/ttyUSB0");\n'}
[5.667329] (nexus_base_ros) StderrLine: {'line': b'      |     \x1b[01;31m\x1b[K^~~~~\x1b[m\x1b[K\n'}
[5.680709] (nexus_base_ros) StderrLine: {'line': b'\x1b[01m\x1b[K/home/hs/ros2_study/src/nexus_base_ros-master/src/nexus_serial_bridge.cpp:41:5:\x1b[m\x1b[K \x1b[01;31m\x1b[Kerror: \x1b[m\x1b[K\xe2\x80\x98\x1b[01m\x1b[Kbaudrate_\x1b[m\x1b[K\xe2\x80\x99 was not declared in this scope\n'}
[5.680903] (nexus_base_ros) StderrLine: {'line': b'   41 |     \x1b[01;31m\x1b[Kbaudrate_\x1b[m\x1b[K = declare_parameter<int>("serial_baud", kDefaultBaudrate);\n'}
[5.681007] (nexus_base_ros) StderrLine: {'line': b'      |     \x1b[01;31m\x1b[K^~~~~~~~~\x1b[m\x1b[K\n'}
[5.699025] (nexus_base_ros) StderrLine: {'line': b'\x1b[01m\x1b[K/home/hs/ros2_study/src/nexus_base_ros-master/src/nexus_serial_bridge.cpp:42:5:\x1b[m\x1b[K \x1b[01;31m\x1b[Kerror: \x1b[m\x1b[K\xe2\x80\x98\x1b[01m\x1b[Ktx_rate_hz_\x1b[m\x1b[K\xe2\x80\x99 was not declared in this scope\n'}
[5.699238] (nexus_base_ros) StderrLine: {'line': b'   42 |     \x1b[01;31m\x1b[Ktx_rate_hz_\x1b[m\x1b[K = declare_parameter<double>("tx_rate_hz", kDefaultTxRateHz);\n'}
[5.699334] (nexus_base_ros) StderrLine: {'line': b'      |     \x1b[01;31m\x1b[K^~~~~~~~~~~\x1b[m\x1b[K\n'}
[5.721843] (nexus_base_ros) StderrLine: {'line': b'\x1b[01m\x1b[K/home/hs/ros2_study/src/nexus_base_ros-master/src/nexus_serial_bridge.cpp:43:5:\x1b[m\x1b[K \x1b[01;31m\x1b[Kerror: \x1b[m\x1b[K\xe2\x80\x98\x1b[01m\x1b[Kcmd_timeout_ms_\x1b[m\x1b[K\xe2\x80\x99 was not declared in this scope\n'}
[5.722032] (nexus_base_ros) StderrLine: {'line': b'   43 |     \x1b[01;31m\x1b[Kcmd_timeout_ms_\x1b[m\x1b[K = declare_parameter<int>("cmd_timeout_ms", kDefaultCmdTimeoutMs);\n'}
[5.722129] (nexus_base_ros) StderrLine: {'line': b'      |     \x1b[01;31m\x1b[K^~~~~~~~~~~~~~~\x1b[m\x1b[K\n'}
[5.726746] (-) TimerEvent: {}
[5.734192] (nexus_base_ros) StderrLine: {'line': b'\x1b[01m\x1b[K/home/hs/ros2_study/src/nexus_base_ros-master/src/nexus_serial_bridge.cpp:44:5:\x1b[m\x1b[K \x1b[01;31m\x1b[Kerror: \x1b[m\x1b[K\xe2\x80\x98\x1b[01m\x1b[Kframe_id_\x1b[m\x1b[K\xe2\x80\x99 was not declared in this scope\n'}
[5.734404] (nexus_base_ros) StderrLine: {'line': b'   44 |     \x1b[01;31m\x1b[Kframe_id_\x1b[m\x1b[K = declare_parameter<std::string>("frame_id", "base_link");\n'}
[5.734513] (nexus_base_ros) StderrLine: {'line': b'      |     \x1b[01;31m\x1b[K^~~~~~~~~\x1b[m\x1b[K\n'}
[5.755920] (nexus_base_ros) StderrLine: {'line': b'\x1b[01m\x1b[K/home/hs/ros2_study/src/nexus_base_ros-master/src/nexus_serial_bridge.cpp:46:5:\x1b[m\x1b[K \x1b[01;31m\x1b[Kerror: \x1b[m\x1b[K\xe2\x80\x98\x1b[01m\x1b[Kwheel_vel_pub_\x1b[m\x1b[K\xe2\x80\x99 was not declared in this scope\n'}
[5.756169] (nexus_base_ros) StderrLine: {'line': b'   46 |     \x1b[01;31m\x1b[Kwheel_vel_pub_\x1b[m\x1b[K = create_publisher<nexus_base_ros::msg::Encoders>("wheel_vel", rclcpp::SensorDataQoS());\n'}
[5.756317] (nexus_base_ros) StderrLine: {'line': b'      |     \x1b[01;31m\x1b[K^~~~~~~~~~~~~~\x1b[m\x1b[K\n'}
[5.782886] (nexus_base_ros) StderrLine: {'line': b'\x1b[01m\x1b[K/home/hs/ros2_study/src/nexus_base_ros-master/src/nexus_serial_bridge.cpp:47:5:\x1b[m\x1b[K \x1b[01;31m\x1b[Kerror: \x1b[m\x1b[K\xe2\x80\x98\x1b[01m\x1b[Kwheel_enc_pub_\x1b[m\x1b[K\xe2\x80\x99 was not declared in this scope\n'}
[5.783114] (nexus_base_ros) StderrLine: {'line': b'   47 |     \x1b[01;31m\x1b[Kwheel_enc_pub_\x1b[m\x1b[K = create_publisher<std_msgs::msg::Int32MultiArray>("wheel_enc", rclcpp::SensorDataQoS());\n'}
[5.783231] (nexus_base_ros) StderrLine: {'line': b'      |     \x1b[01;31m\x1b[K^~~~~~~~~~~~~~\x1b[m\x1b[K\n'}
[5.796920] (nexus_base_ros) StderrLine: {'line': b'\x1b[01m\x1b[K/home/hs/ros2_study/src/nexus_base_ros-master/src/nexus_serial_bridge.cpp:49:5:\x1b[m\x1b[K \x1b[01;31m\x1b[Kerror: \x1b[m\x1b[K\xe2\x80\x98\x1b[01m\x1b[Kcmd_sub_\x1b[m\x1b[K\xe2\x80\x99 was not declared in this scope\n'}
[5.797141] (nexus_base_ros) StderrLine: {'line': b'   49 |     \x1b[01;31m\x1b[Kcmd_sub_\x1b[m\x1b[K = create_subscription<geometry_msgs::msg::Twist>(\n'}
[5.797254] (nexus_base_ros) StderrLine: {'line': b'      |     \x1b[01;31m\x1b[K^~~~~~~~\x1b[m\x1b[K\n'}
[5.826856] (-) TimerEvent: {}
[5.894742] (nexus_base_ros) StderrLine: {'line': b'\x1b[01m\x1b[K/home/hs/ros2_study/src/nexus_base_ros-master/src/nexus_serial_bridge.cpp:54:5:\x1b[m\x1b[K \x1b[01;31m\x1b[Kerror: \x1b[m\x1b[K\xe2\x80\x98\x1b[01m\x1b[Kemergency_srv_\x1b[m\x1b[K\xe2\x80\x99 was not declared in this scope\n'}
[5.894940] (nexus_base_ros) StderrLine: {'line': b'   54 |     \x1b[01;31m\x1b[Kemergency_srv_\x1b[m\x1b[K = create_service<nexus_base_ros::srv::EmergencyStopEnable>(\n'}
[5.895035] (nexus_base_ros) StderrLine: {'line': b'      |     \x1b[01;31m\x1b[K^~~~~~~~~~~~~~\x1b[m\x1b[K\n'}
[5.926985] (-) TimerEvent: {}
[5.945147] (nexus_base_ros) StderrLine: {'line': b'\x1b[01m\x1b[K/home/hs/ros2_study/src/nexus_base_ros-master/src/nexus_serial_bridge.cpp:58:5:\x1b[m\x1b[K \x1b[01;31m\x1b[Kerror: \x1b[m\x1b[K\xe2\x80\x98\x1b[01m\x1b[Karming_srv_\x1b[m\x1b[K\xe2\x80\x99 was not declared in this scope\n'}
[5.945431] (nexus_base_ros) StderrLine: {'line': b'   58 |     \x1b[01;31m\x1b[Karming_srv_\x1b[m\x1b[K = create_service<nexus_base_ros::srv::ArmingEnable>(\n'}
[5.945591] (nexus_base_ros) StderrLine: {'line': b'      |     \x1b[01;31m\x1b[K^~~~~~~~~~~\x1b[m\x1b[K\n'}
[5.986237] (nexus_base_ros) StderrLine: {'line': b'\x1b[01m\x1b[K/home/hs/ros2_study/src/nexus_base_ros-master/src/nexus_serial_bridge.cpp:65:5:\x1b[m\x1b[K \x1b[01;31m\x1b[Kerror: \x1b[m\x1b[K\xe2\x80\x98\x1b[01m\x1b[Ksend_timer_\x1b[m\x1b[K\xe2\x80\x99 was not declared in this scope; did you mean \xe2\x80\x98\x1b[01m\x1b[Ksetitimer\x1b[m\x1b[K\xe2\x80\x99?\n'}
[5.986444] (nexus_base_ros) StderrLine: {'line': b'   65 |     \x1b[01;31m\x1b[Ksend_timer_\x1b[m\x1b[K = create_wall_timer(period, std::bind(&NexusSerialBridge::sendLatestCmd, this));\n'}
[5.986547] (nexus_base_ros) StderrLine: {'line': b'      |     \x1b[01;31m\x1b[K^~~~~~~~~~~\x1b[m\x1b[K\n'}
[5.986652] (nexus_base_ros) StderrLine: {'line': b'      |     \x1b[32m\x1b[Ksetitimer\x1b[m\x1b[K\n'}
[6.004950] (nexus_base_ros) StderrLine: {'line': b'\x1b[01m\x1b[K/home/hs/ros2_study/src/nexus_base_ros-master/src/nexus_serial_bridge.cpp:67:5:\x1b[m\x1b[K \x1b[01;31m\x1b[Kerror: \x1b[m\x1b[K\xe2\x80\x98\x1b[01m\x1b[Kread_thread_\x1b[m\x1b[K\xe2\x80\x99 was not declared in this scope; did you mean \xe2\x80\x98\x1b[01m\x1b[Kreadahead\x1b[m\x1b[K\xe2\x80\x99?\n'}
[6.005155] (nexus_base_ros) StderrLine: {'line': b'   67 |     \x1b[01;31m\x1b[Kread_thread_\x1b[m\x1b[K = std::thread(&NexusSerialBridge::readLoop, this);\n'}
[6.005257] (nexus_base_ros) StderrLine: {'line': b'      |     \x1b[01;31m\x1b[K^~~~~~~~~~~~\x1b[m\x1b[K\n'}
[6.005357] (nexus_base_ros) StderrLine: {'line': b'      |     \x1b[32m\x1b[Kreadahead\x1b[m\x1b[K\n'}
[6.027130] (-) TimerEvent: {}
[6.127481] (-) TimerEvent: {}
[6.227810] (-) TimerEvent: {}
[6.328166] (-) TimerEvent: {}
[6.428538] (-) TimerEvent: {}
[6.438109] (nexus_base_ros) StderrLine: {'line': b'\x1b[01m\x1b[K/home/hs/ros2_study/src/nexus_base_ros-master/src/nexus_serial_bridge.cpp:\x1b[m\x1b[K In destructor \xe2\x80\x98\x1b[01m\x1b[Kvirtual NexusSerialBridge::~NexusSerialBridge()\x1b[m\x1b[K\xe2\x80\x99:\n'}
[6.438550] (nexus_base_ros) StderrLine: {'line': b'\x1b[01m\x1b[K/home/hs/ros2_study/src/nexus_base_ros-master/src/nexus_serial_bridge.cpp:71:5:\x1b[m\x1b[K \x1b[01;31m\x1b[Kerror: \x1b[m\x1b[K\xe2\x80\x98\x1b[01m\x1b[Krunning_\x1b[m\x1b[K\xe2\x80\x99 was not declared in this scope\n'}
[6.438860] (nexus_base_ros) StderrLine: {'line': b'   71 |     \x1b[01;31m\x1b[Krunning_\x1b[m\x1b[K.store(false);\n'}
[6.439074] (nexus_base_ros) StderrLine: {'line': b'      |     \x1b[01;31m\x1b[K^~~~~~~~\x1b[m\x1b[K\n'}
[6.455934] (nexus_base_ros) StderrLine: {'line': b'\x1b[01m\x1b[K/home/hs/ros2_study/src/nexus_base_ros-master/src/nexus_serial_bridge.cpp:73:9:\x1b[m\x1b[K \x1b[01;31m\x1b[Kerror: \x1b[m\x1b[K\xe2\x80\x98\x1b[01m\x1b[Kread_thread_\x1b[m\x1b[K\xe2\x80\x99 was not declared in this scope; did you mean \xe2\x80\x98\x1b[01m\x1b[Kreadahead\x1b[m\x1b[K\xe2\x80\x99?\n'}
[6.456235] (nexus_base_ros) StderrLine: {'line': b'   73 |     if (\x1b[01;31m\x1b[Kread_thread_\x1b[m\x1b[K.joinable()) {\n'}
[6.456450] (nexus_base_ros) StderrLine: {'line': b'      |         \x1b[01;31m\x1b[K^~~~~~~~~~~~\x1b[m\x1b[K\n'}
[6.456629] (nexus_base_ros) StderrLine: {'line': b'      |         \x1b[32m\x1b[Kreadahead\x1b[m\x1b[K\n'}
[6.467327] (nexus_base_ros) StderrLine: {'line': b'\x1b[01m\x1b[K/home/hs/ros2_study/src/nexus_base_ros-master/src/nexus_serial_bridge.cpp:\x1b[m\x1b[K In member function \xe2\x80\x98\x1b[01m\x1b[Kvoid NexusSerialBridge::openSerial()\x1b[m\x1b[K\xe2\x80\x99:\n'}
[6.467624] (nexus_base_ros) StderrLine: {'line': b'\x1b[01m\x1b[K/home/hs/ros2_study/src/nexus_base_ros-master/src/nexus_serial_bridge.cpp:81:7:\x1b[m\x1b[K \x1b[01;31m\x1b[Kerror: \x1b[m\x1b[K\xe2\x80\x98\x1b[01m\x1b[Kserial_\x1b[m\x1b[K\xe2\x80\x99 was not declared in this scope\n'}
[6.467816] (nexus_base_ros) StderrLine: {'line': b'   81 |       \x1b[01;31m\x1b[Kserial_\x1b[m\x1b[K.open(port_);\n'}
[6.467973] (nexus_base_ros) StderrLine: {'line': b'      |       \x1b[01;31m\x1b[K^~~~~~~\x1b[m\x1b[K\n'}
[6.476168] (nexus_base_ros) StderrLine: {'line': b'\x1b[01m\x1b[K/home/hs/ros2_study/src/nexus_base_ros-master/src/nexus_serial_bridge.cpp:81:20:\x1b[m\x1b[K \x1b[01;31m\x1b[Kerror: \x1b[m\x1b[K\xe2\x80\x98\x1b[01m\x1b[Kport_\x1b[m\x1b[K\xe2\x80\x99 was not declared in this scope\n'}
[6.476408] (nexus_base_ros) StderrLine: {'line': b'   81 |       serial_.open(\x1b[01;31m\x1b[Kport_\x1b[m\x1b[K);\n'}
[6.476581] (nexus_base_ros) StderrLine: {'line': b'      |                    \x1b[01;31m\x1b[K^~~~~\x1b[m\x1b[K\n'}
[6.490957] (nexus_base_ros) StderrLine: {'line': b'\x1b[01m\x1b[K/home/hs/ros2_study/src/nexus_base_ros-master/src/nexus_serial_bridge.cpp:82:67:\x1b[m\x1b[K \x1b[01;31m\x1b[Kerror: \x1b[m\x1b[K\xe2\x80\x98\x1b[01m\x1b[Kbaudrate_\x1b[m\x1b[K\xe2\x80\x99 was not declared in this scope\n'}
[6.491221] (nexus_base_ros) StderrLine: {'line': b'   82 |       serial_.set_option(boost::asio::serial_port_base::baud_rate(\x1b[01;31m\x1b[Kbaudrate_\x1b[m\x1b[K));\n'}
[6.491381] (nexus_base_ros) StderrLine: {'line': b'      |                                                                   \x1b[01;31m\x1b[K^~~~~~~~~\x1b[m\x1b[K\n'}
[6.504911] (nexus_base_ros) StderrLine: {'line': b'In file included from \x1b[01m\x1b[K/opt/ros/humble/include/rclcpp/rclcpp/logging.hpp:24\x1b[m\x1b[K,\n'}
[6.505153] (nexus_base_ros) StderrLine: {'line': b'                 from \x1b[01m\x1b[K/opt/ros/humble/include/rclcpp/rclcpp/client.hpp:40\x1b[m\x1b[K,\n'}
[6.505306] (nexus_base_ros) StderrLine: {'line': b'                 from \x1b[01m\x1b[K/opt/ros/humble/include/rclcpp/rclcpp/callback_group.hpp:24\x1b[m\x1b[K,\n'}
[6.505464] (nexus_base_ros) StderrLine: {'line': b'                 from \x1b[01m\x1b[K/opt/ros/humble/include/rclcpp/rclcpp/any_executable.hpp:20\x1b[m\x1b[K,\n'}
[6.505612] (nexus_base_ros) StderrLine: {'line': b'                 from \x1b[01m\x1b[K/opt/ros/humble/include/rclcpp/rclcpp/memory_strategy.hpp:25\x1b[m\x1b[K,\n'}
[6.505768] (nexus_base_ros) StderrLine: {'line': b'                 from \x1b[01m\x1b[K/opt/ros/humble/include/rclcpp/rclcpp/memory_strategies.hpp:18\x1b[m\x1b[K,\n'}
[6.505909] (nexus_base_ros) StderrLine: {'line': b'                 from \x1b[01m\x1b[K/opt/ros/humble/include/rclcpp/rclcpp/executor_options.hpp:20\x1b[m\x1b[K,\n'}
[6.506046] (nexus_base_ros) StderrLine: {'line': b'                 from \x1b[01m\x1b[K/opt/ros/humble/include/rclcpp/rclcpp/executor.hpp:37\x1b[m\x1b[K,\n'}
[6.506181] (nexus_base_ros) StderrLine: {'line': b'                 from \x1b[01m\x1b[K/opt/ros/humble/include/rclcpp/rclcpp/executors/multi_threaded_executor.hpp:25\x1b[m\x1b[K,\n'}
[6.506318] (nexus_base_ros) StderrLine: {'line': b'                 from \x1b[01m\x1b[K/opt/ros/humble/include/rclcpp/rclcpp/executors.hpp:21\x1b[m\x1b[K,\n'}
[6.506453] (nexus_base_ros) StderrLine: {'line': b'                 from \x1b[01m\x1b[K/opt/ros/humble/include/rclcpp/rclcpp/rclcpp.hpp:155\x1b[m\x1b[K,\n'}
[6.506590] (nexus_base_ros) StderrLine: {'line': b'                 from \x1b[01m\x1b[K/home/hs/ros2_study/src/nexus_base_ros-master/src/nexus_serial_bridge.cpp:18\x1b[m\x1b[K:\n'}
[6.506753] (nexus_base_ros) StderrLine: {'line': b'\x1b[01m\x1b[K/home/hs/ros2_study/src/nexus_base_ros-master/src/nexus_serial_bridge.cpp:89:71:\x1b[m\x1b[K \x1b[01;31m\x1b[Kerror: \x1b[m\x1b[K\xe2\x80\x98\x1b[01m\x1b[Kport_\x1b[m\x1b[K\xe2\x80\x99 was not declared in this scope\n'}
[6.506894] (nexus_base_ros) StderrLine: {'line': b'   89 |       RCLCPP_ERROR(get_logger(), "Failed to open serial port %s: %s", \x1b[01;31m\x1b[Kport_\x1b[m\x1b[K.c_str(), ex.what());\n'}
[6.507030] (nexus_base_ros) StderrLine: {'line': b'      |                                                                       \x1b[01;31m\x1b[K^~~~~\x1b[m\x1b[K\n'}
[6.523382] (nexus_base_ros) StderrLine: {'line': b'\x1b[01m\x1b[K/home/hs/ros2_study/src/nexus_base_ros-master/src/nexus_serial_bridge.cpp:\x1b[m\x1b[K In member function \xe2\x80\x98\x1b[01m\x1b[Kvoid NexusSerialBridge::closeSerial()\x1b[m\x1b[K\xe2\x80\x99:\n'}
[6.523653] (nexus_base_ros) StderrLine: {'line': b'\x1b[01m\x1b[K/home/hs/ros2_study/src/nexus_base_ros-master/src/nexus_serial_bridge.cpp:94:38:\x1b[m\x1b[K \x1b[01;31m\x1b[Kerror: \x1b[m\x1b[K\xe2\x80\x98\x1b[01m\x1b[Kserial_mutex_\x1b[m\x1b[K\xe2\x80\x99 was not declared in this scope\n'}
[6.523820] (nexus_base_ros) StderrLine: {'line': b'   94 |     std::lock_guard<std::mutex> lock(\x1b[01;31m\x1b[Kserial_mutex_\x1b[m\x1b[K);\n'}
[6.523962] (nexus_base_ros) StderrLine: {'line': b'      |                                      \x1b[01;31m\x1b[K^~~~~~~~~~~~~\x1b[m\x1b[K\n'}
[6.528647] (-) TimerEvent: {}
[6.533152] (nexus_base_ros) StderrLine: {'line': b'\x1b[01m\x1b[K/home/hs/ros2_study/src/nexus_base_ros-master/src/nexus_serial_bridge.cpp:95:9:\x1b[m\x1b[K \x1b[01;31m\x1b[Kerror: \x1b[m\x1b[K\xe2\x80\x98\x1b[01m\x1b[Kserial_\x1b[m\x1b[K\xe2\x80\x99 was not declared in this scope\n'}
[6.533367] (nexus_base_ros) StderrLine: {'line': b'   95 |     if (\x1b[01;31m\x1b[Kserial_\x1b[m\x1b[K.is_open()) {\n'}
[6.533515] (nexus_base_ros) StderrLine: {'line': b'      |         \x1b[01;31m\x1b[K^~~~~~~\x1b[m\x1b[K\n'}
[6.552527] (nexus_base_ros) StderrLine: {'line': b'\x1b[01m\x1b[K/home/hs/ros2_study/src/nexus_base_ros-master/src/nexus_serial_bridge.cpp:\x1b[m\x1b[K In member function \xe2\x80\x98\x1b[01m\x1b[Kvoid NexusSerialBridge::cmdVelCallback(geometry_msgs::msg::Twist_<std::allocator<void> >::SharedPtr)\x1b[m\x1b[K\xe2\x80\x99:\n'}
[6.552805] (nexus_base_ros) StderrLine: {'line': b'\x1b[01m\x1b[K/home/hs/ros2_study/src/nexus_base_ros-master/src/nexus_serial_bridge.cpp:103:38:\x1b[m\x1b[K \x1b[01;31m\x1b[Kerror: \x1b[m\x1b[K\xe2\x80\x98\x1b[01m\x1b[Kcmd_mutex_\x1b[m\x1b[K\xe2\x80\x99 was not declared in this scope\n'}
[6.552967] (nexus_base_ros) StderrLine: {'line': b'  103 |     std::lock_guard<std::mutex> lock(\x1b[01;31m\x1b[Kcmd_mutex_\x1b[m\x1b[K);\n'}
[6.553114] (nexus_base_ros) StderrLine: {'line': b'      |                                      \x1b[01;31m\x1b[K^~~~~~~~~~\x1b[m\x1b[K\n'}
[6.571363] (nexus_base_ros) StderrLine: {'line': b'\x1b[01m\x1b[K/home/hs/ros2_study/src/nexus_base_ros-master/src/nexus_serial_bridge.cpp:104:5:\x1b[m\x1b[K \x1b[01;31m\x1b[Kerror: \x1b[m\x1b[K\xe2\x80\x98\x1b[01m\x1b[Kcmd_vx_mmps_\x1b[m\x1b[K\xe2\x80\x99 was not declared in this scope\n'}
[6.571661] (nexus_base_ros) StderrLine: {'line': b'  104 |     \x1b[01;31m\x1b[Kcmd_vx_mmps_\x1b[m\x1b[K = msg->linear.x * 1000.0;\n'}
[6.571835] (nexus_base_ros) StderrLine: {'line': b'      |     \x1b[01;31m\x1b[K^~~~~~~~~~~~\x1b[m\x1b[K\n'}
[6.589404] (nexus_base_ros) StderrLine: {'line': b'\x1b[01m\x1b[K/home/hs/ros2_study/src/nexus_base_ros-master/src/nexus_serial_bridge.cpp:105:5:\x1b[m\x1b[K \x1b[01;31m\x1b[Kerror: \x1b[m\x1b[K\xe2\x80\x98\x1b[01m\x1b[Kcmd_vy_mmps_\x1b[m\x1b[K\xe2\x80\x99 was not declared in this scope\n'}
[6.589659] (nexus_base_ros) StderrLine: {'line': b'  105 |     \x1b[01;31m\x1b[Kcmd_vy_mmps_\x1b[m\x1b[K = msg->linear.y * 1000.0;\n'}
[6.589823] (nexus_base_ros) StderrLine: {'line': b'      |     \x1b[01;31m\x1b[K^~~~~~~~~~~~\x1b[m\x1b[K\n'}
[6.609937] (nexus_base_ros) StderrLine: {'line': b'\x1b[01m\x1b[K/home/hs/ros2_study/src/nexus_base_ros-master/src/nexus_serial_bridge.cpp:106:5:\x1b[m\x1b[K \x1b[01;31m\x1b[Kerror: \x1b[m\x1b[K\xe2\x80\x98\x1b[01m\x1b[Kcmd_wz_mradps_\x1b[m\x1b[K\xe2\x80\x99 was not declared in this scope\n'}
[6.610173] (nexus_base_ros) StderrLine: {'line': b'  106 |     \x1b[01;31m\x1b[Kcmd_wz_mradps_\x1b[m\x1b[K = msg->angular.z * 1000.0;\n'}
[6.610275] (nexus_base_ros) StderrLine: {'line': b'      |     \x1b[01;31m\x1b[K^~~~~~~~~~~~~~\x1b[m\x1b[K\n'}
[6.628305] (nexus_base_ros) StderrLine: {'line': b'\x1b[01m\x1b[K/home/hs/ros2_study/src/nexus_base_ros-master/src/nexus_serial_bridge.cpp:107:5:\x1b[m\x1b[K \x1b[01;31m\x1b[Kerror: \x1b[m\x1b[K\xe2\x80\x98\x1b[01m\x1b[Klast_cmd_time_\x1b[m\x1b[K\xe2\x80\x99 was not declared in this scope\n'}
[6.628486] (nexus_base_ros) StderrLine: {'line': b'  107 |     \x1b[01;31m\x1b[Klast_cmd_time_\x1b[m\x1b[K = now();\n'}
[6.628584] (nexus_base_ros) StderrLine: {'line': b'      |     \x1b[01;31m\x1b[K^~~~~~~~~~~~~~\x1b[m\x1b[K\n'}
[6.628686] (-) TimerEvent: {}
[6.640472] (nexus_base_ros) StderrLine: {'line': b'\x1b[01m\x1b[K/home/hs/ros2_study/src/nexus_base_ros-master/src/nexus_serial_bridge.cpp:108:5:\x1b[m\x1b[K \x1b[01;31m\x1b[Kerror: \x1b[m\x1b[K\xe2\x80\x98\x1b[01m\x1b[Khas_cmd_\x1b[m\x1b[K\xe2\x80\x99 was not declared in this scope\n'}
[6.640774] (nexus_base_ros) StderrLine: {'line': b'  108 |     \x1b[01;31m\x1b[Khas_cmd_\x1b[m\x1b[K = true;\n'}
[6.640928] (nexus_base_ros) StderrLine: {'line': b'      |     \x1b[01;31m\x1b[K^~~~~~~~\x1b[m\x1b[K\n'}
[6.657228] (nexus_base_ros) StderrLine: {'line': b'\x1b[01m\x1b[K/home/hs/ros2_study/src/nexus_base_ros-master/src/nexus_serial_bridge.cpp:\x1b[m\x1b[K In member function \xe2\x80\x98\x1b[01m\x1b[Kvoid NexusSerialBridge::handleEmergencyStop(std::shared_ptr<nexus_base_ros::srv::EmergencyStopEnable_Request_<std::allocator<void> > >, std::shared_ptr<nexus_base_ros::srv::EmergencyStopEnable_Response_<std::allocator<void> > >)\x1b[m\x1b[K\xe2\x80\x99:\n'}
[6.657517] (nexus_base_ros) StderrLine: {'line': b'\x1b[01m\x1b[K/home/hs/ros2_study/src/nexus_base_ros-master/src/nexus_serial_bridge.cpp:115:7:\x1b[m\x1b[K \x1b[01;31m\x1b[Kerror: \x1b[m\x1b[K\xe2\x80\x98\x1b[01m\x1b[Karmed_\x1b[m\x1b[K\xe2\x80\x99 was not declared in this scope\n'}
[6.657685] (nexus_base_ros) StderrLine: {'line': b'  115 |       \x1b[01;31m\x1b[Karmed_\x1b[m\x1b[K.store(false);\n'}
[6.657828] (nexus_base_ros) StderrLine: {'line': b'      |       \x1b[01;31m\x1b[K^~~~~~\x1b[m\x1b[K\n'}
[6.673541] (nexus_base_ros) StderrLine: {'line': b'\x1b[01m\x1b[K/home/hs/ros2_study/src/nexus_base_ros-master/src/nexus_serial_bridge.cpp:\x1b[m\x1b[K In member function \xe2\x80\x98\x1b[01m\x1b[Kvoid NexusSerialBridge::handleArming(std::shared_ptr<nexus_base_ros::srv::ArmingEnable_Request_<std::allocator<void> > >, std::shared_ptr<nexus_base_ros::srv::ArmingEnable_Response_<std::allocator<void> > >)\x1b[m\x1b[K\xe2\x80\x99:\n'}
[6.673761] (nexus_base_ros) StderrLine: {'line': b'\x1b[01m\x1b[K/home/hs/ros2_study/src/nexus_base_ros-master/src/nexus_serial_bridge.cpp:125:7:\x1b[m\x1b[K \x1b[01;31m\x1b[Kerror: \x1b[m\x1b[K\xe2\x80\x98\x1b[01m\x1b[Karmed_\x1b[m\x1b[K\xe2\x80\x99 was not declared in this scope\n'}
[6.673877] (nexus_base_ros) StderrLine: {'line': b'  125 |       \x1b[01;31m\x1b[Karmed_\x1b[m\x1b[K.store(true);\n'}
[6.673971] (nexus_base_ros) StderrLine: {'line': b'      |       \x1b[01;31m\x1b[K^~~~~~\x1b[m\x1b[K\n'}
[6.683678] (nexus_base_ros) StderrLine: {'line': b'\x1b[01m\x1b[K/home/hs/ros2_study/src/nexus_base_ros-master/src/nexus_serial_bridge.cpp:\x1b[m\x1b[K In member function \xe2\x80\x98\x1b[01m\x1b[Kvoid NexusSerialBridge::sendLatestCmd()\x1b[m\x1b[K\xe2\x80\x99:\n'}
[6.683886] (nexus_base_ros) StderrLine: {'line': b'\x1b[01m\x1b[K/home/hs/ros2_study/src/nexus_base_ros-master/src/nexus_serial_bridge.cpp:131:10:\x1b[m\x1b[K \x1b[01;31m\x1b[Kerror: \x1b[m\x1b[K\xe2\x80\x98\x1b[01m\x1b[Kserial_\x1b[m\x1b[K\xe2\x80\x99 was not declared in this scope\n'}
[6.683989] (nexus_base_ros) StderrLine: {'line': b'  131 |     if (!\x1b[01;31m\x1b[Kserial_\x1b[m\x1b[K.is_open()) {\n'}
[6.684094] (nexus_base_ros) StderrLine: {'line': b'      |          \x1b[01;31m\x1b[K^~~~~~~\x1b[m\x1b[K\n'}
[6.698687] (nexus_base_ros) StderrLine: {'line': b'\x1b[01m\x1b[K/home/hs/ros2_study/src/nexus_base_ros-master/src/nexus_serial_bridge.cpp:141:40:\x1b[m\x1b[K \x1b[01;31m\x1b[Kerror: \x1b[m\x1b[K\xe2\x80\x98\x1b[01m\x1b[Kcmd_mutex_\x1b[m\x1b[K\xe2\x80\x99 was not declared in this scope\n'}
[6.698917] (nexus_base_ros) StderrLine: {'line': b'  141 |       std::lock_guard<std::mutex> lock(\x1b[01;31m\x1b[Kcmd_mutex_\x1b[m\x1b[K);\n'}
[6.699019] (nexus_base_ros) StderrLine: {'line': b'      |                                        \x1b[01;31m\x1b[K^~~~~~~~~~\x1b[m\x1b[K\n'}
[6.710611] (nexus_base_ros) StderrLine: {'line': b'\x1b[01m\x1b[K/home/hs/ros2_study/src/nexus_base_ros-master/src/nexus_serial_bridge.cpp:142:12:\x1b[m\x1b[K \x1b[01;31m\x1b[Kerror: \x1b[m\x1b[K\xe2\x80\x98\x1b[01m\x1b[Khas_cmd_\x1b[m\x1b[K\xe2\x80\x99 was not declared in this scope\n'}
[6.710866] (nexus_base_ros) StderrLine: {'line': b'  142 |       if (!\x1b[01;31m\x1b[Khas_cmd_\x1b[m\x1b[K) {\n'}
[6.710969] (nexus_base_ros) StderrLine: {'line': b'      |            \x1b[01;31m\x1b[K^~~~~~~~\x1b[m\x1b[K\n'}
[6.728784] (-) TimerEvent: {}
[6.729603] (nexus_base_ros) StderrLine: {'line': b'\x1b[01m\x1b[K/home/hs/ros2_study/src/nexus_base_ros-master/src/nexus_serial_bridge.cpp:145:32:\x1b[m\x1b[K \x1b[01;31m\x1b[Kerror: \x1b[m\x1b[K\xe2\x80\x98\x1b[01m\x1b[Klast_cmd_time_\x1b[m\x1b[K\xe2\x80\x99 was not declared in this scope\n'}
[6.729802] (nexus_base_ros) StderrLine: {'line': b'  145 |         auto age_ms = (now() - \x1b[01;31m\x1b[Klast_cmd_time_\x1b[m\x1b[K).nanoseconds() / 1000000;\n'}
[6.729925] (nexus_base_ros) StderrLine: {'line': b'      |                                \x1b[01;31m\x1b[K^~~~~~~~~~~~~~\x1b[m\x1b[K\n'}
[6.751618] (nexus_base_ros) StderrLine: {'line': b'\x1b[01m\x1b[K/home/hs/ros2_study/src/nexus_base_ros-master/src/nexus_serial_bridge.cpp:146:22:\x1b[m\x1b[K \x1b[01;31m\x1b[Kerror: \x1b[m\x1b[K\xe2\x80\x98\x1b[01m\x1b[Kcmd_timeout_ms_\x1b[m\x1b[K\xe2\x80\x99 was not declared in this scope\n'}
[6.751840] (nexus_base_ros) StderrLine: {'line': b'  146 |         if (age_ms > \x1b[01;31m\x1b[Kcmd_timeout_ms_\x1b[m\x1b[K) {\n'}
[6.751945] (nexus_base_ros) StderrLine: {'line': b'      |                      \x1b[01;31m\x1b[K^~~~~~~~~~~~~~~\x1b[m\x1b[K\n'}
[6.770129] (nexus_base_ros) StderrLine: {'line': b'\x1b[01m\x1b[K/home/hs/ros2_study/src/nexus_base_ros-master/src/nexus_serial_bridge.cpp:149:16:\x1b[m\x1b[K \x1b[01;31m\x1b[Kerror: \x1b[m\x1b[K\xe2\x80\x98\x1b[01m\x1b[Kcmd_vx_mmps_\x1b[m\x1b[K\xe2\x80\x99 was not declared in this scope\n'}
[6.770335] (nexus_base_ros) StderrLine: {'line': b'  149 |           vx = \x1b[01;31m\x1b[Kcmd_vx_mmps_\x1b[m\x1b[K;\n'}
[6.770434] (nexus_base_ros) StderrLine: {'line': b'      |                \x1b[01;31m\x1b[K^~~~~~~~~~~~\x1b[m\x1b[K\n'}
[6.788131] (nexus_base_ros) StderrLine: {'line': b'\x1b[01m\x1b[K/home/hs/ros2_study/src/nexus_base_ros-master/src/nexus_serial_bridge.cpp:150:16:\x1b[m\x1b[K \x1b[01;31m\x1b[Kerror: \x1b[m\x1b[K\xe2\x80\x98\x1b[01m\x1b[Kcmd_vy_mmps_\x1b[m\x1b[K\xe2\x80\x99 was not declared in this scope\n'}
[6.788345] (nexus_base_ros) StderrLine: {'line': b'  150 |           vy = \x1b[01;31m\x1b[Kcmd_vy_mmps_\x1b[m\x1b[K;\n'}
[6.788441] (nexus_base_ros) StderrLine: {'line': b'      |                \x1b[01;31m\x1b[K^~~~~~~~~~~~\x1b[m\x1b[K\n'}
[6.808475] (nexus_base_ros) StderrLine: {'line': b'\x1b[01m\x1b[K/home/hs/ros2_study/src/nexus_base_ros-master/src/nexus_serial_bridge.cpp:151:16:\x1b[m\x1b[K \x1b[01;31m\x1b[Kerror: \x1b[m\x1b[K\xe2\x80\x98\x1b[01m\x1b[Kcmd_wz_mradps_\x1b[m\x1b[K\xe2\x80\x99 was not declared in this scope\n'}
[6.808686] (nexus_base_ros) StderrLine: {'line': b'  151 |           wz = \x1b[01;31m\x1b[Kcmd_wz_mradps_\x1b[m\x1b[K;\n'}
[6.808792] (nexus_base_ros) StderrLine: {'line': b'      |                \x1b[01;31m\x1b[K^~~~~~~~~~~~~~\x1b[m\x1b[K\n'}
[6.818730] (nexus_base_ros) StderrLine: {'line': b'\x1b[01m\x1b[K/home/hs/ros2_study/src/nexus_base_ros-master/src/nexus_serial_bridge.cpp:156:10:\x1b[m\x1b[K \x1b[01;31m\x1b[Kerror: \x1b[m\x1b[K\xe2\x80\x98\x1b[01m\x1b[Karmed_\x1b[m\x1b[K\xe2\x80\x99 was not declared in this scope\n'}
[6.818978] (nexus_base_ros) StderrLine: {'line': b'  156 |     if (!\x1b[01;31m\x1b[Karmed_\x1b[m\x1b[K.load()) {\n'}
[6.819079] (nexus_base_ros) StderrLine: {'line': b'      |          \x1b[01;31m\x1b[K^~~~~~\x1b[m\x1b[K\n'}
[6.828897] (-) TimerEvent: {}
[6.838102] (nexus_base_ros) StderrLine: {'line': b'\x1b[01m\x1b[K/home/hs/ros2_study/src/nexus_base_ros-master/src/nexus_serial_bridge.cpp:\x1b[m\x1b[K In member function \xe2\x80\x98\x1b[01m\x1b[Kvoid NexusSerialBridge::writeLine(const string&)\x1b[m\x1b[K\xe2\x80\x99:\n'}
[6.838406] (nexus_base_ros) StderrLine: {'line': b'\x1b[01m\x1b[K/home/hs/ros2_study/src/nexus_base_ros-master/src/nexus_serial_bridge.cpp:171:38:\x1b[m\x1b[K \x1b[01;31m\x1b[Kerror: \x1b[m\x1b[K\xe2\x80\x98\x1b[01m\x1b[Kserial_mutex_\x1b[m\x1b[K\xe2\x80\x99 was not declared in this scope\n'}
[6.838530] (nexus_base_ros) StderrLine: {'line': b'  171 |     std::lock_guard<std::mutex> lock(\x1b[01;31m\x1b[Kserial_mutex_\x1b[m\x1b[K);\n'}
[6.838667] (nexus_base_ros) StderrLine: {'line': b'      |                                      \x1b[01;31m\x1b[K^~~~~~~~~~~~~\x1b[m\x1b[K\n'}
[6.849830] (nexus_base_ros) StderrLine: {'line': b'\x1b[01m\x1b[K/home/hs/ros2_study/src/nexus_base_ros-master/src/nexus_serial_bridge.cpp:172:10:\x1b[m\x1b[K \x1b[01;31m\x1b[Kerror: \x1b[m\x1b[K\xe2\x80\x98\x1b[01m\x1b[Kserial_\x1b[m\x1b[K\xe2\x80\x99 was not declared in this scope\n'}
[6.850044] (nexus_base_ros) StderrLine: {'line': b'  172 |     if (!\x1b[01;31m\x1b[Kserial_\x1b[m\x1b[K.is_open()) {\n'}
[6.850147] (nexus_base_ros) StderrLine: {'line': b'      |          \x1b[01;31m\x1b[K^~~~~~~\x1b[m\x1b[K\n'}
[6.861222] (nexus_base_ros) StderrLine: {'line': b'\x1b[01m\x1b[K/home/hs/ros2_study/src/nexus_base_ros-master/src/nexus_serial_bridge.cpp:176:24:\x1b[m\x1b[K \x1b[01;31m\x1b[Kerror: \x1b[m\x1b[K\xe2\x80\x98\x1b[01m\x1b[Kserial_\x1b[m\x1b[K\xe2\x80\x99 was not declared in this scope\n'}
[6.861496] (nexus_base_ros) StderrLine: {'line': b'  176 |     boost::asio::write(\x1b[01;31m\x1b[Kserial_\x1b[m\x1b[K, boost::asio::buffer(line), ec);\n'}
[6.861643] (nexus_base_ros) StderrLine: {'line': b'      |                        \x1b[01;31m\x1b[K^~~~~~~\x1b[m\x1b[K\n'}
[6.876281] (nexus_base_ros) StderrLine: {'line': b'\x1b[01m\x1b[K/home/hs/ros2_study/src/nexus_base_ros-master/src/nexus_serial_bridge.cpp:\x1b[m\x1b[K In member function \xe2\x80\x98\x1b[01m\x1b[Kvoid NexusSerialBridge::publishWheelVel(int, int, int, int)\x1b[m\x1b[K\xe2\x80\x99:\n'}
[6.876561] (nexus_base_ros) StderrLine: {'line': b'\x1b[01m\x1b[K/home/hs/ros2_study/src/nexus_base_ros-master/src/nexus_serial_bridge.cpp:195:27:\x1b[m\x1b[K \x1b[01;31m\x1b[Kerror: \x1b[m\x1b[K\xe2\x80\x98\x1b[01m\x1b[Kframe_id_\x1b[m\x1b[K\xe2\x80\x99 was not declared in this scope\n'}
[6.876723] (nexus_base_ros) StderrLine: {'line': b'  195 |     msg.header.frame_id = \x1b[01;31m\x1b[Kframe_id_\x1b[m\x1b[K;\n'}
[6.876822] (nexus_base_ros) StderrLine: {'line': b'      |                           \x1b[01;31m\x1b[K^~~~~~~~~\x1b[m\x1b[K\n'}
[6.898973] (nexus_base_ros) StderrLine: {'line': b'\x1b[01m\x1b[K/home/hs/ros2_study/src/nexus_base_ros-master/src/nexus_serial_bridge.cpp:200:5:\x1b[m\x1b[K \x1b[01;31m\x1b[Kerror: \x1b[m\x1b[K\xe2\x80\x98\x1b[01m\x1b[Kwheel_vel_pub_\x1b[m\x1b[K\xe2\x80\x99 was not declared in this scope\n'}
[6.899181] (nexus_base_ros) StderrLine: {'line': b'  200 |     \x1b[01;31m\x1b[Kwheel_vel_pub_\x1b[m\x1b[K->publish(msg);\n'}
[6.899282] (nexus_base_ros) StderrLine: {'line': b'      |     \x1b[01;31m\x1b[K^~~~~~~~~~~~~~\x1b[m\x1b[K\n'}
[6.922380] (nexus_base_ros) StderrLine: {'line': b'\x1b[01m\x1b[K/home/hs/ros2_study/src/nexus_base_ros-master/src/nexus_serial_bridge.cpp:\x1b[m\x1b[K In member function \xe2\x80\x98\x1b[01m\x1b[Kvoid NexusSerialBridge::publishWheelEnc(long int, long int, long int, long int)\x1b[m\x1b[K\xe2\x80\x99:\n'}
[6.922647] (nexus_base_ros) StderrLine: {'line': b'\x1b[01m\x1b[K/home/hs/ros2_study/src/nexus_base_ros-master/src/nexus_serial_bridge.cpp:210:5:\x1b[m\x1b[K \x1b[01;31m\x1b[Kerror: \x1b[m\x1b[K\xe2\x80\x98\x1b[01m\x1b[Kwheel_enc_pub_\x1b[m\x1b[K\xe2\x80\x99 was not declared in this scope\n'}
[6.922835] (nexus_base_ros) StderrLine: {'line': b'  210 |     \x1b[01;31m\x1b[Kwheel_enc_pub_\x1b[m\x1b[K->publish(msg);\n'}
[6.922937] (nexus_base_ros) StderrLine: {'line': b'      |     \x1b[01;31m\x1b[K^~~~~~~~~~~~~~\x1b[m\x1b[K\n'}
[6.929020] (-) TimerEvent: {}
[6.934147] (nexus_base_ros) StderrLine: {'line': b'\x1b[01m\x1b[K/home/hs/ros2_study/src/nexus_base_ros-master/src/nexus_serial_bridge.cpp:\x1b[m\x1b[K In member function \xe2\x80\x98\x1b[01m\x1b[Kvoid NexusSerialBridge::readLoop()\x1b[m\x1b[K\xe2\x80\x99:\n'}
[6.934349] (nexus_base_ros) StderrLine: {'line': b'\x1b[01m\x1b[K/home/hs/ros2_study/src/nexus_base_ros-master/src/nexus_serial_bridge.cpp:215:12:\x1b[m\x1b[K \x1b[01;31m\x1b[Kerror: \x1b[m\x1b[K\xe2\x80\x98\x1b[01m\x1b[Krunning_\x1b[m\x1b[K\xe2\x80\x99 was not declared in this scope\n'}
[6.934466] (nexus_base_ros) StderrLine: {'line': b'  215 |     while (\x1b[01;31m\x1b[Krunning_\x1b[m\x1b[K.load()) {\n'}
[6.934619] (nexus_base_ros) StderrLine: {'line': b'      |            \x1b[01;31m\x1b[K^~~~~~~~\x1b[m\x1b[K\n'}
[6.945638] (nexus_base_ros) StderrLine: {'line': b'\x1b[01m\x1b[K/home/hs/ros2_study/src/nexus_base_ros-master/src/nexus_serial_bridge.cpp:216:12:\x1b[m\x1b[K \x1b[01;31m\x1b[Kerror: \x1b[m\x1b[K\xe2\x80\x98\x1b[01m\x1b[Kserial_\x1b[m\x1b[K\xe2\x80\x99 was not declared in this scope\n'}
[6.945948] (nexus_base_ros) StderrLine: {'line': b'  216 |       if (!\x1b[01;31m\x1b[Kserial_\x1b[m\x1b[K.is_open()) {\n'}
[6.946093] (nexus_base_ros) StderrLine: {'line': b'      |            \x1b[01;31m\x1b[K^~~~~~~\x1b[m\x1b[K\n'}
[6.956922] (nexus_base_ros) StderrLine: {'line': b'\x1b[01m\x1b[K/home/hs/ros2_study/src/nexus_base_ros-master/src/nexus_serial_bridge.cpp:222:47:\x1b[m\x1b[K \x1b[01;31m\x1b[Kerror: \x1b[m\x1b[K\xe2\x80\x98\x1b[01m\x1b[Kserial_\x1b[m\x1b[K\xe2\x80\x99 was not declared in this scope\n'}
[6.957203] (nexus_base_ros) StderrLine: {'line': b"  222 |       std::size_t n = boost::asio::read_until(\x1b[01;31m\x1b[Kserial_\x1b[m\x1b[K, buffer, '\\n', ec);\n"}
[6.957365] (nexus_base_ros) StderrLine: {'line': b'      |                                               \x1b[01;31m\x1b[K^~~~~~~\x1b[m\x1b[K\n'}
[6.959993] (nexus_base_ros) StderrLine: {'line': b'\x1b[01m\x1b[K/home/hs/ros2_study/src/nexus_base_ros-master/src/nexus_serial_bridge.cpp:\x1b[m\x1b[K At global scope:\n'}
[6.960175] (nexus_base_ros) StderrLine: {'line': b'\x1b[01m\x1b[K/home/hs/ros2_study/src/nexus_base_ros-master/src/nexus_serial_bridge.cpp:252:27:\x1b[m\x1b[K \x1b[01;31m\x1b[Kerror: \x1b[m\x1b[Kexpected initializer before \xe2\x80\x98\x1b[01m\x1b[Kio_\x1b[m\x1b[K\xe2\x80\x99\n'}
[6.960276] (nexus_base_ros) StderrLine: {'line': b'  252 |   boost::asio::io_context \x1b[01;31m\x1b[Kio_\x1b[m\x1b[K;\n'}
[6.960365] (nexus_base_ros) StderrLine: {'line': b'      |                           \x1b[01;31m\x1b[K^~~\x1b[m\x1b[K\n'}
[6.960869] (nexus_base_ros) StderrLine: {'line': b'\x1b[01m\x1b[K/home/hs/ros2_study/src/nexus_base_ros-master/src/nexus_serial_bridge.cpp:253:28:\x1b[m\x1b[K \x1b[01;31m\x1b[Kerror: \x1b[m\x1b[Kno matching function for call to \xe2\x80\x98\x1b[01m\x1b[Kboost::asio::basic_serial_port<>::basic_serial_port()\x1b[m\x1b[K\xe2\x80\x99\n'}
[6.961065] (nexus_base_ros) StderrLine: {'line': b'  253 |   boost::asio::serial_port \x1b[01;31m\x1b[Kserial_\x1b[m\x1b[K;\n'}
[6.961300] (nexus_base_ros) StderrLine: {'line': b'      |                            \x1b[01;31m\x1b[K^~~~~~~\x1b[m\x1b[K\n'}
[6.961442] (nexus_base_ros) StderrLine: {'line': b'In file included from \x1b[01m\x1b[K/usr/include/boost/asio.hpp:29\x1b[m\x1b[K,\n'}
[6.961572] (nexus_base_ros) StderrLine: {'line': b'                 from \x1b[01m\x1b[K/home/hs/ros2_study/src/nexus_base_ros-master/src/nexus_serial_bridge.cpp:14\x1b[m\x1b[K:\n'}
[6.962094] (nexus_base_ros) StderrLine: {'line': b'\x1b[01m\x1b[K/usr/include/boost/asio/basic_serial_port.hpp:245:3:\x1b[m\x1b[K \x1b[01;36m\x1b[Knote: \x1b[m\x1b[Kcandidate: \xe2\x80\x98\x1b[01m\x1b[Ktemplate<class ExecutionContext> boost::asio::basic_serial_port<Executor>::basic_serial_port(ExecutionContext&, const native_handle_type&, typename std::enable_if<std::is_convertible<ExecutionContext&, boost::asio::execution_context&>::value>::type*) [with ExecutionContext = ExecutionContext; Executor = boost::asio::execution::any_executor<boost::asio::execution::context_as_t<boost::asio::execution_context&>, boost::asio::execution::detail::blocking::never_t<0>, boost::asio::execution::prefer_only<boost::asio::execution::detail::blocking::possibly_t<0> >, boost::asio::execution::prefer_only<boost::asio::execution::detail::outstanding_work::tracked_t<0> >, boost::asio::execution::prefer_only<boost::asio::execution::detail::outstanding_work::untracked_t<0> >, boost::asio::execution::prefer_only<boost::asio::execution::detail::relationship::fork_t<0> >, boost::asio::execution::prefer_only<boost::asio::execution::detail::relationship::continuation_t<0> > >]\x1b[m\x1b[K\xe2\x80\x99\n'}
[6.962235] (nexus_base_ros) StderrLine: {'line': b'  245 |   \x1b[01;36m\x1b[Kbasic_serial_port\x1b[m\x1b[K(ExecutionContext& context,\n'}
[6.962326] (nexus_base_ros) StderrLine: {'line': b'      |   \x1b[01;36m\x1b[K^~~~~~~~~~~~~~~~~\x1b[m\x1b[K\n'}
[6.962412] (nexus_base_ros) StderrLine: {'line': b'\x1b[01m\x1b[K/usr/include/boost/asio/basic_serial_port.hpp:245:3:\x1b[m\x1b[K \x1b[01;36m\x1b[Knote: \x1b[m\x1b[K  template argument deduction/substitution failed:\n'}
[6.962499] (nexus_base_ros) StderrLine: {'line': b'\x1b[01m\x1b[K/home/hs/ros2_study/src/nexus_base_ros-master/src/nexus_serial_bridge.cpp:253:28:\x1b[m\x1b[K \x1b[01;36m\x1b[Knote: \x1b[m\x1b[K  candidate expects 3 arguments, 0 provided\n'}
[6.962592] (nexus_base_ros) StderrLine: {'line': b'  253 |   boost::asio::serial_port \x1b[01;36m\x1b[Kserial_\x1b[m\x1b[K;\n'}
[6.962697] (nexus_base_ros) StderrLine: {'line': b'      |                            \x1b[01;36m\x1b[K^~~~~~~\x1b[m\x1b[K\n'}
[6.962785] (nexus_base_ros) StderrLine: {'line': b'In file included from \x1b[01m\x1b[K/usr/include/boost/asio.hpp:29\x1b[m\x1b[K,\n'}
[6.962870] (nexus_base_ros) StderrLine: {'line': b'                 from \x1b[01m\x1b[K/home/hs/ros2_study/src/nexus_base_ros-master/src/nexus_serial_bridge.cpp:14\x1b[m\x1b[K:\n'}
[6.962954] (nexus_base_ros) StderrLine: {'line': b'\x1b[01m\x1b[K/usr/include/boost/asio/basic_serial_port.hpp:197:3:\x1b[m\x1b[K \x1b[01;36m\x1b[Knote: \x1b[m\x1b[Kcandidate: \xe2\x80\x98\x1b[01m\x1b[Ktemplate<class ExecutionContext> boost::asio::basic_serial_port<Executor>::basic_serial_port(ExecutionContext&, const string&, typename std::enable_if<std::is_convertible<ExecutionContext&, boost::asio::execution_context&>::value>::type*) [with ExecutionContext = ExecutionContext; Executor = boost::asio::execution::any_executor<boost::asio::execution::context_as_t<boost::asio::execution_context&>, boost::asio::execution::detail::blocking::never_t<0>, boost::asio::execution::prefer_only<boost::asio::execution::detail::blocking::possibly_t<0> >, boost::asio::execution::prefer_only<boost::asio::execution::detail::outstanding_work::tracked_t<0> >, boost::asio::execution::prefer_only<boost::asio::execution::detail::outstanding_work::untracked_t<0> >, boost::asio::execution::prefer_only<boost::asio::execution::detail::relationship::fork_t<0> >, boost::asio::execution::prefer_only<boost::asio::execution::detail::relationship::continuation_t<0> > >]\x1b[m\x1b[K\xe2\x80\x99\n'}
[6.963057] (nexus_base_ros) StderrLine: {'line': b'  197 |   \x1b[01;36m\x1b[Kbasic_serial_port\x1b[m\x1b[K(ExecutionContext& context, const std::string& device,\n'}
[6.963142] (nexus_base_ros) StderrLine: {'line': b'      |   \x1b[01;36m\x1b[K^~~~~~~~~~~~~~~~~\x1b[m\x1b[K\n'}
[6.963225] (nexus_base_ros) StderrLine: {'line': b'\x1b[01m\x1b[K/usr/include/boost/asio/basic_serial_port.hpp:197:3:\x1b[m\x1b[K \x1b[01;36m\x1b[Knote: \x1b[m\x1b[K  template argument deduction/substitution failed:\n'}
[6.963314] (nexus_base_ros) StderrLine: {'line': b'\x1b[01m\x1b[K/home/hs/ros2_study/src/nexus_base_ros-master/src/nexus_serial_bridge.cpp:253:28:\x1b[m\x1b[K \x1b[01;36m\x1b[Knote: \x1b[m\x1b[K  candidate expects 3 arguments, 0 provided\n'}
[6.963398] (nexus_base_ros) StderrLine: {'line': b'  253 |   boost::asio::serial_port \x1b[01;36m\x1b[Kserial_\x1b[m\x1b[K;\n'}
[6.963481] (nexus_base_ros) StderrLine: {'line': b'      |                            \x1b[01;36m\x1b[K^~~~~~~\x1b[m\x1b[K\n'}
[6.963562] (nexus_base_ros) StderrLine: {'line': b'In file included from \x1b[01m\x1b[K/usr/include/boost/asio.hpp:29\x1b[m\x1b[K,\n'}
[6.963668] (nexus_base_ros) StderrLine: {'line': b'                 from \x1b[01m\x1b[K/home/hs/ros2_study/src/nexus_base_ros-master/src/nexus_serial_bridge.cpp:14\x1b[m\x1b[K:\n'}
[6.963758] (nexus_base_ros) StderrLine: {'line': b'\x1b[01m\x1b[K/usr/include/boost/asio/basic_serial_port.hpp:153:3:\x1b[m\x1b[K \x1b[01;36m\x1b[Knote: \x1b[m\x1b[Kcandidate: \xe2\x80\x98\x1b[01m\x1b[Ktemplate<class ExecutionContext> boost::asio::basic_serial_port<Executor>::basic_serial_port(ExecutionContext&, const char*, typename std::enable_if<std::is_convertible<ExecutionContext&, boost::asio::execution_context&>::value>::type*) [with ExecutionContext = ExecutionContext; Executor = boost::asio::execution::any_executor<boost::asio::execution::context_as_t<boost::asio::execution_context&>, boost::asio::execution::detail::blocking::never_t<0>, boost::asio::execution::prefer_only<boost::asio::execution::detail::blocking::possibly_t<0> >, boost::asio::execution::prefer_only<boost::asio::execution::detail::outstanding_work::tracked_t<0> >, boost::asio::execution::prefer_only<boost::asio::execution::detail::outstanding_work::untracked_t<0> >, boost::asio::execution::prefer_only<boost::asio::execution::detail::relationship::fork_t<0> >, boost::asio::execution::prefer_only<boost::asio::execution::detail::relationship::continuation_t<0> > >]\x1b[m\x1b[K\xe2\x80\x99\n'}
[6.963864] (nexus_base_ros) StderrLine: {'line': b'  153 |   \x1b[01;36m\x1b[Kbasic_serial_port\x1b[m\x1b[K(ExecutionContext& context, const char* device,\n'}
[6.963948] (nexus_base_ros) StderrLine: {'line': b'      |   \x1b[01;36m\x1b[K^~~~~~~~~~~~~~~~~\x1b[m\x1b[K\n'}
[6.964030] (nexus_base_ros) StderrLine: {'line': b'\x1b[01m\x1b[K/usr/include/boost/asio/basic_serial_port.hpp:153:3:\x1b[m\x1b[K \x1b[01;36m\x1b[Knote: \x1b[m\x1b[K  template argument deduction/substitution failed:\n'}
[6.964112] (nexus_base_ros) StderrLine: {'line': b'\x1b[01m\x1b[K/home/hs/ros2_study/src/nexus_base_ros-master/src/nexus_serial_bridge.cpp:253:28:\x1b[m\x1b[K \x1b[01;36m\x1b[Knote: \x1b[m\x1b[K  candidate expects 3 arguments, 0 provided\n'}
[6.964195] (nexus_base_ros) StderrLine: {'line': b'  253 |   boost::asio::serial_port \x1b[01;36m\x1b[Kserial_\x1b[m\x1b[K;\n'}
[6.964276] (nexus_base_ros) StderrLine: {'line': b'      |                            \x1b[01;36m\x1b[K^~~~~~~\x1b[m\x1b[K\n'}
[6.964358] (nexus_base_ros) StderrLine: {'line': b'In file included from \x1b[01m\x1b[K/usr/include/boost/asio.hpp:29\x1b[m\x1b[K,\n'}
[6.964457] (nexus_base_ros) StderrLine: {'line': b'                 from \x1b[01m\x1b[K/home/hs/ros2_study/src/nexus_base_ros-master/src/nexus_serial_bridge.cpp:14\x1b[m\x1b[K:\n'}
[6.964552] (nexus_base_ros) StderrLine: {'line': b'\x1b[01m\x1b[K/usr/include/boost/asio/basic_serial_port.hpp:111:12:\x1b[m\x1b[K \x1b[01;36m\x1b[Knote: \x1b[m\x1b[Kcandidate: \xe2\x80\x98\x1b[01m\x1b[Ktemplate<class ExecutionContext> boost::asio::basic_serial_port<Executor>::basic_serial_port(ExecutionContext&, typename std::enable_if<std::is_convertible<ExecutionContext&, boost::asio::execution_context&>::value, boost::asio::basic_serial_port<Executor> >::type*) [with ExecutionContext = ExecutionContext; Executor = boost::asio::execution::any_executor<boost::asio::execution::context_as_t<boost::asio::execution_context&>, boost::asio::execution::detail::blocking::never_t<0>, boost::asio::execution::prefer_only<boost::asio::execution::detail::blocking::possibly_t<0> >, boost::asio::execution::prefer_only<boost::asio::execution::detail::outstanding_work::tracked_t<0> >, boost::asio::execution::prefer_only<boost::asio::execution::detail::outstanding_work::untracked_t<0> >, boost::asio::execution::prefer_only<boost::asio::execution::detail::relationship::fork_t<0> >, boost::asio::execution::prefer_only<boost::asio::execution::detail::relationship::continuation_t<0> > >]\x1b[m\x1b[K\xe2\x80\x99\n'}
[6.964689] (nexus_base_ros) StderrLine: {'line': b'  111 |   explicit \x1b[01;36m\x1b[Kbasic_serial_port\x1b[m\x1b[K(ExecutionContext& context,\n'}
[6.964785] (nexus_base_ros) StderrLine: {'line': b'      |            \x1b[01;36m\x1b[K^~~~~~~~~~~~~~~~~\x1b[m\x1b[K\n'}
[6.964876] (nexus_base_ros) StderrLine: {'line': b'\x1b[01m\x1b[K/usr/include/boost/asio/basic_serial_port.hpp:111:12:\x1b[m\x1b[K \x1b[01;36m\x1b[Knote: \x1b[m\x1b[K  template argument deduction/substitution failed:\n'}
[6.964967] (nexus_base_ros) StderrLine: {'line': b'\x1b[01m\x1b[K/home/hs/ros2_study/src/nexus_base_ros-master/src/nexus_serial_bridge.cpp:253:28:\x1b[m\x1b[K \x1b[01;36m\x1b[Knote: \x1b[m\x1b[K  candidate expects 2 arguments, 0 provided\n'}
[6.965058] (nexus_base_ros) StderrLine: {'line': b'  253 |   boost::asio::serial_port \x1b[01;36m\x1b[Kserial_\x1b[m\x1b[K;\n'}
[6.965146] (nexus_base_ros) StderrLine: {'line': b'      |                            \x1b[01;36m\x1b[K^~~~~~~\x1b[m\x1b[K\n'}
[6.965234] (nexus_base_ros) StderrLine: {'line': b'In file included from \x1b[01m\x1b[K/usr/include/boost/asio.hpp:29\x1b[m\x1b[K,\n'}
[6.965323] (nexus_base_ros) StderrLine: {'line': b'                 from \x1b[01m\x1b[K/home/hs/ros2_study/src/nexus_base_ros-master/src/nexus_serial_bridge.cpp:14\x1b[m\x1b[K:\n'}
[6.965413] (nexus_base_ros) StderrLine: {'line': b'\x1b[01m\x1b[K/usr/include/boost/asio/basic_serial_port.hpp:270:3:\x1b[m\x1b[K \x1b[01;36m\x1b[Knote: \x1b[m\x1b[Kcandidate: \xe2\x80\x98\x1b[01m\x1b[Kboost::asio::basic_serial_port<Executor>::basic_serial_port(boost::asio::basic_serial_port<Executor>&&) [with Executor = boost::asio::execution::any_executor<boost::asio::execution::context_as_t<boost::asio::execution_context&>, boost::asio::execution::detail::blocking::never_t<0>, boost::asio::execution::prefer_only<boost::asio::execution::detail::blocking::possibly_t<0> >, boost::asio::execution::prefer_only<boost::asio::execution::detail::outstanding_work::tracked_t<0> >, boost::asio::execution::prefer_only<boost::asio::execution::detail::outstanding_work::untracked_t<0> >, boost::asio::execution::prefer_only<boost::asio::execution::detail::relationship::fork_t<0> >, boost::asio::execution::prefer_only<boost::asio::execution::detail::relationship::continuation_t<0> > >]\x1b[m\x1b[K\xe2\x80\x99\n'}
[6.965528] (nexus_base_ros) StderrLine: {'line': b'  270 |   \x1b[01;36m\x1b[Kbasic_serial_port\x1b[m\x1b[K(basic_serial_port&& other)\n'}
[6.965630] (nexus_base_ros) StderrLine: {'line': b'      |   \x1b[01;36m\x1b[K^~~~~~~~~~~~~~~~~\x1b[m\x1b[K\n'}
[6.965729] (nexus_base_ros) StderrLine: {'line': b'\x1b[01m\x1b[K/usr/include/boost/asio/basic_serial_port.hpp:270:3:\x1b[m\x1b[K \x1b[01;36m\x1b[Knote: \x1b[m\x1b[K  candidate expects 1 argument, 0 provided\n'}
[6.965818] (nexus_base_ros) StderrLine: {'line': b'\x1b[01m\x1b[K/usr/include/boost/asio/basic_serial_port.hpp:221:3:\x1b[m\x1b[K \x1b[01;36m\x1b[Knote: \x1b[m\x1b[Kcandidate: \xe2\x80\x98\x1b[01m\x1b[Kboost::asio::basic_serial_port<Executor>::basic_serial_port(const executor_type&, const native_handle_type&) [with Executor = boost::asio::execution::any_executor<boost::asio::execution::context_as_t<boost::asio::execution_context&>, boost::asio::execution::detail::blocking::never_t<0>, boost::asio::execution::prefer_only<boost::asio::execution::detail::blocking::possibly_t<0> >, boost::asio::execution::prefer_only<boost::asio::execution::detail::outstanding_work::tracked_t<0> >, boost::asio::execution::prefer_only<boost::asio::execution::detail::outstanding_work::untracked_t<0> >, boost::asio::execution::prefer_only<boost::asio::execution::detail::relationship::fork_t<0> >, boost::asio::execution::prefer_only<boost::asio::execution::detail::relationship::continuation_t<0> > >; boost::asio::basic_serial_port<Executor>::executor_type = boost::asio::execution::any_executor<boost::asio::execution::context_as_t<boost::asio::execution_context&>, boost::asio::execution::detail::blocking::never_t<0>, boost::asio::execution::prefer_only<boost::asio::execution::detail::blocking::possibly_t<0> >, boost::asio::execution::prefer_only<boost::asio::execution::detail::outstanding_work::tracked_t<0> >, boost::asio::execution::prefer_only<boost::asio::execution::detail::outstanding_work::untracked_t<0> >, boost::asio::execution::prefer_only<boost::asio::execution::detail::relationship::fork_t<0> >, boost::asio::execution::prefer_only<boost::asio::execution::detail::relationship::continuation_t<0> > >; boost::asio::basic_serial_port<Executor>::native_handle_type = int]\x1b[m\x1b[K\xe2\x80\x99\n'}
[6.965934] (nexus_base_ros) StderrLine: {'line': b'  221 |   \x1b[01;36m\x1b[Kbasic_serial_port\x1b[m\x1b[K(const executor_type& ex,\n'}
[6.966024] (nexus_base_ros) StderrLine: {'line': b'      |   \x1b[01;36m\x1b[K^~~~~~~~~~~~~~~~~\x1b[m\x1b[K\n'}
[6.966114] (nexus_base_ros) StderrLine: {'line': b'\x1b[01m\x1b[K/usr/include/boost/asio/basic_serial_port.hpp:221:3:\x1b[m\x1b[K \x1b[01;36m\x1b[Knote: \x1b[m\x1b[K  candidate expects 2 arguments, 0 provided\n'}
[6.966204] (nexus_base_ros) StderrLine: {'line': b'\x1b[01m\x1b[K/usr/include/boost/asio/basic_serial_port.hpp:176:3:\x1b[m\x1b[K \x1b[01;36m\x1b[Knote: \x1b[m\x1b[Kcandidate: \xe2\x80\x98\x1b[01m\x1b[Kboost::asio::basic_serial_port<Executor>::basic_serial_port(const executor_type&, const string&) [with Executor = boost::asio::execution::any_executor<boost::asio::execution::context_as_t<boost::asio::execution_context&>, boost::asio::execution::detail::blocking::never_t<0>, boost::asio::execution::prefer_only<boost::asio::execution::detail::blocking::possibly_t<0> >, boost::asio::execution::prefer_only<boost::asio::execution::detail::outstanding_work::tracked_t<0> >, boost::asio::execution::prefer_only<boost::asio::execution::detail::outstanding_work::untracked_t<0> >, boost::asio::execution::prefer_only<boost::asio::execution::detail::relationship::fork_t<0> >, boost::asio::execution::prefer_only<boost::asio::execution::detail::relationship::continuation_t<0> > >; boost::asio::basic_serial_port<Executor>::executor_type = boost::asio::execution::any_executor<boost::asio::execution::context_as_t<boost::asio::execution_context&>, boost::asio::execution::detail::blocking::never_t<0>, boost::asio::execution::prefer_only<boost::asio::execution::detail::blocking::possibly_t<0> >, boost::asio::execution::prefer_only<boost::asio::execution::detail::outstanding_work::tracked_t<0> >, boost::asio::execution::prefer_only<boost::asio::execution::detail::outstanding_work::untracked_t<0> >, boost::asio::execution::prefer_only<boost::asio::execution::detail::relationship::fork_t<0> >, boost::asio::execution::prefer_only<boost::asio::execution::detail::relationship::continuation_t<0> > >; std::string = std::__cxx11::basic_string<char>]\x1b[m\x1b[K\xe2\x80\x99\n'}
[6.966334] (nexus_base_ros) StderrLine: {'line': b'  176 |   \x1b[01;36m\x1b[Kbasic_serial_port\x1b[m\x1b[K(const executor_type& ex, const std::string& device)\n'}
[6.966424] (nexus_base_ros) StderrLine: {'line': b'      |   \x1b[01;36m\x1b[K^~~~~~~~~~~~~~~~~\x1b[m\x1b[K\n'}
[6.966512] (nexus_base_ros) StderrLine: {'line': b'\x1b[01m\x1b[K/usr/include/boost/asio/basic_serial_port.hpp:176:3:\x1b[m\x1b[K \x1b[01;36m\x1b[Knote: \x1b[m\x1b[K  candidate expects 2 arguments, 0 provided\n'}
[6.966600] (nexus_base_ros) StderrLine: {'line': b'\x1b[01m\x1b[K/usr/include/boost/asio/basic_serial_port.hpp:132:3:\x1b[m\x1b[K \x1b[01;36m\x1b[Knote: \x1b[m\x1b[Kcandidate: \xe2\x80\x98\x1b[01m\x1b[Kboost::asio::basic_serial_port<Executor>::basic_serial_port(const executor_type&, const char*) [with Executor = boost::asio::execution::any_executor<boost::asio::execution::context_as_t<boost::asio::execution_context&>, boost::asio::execution::detail::blocking::never_t<0>, boost::asio::execution::prefer_only<boost::asio::execution::detail::blocking::possibly_t<0> >, boost::asio::execution::prefer_only<boost::asio::execution::detail::outstanding_work::tracked_t<0> >, boost::asio::execution::prefer_only<boost::asio::execution::detail::outstanding_work::untracked_t<0> >, boost::asio::execution::prefer_only<boost::asio::execution::detail::relationship::fork_t<0> >, boost::asio::execution::prefer_only<boost::asio::execution::detail::relationship::continuation_t<0> > >; boost::asio::basic_serial_port<Executor>::executor_type = boost::asio::execution::any_executor<boost::asio::execution::context_as_t<boost::asio::execution_context&>, boost::asio::execution::detail::blocking::never_t<0>, boost::asio::execution::prefer_only<boost::asio::execution::detail::blocking::possibly_t<0> >, boost::asio::execution::prefer_only<boost::asio::execution::detail::outstanding_work::tracked_t<0> >, boost::asio::execution::prefer_only<boost::asio::execution::detail::outstanding_work::untracked_t<0> >, boost::asio::execution::prefer_only<boost::asio::execution::detail::relationship::fork_t<0> >, boost::asio::execution::prefer_only<boost::asio::execution::detail::relationship::continuation_t<0> > >]\x1b[m\x1b[K\xe2\x80\x99\n'}
[6.966728] (nexus_base_ros) StderrLine: {'line': b'  132 |   \x1b[01;36m\x1b[Kbasic_serial_port\x1b[m\x1b[K(const executor_type& ex, const char* device)\n'}
[6.966818] (nexus_base_ros) StderrLine: {'line': b'      |   \x1b[01;36m\x1b[K^~~~~~~~~~~~~~~~~\x1b[m\x1b[K\n'}
[6.966906] (nexus_base_ros) StderrLine: {'line': b'\x1b[01m\x1b[K/usr/include/boost/asio/basic_serial_port.hpp:132:3:\x1b[m\x1b[K \x1b[01;36m\x1b[Knote: \x1b[m\x1b[K  candidate expects 2 arguments, 0 provided\n'}
[6.966996] (nexus_base_ros) StderrLine: {'line': b'\x1b[01m\x1b[K/usr/include/boost/asio/basic_serial_port.hpp:97:12:\x1b[m\x1b[K \x1b[01;36m\x1b[Knote: \x1b[m\x1b[Kcandidate: \xe2\x80\x98\x1b[01m\x1b[Kboost::asio::basic_serial_port<Executor>::basic_serial_port(const executor_type&) [with Executor = boost::asio::execution::any_executor<boost::asio::execution::context_as_t<boost::asio::execution_context&>, boost::asio::execution::detail::blocking::never_t<0>, boost::asio::execution::prefer_only<boost::asio::execution::detail::blocking::possibly_t<0> >, boost::asio::execution::prefer_only<boost::asio::execution::detail::outstanding_work::tracked_t<0> >, boost::asio::execution::prefer_only<boost::asio::execution::detail::outstanding_work::untracked_t<0> >, boost::asio::execution::prefer_only<boost::asio::execution::detail::relationship::fork_t<0> >, boost::asio::execution::prefer_only<boost::asio::execution::detail::relationship::continuation_t<0> > >; boost::asio::basic_serial_port<Executor>::executor_type = boost::asio::execution::any_executor<boost::asio::execution::context_as_t<boost::asio::execution_context&>, boost::asio::execution::detail::blocking::never_t<0>, boost::asio::execution::prefer_only<boost::asio::execution::detail::blocking::possibly_t<0> >, boost::asio::execution::prefer_only<boost::asio::execution::detail::outstanding_work::tracked_t<0> >, boost::asio::execution::prefer_only<boost::asio::execution::detail::outstanding_work::untracked_t<0> >, boost::asio::execution::prefer_only<boost::asio::execution::detail::relationship::fork_t<0> >, boost::asio::execution::prefer_only<boost::asio::execution::detail::relationship::continuation_t<0> > >]\x1b[m\x1b[K\xe2\x80\x99\n'}
[6.967106] (nexus_base_ros) StderrLine: {'line': b'   97 |   explicit \x1b[01;36m\x1b[Kbasic_serial_port\x1b[m\x1b[K(const executor_type& ex)\n'}
[6.967196] (nexus_base_ros) StderrLine: {'line': b'      |            \x1b[01;36m\x1b[K^~~~~~~~~~~~~~~~~\x1b[m\x1b[K\n'}
[6.967284] (nexus_base_ros) StderrLine: {'line': b'\x1b[01m\x1b[K/usr/include/boost/asio/basic_serial_port.hpp:97:12:\x1b[m\x1b[K \x1b[01;36m\x1b[Knote: \x1b[m\x1b[K  candidate expects 1 argument, 0 provided\n'}
[6.967562] (nexus_base_ros) StderrLine: {'line': b'\x1b[01m\x1b[K/home/hs/ros2_study/src/nexus_base_ros-master/src/nexus_serial_bridge.cpp:278:1:\x1b[m\x1b[K \x1b[01;31m\x1b[Kerror: \x1b[m\x1b[Kexpected declaration before \xe2\x80\x98\x1b[01m\x1b[K}\x1b[m\x1b[K\xe2\x80\x99 token\n'}
[6.967696] (nexus_base_ros) StderrLine: {'line': b'  278 | \x1b[01;31m\x1b[K}\x1b[m\x1b[K;\n'}
[6.967786] (nexus_base_ros) StderrLine: {'line': b'      | \x1b[01;31m\x1b[K^\x1b[m\x1b[K\n'}
[7.029150] (-) TimerEvent: {}
[7.129469] (-) TimerEvent: {}
[7.229805] (-) TimerEvent: {}
[7.330127] (-) TimerEvent: {}
[7.430468] (-) TimerEvent: {}
[7.530778] (-) TimerEvent: {}
[7.631102] (-) TimerEvent: {}
[7.731454] (-) TimerEvent: {}
[7.831705] (-) TimerEvent: {}
[7.932031] (-) TimerEvent: {}
[8.032394] (-) TimerEvent: {}
[8.133229] (-) TimerEvent: {}
[8.233864] (-) TimerEvent: {}
[8.334230] (-) TimerEvent: {}
[8.434560] (-) TimerEvent: {}
[8.534950] (-) TimerEvent: {}
[8.635286] (-) TimerEvent: {}
[8.735645] (-) TimerEvent: {}
[8.836009] (-) TimerEvent: {}
[8.936371] (-) TimerEvent: {}
[9.036717] (-) TimerEvent: {}
[9.137035] (-) TimerEvent: {}
[9.237360] (-) TimerEvent: {}
[9.337700] (-) TimerEvent: {}
[9.438049] (-) TimerEvent: {}
[9.538412] (-) TimerEvent: {}
[9.638793] (-) TimerEvent: {}
[9.739178] (-) TimerEvent: {}
[9.839600] (-) TimerEvent: {}
[9.939980] (-) TimerEvent: {}
[10.040361] (-) TimerEvent: {}
[10.140735] (-) TimerEvent: {}
[10.241062] (-) TimerEvent: {}
[10.343686] (-) TimerEvent: {}
[10.444145] (-) TimerEvent: {}
[10.544633] (-) TimerEvent: {}
[10.644921] (-) TimerEvent: {}
[10.745217] (-) TimerEvent: {}
[10.787779] (nexus_base_ros) StderrLine: {'line': b'gmake[2]: *** [CMakeFiles/nexus_serial_bridge.dir/build.make:76: CMakeFiles/nexus_serial_bridge.dir/src/nexus_serial_bridge.cpp.o] \xec\x98\xa4\xeb\xa5\x98 1\n'}
[10.788205] (nexus_base_ros) StderrLine: {'line': b'gmake[1]: *** [CMakeFiles/Makefile2:598: CMakeFiles/nexus_serial_bridge.dir/all] \xec\x98\xa4\xeb\xa5\x98 2\n'}
[10.788560] (nexus_base_ros) StderrLine: {'line': b'gmake: *** [Makefile:146: all] \xec\x98\xa4\xeb\xa5\x98 2\n'}
[10.791409] (nexus_base_ros) CommandEnded: {'returncode': 2}
[10.805306] (nexus_base_ros) JobEnded: {'identifier': 'nexus_base_ros', 'rc': 2}
[10.816353] (-) EventReactorShutdown: {}
