[0.570s] Invoking command in '/home/hs/ros2_study/build/nexus_base_ros': CMAKE_PREFIX_PATH=${CMAKE_PREFIX_PATH}:/home/hs/ros2_study/install/bno055:/opt/ros/humble /usr/local/bin/cmake --build /home/hs/ros2_study/build/nexus_base_ros -- -j8 -l8
[0.623s] [  1%] Built target nexus_base_ros__cpp
[0.629s] [ 11%] Built target nexus_base_ros__rosidl_generator_c
[0.633s] [ 11%] Built target ament_cmake_python_copy_nexus_base_ros
[0.658s] [ 21%] Built target nexus_base_ros__rosidl_typesupport_fastrtps_cpp
[0.677s] [ 31%] Built target nexus_base_ros__rosidl_typesupport_introspection_cpp
[0.677s] [ 40%] Built target nexus_base_ros__rosidl_typesupport_introspection_c
[0.678s] [ 50%] Built target nexus_base_ros__rosidl_typesupport_c
[0.679s] [ 63%] Built target nexus_base_ros__rosidl_typesupport_fastrtps_c
[0.680s] [ 70%] Built target nexus_base_ros__rosidl_typesupport_cpp
[0.708s] [ 70%] Built target nexus_base_ros
[0.729s] [ 72%] Built target nexus_base_ros__py
[0.744s] [ 75%] Built target nexus_odometry
[0.747s] [ 78%] Built target nexus_teleop_joy
[0.762s] [ 86%] Built target nexus_base_ros__rosidl_generator_py
[0.769s] [ 88%] [32mBuilding CXX object CMakeFiles/nexus_serial_bridge.dir/src/nexus_serial_bridge.cpp.o[0m
[0.791s] [ 91%] Built target nexus_base_ros__rosidl_typesupport_fastrtps_c__pyext
[0.791s] [ 96%] Built target nexus_base_ros__rosidl_typesupport_c__pyext
[0.791s] [ 98%] Built target nexus_base_ros__rosidl_typesupport_introspection_c__pyext
[1.309s] running egg_info
[1.311s] writing nexus_base_ros.egg-info/PKG-INFO
[1.311s] writing dependency_links to nexus_base_ros.egg-info/dependency_links.txt
[1.313s] writing top-level names to nexus_base_ros.egg-info/top_level.txt
[1.317s] reading manifest file 'nexus_base_ros.egg-info/SOURCES.txt'
[1.319s] writing manifest file 'nexus_base_ros.egg-info/SOURCES.txt'
[1.364s] [ 98%] Built target ament_cmake_python_build_nexus_base_ros_egg
[6.194s] [01m[K/home/hs/ros2_study/src/nexus_base_ros-master/src/nexus_serial_bridge.cpp:[m[K In constructor â€˜[01m[KNexusSerialBridge::NexusSerialBridge()[m[Kâ€™:
[6.194s] [01m[K/home/hs/ros2_study/src/nexus_base_ros-master/src/nexus_serial_bridge.cpp:35:5:[m[K [01;31m[Kerror: [m[Kclass â€˜[01m[KNexusSerialBridge[m[Kâ€™ does not have any field named â€˜[01m[Kio_[m[Kâ€™
[6.195s]    35 |     [01;31m[Kio_[m[K(),
[6.195s]       |     [01;31m[K^~~[m[K
[6.195s] [01m[K/home/hs/ros2_study/src/nexus_base_ros-master/src/nexus_serial_bridge.cpp:36:5:[m[K [01;31m[Kerror: [m[Kclass â€˜[01m[KNexusSerialBridge[m[Kâ€™ does not have any field named â€˜[01m[Kserial_[m[Kâ€™
[6.195s]    36 |     [01;31m[Kserial_[m[K(io_),
[6.195s]       |     [01;31m[K^~~~~~~[m[K
[6.203s] [01m[K/home/hs/ros2_study/src/nexus_base_ros-master/src/nexus_serial_bridge.cpp:36:13:[m[K [01;31m[Kerror: [m[Kâ€˜[01m[Kio_[m[Kâ€™ was not declared in this scope
[6.203s]    36 |     serial_([01;31m[Kio_[m[K),
[6.203s]       |             [01;31m[K^~~[m[K
[6.203s] [01m[K/home/hs/ros2_study/src/nexus_base_ros-master/src/nexus_serial_bridge.cpp:37:5:[m[K [01;31m[Kerror: [m[Kclass â€˜[01m[KNexusSerialBridge[m[Kâ€™ does not have any field named â€˜[01m[Krunning_[m[Kâ€™
[6.203s]    37 |     [01;31m[Krunning_[m[K(true),
[6.203s]       |     [01;31m[K^~~~~~~~[m[K
[6.203s] [01m[K/home/hs/ros2_study/src/nexus_base_ros-master/src/nexus_serial_bridge.cpp:38:5:[m[K [01;31m[Kerror: [m[Kclass â€˜[01m[KNexusSerialBridge[m[Kâ€™ does not have any field named â€˜[01m[Karmed_[m[Kâ€™
[6.203s]    38 |     [01;31m[Karmed_[m[K(true),
[6.203s]       |     [01;31m[K^~~~~~[m[K
[6.203s] [01m[K/home/hs/ros2_study/src/nexus_base_ros-master/src/nexus_serial_bridge.cpp:39:5:[m[K [01;31m[Kerror: [m[Kclass â€˜[01m[KNexusSerialBridge[m[Kâ€™ does not have any field named â€˜[01m[Khas_cmd_[m[Kâ€™
[6.203s]    39 |     [01;31m[Khas_cmd_[m[K(false) {
[6.204s]       |     [01;31m[K^~~~~~~~[m[K
[6.212s] [01m[K/home/hs/ros2_study/src/nexus_base_ros-master/src/nexus_serial_bridge.cpp:40:5:[m[K [01;31m[Kerror: [m[Kâ€˜[01m[Kport_[m[Kâ€™ was not declared in this scope
[6.212s]    40 |     [01;31m[Kport_[m[K = declare_parameter<std::string>("serial_port", "/dev/ttyUSB0");
[6.212s]       |     [01;31m[K^~~~~[m[K
[6.226s] [01m[K/home/hs/ros2_study/src/nexus_base_ros-master/src/nexus_serial_bridge.cpp:41:5:[m[K [01;31m[Kerror: [m[Kâ€˜[01m[Kbaudrate_[m[Kâ€™ was not declared in this scope
[6.227s]    41 |     [01;31m[Kbaudrate_[m[K = declare_parameter<int>("serial_baud", kDefaultBaudrate);
[6.227s]       |     [01;31m[K^~~~~~~~~[m[K
[6.247s] [01m[K/home/hs/ros2_study/src/nexus_base_ros-master/src/nexus_serial_bridge.cpp:42:5:[m[K [01;31m[Kerror: [m[Kâ€˜[01m[Ktx_rate_hz_[m[Kâ€™ was not declared in this scope
[6.247s]    42 |     [01;31m[Ktx_rate_hz_[m[K = declare_parameter<double>("tx_rate_hz", kDefaultTxRateHz);
[6.247s]       |     [01;31m[K^~~~~~~~~~~[m[K
[6.271s] [01m[K/home/hs/ros2_study/src/nexus_base_ros-master/src/nexus_serial_bridge.cpp:43:5:[m[K [01;31m[Kerror: [m[Kâ€˜[01m[Kcmd_timeout_ms_[m[Kâ€™ was not declared in this scope
[6.271s]    43 |     [01;31m[Kcmd_timeout_ms_[m[K = declare_parameter<int>("cmd_timeout_ms", kDefaultCmdTimeoutMs);
[6.271s]       |     [01;31m[K^~~~~~~~~~~~~~~[m[K
[6.285s] [01m[K/home/hs/ros2_study/src/nexus_base_ros-master/src/nexus_serial_bridge.cpp:44:5:[m[K [01;31m[Kerror: [m[Kâ€˜[01m[Kframe_id_[m[Kâ€™ was not declared in this scope
[6.285s]    44 |     [01;31m[Kframe_id_[m[K = declare_parameter<std::string>("frame_id", "base_link");
[6.285s]       |     [01;31m[K^~~~~~~~~[m[K
[6.307s] [01m[K/home/hs/ros2_study/src/nexus_base_ros-master/src/nexus_serial_bridge.cpp:46:5:[m[K [01;31m[Kerror: [m[Kâ€˜[01m[Kwheel_vel_pub_[m[Kâ€™ was not declared in this scope
[6.307s]    46 |     [01;31m[Kwheel_vel_pub_[m[K = create_publisher<nexus_base_ros::msg::Encoders>("wheel_vel", rclcpp::SensorDataQoS());
[6.307s]       |     [01;31m[K^~~~~~~~~~~~~~[m[K
[6.338s] [01m[K/home/hs/ros2_study/src/nexus_base_ros-master/src/nexus_serial_bridge.cpp:47:5:[m[K [01;31m[Kerror: [m[Kâ€˜[01m[Kwheel_enc_pub_[m[Kâ€™ was not declared in this scope
[6.338s]    47 |     [01;31m[Kwheel_enc_pub_[m[K = create_publisher<std_msgs::msg::Int32MultiArray>("wheel_enc", rclcpp::SensorDataQoS());
[6.339s]       |     [01;31m[K^~~~~~~~~~~~~~[m[K
[6.357s] [01m[K/home/hs/ros2_study/src/nexus_base_ros-master/src/nexus_serial_bridge.cpp:49:5:[m[K [01;31m[Kerror: [m[Kâ€˜[01m[Kcmd_sub_[m[Kâ€™ was not declared in this scope
[6.357s]    49 |     [01;31m[Kcmd_sub_[m[K = create_subscription<geometry_msgs::msg::Twist>(
[6.357s]       |     [01;31m[K^~~~~~~~[m[K
[6.470s] [01m[K/home/hs/ros2_study/src/nexus_base_ros-master/src/nexus_serial_bridge.cpp:54:5:[m[K [01;31m[Kerror: [m[Kâ€˜[01m[Kemergency_srv_[m[Kâ€™ was not declared in this scope
[6.470s]    54 |     [01;31m[Kemergency_srv_[m[K = create_service<nexus_base_ros::srv::EmergencyStopEnable>(
[6.470s]       |     [01;31m[K^~~~~~~~~~~~~~[m[K
[6.521s] [01m[K/home/hs/ros2_study/src/nexus_base_ros-master/src/nexus_serial_bridge.cpp:58:5:[m[K [01;31m[Kerror: [m[Kâ€˜[01m[Karming_srv_[m[Kâ€™ was not declared in this scope
[6.521s]    58 |     [01;31m[Karming_srv_[m[K = create_service<nexus_base_ros::srv::ArmingEnable>(
[6.521s]       |     [01;31m[K^~~~~~~~~~~[m[K
[6.564s] [01m[K/home/hs/ros2_study/src/nexus_base_ros-master/src/nexus_serial_bridge.cpp:65:5:[m[K [01;31m[Kerror: [m[Kâ€˜[01m[Ksend_timer_[m[Kâ€™ was not declared in this scope; did you mean â€˜[01m[Ksetitimer[m[Kâ€™?
[6.564s]    65 |     [01;31m[Ksend_timer_[m[K = create_wall_timer(period, std::bind(&NexusSerialBridge::sendLatestCmd, this));
[6.564s]       |     [01;31m[K^~~~~~~~~~~[m[K
[6.564s]       |     [32m[Ksetitimer[m[K
[6.584s] [01m[K/home/hs/ros2_study/src/nexus_base_ros-master/src/nexus_serial_bridge.cpp:67:5:[m[K [01;31m[Kerror: [m[Kâ€˜[01m[Kread_thread_[m[Kâ€™ was not declared in this scope; did you mean â€˜[01m[Kreadahead[m[Kâ€™?
[6.584s]    67 |     [01;31m[Kread_thread_[m[K = std::thread(&NexusSerialBridge::readLoop, this);
[6.584s]       |     [01;31m[K^~~~~~~~~~~~[m[K
[6.584s]       |     [32m[Kreadahead[m[K
[7.077s] [01m[K/home/hs/ros2_study/src/nexus_base_ros-master/src/nexus_serial_bridge.cpp:[m[K In destructor â€˜[01m[Kvirtual NexusSerialBridge::~NexusSerialBridge()[m[Kâ€™:
[7.077s] [01m[K/home/hs/ros2_study/src/nexus_base_ros-master/src/nexus_serial_bridge.cpp:71:5:[m[K [01;31m[Kerror: [m[Kâ€˜[01m[Krunning_[m[Kâ€™ was not declared in this scope
[7.077s]    71 |     [01;31m[Krunning_[m[K.store(false);
[7.077s]       |     [01;31m[K^~~~~~~~[m[K
[7.094s] [01m[K/home/hs/ros2_study/src/nexus_base_ros-master/src/nexus_serial_bridge.cpp:73:9:[m[K [01;31m[Kerror: [m[Kâ€˜[01m[Kread_thread_[m[Kâ€™ was not declared in this scope; did you mean â€˜[01m[Kreadahead[m[Kâ€™?
[7.094s]    73 |     if ([01;31m[Kread_thread_[m[K.joinable()) {
[7.094s]       |         [01;31m[K^~~~~~~~~~~~[m[K
[7.095s]       |         [32m[Kreadahead[m[K
[7.106s] [01m[K/home/hs/ros2_study/src/nexus_base_ros-master/src/nexus_serial_bridge.cpp:[m[K In member function â€˜[01m[Kvoid NexusSerialBridge::openSerial()[m[Kâ€™:
[7.106s] [01m[K/home/hs/ros2_study/src/nexus_base_ros-master/src/nexus_serial_bridge.cpp:81:7:[m[K [01;31m[Kerror: [m[Kâ€˜[01m[Kserial_[m[Kâ€™ was not declared in this scope
[7.106s]    81 |       [01;31m[Kserial_[m[K.open(port_);
[7.106s]       |       [01;31m[K^~~~~~~[m[K
[7.117s] [01m[K/home/hs/ros2_study/src/nexus_base_ros-master/src/nexus_serial_bridge.cpp:81:20:[m[K [01;31m[Kerror: [m[Kâ€˜[01m[Kport_[m[Kâ€™ was not declared in this scope
[7.117s]    81 |       serial_.open([01;31m[Kport_[m[K);
[7.117s]       |                    [01;31m[K^~~~~[m[K
[7.133s] [01m[K/home/hs/ros2_study/src/nexus_base_ros-master/src/nexus_serial_bridge.cpp:82:67:[m[K [01;31m[Kerror: [m[Kâ€˜[01m[Kbaudrate_[m[Kâ€™ was not declared in this scope
[7.133s]    82 |       serial_.set_option(boost::asio::serial_port_base::baud_rate([01;31m[Kbaudrate_[m[K));
[7.133s]       |                                                                   [01;31m[K^~~~~~~~~[m[K
[7.144s] In file included from [01m[K/opt/ros/humble/include/rclcpp/rclcpp/logging.hpp:24[m[K,
[7.144s]                  from [01m[K/opt/ros/humble/include/rclcpp/rclcpp/client.hpp:40[m[K,
[7.144s]                  from [01m[K/opt/ros/humble/include/rclcpp/rclcpp/callback_group.hpp:24[m[K,
[7.144s]                  from [01m[K/opt/ros/humble/include/rclcpp/rclcpp/any_executable.hpp:20[m[K,
[7.144s]                  from [01m[K/opt/ros/humble/include/rclcpp/rclcpp/memory_strategy.hpp:25[m[K,
[7.144s]                  from [01m[K/opt/ros/humble/include/rclcpp/rclcpp/memory_strategies.hpp:18[m[K,
[7.144s]                  from [01m[K/opt/ros/humble/include/rclcpp/rclcpp/executor_options.hpp:20[m[K,
[7.145s]                  from [01m[K/opt/ros/humble/include/rclcpp/rclcpp/executor.hpp:37[m[K,
[7.145s]                  from [01m[K/opt/ros/humble/include/rclcpp/rclcpp/executors/multi_threaded_executor.hpp:25[m[K,
[7.145s]                  from [01m[K/opt/ros/humble/include/rclcpp/rclcpp/executors.hpp:21[m[K,
[7.145s]                  from [01m[K/opt/ros/humble/include/rclcpp/rclcpp/rclcpp.hpp:155[m[K,
[7.145s]                  from [01m[K/home/hs/ros2_study/src/nexus_base_ros-master/src/nexus_serial_bridge.cpp:18[m[K:
[7.145s] [01m[K/home/hs/ros2_study/src/nexus_base_ros-master/src/nexus_serial_bridge.cpp:89:71:[m[K [01;31m[Kerror: [m[Kâ€˜[01m[Kport_[m[Kâ€™ was not declared in this scope
[7.145s]    89 |       RCLCPP_ERROR(get_logger(), "Failed to open serial port %s: %s", [01;31m[Kport_[m[K.c_str(), ex.what());
[7.145s]       |                                                                       [01;31m[K^~~~~[m[K
[7.163s] [01m[K/home/hs/ros2_study/src/nexus_base_ros-master/src/nexus_serial_bridge.cpp:[m[K In member function â€˜[01m[Kvoid NexusSerialBridge::closeSerial()[m[Kâ€™:
[7.163s] [01m[K/home/hs/ros2_study/src/nexus_base_ros-master/src/nexus_serial_bridge.cpp:94:38:[m[K [01;31m[Kerror: [m[Kâ€˜[01m[Kserial_mutex_[m[Kâ€™ was not declared in this scope
[7.163s]    94 |     std::lock_guard<std::mutex> lock([01;31m[Kserial_mutex_[m[K);
[7.163s]       |                                      [01;31m[K^~~~~~~~~~~~~[m[K
[7.174s] [01m[K/home/hs/ros2_study/src/nexus_base_ros-master/src/nexus_serial_bridge.cpp:95:9:[m[K [01;31m[Kerror: [m[Kâ€˜[01m[Kserial_[m[Kâ€™ was not declared in this scope
[7.174s]    95 |     if ([01;31m[Kserial_[m[K.is_open()) {
[7.174s]       |         [01;31m[K^~~~~~~[m[K
[7.193s] [01m[K/home/hs/ros2_study/src/nexus_base_ros-master/src/nexus_serial_bridge.cpp:[m[K In member function â€˜[01m[Kvoid NexusSerialBridge::cmdVelCallback(geometry_msgs::msg::Twist_<std::allocator<void> >::SharedPtr)[m[Kâ€™:
[7.193s] [01m[K/home/hs/ros2_study/src/nexus_base_ros-master/src/nexus_serial_bridge.cpp:103:38:[m[K [01;31m[Kerror: [m[Kâ€˜[01m[Kcmd_mutex_[m[Kâ€™ was not declared in this scope
[7.193s]   103 |     std::lock_guard<std::mutex> lock([01;31m[Kcmd_mutex_[m[K);
[7.193s]       |                                      [01;31m[K^~~~~~~~~~[m[K
[7.213s] [01m[K/home/hs/ros2_study/src/nexus_base_ros-master/src/nexus_serial_bridge.cpp:104:5:[m[K [01;31m[Kerror: [m[Kâ€˜[01m[Kcmd_vx_mmps_[m[Kâ€™ was not declared in this scope
[7.213s]   104 |     [01;31m[Kcmd_vx_mmps_[m[K = msg->linear.x * 1000.0;
[7.213s]       |     [01;31m[K^~~~~~~~~~~~[m[K
[7.231s] [01m[K/home/hs/ros2_study/src/nexus_base_ros-master/src/nexus_serial_bridge.cpp:105:5:[m[K [01;31m[Kerror: [m[Kâ€˜[01m[Kcmd_vy_mmps_[m[Kâ€™ was not declared in this scope
[7.232s]   105 |     [01;31m[Kcmd_vy_mmps_[m[K = msg->linear.y * 1000.0;
[7.232s]       |     [01;31m[K^~~~~~~~~~~~[m[K
[7.254s] [01m[K/home/hs/ros2_study/src/nexus_base_ros-master/src/nexus_serial_bridge.cpp:106:5:[m[K [01;31m[Kerror: [m[Kâ€˜[01m[Kcmd_wz_mradps_[m[Kâ€™ was not declared in this scope
[7.254s]   106 |     [01;31m[Kcmd_wz_mradps_[m[K = msg->angular.z * 1000.0;
[7.254s]       |     [01;31m[K^~~~~~~~~~~~~~[m[K
[7.273s] [01m[K/home/hs/ros2_study/src/nexus_base_ros-master/src/nexus_serial_bridge.cpp:107:5:[m[K [01;31m[Kerror: [m[Kâ€˜[01m[Klast_cmd_time_[m[Kâ€™ was not declared in this scope
[7.274s]   107 |     [01;31m[Klast_cmd_time_[m[K = now();
[7.274s]       |     [01;31m[K^~~~~~~~~~~~~~[m[K
[7.286s] [01m[K/home/hs/ros2_study/src/nexus_base_ros-master/src/nexus_serial_bridge.cpp:108:5:[m[K [01;31m[Kerror: [m[Kâ€˜[01m[Khas_cmd_[m[Kâ€™ was not declared in this scope
[7.286s]   108 |     [01;31m[Khas_cmd_[m[K = true;
[7.286s]       |     [01;31m[K^~~~~~~~[m[K
[7.302s] [01m[K/home/hs/ros2_study/src/nexus_base_ros-master/src/nexus_serial_bridge.cpp:[m[K In member function â€˜[01m[Kvoid NexusSerialBridge::handleEmergencyStop(std::shared_ptr<nexus_base_ros::srv::EmergencyStopEnable_Request_<std::allocator<void> > >, std::shared_ptr<nexus_base_ros::srv::EmergencyStopEnable_Response_<std::allocator<void> > >)[m[Kâ€™:
[7.302s] [01m[K/home/hs/ros2_study/src/nexus_base_ros-master/src/nexus_serial_bridge.cpp:115:7:[m[K [01;31m[Kerror: [m[Kâ€˜[01m[Karmed_[m[Kâ€™ was not declared in this scope
[7.302s]   115 |       [01;31m[Karmed_[m[K.store(false);
[7.302s]       |       [01;31m[K^~~~~~[m[K
[7.318s] [01m[K/home/hs/ros2_study/src/nexus_base_ros-master/src/nexus_serial_bridge.cpp:[m[K In member function â€˜[01m[Kvoid NexusSerialBridge::handleArming(std::shared_ptr<nexus_base_ros::srv::ArmingEnable_Request_<std::allocator<void> > >, std::shared_ptr<nexus_base_ros::srv::ArmingEnable_Response_<std::allocator<void> > >)[m[Kâ€™:
[7.318s] [01m[K/home/hs/ros2_study/src/nexus_base_ros-master/src/nexus_serial_bridge.cpp:125:7:[m[K [01;31m[Kerror: [m[Kâ€˜[01m[Karmed_[m[Kâ€™ was not declared in this scope
[7.318s]   125 |       [01;31m[Karmed_[m[K.store(true);
[7.318s]       |       [01;31m[K^~~~~~[m[K
[7.328s] [01m[K/home/hs/ros2_study/src/nexus_base_ros-master/src/nexus_serial_bridge.cpp:[m[K In member function â€˜[01m[Kvoid NexusSerialBridge::sendLatestCmd()[m[Kâ€™:
[7.328s] [01m[K/home/hs/ros2_study/src/nexus_base_ros-master/src/nexus_serial_bridge.cpp:131:10:[m[K [01;31m[Kerror: [m[Kâ€˜[01m[Kserial_[m[Kâ€™ was not declared in this scope
[7.329s]   131 |     if (![01;31m[Kserial_[m[K.is_open()) {
[7.329s]       |          [01;31m[K^~~~~~~[m[K
[7.344s] [01m[K/home/hs/ros2_study/src/nexus_base_ros-master/src/nexus_serial_bridge.cpp:141:40:[m[K [01;31m[Kerror: [m[Kâ€˜[01m[Kcmd_mutex_[m[Kâ€™ was not declared in this scope
[7.344s]   141 |       std::lock_guard<std::mutex> lock([01;31m[Kcmd_mutex_[m[K);
[7.344s]       |                                        [01;31m[K^~~~~~~~~~[m[K
[7.358s] [01m[K/home/hs/ros2_study/src/nexus_base_ros-master/src/nexus_serial_bridge.cpp:142:12:[m[K [01;31m[Kerror: [m[Kâ€˜[01m[Khas_cmd_[m[Kâ€™ was not declared in this scope
[7.358s]   142 |       if (![01;31m[Khas_cmd_[m[K) {
[7.358s]       |            [01;31m[K^~~~~~~~[m[K
[7.378s] [01m[K/home/hs/ros2_study/src/nexus_base_ros-master/src/nexus_serial_bridge.cpp:145:32:[m[K [01;31m[Kerror: [m[Kâ€˜[01m[Klast_cmd_time_[m[Kâ€™ was not declared in this scope
[7.378s]   145 |         auto age_ms = (now() - [01;31m[Klast_cmd_time_[m[K).nanoseconds() / 1000000;
[7.378s]       |                                [01;31m[K^~~~~~~~~~~~~~[m[K
[7.398s] [01m[K/home/hs/ros2_study/src/nexus_base_ros-master/src/nexus_serial_bridge.cpp:146:22:[m[K [01;31m[Kerror: [m[Kâ€˜[01m[Kcmd_timeout_ms_[m[Kâ€™ was not declared in this scope
[7.398s]   146 |         if (age_ms > [01;31m[Kcmd_timeout_ms_[m[K) {
[7.398s]       |                      [01;31m[K^~~~~~~~~~~~~~~[m[K
[7.417s] [01m[K/home/hs/ros2_study/src/nexus_base_ros-master/src/nexus_serial_bridge.cpp:149:16:[m[K [01;31m[Kerror: [m[Kâ€˜[01m[Kcmd_vx_mmps_[m[Kâ€™ was not declared in this scope
[7.417s]   149 |           vx = [01;31m[Kcmd_vx_mmps_[m[K;
[7.417s]       |                [01;31m[K^~~~~~~~~~~~[m[K
[7.437s] [01m[K/home/hs/ros2_study/src/nexus_base_ros-master/src/nexus_serial_bridge.cpp:150:16:[m[K [01;31m[Kerror: [m[Kâ€˜[01m[Kcmd_vy_mmps_[m[Kâ€™ was not declared in this scope
[7.437s]   150 |           vy = [01;31m[Kcmd_vy_mmps_[m[K;
[7.437s]       |                [01;31m[K^~~~~~~~~~~~[m[K
[7.459s] [01m[K/home/hs/ros2_study/src/nexus_base_ros-master/src/nexus_serial_bridge.cpp:151:16:[m[K [01;31m[Kerror: [m[Kâ€˜[01m[Kcmd_wz_mradps_[m[Kâ€™ was not declared in this scope
[7.459s]   151 |           wz = [01;31m[Kcmd_wz_mradps_[m[K;
[7.459s]       |                [01;31m[K^~~~~~~~~~~~~~[m[K
[7.469s] [01m[K/home/hs/ros2_study/src/nexus_base_ros-master/src/nexus_serial_bridge.cpp:156:10:[m[K [01;31m[Kerror: [m[Kâ€˜[01m[Karmed_[m[Kâ€™ was not declared in this scope
[7.469s]   156 |     if (![01;31m[Karmed_[m[K.load()) {
[7.469s]       |          [01;31m[K^~~~~~[m[K
[7.486s] [01m[K/home/hs/ros2_study/src/nexus_base_ros-master/src/nexus_serial_bridge.cpp:[m[K In member function â€˜[01m[Kvoid NexusSerialBridge::writeLine(const string&)[m[Kâ€™:
[7.486s] [01m[K/home/hs/ros2_study/src/nexus_base_ros-master/src/nexus_serial_bridge.cpp:171:38:[m[K [01;31m[Kerror: [m[Kâ€˜[01m[Kserial_mutex_[m[Kâ€™ was not declared in this scope
[7.487s]   171 |     std::lock_guard<std::mutex> lock([01;31m[Kserial_mutex_[m[K);
[7.487s]       |                                      [01;31m[K^~~~~~~~~~~~~[m[K
[7.496s] [01m[K/home/hs/ros2_study/src/nexus_base_ros-master/src/nexus_serial_bridge.cpp:172:10:[m[K [01;31m[Kerror: [m[Kâ€˜[01m[Kserial_[m[Kâ€™ was not declared in this scope
[7.496s]   172 |     if (![01;31m[Kserial_[m[K.is_open()) {
[7.496s]       |          [01;31m[K^~~~~~~[m[K
[7.506s] [01m[K/home/hs/ros2_study/src/nexus_base_ros-master/src/nexus_serial_bridge.cpp:176:24:[m[K [01;31m[Kerror: [m[Kâ€˜[01m[Kserial_[m[Kâ€™ was not declared in this scope
[7.506s]   176 |     boost::asio::write([01;31m[Kserial_[m[K, boost::asio::buffer(line), ec);
[7.506s]       |                        [01;31m[K^~~~~~~[m[K
[7.520s] [01m[K/home/hs/ros2_study/src/nexus_base_ros-master/src/nexus_serial_bridge.cpp:[m[K In member function â€˜[01m[Kvoid NexusSerialBridge::publishWheelVel(int, int, int, int)[m[Kâ€™:
[7.520s] [01m[K/home/hs/ros2_study/src/nexus_base_ros-master/src/nexus_serial_bridge.cpp:195:27:[m[K [01;31m[Kerror: [m[Kâ€˜[01m[Kframe_id_[m[Kâ€™ was not declared in this scope
[7.520s]   195 |     msg.header.frame_id = [01;31m[Kframe_id_[m[K;
[7.520s]       |                           [01;31m[K^~~~~~~~~[m[K
[7.541s] [01m[K/home/hs/ros2_study/src/nexus_base_ros-master/src/nexus_serial_bridge.cpp:200:5:[m[K [01;31m[Kerror: [m[Kâ€˜[01m[Kwheel_vel_pub_[m[Kâ€™ was not declared in this scope
[7.541s]   200 |     [01;31m[Kwheel_vel_pub_[m[K->publish(msg);
[7.541s]       |     [01;31m[K^~~~~~~~~~~~~~[m[K
[7.562s] [01m[K/home/hs/ros2_study/src/nexus_base_ros-master/src/nexus_serial_bridge.cpp:[m[K In member function â€˜[01m[Kvoid NexusSerialBridge::publishWheelEnc(long int, long int, long int, long int)[m[Kâ€™:
[7.563s] [01m[K/home/hs/ros2_study/src/nexus_base_ros-master/src/nexus_serial_bridge.cpp:210:5:[m[K [01;31m[Kerror: [m[Kâ€˜[01m[Kwheel_enc_pub_[m[Kâ€™ was not declared in this scope
[7.563s]   210 |     [01;31m[Kwheel_enc_pub_[m[K->publish(msg);
[7.563s]       |     [01;31m[K^~~~~~~~~~~~~~[m[K
[7.573s] [01m[K/home/hs/ros2_study/src/nexus_base_ros-master/src/nexus_serial_bridge.cpp:[m[K In member function â€˜[01m[Kvoid NexusSerialBridge::readLoop()[m[Kâ€™:
[7.574s] [01m[K/home/hs/ros2_study/src/nexus_base_ros-master/src/nexus_serial_bridge.cpp:215:12:[m[K [01;31m[Kerror: [m[Kâ€˜[01m[Krunning_[m[Kâ€™ was not declared in this scope
[7.574s]   215 |     while ([01;31m[Krunning_[m[K.load()) {
[7.574s]       |            [01;31m[K^~~~~~~~[m[K
[7.583s] [01m[K/home/hs/ros2_study/src/nexus_base_ros-master/src/nexus_serial_bridge.cpp:216:12:[m[K [01;31m[Kerror: [m[Kâ€˜[01m[Kserial_[m[Kâ€™ was not declared in this scope
[7.583s]   216 |       if (![01;31m[Kserial_[m[K.is_open()) {
[7.583s]       |            [01;31m[K^~~~~~~[m[K
[7.593s] [01m[K/home/hs/ros2_study/src/nexus_base_ros-master/src/nexus_serial_bridge.cpp:222:47:[m[K [01;31m[Kerror: [m[Kâ€˜[01m[Kserial_[m[Kâ€™ was not declared in this scope
[7.593s]   222 |       std::size_t n = boost::asio::read_until([01;31m[Kserial_[m[K, buffer, '\n', ec);
[7.593s]       |                                               [01;31m[K^~~~~~~[m[K
[7.596s] [01m[K/home/hs/ros2_study/src/nexus_base_ros-master/src/nexus_serial_bridge.cpp:[m[K At global scope:
[7.596s] [01m[K/home/hs/ros2_study/src/nexus_base_ros-master/src/nexus_serial_bridge.cpp:252:27:[m[K [01;31m[Kerror: [m[Kexpected initializer before â€˜[01m[Kio_[m[Kâ€™
[7.596s]   252 |   boost::asio::io_context [01;31m[Kio_[m[K;
[7.596s]       |                           [01;31m[K^~~[m[K
[7.597s] [01m[K/home/hs/ros2_study/src/nexus_base_ros-master/src/nexus_serial_bridge.cpp:253:28:[m[K [01;31m[Kerror: [m[Kno matching function for call to â€˜[01m[Kboost::asio::basic_serial_port<>::basic_serial_port()[m[Kâ€™
[7.597s]   253 |   boost::asio::serial_port [01;31m[Kserial_[m[K;
[7.597s]       |                            [01;31m[K^~~~~~~[m[K
[7.597s] In file included from [01m[K/usr/include/boost/asio.hpp:29[m[K,
[7.597s]                  from [01m[K/home/hs/ros2_study/src/nexus_base_ros-master/src/nexus_serial_bridge.cpp:14[m[K:
[7.598s] [01m[K/usr/include/boost/asio/basic_serial_port.hpp:245:3:[m[K [01;36m[Knote: [m[Kcandidate: â€˜[01m[Ktemplate<class ExecutionContext> boost::asio::basic_serial_port<Executor>::basic_serial_port(ExecutionContext&, const native_handle_type&, typename std::enable_if<std::is_convertible<ExecutionContext&, boost::asio::execution_context&>::value>::type*) [with ExecutionContext = ExecutionContext; Executor = boost::asio::execution::any_executor<boost::asio::execution::context_as_t<boost::asio::execution_context&>, boost::asio::execution::detail::blocking::never_t<0>, boost::asio::execution::prefer_only<boost::asio::execution::detail::blocking::possibly_t<0> >, boost::asio::execution::prefer_only<boost::asio::execution::detail::outstanding_work::tracked_t<0> >, boost::asio::execution::prefer_only<boost::asio::execution::detail::outstanding_work::untracked_t<0> >, boost::asio::execution::prefer_only<boost::asio::execution::detail::relationship::fork_t<0> >, boost::asio::execution::prefer_only<boost::asio::execution::detail::relationship::continuation_t<0> > >][m[Kâ€™
[7.598s]   245 |   [01;36m[Kbasic_serial_port[m[K(ExecutionContext& context,
[7.598s]       |   [01;36m[K^~~~~~~~~~~~~~~~~[m[K
[7.598s] [01m[K/usr/include/boost/asio/basic_serial_port.hpp:245:3:[m[K [01;36m[Knote: [m[K  template argument deduction/substitution failed:
[7.598s] [01m[K/home/hs/ros2_study/src/nexus_base_ros-master/src/nexus_serial_bridge.cpp:253:28:[m[K [01;36m[Knote: [m[K  candidate expects 3 arguments, 0 provided
[7.598s]   253 |   boost::asio::serial_port [01;36m[Kserial_[m[K;
[7.598s]       |                            [01;36m[K^~~~~~~[m[K
[7.598s] In file included from [01m[K/usr/include/boost/asio.hpp:29[m[K,
[7.598s]                  from [01m[K/home/hs/ros2_study/src/nexus_base_ros-master/src/nexus_serial_bridge.cpp:14[m[K:
[7.598s] [01m[K/usr/include/boost/asio/basic_serial_port.hpp:197:3:[m[K [01;36m[Knote: [m[Kcandidate: â€˜[01m[Ktemplate<class ExecutionContext> boost::asio::basic_serial_port<Executor>::basic_serial_port(ExecutionContext&, const string&, typename std::enable_if<std::is_convertible<ExecutionContext&, boost::asio::execution_context&>::value>::type*) [with ExecutionContext = ExecutionContext; Executor = boost::asio::execution::any_executor<boost::asio::execution::context_as_t<boost::asio::execution_context&>, boost::asio::execution::detail::blocking::never_t<0>, boost::asio::execution::prefer_only<boost::asio::execution::detail::blocking::possibly_t<0> >, boost::asio::execution::prefer_only<boost::asio::execution::detail::outstanding_work::tracked_t<0> >, boost::asio::execution::prefer_only<boost::asio::execution::detail::outstanding_work::untracked_t<0> >, boost::asio::execution::prefer_only<boost::asio::execution::detail::relationship::fork_t<0> >, boost::asio::execution::prefer_only<boost::asio::execution::detail::relationship::continuation_t<0> > >][m[Kâ€™
[7.598s]   197 |   [01;36m[Kbasic_serial_port[m[K(ExecutionContext& context, const std::string& device,
[7.598s]       |   [01;36m[K^~~~~~~~~~~~~~~~~[m[K
[7.599s] [01m[K/usr/include/boost/asio/basic_serial_port.hpp:197:3:[m[K [01;36m[Knote: [m[K  template argument deduction/substitution failed:
[7.599s] [01m[K/home/hs/ros2_study/src/nexus_base_ros-master/src/nexus_serial_bridge.cpp:253:28:[m[K [01;36m[Knote: [m[K  candidate expects 3 arguments, 0 provided
[7.599s]   253 |   boost::asio::serial_port [01;36m[Kserial_[m[K;
[7.599s]       |                            [01;36m[K^~~~~~~[m[K
[7.599s] In file included from [01m[K/usr/include/boost/asio.hpp:29[m[K,
[7.599s]                  from [01m[K/home/hs/ros2_study/src/nexus_base_ros-master/src/nexus_serial_bridge.cpp:14[m[K:
[7.599s] [01m[K/usr/include/boost/asio/basic_serial_port.hpp:153:3:[m[K [01;36m[Knote: [m[Kcandidate: â€˜[01m[Ktemplate<class ExecutionContext> boost::asio::basic_serial_port<Executor>::basic_serial_port(ExecutionContext&, const char*, typename std::enable_if<std::is_convertible<ExecutionContext&, boost::asio::execution_context&>::value>::type*) [with ExecutionContext = ExecutionContext; Executor = boost::asio::execution::any_executor<boost::asio::execution::context_as_t<boost::asio::execution_context&>, boost::asio::execution::detail::blocking::never_t<0>, boost::asio::execution::prefer_only<boost::asio::execution::detail::blocking::possibly_t<0> >, boost::asio::execution::prefer_only<boost::asio::execution::detail::outstanding_work::tracked_t<0> >, boost::asio::execution::prefer_only<boost::asio::execution::detail::outstanding_work::untracked_t<0> >, boost::asio::execution::prefer_only<boost::asio::execution::detail::relationship::fork_t<0> >, boost::asio::execution::prefer_only<boost::asio::execution::detail::relationship::continuation_t<0> > >][m[Kâ€™
[7.599s]   153 |   [01;36m[Kbasic_serial_port[m[K(ExecutionContext& context, const char* device,
[7.599s]       |   [01;36m[K^~~~~~~~~~~~~~~~~[m[K
[7.599s] [01m[K/usr/include/boost/asio/basic_serial_port.hpp:153:3:[m[K [01;36m[Knote: [m[K  template argument deduction/substitution failed:
[7.599s] [01m[K/home/hs/ros2_study/src/nexus_base_ros-master/src/nexus_serial_bridge.cpp:253:28:[m[K [01;36m[Knote: [m[K  candidate expects 3 arguments, 0 provided
[7.599s]   253 |   boost::asio::serial_port [01;36m[Kserial_[m[K;
[7.599s]       |                            [01;36m[K^~~~~~~[m[K
[7.600s] In file included from [01m[K/usr/include/boost/asio.hpp:29[m[K,
[7.600s]                  from [01m[K/home/hs/ros2_study/src/nexus_base_ros-master/src/nexus_serial_bridge.cpp:14[m[K:
[7.600s] [01m[K/usr/include/boost/asio/basic_serial_port.hpp:111:12:[m[K [01;36m[Knote: [m[Kcandidate: â€˜[01m[Ktemplate<class ExecutionContext> boost::asio::basic_serial_port<Executor>::basic_serial_port(ExecutionContext&, typename std::enable_if<std::is_convertible<ExecutionContext&, boost::asio::execution_context&>::value, boost::asio::basic_serial_port<Executor> >::type*) [with ExecutionContext = ExecutionContext; Executor = boost::asio::execution::any_executor<boost::asio::execution::context_as_t<boost::asio::execution_context&>, boost::asio::execution::detail::blocking::never_t<0>, boost::asio::execution::prefer_only<boost::asio::execution::detail::blocking::possibly_t<0> >, boost::asio::execution::prefer_only<boost::asio::execution::detail::outstanding_work::tracked_t<0> >, boost::asio::execution::prefer_only<boost::asio::execution::detail::outstanding_work::untracked_t<0> >, boost::asio::execution::prefer_only<boost::asio::execution::detail::relationship::fork_t<0> >, boost::asio::execution::prefer_only<boost::asio::execution::detail::relationship::continuation_t<0> > >][m[Kâ€™
[7.600s]   111 |   explicit [01;36m[Kbasic_serial_port[m[K(ExecutionContext& context,
[7.600s]       |            [01;36m[K^~~~~~~~~~~~~~~~~[m[K
[7.600s] [01m[K/usr/include/boost/asio/basic_serial_port.hpp:111:12:[m[K [01;36m[Knote: [m[K  template argument deduction/substitution failed:
[7.600s] [01m[K/home/hs/ros2_study/src/nexus_base_ros-master/src/nexus_serial_bridge.cpp:253:28:[m[K [01;36m[Knote: [m[K  candidate expects 2 arguments, 0 provided
[7.600s]   253 |   boost::asio::serial_port [01;36m[Kserial_[m[K;
[7.600s]       |                            [01;36m[K^~~~~~~[m[K
[7.600s] In file included from [01m[K/usr/include/boost/asio.hpp:29[m[K,
[7.600s]                  from [01m[K/home/hs/ros2_study/src/nexus_base_ros-master/src/nexus_serial_bridge.cpp:14[m[K:
[7.600s] [01m[K/usr/include/boost/asio/basic_serial_port.hpp:270:3:[m[K [01;36m[Knote: [m[Kcandidate: â€˜[01m[Kboost::asio::basic_serial_port<Executor>::basic_serial_port(boost::asio::basic_serial_port<Executor>&&) [with Executor = boost::asio::execution::any_executor<boost::asio::execution::context_as_t<boost::asio::execution_context&>, boost::asio::execution::detail::blocking::never_t<0>, boost::asio::execution::prefer_only<boost::asio::execution::detail::blocking::possibly_t<0> >, boost::asio::execution::prefer_only<boost::asio::execution::detail::outstanding_work::tracked_t<0> >, boost::asio::execution::prefer_only<boost::asio::execution::detail::outstanding_work::untracked_t<0> >, boost::asio::execution::prefer_only<boost::asio::execution::detail::relationship::fork_t<0> >, boost::asio::execution::prefer_only<boost::asio::execution::detail::relationship::continuation_t<0> > >][m[Kâ€™
[7.601s]   270 |   [01;36m[Kbasic_serial_port[m[K(basic_serial_port&& other)
[7.601s]       |   [01;36m[K^~~~~~~~~~~~~~~~~[m[K
[7.601s] [01m[K/usr/include/boost/asio/basic_serial_port.hpp:270:3:[m[K [01;36m[Knote: [m[K  candidate expects 1 argument, 0 provided
[7.601s] [01m[K/usr/include/boost/asio/basic_serial_port.hpp:221:3:[m[K [01;36m[Knote: [m[Kcandidate: â€˜[01m[Kboost::asio::basic_serial_port<Executor>::basic_serial_port(const executor_type&, const native_handle_type&) [with Executor = boost::asio::execution::any_executor<boost::asio::execution::context_as_t<boost::asio::execution_context&>, boost::asio::execution::detail::blocking::never_t<0>, boost::asio::execution::prefer_only<boost::asio::execution::detail::blocking::possibly_t<0> >, boost::asio::execution::prefer_only<boost::asio::execution::detail::outstanding_work::tracked_t<0> >, boost::asio::execution::prefer_only<boost::asio::execution::detail::outstanding_work::untracked_t<0> >, boost::asio::execution::prefer_only<boost::asio::execution::detail::relationship::fork_t<0> >, boost::asio::execution::prefer_only<boost::asio::execution::detail::relationship::continuation_t<0> > >; boost::asio::basic_serial_port<Executor>::executor_type = boost::asio::execution::any_executor<boost::asio::execution::context_as_t<boost::asio::execution_context&>, boost::asio::execution::detail::blocking::never_t<0>, boost::asio::execution::prefer_only<boost::asio::execution::detail::blocking::possibly_t<0> >, boost::asio::execution::prefer_only<boost::asio::execution::detail::outstanding_work::tracked_t<0> >, boost::asio::execution::prefer_only<boost::asio::execution::detail::outstanding_work::untracked_t<0> >, boost::asio::execution::prefer_only<boost::asio::execution::detail::relationship::fork_t<0> >, boost::asio::execution::prefer_only<boost::asio::execution::detail::relationship::continuation_t<0> > >; boost::asio::basic_serial_port<Executor>::native_handle_type = int][m[Kâ€™
[7.601s]   221 |   [01;36m[Kbasic_serial_port[m[K(const executor_type& ex,
[7.601s]       |   [01;36m[K^~~~~~~~~~~~~~~~~[m[K
[7.601s] [01m[K/usr/include/boost/asio/basic_serial_port.hpp:221:3:[m[K [01;36m[Knote: [m[K  candidate expects 2 arguments, 0 provided
[7.601s] [01m[K/usr/include/boost/asio/basic_serial_port.hpp:176:3:[m[K [01;36m[Knote: [m[Kcandidate: â€˜[01m[Kboost::asio::basic_serial_port<Executor>::basic_serial_port(const executor_type&, const string&) [with Executor = boost::asio::execution::any_executor<boost::asio::execution::context_as_t<boost::asio::execution_context&>, boost::asio::execution::detail::blocking::never_t<0>, boost::asio::execution::prefer_only<boost::asio::execution::detail::blocking::possibly_t<0> >, boost::asio::execution::prefer_only<boost::asio::execution::detail::outstanding_work::tracked_t<0> >, boost::asio::execution::prefer_only<boost::asio::execution::detail::outstanding_work::untracked_t<0> >, boost::asio::execution::prefer_only<boost::asio::execution::detail::relationship::fork_t<0> >, boost::asio::execution::prefer_only<boost::asio::execution::detail::relationship::continuation_t<0> > >; boost::asio::basic_serial_port<Executor>::executor_type = boost::asio::execution::any_executor<boost::asio::execution::context_as_t<boost::asio::execution_context&>, boost::asio::execution::detail::blocking::never_t<0>, boost::asio::execution::prefer_only<boost::asio::execution::detail::blocking::possibly_t<0> >, boost::asio::execution::prefer_only<boost::asio::execution::detail::outstanding_work::tracked_t<0> >, boost::asio::execution::prefer_only<boost::asio::execution::detail::outstanding_work::untracked_t<0> >, boost::asio::execution::prefer_only<boost::asio::execution::detail::relationship::fork_t<0> >, boost::asio::execution::prefer_only<boost::asio::execution::detail::relationship::continuation_t<0> > >; std::string = std::__cxx11::basic_string<char>][m[Kâ€™
[7.601s]   176 |   [01;36m[Kbasic_serial_port[m[K(const executor_type& ex, const std::string& device)
[7.601s]       |   [01;36m[K^~~~~~~~~~~~~~~~~[m[K
[7.601s] [01m[K/usr/include/boost/asio/basic_serial_port.hpp:176:3:[m[K [01;36m[Knote: [m[K  candidate expects 2 arguments, 0 provided
[7.601s] [01m[K/usr/include/boost/asio/basic_serial_port.hpp:132:3:[m[K [01;36m[Knote: [m[Kcandidate: â€˜[01m[Kboost::asio::basic_serial_port<Executor>::basic_serial_port(const executor_type&, const char*) [with Executor = boost::asio::execution::any_executor<boost::asio::execution::context_as_t<boost::asio::execution_context&>, boost::asio::execution::detail::blocking::never_t<0>, boost::asio::execution::prefer_only<boost::asio::execution::detail::blocking::possibly_t<0> >, boost::asio::execution::prefer_only<boost::asio::execution::detail::outstanding_work::tracked_t<0> >, boost::asio::execution::prefer_only<boost::asio::execution::detail::outstanding_work::untracked_t<0> >, boost::asio::execution::prefer_only<boost::asio::execution::detail::relationship::fork_t<0> >, boost::asio::execution::prefer_only<boost::asio::execution::detail::relationship::continuation_t<0> > >; boost::asio::basic_serial_port<Executor>::executor_type = boost::asio::execution::any_executor<boost::asio::execution::context_as_t<boost::asio::execution_context&>, boost::asio::execution::detail::blocking::never_t<0>, boost::asio::execution::prefer_only<boost::asio::execution::detail::blocking::possibly_t<0> >, boost::asio::execution::prefer_only<boost::asio::execution::detail::outstanding_work::tracked_t<0> >, boost::asio::execution::prefer_only<boost::asio::execution::detail::outstanding_work::untracked_t<0> >, boost::asio::execution::prefer_only<boost::asio::execution::detail::relationship::fork_t<0> >, boost::asio::execution::prefer_only<boost::asio::execution::detail::relationship::continuation_t<0> > >][m[Kâ€™
[7.602s]   132 |   [01;36m[Kbasic_serial_port[m[K(const executor_type& ex, const char* device)
[7.602s]       |   [01;36m[K^~~~~~~~~~~~~~~~~[m[K
[7.602s] [01m[K/usr/include/boost/asio/basic_serial_port.hpp:132:3:[m[K [01;36m[Knote: [m[K  candidate expects 2 arguments, 0 provided
[7.602s] [01m[K/usr/include/boost/asio/basic_serial_port.hpp:97:12:[m[K [01;36m[Knote: [m[Kcandidate: â€˜[01m[Kboost::asio::basic_serial_port<Executor>::basic_serial_port(const executor_type&) [with Executor = boost::asio::execution::any_executor<boost::asio::execution::context_as_t<boost::asio::execution_context&>, boost::asio::execution::detail::blocking::never_t<0>, boost::asio::execution::prefer_only<boost::asio::execution::detail::blocking::possibly_t<0> >, boost::asio::execution::prefer_only<boost::asio::execution::detail::outstanding_work::tracked_t<0> >, boost::asio::execution::prefer_only<boost::asio::execution::detail::outstanding_work::untracked_t<0> >, boost::asio::execution::prefer_only<boost::asio::execution::detail::relationship::fork_t<0> >, boost::asio::execution::prefer_only<boost::asio::execution::detail::relationship::continuation_t<0> > >; boost::asio::basic_serial_port<Executor>::executor_type = boost::asio::execution::any_executor<boost::asio::execution::context_as_t<boost::asio::execution_context&>, boost::asio::execution::detail::blocking::never_t<0>, boost::asio::execution::prefer_only<boost::asio::execution::detail::blocking::possibly_t<0> >, boost::asio::execution::prefer_only<boost::asio::execution::detail::outstanding_work::tracked_t<0> >, boost::asio::execution::prefer_only<boost::asio::execution::detail::outstanding_work::untracked_t<0> >, boost::asio::execution::prefer_only<boost::asio::execution::detail::relationship::fork_t<0> >, boost::asio::execution::prefer_only<boost::asio::execution::detail::relationship::continuation_t<0> > >][m[Kâ€™
[7.602s]    97 |   explicit [01;36m[Kbasic_serial_port[m[K(const executor_type& ex)
[7.602s]       |            [01;36m[K^~~~~~~~~~~~~~~~~[m[K
[7.602s] [01m[K/usr/include/boost/asio/basic_serial_port.hpp:97:12:[m[K [01;36m[Knote: [m[K  candidate expects 1 argument, 0 provided
[7.603s] [01m[K/home/hs/ros2_study/src/nexus_base_ros-master/src/nexus_serial_bridge.cpp:278:1:[m[K [01;31m[Kerror: [m[Kexpected declaration before â€˜[01m[K}[m[Kâ€™ token
[7.603s]   278 | [01;31m[K}[m[K;
[7.603s]       | [01;31m[K^[m[K
[11.181s] gmake[2]: *** [CMakeFiles/nexus_serial_bridge.dir/build.make:76: CMakeFiles/nexus_serial_bridge.dir/src/nexus_serial_bridge.cpp.o] ì˜¤ë¥˜ 1
[11.181s] gmake[1]: *** [CMakeFiles/Makefile2:598: CMakeFiles/nexus_serial_bridge.dir/all] ì˜¤ë¥˜ 2
[11.181s] gmake: *** [Makefile:146: all] ì˜¤ë¥˜ 2
[11.184s] Invoked command in '/home/hs/ros2_study/build/nexus_base_ros' returned '2': CMAKE_PREFIX_PATH=${CMAKE_PREFIX_PATH}:/home/hs/ros2_study/install/bno055:/opt/ros/humble /usr/local/bin/cmake --build /home/hs/ros2_study/build/nexus_base_ros -- -j8 -l8
