[0.000000] (-) TimerEvent: {}
[0.000595] (bno055) JobQueued: {'identifier': 'bno055', 'dependencies': OrderedDict()}
[0.000715] (nexus_base_ros) JobQueued: {'identifier': 'nexus_base_ros', 'dependencies': OrderedDict()}
[0.000758] (sllidar_ros2) JobQueued: {'identifier': 'sllidar_ros2', 'dependencies': OrderedDict()}
[0.000788] (bno055) JobStarted: {'identifier': 'bno055'}
[0.015322] (nexus_base_ros) JobStarted: {'identifier': 'nexus_base_ros'}
[0.021123] (sllidar_ros2) JobStarted: {'identifier': 'sllidar_ros2'}
[0.099288] (-) TimerEvent: {}
[0.199832] (-) TimerEvent: {}
[0.300198] (-) TimerEvent: {}
[0.400532] (-) TimerEvent: {}
[0.500949] (-) TimerEvent: {}
[0.601743] (-) TimerEvent: {}
[0.628625] (nexus_base_ros) JobProgress: {'identifier': 'nexus_base_ros', 'progress': 'cmake'}
[0.631851] (nexus_base_ros) JobProgress: {'identifier': 'nexus_base_ros', 'progress': 'build'}
[0.631990] (nexus_base_ros) Command: {'cmd': ['/usr/local/bin/cmake', '--build', '/home/hs/ros2_study/build/nexus_base_ros', '--', '-j8', '-l8'], 'cwd': '/home/hs/ros2_study/build/nexus_base_ros', 'env': OrderedDict([('PYTHON_BASIC_REPL', '1'), ('LESSOPEN', '| /usr/bin/lesspipe %s'), ('LANGUAGE', 'ko:en_US:en'), ('USER', 'hs'), ('LC_TIME', 'ko_KR.UTF-8'), ('XDG_SESSION_TYPE', 'wayland'), ('GIT_ASKPASS', '/usr/share/code/resources/app/extensions/git/dist/askpass.sh'), ('STM32CubeMX_PATH', '/home/hs/STM32CubeMX'), ('SHLVL', '2'), ('LD_LIBRARY_PATH', '/home/hs/ros2_study/install/nexus_base_ros/lib:/usr/lib/x86_64-linux-gnu/gazebo-11/plugins:/opt/ros/humble/opt/rviz_ogre_vendor/lib:/opt/ros/humble/lib/x86_64-linux-gnu:/opt/ros/humble/lib'), ('HOME', '/home/hs'), ('CHROME_DESKTOP', 'code.desktop'), ('TERM_PROGRAM_VERSION', '1.108.1'), ('DESKTOP_SESSION', 'ubuntu'), ('ROS_PYTHON_VERSION', '3'), ('GNOME_SHELL_SESSION_MODE', 'ubuntu'), ('GTK_MODULES', 'gail:atk-bridge'), ('VSCODE_GIT_ASKPASS_MAIN', '/usr/share/code/resources/app/extensions/git/dist/askpass-main.js'), ('LC_MONETARY', 'ko_KR.UTF-8'), ('VSCODE_GIT_ASKPASS_NODE', '/usr/share/code/code'), ('PYDEVD_DISABLE_FILE_VALIDATION', '1'), ('DBUS_STARTER_BUS_TYPE', 'session'), ('SYSTEMD_EXEC_PID', '2975'), ('BUNDLED_DEBUGPY_PATH', '/home/hs/.vscode/extensions/ms-python.debugpy-2025.10.0-linux-x64/bundled/libs/debugpy'), ('VSCODE_PYTHON_AUTOACTIVATE_GUARD', '1'), ('DBUS_SESSION_BUS_ADDRESS', 'unix:path=/run/user/1000/bus,guid=f963dfa289b34d744642bec3696fbd95'), ('COLORTERM', 'truecolor'), ('IM_CONFIG_PHASE', '1'), ('WAYLAND_DISPLAY', 'wayland-0'), ('COLCON_PREFIX_PATH', '/home/hs/ros2_study/install'), ('ROS_DISTRO', 'humble'), ('LOGNAME', 'hs'), ('_', '/usr/bin/colcon'), ('ROS_VERSION', '2'), ('XDG_SESSION_CLASS', 'user'), ('USERNAME', 'hs'), ('TERM', 'xterm-256color'), ('GAZEBO_MODEL_PATH', ':/opt/ros/humble/share:/opt/ros/humble/share'), ('GNOME_DESKTOP_SESSION_ID', 'this-is-deprecated'), ('FC_FONTATIONS', '1'), ('ROS_LOCALHOST_ONLY', '0'), ('PATH', '/usr/local/MATLAB/R2024b/bin:/usr/local/MATLAB/R2024b/bin:/opt/ros/humble/bin:/home/hs/.local/bin:/usr/local/sbin:/usr/local/bin:/usr/sbin:/usr/bin:/sbin:/bin:/usr/games:/usr/local/games:/snap/bin:/snap/bin:/home/hs/esp/xtensa-esp32-elf/bin:/opt/JLink:/home/hs/.vscode/extensions/ms-python.debugpy-2025.10.0-linux-x64/bundled/scripts/noConfigScripts:/opt/JLink'), ('SESSION_MANAGER', 'local/hs-760XBE:@/tmp/.ICE-unix/2975,unix/hs-760XBE:/tmp/.ICE-unix/2975'), ('PAPERSIZE', 'a4'), ('XDG_MENU_PREFIX', 'gnome-'), ('LC_ADDRESS', 'ko_KR.UTF-8'), ('GNOME_TERMINAL_SCREEN', '/org/gnome/Terminal/screen/c624cff7_ea00_4557_80b0_6ca17a5db9be'), ('GNOME_SETUP_DISPLAY', ':1'), ('XDG_RUNTIME_DIR', '/run/user/1000'), ('GDK_BACKEND', 'wayland'), ('DISPLAY', ':0'), ('VSCODE_DEBUGPY_ADAPTER_ENDPOINTS', '/home/hs/.vscode/extensions/ms-python.debugpy-2025.10.0-linux-x64/.noConfigDebugAdapterEndpoints/endpoint-93dc2f40e9dcc4fe.txt'), ('LANG', 'ko_KR.UTF-8'), ('XDG_CURRENT_DESKTOP', 'ubuntu:GNOME'), ('LC_TELEPHONE', 'ko_KR.UTF-8'), ('XMODIFIERS', '@im=ibus'), ('XDG_SESSION_DESKTOP', 'ubuntu'), ('XAUTHORITY', '/run/user/1000/.mutter-Xwaylandauth.2A37I3'), ('LS_COLORS', 'rs=0:di=01;34:ln=01;36:mh=00:pi=40;33:so=01;35:do=01;35:bd=40;33;01:cd=40;33;01:or=40;31;01:mi=00:su=37;41:sg=30;43:ca=30;41:tw=30;42:ow=34;42:st=37;44:ex=01;32:*.tar=01;31:*.tgz=01;31:*.arc=01;31:*.arj=01;31:*.taz=01;31:*.lha=01;31:*.lz4=01;31:*.lzh=01;31:*.lzma=01;31:*.tlz=01;31:*.txz=01;31:*.tzo=01;31:*.t7z=01;31:*.zip=01;31:*.z=01;31:*.dz=01;31:*.gz=01;31:*.lrz=01;31:*.lz=01;31:*.lzo=01;31:*.xz=01;31:*.zst=01;31:*.tzst=01;31:*.bz2=01;31:*.bz=01;31:*.tbz=01;31:*.tbz2=01;31:*.tz=01;31:*.deb=01;31:*.rpm=01;31:*.jar=01;31:*.war=01;31:*.ear=01;31:*.sar=01;31:*.rar=01;31:*.alz=01;31:*.ace=01;31:*.zoo=01;31:*.cpio=01;31:*.7z=01;31:*.rz=01;31:*.cab=01;31:*.wim=01;31:*.swm=01;31:*.dwm=01;31:*.esd=01;31:*.jpg=01;35:*.jpeg=01;35:*.mjpg=01;35:*.mjpeg=01;35:*.gif=01;35:*.bmp=01;35:*.pbm=01;35:*.pgm=01;35:*.ppm=01;35:*.tga=01;35:*.xbm=01;35:*.xpm=01;35:*.tif=01;35:*.tiff=01;35:*.png=01;35:*.svg=01;35:*.svgz=01;35:*.mng=01;35:*.pcx=01;35:*.mov=01;35:*.mpg=01;35:*.mpeg=01;35:*.m2v=01;35:*.mkv=01;35:*.webm=01;35:*.webp=01;35:*.ogm=01;35:*.mp4=01;35:*.m4v=01;35:*.mp4v=01;35:*.vob=01;35:*.qt=01;35:*.nuv=01;35:*.wmv=01;35:*.asf=01;35:*.rm=01;35:*.rmvb=01;35:*.flc=01;35:*.avi=01;35:*.fli=01;35:*.flv=01;35:*.gl=01;35:*.dl=01;35:*.xcf=01;35:*.xwd=01;35:*.yuv=01;35:*.cgm=01;35:*.emf=01;35:*.ogv=01;35:*.ogx=01;35:*.aac=00;36:*.au=00;36:*.flac=00;36:*.m4a=00;36:*.mid=00;36:*.midi=00;36:*.mka=00;36:*.mp3=00;36:*.mpc=00;36:*.ogg=00;36:*.ra=00;36:*.wav=00;36:*.oga=00;36:*.opus=00;36:*.spx=00;36:*.xspf=00;36:'), ('VSCODE_GIT_IPC_HANDLE', '/run/user/1000/vscode-git-c015e2e957.sock'), ('GNOME_TERMINAL_SERVICE', ':1.570'), ('TERM_PROGRAM', 'vscode'), ('SSH_AGENT_LAUNCHER', 'gnome-keyring'), ('SSH_AUTH_SOCK', '/run/user/1000/keyring/ssh'), ('AMENT_PREFIX_PATH', '/home/hs/ros2_study/install/sllidar_ros2:/home/hs/ros2_study/install/bno055:/home/hs/ros2_study/install/nexus_base_ros:/opt/ros/humble'), ('SHELL', '/bin/bash'), ('LC_NAME', 'ko_KR.UTF-8'), ('QT_ACCESSIBILITY', '1'), ('GDMSESSION', 'ubuntu'), ('LESSCLOSE', '/usr/bin/lesspipe %s %s'), ('LC_MEASUREMENT', 'ko_KR.UTF-8'), ('LC_IDENTIFICATION', 'ko_KR.UTF-8'), ('VSCODE_GIT_ASKPASS_EXTRA_ARGS', ''), ('QT_IM_MODULE', 'ibus'), ('PWD', '/home/hs/ros2_study/build/nexus_base_ros'), ('TURTLEBOT3_MODEL', 'burger'), ('LC_ALL', 'en_US.UTF-8'), ('XDG_CONFIG_DIRS', '/etc/xdg/xdg-ubuntu:/etc/xdg'), ('GAZEBO_PLUGIN_PATH', ':/opt/ros/humble/lib:/opt/ros/humble/lib'), ('DBUS_STARTER_ADDRESS', 'unix:path=/run/user/1000/bus,guid=f963dfa289b34d744642bec3696fbd95'), ('XDG_DATA_DIRS', '/usr/share/ubuntu:/usr/local/share/:/usr/share/:/var/lib/snapd/desktop'), ('PYTHONPATH', '/home/hs/ros2_study/install/bno055/lib/python3.10/site-packages:/home/hs/ros2_study/install/nexus_base_ros/local/lib/python3.10/dist-packages:/opt/ros/humble/lib/python3.10/site-packages:/opt/ros/humble/local/lib/python3.10/dist-packages'), ('LC_NUMERIC', 'ko_KR.UTF-8'), ('LC_PAPER', 'ko_KR.UTF-8'), ('COLCON', '1'), ('VTE_VERSION', '6800'), ('CMAKE_PREFIX_PATH', '/home/hs/ros2_study/install/sllidar_ros2:/home/hs/ros2_study/install/nexus_base_ros:/home/hs/ros2_study/install/bno055:/opt/ros/humble')]), 'shell': False}
[0.637719] (sllidar_ros2) JobProgress: {'identifier': 'sllidar_ros2', 'progress': 'cmake'}
[0.638885] (sllidar_ros2) JobProgress: {'identifier': 'sllidar_ros2', 'progress': 'build'}
[0.639490] (sllidar_ros2) Command: {'cmd': ['/usr/local/bin/cmake', '--build', '/home/hs/ros2_study/build/sllidar_ros2', '--', '-j8', '-l8'], 'cwd': '/home/hs/ros2_study/build/sllidar_ros2', 'env': OrderedDict([('PYTHON_BASIC_REPL', '1'), ('LESSOPEN', '| /usr/bin/lesspipe %s'), ('LANGUAGE', 'ko:en_US:en'), ('USER', 'hs'), ('LC_TIME', 'ko_KR.UTF-8'), ('XDG_SESSION_TYPE', 'wayland'), ('GIT_ASKPASS', '/usr/share/code/resources/app/extensions/git/dist/askpass.sh'), ('STM32CubeMX_PATH', '/home/hs/STM32CubeMX'), ('SHLVL', '2'), ('LD_LIBRARY_PATH', '/home/hs/ros2_study/install/nexus_base_ros/lib:/usr/lib/x86_64-linux-gnu/gazebo-11/plugins:/opt/ros/humble/opt/rviz_ogre_vendor/lib:/opt/ros/humble/lib/x86_64-linux-gnu:/opt/ros/humble/lib'), ('HOME', '/home/hs'), ('CHROME_DESKTOP', 'code.desktop'), ('TERM_PROGRAM_VERSION', '1.108.1'), ('DESKTOP_SESSION', 'ubuntu'), ('ROS_PYTHON_VERSION', '3'), ('GNOME_SHELL_SESSION_MODE', 'ubuntu'), ('GTK_MODULES', 'gail:atk-bridge'), ('VSCODE_GIT_ASKPASS_MAIN', '/usr/share/code/resources/app/extensions/git/dist/askpass-main.js'), ('LC_MONETARY', 'ko_KR.UTF-8'), ('VSCODE_GIT_ASKPASS_NODE', '/usr/share/code/code'), ('PYDEVD_DISABLE_FILE_VALIDATION', '1'), ('DBUS_STARTER_BUS_TYPE', 'session'), ('SYSTEMD_EXEC_PID', '2975'), ('BUNDLED_DEBUGPY_PATH', '/home/hs/.vscode/extensions/ms-python.debugpy-2025.10.0-linux-x64/bundled/libs/debugpy'), ('VSCODE_PYTHON_AUTOACTIVATE_GUARD', '1'), ('DBUS_SESSION_BUS_ADDRESS', 'unix:path=/run/user/1000/bus,guid=f963dfa289b34d744642bec3696fbd95'), ('COLORTERM', 'truecolor'), ('IM_CONFIG_PHASE', '1'), ('WAYLAND_DISPLAY', 'wayland-0'), ('COLCON_PREFIX_PATH', '/home/hs/ros2_study/install'), ('ROS_DISTRO', 'humble'), ('LOGNAME', 'hs'), ('_', '/usr/bin/colcon'), ('ROS_VERSION', '2'), ('XDG_SESSION_CLASS', 'user'), ('USERNAME', 'hs'), ('TERM', 'xterm-256color'), ('GAZEBO_MODEL_PATH', ':/opt/ros/humble/share:/opt/ros/humble/share'), ('GNOME_DESKTOP_SESSION_ID', 'this-is-deprecated'), ('FC_FONTATIONS', '1'), ('ROS_LOCALHOST_ONLY', '0'), ('PATH', '/usr/local/MATLAB/R2024b/bin:/usr/local/MATLAB/R2024b/bin:/opt/ros/humble/bin:/home/hs/.local/bin:/usr/local/sbin:/usr/local/bin:/usr/sbin:/usr/bin:/sbin:/bin:/usr/games:/usr/local/games:/snap/bin:/snap/bin:/home/hs/esp/xtensa-esp32-elf/bin:/opt/JLink:/home/hs/.vscode/extensions/ms-python.debugpy-2025.10.0-linux-x64/bundled/scripts/noConfigScripts:/opt/JLink'), ('SESSION_MANAGER', 'local/hs-760XBE:@/tmp/.ICE-unix/2975,unix/hs-760XBE:/tmp/.ICE-unix/2975'), ('PAPERSIZE', 'a4'), ('XDG_MENU_PREFIX', 'gnome-'), ('LC_ADDRESS', 'ko_KR.UTF-8'), ('GNOME_TERMINAL_SCREEN', '/org/gnome/Terminal/screen/c624cff7_ea00_4557_80b0_6ca17a5db9be'), ('GNOME_SETUP_DISPLAY', ':1'), ('XDG_RUNTIME_DIR', '/run/user/1000'), ('GDK_BACKEND', 'wayland'), ('DISPLAY', ':0'), ('VSCODE_DEBUGPY_ADAPTER_ENDPOINTS', '/home/hs/.vscode/extensions/ms-python.debugpy-2025.10.0-linux-x64/.noConfigDebugAdapterEndpoints/endpoint-93dc2f40e9dcc4fe.txt'), ('LANG', 'ko_KR.UTF-8'), ('XDG_CURRENT_DESKTOP', 'ubuntu:GNOME'), ('LC_TELEPHONE', 'ko_KR.UTF-8'), ('XMODIFIERS', '@im=ibus'), ('XDG_SESSION_DESKTOP', 'ubuntu'), ('XAUTHORITY', '/run/user/1000/.mutter-Xwaylandauth.2A37I3'), ('LS_COLORS', 'rs=0:di=01;34:ln=01;36:mh=00:pi=40;33:so=01;35:do=01;35:bd=40;33;01:cd=40;33;01:or=40;31;01:mi=00:su=37;41:sg=30;43:ca=30;41:tw=30;42:ow=34;42:st=37;44:ex=01;32:*.tar=01;31:*.tgz=01;31:*.arc=01;31:*.arj=01;31:*.taz=01;31:*.lha=01;31:*.lz4=01;31:*.lzh=01;31:*.lzma=01;31:*.tlz=01;31:*.txz=01;31:*.tzo=01;31:*.t7z=01;31:*.zip=01;31:*.z=01;31:*.dz=01;31:*.gz=01;31:*.lrz=01;31:*.lz=01;31:*.lzo=01;31:*.xz=01;31:*.zst=01;31:*.tzst=01;31:*.bz2=01;31:*.bz=01;31:*.tbz=01;31:*.tbz2=01;31:*.tz=01;31:*.deb=01;31:*.rpm=01;31:*.jar=01;31:*.war=01;31:*.ear=01;31:*.sar=01;31:*.rar=01;31:*.alz=01;31:*.ace=01;31:*.zoo=01;31:*.cpio=01;31:*.7z=01;31:*.rz=01;31:*.cab=01;31:*.wim=01;31:*.swm=01;31:*.dwm=01;31:*.esd=01;31:*.jpg=01;35:*.jpeg=01;35:*.mjpg=01;35:*.mjpeg=01;35:*.gif=01;35:*.bmp=01;35:*.pbm=01;35:*.pgm=01;35:*.ppm=01;35:*.tga=01;35:*.xbm=01;35:*.xpm=01;35:*.tif=01;35:*.tiff=01;35:*.png=01;35:*.svg=01;35:*.svgz=01;35:*.mng=01;35:*.pcx=01;35:*.mov=01;35:*.mpg=01;35:*.mpeg=01;35:*.m2v=01;35:*.mkv=01;35:*.webm=01;35:*.webp=01;35:*.ogm=01;35:*.mp4=01;35:*.m4v=01;35:*.mp4v=01;35:*.vob=01;35:*.qt=01;35:*.nuv=01;35:*.wmv=01;35:*.asf=01;35:*.rm=01;35:*.rmvb=01;35:*.flc=01;35:*.avi=01;35:*.fli=01;35:*.flv=01;35:*.gl=01;35:*.dl=01;35:*.xcf=01;35:*.xwd=01;35:*.yuv=01;35:*.cgm=01;35:*.emf=01;35:*.ogv=01;35:*.ogx=01;35:*.aac=00;36:*.au=00;36:*.flac=00;36:*.m4a=00;36:*.mid=00;36:*.midi=00;36:*.mka=00;36:*.mp3=00;36:*.mpc=00;36:*.ogg=00;36:*.ra=00;36:*.wav=00;36:*.oga=00;36:*.opus=00;36:*.spx=00;36:*.xspf=00;36:'), ('VSCODE_GIT_IPC_HANDLE', '/run/user/1000/vscode-git-c015e2e957.sock'), ('GNOME_TERMINAL_SERVICE', ':1.570'), ('TERM_PROGRAM', 'vscode'), ('SSH_AGENT_LAUNCHER', 'gnome-keyring'), ('SSH_AUTH_SOCK', '/run/user/1000/keyring/ssh'), ('AMENT_PREFIX_PATH', '/home/hs/ros2_study/install/sllidar_ros2:/home/hs/ros2_study/install/bno055:/home/hs/ros2_study/install/nexus_base_ros:/opt/ros/humble'), ('SHELL', '/bin/bash'), ('LC_NAME', 'ko_KR.UTF-8'), ('QT_ACCESSIBILITY', '1'), ('GDMSESSION', 'ubuntu'), ('LESSCLOSE', '/usr/bin/lesspipe %s %s'), ('LC_MEASUREMENT', 'ko_KR.UTF-8'), ('LC_IDENTIFICATION', 'ko_KR.UTF-8'), ('VSCODE_GIT_ASKPASS_EXTRA_ARGS', ''), ('QT_IM_MODULE', 'ibus'), ('PWD', '/home/hs/ros2_study/build/sllidar_ros2'), ('TURTLEBOT3_MODEL', 'burger'), ('LC_ALL', 'en_US.UTF-8'), ('XDG_CONFIG_DIRS', '/etc/xdg/xdg-ubuntu:/etc/xdg'), ('GAZEBO_PLUGIN_PATH', ':/opt/ros/humble/lib:/opt/ros/humble/lib'), ('DBUS_STARTER_ADDRESS', 'unix:path=/run/user/1000/bus,guid=f963dfa289b34d744642bec3696fbd95'), ('XDG_DATA_DIRS', '/usr/share/ubuntu:/usr/local/share/:/usr/share/:/var/lib/snapd/desktop'), ('PYTHONPATH', '/home/hs/ros2_study/install/bno055/lib/python3.10/site-packages:/home/hs/ros2_study/install/nexus_base_ros/local/lib/python3.10/dist-packages:/opt/ros/humble/lib/python3.10/site-packages:/opt/ros/humble/local/lib/python3.10/dist-packages'), ('LC_NUMERIC', 'ko_KR.UTF-8'), ('LC_PAPER', 'ko_KR.UTF-8'), ('COLCON', '1'), ('VTE_VERSION', '6800'), ('CMAKE_PREFIX_PATH', '/home/hs/ros2_study/install/sllidar_ros2:/home/hs/ros2_study/install/nexus_base_ros:/home/hs/ros2_study/install/bno055:/opt/ros/humble')]), 'shell': False}
[0.684042] (nexus_base_ros) StdoutLine: {'line': b'[  1%] Built target nexus_base_ros__cpp\n'}
[0.686026] (nexus_base_ros) StdoutLine: {'line': b'[ 11%] Built target nexus_base_ros__rosidl_generator_c\n'}
[0.700911] (sllidar_ros2) StdoutLine: {'line': b'[ 10%] Built target sllidar_client\n'}
[0.701831] (-) TimerEvent: {}
[0.703865] (nexus_base_ros) StdoutLine: {'line': b'[ 11%] Built target ament_cmake_python_copy_nexus_base_ros\n'}
[0.719083] (nexus_base_ros) StdoutLine: {'line': b'[ 21%] Built target nexus_base_ros__rosidl_typesupport_cpp\n'}
[0.719600] (sllidar_ros2) StdoutLine: {'line': b'[100%] Built target sllidar_node\n'}
[0.728519] (nexus_base_ros) StdoutLine: {'line': b'[ 31%] Built target nexus_base_ros__rosidl_typesupport_fastrtps_cpp\n'}
[0.728825] (nexus_base_ros) StdoutLine: {'line': b'[ 40%] Built target nexus_base_ros__rosidl_typesupport_fastrtps_c\n'}
[0.729669] (nexus_base_ros) StdoutLine: {'line': b'[ 55%] Built target nexus_base_ros__rosidl_typesupport_introspection_cpp\n'}
[0.729983] (nexus_base_ros) StdoutLine: {'line': b'[ 60%] Built target nexus_base_ros__rosidl_typesupport_introspection_c\n'}
[0.730597] (nexus_base_ros) StdoutLine: {'line': b'[ 70%] Built target nexus_base_ros__rosidl_typesupport_c\n'}
[0.732580] (sllidar_ros2) CommandEnded: {'returncode': 0}
[0.735533] (sllidar_ros2) JobProgress: {'identifier': 'sllidar_ros2', 'progress': 'install'}
[0.741948] (sllidar_ros2) Command: {'cmd': ['/usr/local/bin/cmake', '--install', '/home/hs/ros2_study/build/sllidar_ros2'], 'cwd': '/home/hs/ros2_study/build/sllidar_ros2', 'env': OrderedDict([('PYTHON_BASIC_REPL', '1'), ('LESSOPEN', '| /usr/bin/lesspipe %s'), ('LANGUAGE', 'ko:en_US:en'), ('USER', 'hs'), ('LC_TIME', 'ko_KR.UTF-8'), ('XDG_SESSION_TYPE', 'wayland'), ('GIT_ASKPASS', '/usr/share/code/resources/app/extensions/git/dist/askpass.sh'), ('STM32CubeMX_PATH', '/home/hs/STM32CubeMX'), ('SHLVL', '2'), ('LD_LIBRARY_PATH', '/home/hs/ros2_study/install/nexus_base_ros/lib:/usr/lib/x86_64-linux-gnu/gazebo-11/plugins:/opt/ros/humble/opt/rviz_ogre_vendor/lib:/opt/ros/humble/lib/x86_64-linux-gnu:/opt/ros/humble/lib'), ('HOME', '/home/hs'), ('CHROME_DESKTOP', 'code.desktop'), ('TERM_PROGRAM_VERSION', '1.108.1'), ('DESKTOP_SESSION', 'ubuntu'), ('ROS_PYTHON_VERSION', '3'), ('GNOME_SHELL_SESSION_MODE', 'ubuntu'), ('GTK_MODULES', 'gail:atk-bridge'), ('VSCODE_GIT_ASKPASS_MAIN', '/usr/share/code/resources/app/extensions/git/dist/askpass-main.js'), ('LC_MONETARY', 'ko_KR.UTF-8'), ('VSCODE_GIT_ASKPASS_NODE', '/usr/share/code/code'), ('PYDEVD_DISABLE_FILE_VALIDATION', '1'), ('DBUS_STARTER_BUS_TYPE', 'session'), ('SYSTEMD_EXEC_PID', '2975'), ('BUNDLED_DEBUGPY_PATH', '/home/hs/.vscode/extensions/ms-python.debugpy-2025.10.0-linux-x64/bundled/libs/debugpy'), ('VSCODE_PYTHON_AUTOACTIVATE_GUARD', '1'), ('DBUS_SESSION_BUS_ADDRESS', 'unix:path=/run/user/1000/bus,guid=f963dfa289b34d744642bec3696fbd95'), ('COLORTERM', 'truecolor'), ('IM_CONFIG_PHASE', '1'), ('WAYLAND_DISPLAY', 'wayland-0'), ('COLCON_PREFIX_PATH', '/home/hs/ros2_study/install'), ('ROS_DISTRO', 'humble'), ('LOGNAME', 'hs'), ('_', '/usr/bin/colcon'), ('ROS_VERSION', '2'), ('XDG_SESSION_CLASS', 'user'), ('USERNAME', 'hs'), ('TERM', 'xterm-256color'), ('GAZEBO_MODEL_PATH', ':/opt/ros/humble/share:/opt/ros/humble/share'), ('GNOME_DESKTOP_SESSION_ID', 'this-is-deprecated'), ('FC_FONTATIONS', '1'), ('ROS_LOCALHOST_ONLY', '0'), ('PATH', '/usr/local/MATLAB/R2024b/bin:/usr/local/MATLAB/R2024b/bin:/opt/ros/humble/bin:/home/hs/.local/bin:/usr/local/sbin:/usr/local/bin:/usr/sbin:/usr/bin:/sbin:/bin:/usr/games:/usr/local/games:/snap/bin:/snap/bin:/home/hs/esp/xtensa-esp32-elf/bin:/opt/JLink:/home/hs/.vscode/extensions/ms-python.debugpy-2025.10.0-linux-x64/bundled/scripts/noConfigScripts:/opt/JLink'), ('SESSION_MANAGER', 'local/hs-760XBE:@/tmp/.ICE-unix/2975,unix/hs-760XBE:/tmp/.ICE-unix/2975'), ('PAPERSIZE', 'a4'), ('XDG_MENU_PREFIX', 'gnome-'), ('LC_ADDRESS', 'ko_KR.UTF-8'), ('GNOME_TERMINAL_SCREEN', '/org/gnome/Terminal/screen/c624cff7_ea00_4557_80b0_6ca17a5db9be'), ('GNOME_SETUP_DISPLAY', ':1'), ('XDG_RUNTIME_DIR', '/run/user/1000'), ('GDK_BACKEND', 'wayland'), ('DISPLAY', ':0'), ('VSCODE_DEBUGPY_ADAPTER_ENDPOINTS', '/home/hs/.vscode/extensions/ms-python.debugpy-2025.10.0-linux-x64/.noConfigDebugAdapterEndpoints/endpoint-93dc2f40e9dcc4fe.txt'), ('LANG', 'ko_KR.UTF-8'), ('XDG_CURRENT_DESKTOP', 'ubuntu:GNOME'), ('LC_TELEPHONE', 'ko_KR.UTF-8'), ('XMODIFIERS', '@im=ibus'), ('XDG_SESSION_DESKTOP', 'ubuntu'), ('XAUTHORITY', '/run/user/1000/.mutter-Xwaylandauth.2A37I3'), ('LS_COLORS', 'rs=0:di=01;34:ln=01;36:mh=00:pi=40;33:so=01;35:do=01;35:bd=40;33;01:cd=40;33;01:or=40;31;01:mi=00:su=37;41:sg=30;43:ca=30;41:tw=30;42:ow=34;42:st=37;44:ex=01;32:*.tar=01;31:*.tgz=01;31:*.arc=01;31:*.arj=01;31:*.taz=01;31:*.lha=01;31:*.lz4=01;31:*.lzh=01;31:*.lzma=01;31:*.tlz=01;31:*.txz=01;31:*.tzo=01;31:*.t7z=01;31:*.zip=01;31:*.z=01;31:*.dz=01;31:*.gz=01;31:*.lrz=01;31:*.lz=01;31:*.lzo=01;31:*.xz=01;31:*.zst=01;31:*.tzst=01;31:*.bz2=01;31:*.bz=01;31:*.tbz=01;31:*.tbz2=01;31:*.tz=01;31:*.deb=01;31:*.rpm=01;31:*.jar=01;31:*.war=01;31:*.ear=01;31:*.sar=01;31:*.rar=01;31:*.alz=01;31:*.ace=01;31:*.zoo=01;31:*.cpio=01;31:*.7z=01;31:*.rz=01;31:*.cab=01;31:*.wim=01;31:*.swm=01;31:*.dwm=01;31:*.esd=01;31:*.jpg=01;35:*.jpeg=01;35:*.mjpg=01;35:*.mjpeg=01;35:*.gif=01;35:*.bmp=01;35:*.pbm=01;35:*.pgm=01;35:*.ppm=01;35:*.tga=01;35:*.xbm=01;35:*.xpm=01;35:*.tif=01;35:*.tiff=01;35:*.png=01;35:*.svg=01;35:*.svgz=01;35:*.mng=01;35:*.pcx=01;35:*.mov=01;35:*.mpg=01;35:*.mpeg=01;35:*.m2v=01;35:*.mkv=01;35:*.webm=01;35:*.webp=01;35:*.ogm=01;35:*.mp4=01;35:*.m4v=01;35:*.mp4v=01;35:*.vob=01;35:*.qt=01;35:*.nuv=01;35:*.wmv=01;35:*.asf=01;35:*.rm=01;35:*.rmvb=01;35:*.flc=01;35:*.avi=01;35:*.fli=01;35:*.flv=01;35:*.gl=01;35:*.dl=01;35:*.xcf=01;35:*.xwd=01;35:*.yuv=01;35:*.cgm=01;35:*.emf=01;35:*.ogv=01;35:*.ogx=01;35:*.aac=00;36:*.au=00;36:*.flac=00;36:*.m4a=00;36:*.mid=00;36:*.midi=00;36:*.mka=00;36:*.mp3=00;36:*.mpc=00;36:*.ogg=00;36:*.ra=00;36:*.wav=00;36:*.oga=00;36:*.opus=00;36:*.spx=00;36:*.xspf=00;36:'), ('VSCODE_GIT_IPC_HANDLE', '/run/user/1000/vscode-git-c015e2e957.sock'), ('GNOME_TERMINAL_SERVICE', ':1.570'), ('TERM_PROGRAM', 'vscode'), ('SSH_AGENT_LAUNCHER', 'gnome-keyring'), ('SSH_AUTH_SOCK', '/run/user/1000/keyring/ssh'), ('AMENT_PREFIX_PATH', '/home/hs/ros2_study/install/sllidar_ros2:/home/hs/ros2_study/install/bno055:/home/hs/ros2_study/install/nexus_base_ros:/opt/ros/humble'), ('SHELL', '/bin/bash'), ('LC_NAME', 'ko_KR.UTF-8'), ('QT_ACCESSIBILITY', '1'), ('GDMSESSION', 'ubuntu'), ('LESSCLOSE', '/usr/bin/lesspipe %s %s'), ('LC_MEASUREMENT', 'ko_KR.UTF-8'), ('LC_IDENTIFICATION', 'ko_KR.UTF-8'), ('VSCODE_GIT_ASKPASS_EXTRA_ARGS', ''), ('QT_IM_MODULE', 'ibus'), ('PWD', '/home/hs/ros2_study/build/sllidar_ros2'), ('TURTLEBOT3_MODEL', 'burger'), ('LC_ALL', 'en_US.UTF-8'), ('XDG_CONFIG_DIRS', '/etc/xdg/xdg-ubuntu:/etc/xdg'), ('GAZEBO_PLUGIN_PATH', ':/opt/ros/humble/lib:/opt/ros/humble/lib'), ('DBUS_STARTER_ADDRESS', 'unix:path=/run/user/1000/bus,guid=f963dfa289b34d744642bec3696fbd95'), ('XDG_DATA_DIRS', '/usr/share/ubuntu:/usr/local/share/:/usr/share/:/var/lib/snapd/desktop'), ('PYTHONPATH', '/home/hs/ros2_study/install/bno055/lib/python3.10/site-packages:/home/hs/ros2_study/install/nexus_base_ros/local/lib/python3.10/dist-packages:/opt/ros/humble/lib/python3.10/site-packages:/opt/ros/humble/local/lib/python3.10/dist-packages'), ('LC_NUMERIC', 'ko_KR.UTF-8'), ('LC_PAPER', 'ko_KR.UTF-8'), ('COLCON', '1'), ('VTE_VERSION', '6800'), ('CMAKE_PREFIX_PATH', '/home/hs/ros2_study/install/sllidar_ros2:/home/hs/ros2_study/install/nexus_base_ros:/home/hs/ros2_study/install/bno055:/opt/ros/humble')]), 'shell': False}
[0.747316] (sllidar_ros2) StdoutLine: {'line': b'-- Install configuration: ""\n'}
[0.747972] (sllidar_ros2) StdoutLine: {'line': b'-- Up-to-date: /home/hs/ros2_study/install/sllidar_ros2/share/sllidar_ros2/launch\n'}
[0.748267] (sllidar_ros2) StdoutLine: {'line': b'-- Up-to-date: /home/hs/ros2_study/install/sllidar_ros2/share/sllidar_ros2/launch/sllidar_s3_launch.py\n'}
[0.748799] (sllidar_ros2) StdoutLine: {'line': b'-- Up-to-date: /home/hs/ros2_study/install/sllidar_ros2/share/sllidar_ros2/launch/view_sllidar_s1_tcp_launch.py\n'}
[0.749055] (sllidar_ros2) StdoutLine: {'line': b'-- Up-to-date: /home/hs/ros2_study/install/sllidar_ros2/share/sllidar_ros2/launch/view_sllidar_a2m12_launch.py\n'}
[0.749235] (sllidar_ros2) StdoutLine: {'line': b'-- Up-to-date: /home/hs/ros2_study/install/sllidar_ros2/share/sllidar_ros2/launch/sllidar_a2m8_launch.py\n'}
[0.749425] (sllidar_ros2) StdoutLine: {'line': b'-- Up-to-date: /home/hs/ros2_study/install/sllidar_ros2/share/sllidar_ros2/launch/sllidar_a2m12_launch.py\n'}
[0.749597] (sllidar_ros2) StdoutLine: {'line': b'-- Up-to-date: /home/hs/ros2_study/install/sllidar_ros2/share/sllidar_ros2/launch/sllidar_c1_launch.py\n'}
[0.749762] (sllidar_ros2) StdoutLine: {'line': b'-- Up-to-date: /home/hs/ros2_study/install/sllidar_ros2/share/sllidar_ros2/launch/view_sllidar_s3_launch.py\n'}
[0.749939] (sllidar_ros2) StdoutLine: {'line': b'-- Up-to-date: /home/hs/ros2_study/install/sllidar_ros2/share/sllidar_ros2/launch/view_sllidar_a2m8_launch.py\n'}
[0.750130] (sllidar_ros2) StdoutLine: {'line': b'-- Up-to-date: /home/hs/ros2_study/install/sllidar_ros2/share/sllidar_ros2/launch/view_sllidar_s2e_launch.py\n'}
[0.750300] (sllidar_ros2) StdoutLine: {'line': b'-- Up-to-date: /home/hs/ros2_study/install/sllidar_ros2/share/sllidar_ros2/launch/view_sllidar_s2_launch.py\n'}
[0.750555] (sllidar_ros2) StdoutLine: {'line': b'-- Up-to-date: /home/hs/ros2_study/install/sllidar_ros2/share/sllidar_ros2/launch/view_sllidar_a3_launch.py\n'}
[0.750756] (sllidar_ros2) StdoutLine: {'line': b'-- Up-to-date: /home/hs/ros2_study/install/sllidar_ros2/share/sllidar_ros2/launch/view_sllidar_s1_launch.py\n'}
[0.750941] (sllidar_ros2) StdoutLine: {'line': b'-- Up-to-date: /home/hs/ros2_study/install/sllidar_ros2/share/sllidar_ros2/launch/view_sllidar_c1_launch.py\n'}
[0.751303] (sllidar_ros2) StdoutLine: {'line': b'-- Up-to-date: /home/hs/ros2_study/install/sllidar_ros2/share/sllidar_ros2/launch/view_sllidar_a1_launch.py\n'}
[0.751601] (sllidar_ros2) StdoutLine: {'line': b'-- Up-to-date: /home/hs/ros2_study/install/sllidar_ros2/share/sllidar_ros2/launch/view_sllidar_a2m7_launch.py\n'}
[0.752036] (sllidar_ros2) StdoutLine: {'line': b'-- Up-to-date: /home/hs/ros2_study/install/sllidar_ros2/share/sllidar_ros2/launch/sllidar_a2m7_launch.py\n'}
[0.752228] (sllidar_ros2) StdoutLine: {'line': b'-- Up-to-date: /home/hs/ros2_study/install/sllidar_ros2/share/sllidar_ros2/launch/sllidar_a1_launch.py\n'}
[0.752451] (sllidar_ros2) StdoutLine: {'line': b'-- Up-to-date: /home/hs/ros2_study/install/sllidar_ros2/share/sllidar_ros2/launch/sllidar_a3_launch.py\n'}
[0.752774] (sllidar_ros2) StdoutLine: {'line': b'-- Up-to-date: /home/hs/ros2_study/install/sllidar_ros2/share/sllidar_ros2/launch/sllidar_s2_launch.py\n'}
[0.752971] (sllidar_ros2) StdoutLine: {'line': b'-- Up-to-date: /home/hs/ros2_study/install/sllidar_ros2/share/sllidar_ros2/launch/sllidar_s1_tcp_launch.py\n'}
[0.753145] (sllidar_ros2) StdoutLine: {'line': b'-- Up-to-date: /home/hs/ros2_study/install/sllidar_ros2/share/sllidar_ros2/launch/sllidar_s2e_launch.py\n'}
[0.753309] (sllidar_ros2) StdoutLine: {'line': b'-- Up-to-date: /home/hs/ros2_study/install/sllidar_ros2/share/sllidar_ros2/launch/sllidar_s1_launch.py\n'}
[0.753502] (sllidar_ros2) StdoutLine: {'line': b'-- Up-to-date: /home/hs/ros2_study/install/sllidar_ros2/share/sllidar_ros2/launch/sllidar_t1_launch.py\n'}
[0.753676] (sllidar_ros2) StdoutLine: {'line': b'-- Up-to-date: /home/hs/ros2_study/install/sllidar_ros2/share/sllidar_ros2/launch/view_sllidar_t1_launch.py\n'}
[0.753840] (sllidar_ros2) StdoutLine: {'line': b'-- Up-to-date: /home/hs/ros2_study/install/sllidar_ros2/share/sllidar_ros2/rviz\n'}
[0.754026] (nexus_base_ros) StdoutLine: {'line': b'[ 70%] Built target nexus_base_ros\n'}
[0.754416] (sllidar_ros2) StdoutLine: {'line': b'-- Up-to-date: /home/hs/ros2_study/install/sllidar_ros2/share/sllidar_ros2/rviz/sllidar_ros2.rviz\n'}
[0.754626] (sllidar_ros2) StdoutLine: {'line': b'-- Up-to-date: /home/hs/ros2_study/install/sllidar_ros2/lib/sllidar_ros2/sllidar_node\n'}
[0.754797] (sllidar_ros2) StdoutLine: {'line': b'-- Up-to-date: /home/hs/ros2_study/install/sllidar_ros2/lib/sllidar_ros2/sllidar_client\n'}
[0.754971] (sllidar_ros2) StdoutLine: {'line': b'-- Up-to-date: /home/hs/ros2_study/install/sllidar_ros2/share/ament_index/resource_index/package_run_dependencies/sllidar_ros2\n'}
[0.755140] (sllidar_ros2) StdoutLine: {'line': b'-- Up-to-date: /home/hs/ros2_study/install/sllidar_ros2/share/ament_index/resource_index/parent_prefix_path/sllidar_ros2\n'}
[0.755311] (sllidar_ros2) StdoutLine: {'line': b'-- Up-to-date: /home/hs/ros2_study/install/sllidar_ros2/share/sllidar_ros2/environment/ament_prefix_path.sh\n'}
[0.755500] (sllidar_ros2) StdoutLine: {'line': b'-- Up-to-date: /home/hs/ros2_study/install/sllidar_ros2/share/sllidar_ros2/environment/ament_prefix_path.dsv\n'}
[0.755663] (sllidar_ros2) StdoutLine: {'line': b'-- Up-to-date: /home/hs/ros2_study/install/sllidar_ros2/share/sllidar_ros2/environment/path.sh\n'}
[0.755827] (sllidar_ros2) StdoutLine: {'line': b'-- Up-to-date: /home/hs/ros2_study/install/sllidar_ros2/share/sllidar_ros2/environment/path.dsv\n'}
[0.755982] (sllidar_ros2) StdoutLine: {'line': b'-- Up-to-date: /home/hs/ros2_study/install/sllidar_ros2/share/sllidar_ros2/local_setup.bash\n'}
[0.756139] (sllidar_ros2) StdoutLine: {'line': b'-- Up-to-date: /home/hs/ros2_study/install/sllidar_ros2/share/sllidar_ros2/local_setup.sh\n'}
[0.756302] (sllidar_ros2) StdoutLine: {'line': b'-- Up-to-date: /home/hs/ros2_study/install/sllidar_ros2/share/sllidar_ros2/local_setup.zsh\n'}
[0.756489] (sllidar_ros2) StdoutLine: {'line': b'-- Up-to-date: /home/hs/ros2_study/install/sllidar_ros2/share/sllidar_ros2/local_setup.dsv\n'}
[0.756679] (sllidar_ros2) StdoutLine: {'line': b'-- Installing: /home/hs/ros2_study/install/sllidar_ros2/share/sllidar_ros2/package.dsv\n'}
[0.756837] (sllidar_ros2) StdoutLine: {'line': b'-- Up-to-date: /home/hs/ros2_study/install/sllidar_ros2/share/ament_index/resource_index/packages/sllidar_ros2\n'}
[0.756998] (sllidar_ros2) StdoutLine: {'line': b'-- Up-to-date: /home/hs/ros2_study/install/sllidar_ros2/share/sllidar_ros2/cmake/ament_cmake_export_dependencies-extras.cmake\n'}
[0.757160] (sllidar_ros2) StdoutLine: {'line': b'-- Up-to-date: /home/hs/ros2_study/install/sllidar_ros2/share/sllidar_ros2/cmake/ament_cmake_export_include_directories-extras.cmake\n'}
[0.757322] (sllidar_ros2) StdoutLine: {'line': b'-- Up-to-date: /home/hs/ros2_study/install/sllidar_ros2/share/sllidar_ros2/cmake/sllidar_ros2Config.cmake\n'}
[0.759937] (sllidar_ros2) StdoutLine: {'line': b'-- Up-to-date: /home/hs/ros2_study/install/sllidar_ros2/share/sllidar_ros2/cmake/sllidar_ros2Config-version.cmake\n'}
[0.760155] (sllidar_ros2) StdoutLine: {'line': b'-- Up-to-date: /home/hs/ros2_study/install/sllidar_ros2/share/sllidar_ros2/package.xml\n'}
[0.760331] (sllidar_ros2) CommandEnded: {'returncode': 0}
[0.774189] (nexus_base_ros) StdoutLine: {'line': b'[ 72%] Built target nexus_base_ros__py\n'}
[0.794902] (nexus_base_ros) StdoutLine: {'line': b'[ 75%] Built target nexus_odometry\n'}
[0.798223] (nexus_base_ros) StdoutLine: {'line': b'[ 78%] Built target nexus_teleop_joy\n'}
[0.804421] (-) TimerEvent: {}
[0.808582] (nexus_base_ros) StdoutLine: {'line': b'[ 86%] Built target nexus_base_ros__rosidl_generator_py\n'}
[0.818222] (sllidar_ros2) JobEnded: {'identifier': 'sllidar_ros2', 'rc': 0}
[0.840223] (nexus_base_ros) StdoutLine: {'line': b'[ 90%] Built target nexus_base_ros__rosidl_typesupport_fastrtps_c__pyext\n'}
[0.840558] (nexus_base_ros) StdoutLine: {'line': b'[ 93%] Built target nexus_base_ros__rosidl_typesupport_introspection_c__pyext\n'}
[0.840744] (nexus_base_ros) StdoutLine: {'line': b'[ 96%] Built target nexus_base_ros__rosidl_typesupport_c__pyext\n'}
[0.863624] (nexus_base_ros) StdoutLine: {'line': b'[ 98%] \x1b[32mBuilding CXX object CMakeFiles/nexus_serial_bridge.dir/src/nexus_serial_bridge.cpp.o\x1b[0m\n'}
[0.904538] (-) TimerEvent: {}
[1.004877] (-) TimerEvent: {}
[1.105206] (-) TimerEvent: {}
[1.205501] (-) TimerEvent: {}
[1.239860] (nexus_base_ros) StdoutLine: {'line': b'running egg_info\n'}
[1.241304] (nexus_base_ros) StdoutLine: {'line': b'writing nexus_base_ros.egg-info/PKG-INFO\n'}
[1.242046] (nexus_base_ros) StdoutLine: {'line': b'writing dependency_links to nexus_base_ros.egg-info/dependency_links.txt\n'}
[1.242402] (nexus_base_ros) StdoutLine: {'line': b'writing top-level names to nexus_base_ros.egg-info/top_level.txt\n'}
[1.246868] (nexus_base_ros) StdoutLine: {'line': b"reading manifest file 'nexus_base_ros.egg-info/SOURCES.txt'\n"}
[1.248028] (nexus_base_ros) StdoutLine: {'line': b"writing manifest file 'nexus_base_ros.egg-info/SOURCES.txt'\n"}
[1.277961] (nexus_base_ros) StdoutLine: {'line': b'[ 98%] Built target ament_cmake_python_build_nexus_base_ros_egg\n'}
[1.305595] (-) TimerEvent: {}
[1.405902] (-) TimerEvent: {}
[1.493136] (bno055) Command: {'cmd': ['/usr/bin/python3', '-W', 'ignore:setup.py install is deprecated', '-W', 'ignore:easy_install command is deprecated', 'setup.py', 'egg_info', '--egg-base', '../../build/bno055', 'build', '--build-base', '/home/hs/ros2_study/build/bno055/build', 'install', '--record', '/home/hs/ros2_study/build/bno055/install.log', '--single-version-externally-managed', 'install_data'], 'cwd': '/home/hs/ros2_study/src/bno055', 'env': {'PYTHON_BASIC_REPL': '1', 'LESSOPEN': '| /usr/bin/lesspipe %s', 'LANGUAGE': 'ko:en_US:en', 'USER': 'hs', 'LC_TIME': 'ko_KR.UTF-8', 'XDG_SESSION_TYPE': 'wayland', 'GIT_ASKPASS': '/usr/share/code/resources/app/extensions/git/dist/askpass.sh', 'STM32CubeMX_PATH': '/home/hs/STM32CubeMX', 'SHLVL': '2', 'LD_LIBRARY_PATH': '/home/hs/ros2_study/install/nexus_base_ros/lib:/usr/lib/x86_64-linux-gnu/gazebo-11/plugins:/opt/ros/humble/opt/rviz_ogre_vendor/lib:/opt/ros/humble/lib/x86_64-linux-gnu:/opt/ros/humble/lib', 'HOME': '/home/hs', 'CHROME_DESKTOP': 'code.desktop', 'TERM_PROGRAM_VERSION': '1.108.1', 'DESKTOP_SESSION': 'ubuntu', 'ROS_PYTHON_VERSION': '3', 'GNOME_SHELL_SESSION_MODE': 'ubuntu', 'GTK_MODULES': 'gail:atk-bridge', 'VSCODE_GIT_ASKPASS_MAIN': '/usr/share/code/resources/app/extensions/git/dist/askpass-main.js', 'LC_MONETARY': 'ko_KR.UTF-8', 'VSCODE_GIT_ASKPASS_NODE': '/usr/share/code/code', 'PYDEVD_DISABLE_FILE_VALIDATION': '1', 'DBUS_STARTER_BUS_TYPE': 'session', 'SYSTEMD_EXEC_PID': '2975', 'BUNDLED_DEBUGPY_PATH': '/home/hs/.vscode/extensions/ms-python.debugpy-2025.10.0-linux-x64/bundled/libs/debugpy', 'VSCODE_PYTHON_AUTOACTIVATE_GUARD': '1', 'DBUS_SESSION_BUS_ADDRESS': 'unix:path=/run/user/1000/bus,guid=f963dfa289b34d744642bec3696fbd95', 'COLORTERM': 'truecolor', 'IM_CONFIG_PHASE': '1', 'WAYLAND_DISPLAY': 'wayland-0', 'COLCON_PREFIX_PATH': '/home/hs/ros2_study/install', 'ROS_DISTRO': 'humble', 'LOGNAME': 'hs', '_': '/usr/bin/colcon', 'ROS_VERSION': '2', 'XDG_SESSION_CLASS': 'user', 'USERNAME': 'hs', 'TERM': 'xterm-256color', 'GAZEBO_MODEL_PATH': ':/opt/ros/humble/share:/opt/ros/humble/share', 'GNOME_DESKTOP_SESSION_ID': 'this-is-deprecated', 'FC_FONTATIONS': '1', 'ROS_LOCALHOST_ONLY': '0', 'PATH': '/usr/local/MATLAB/R2024b/bin:/usr/local/MATLAB/R2024b/bin:/opt/ros/humble/bin:/home/hs/.local/bin:/usr/local/sbin:/usr/local/bin:/usr/sbin:/usr/bin:/sbin:/bin:/usr/games:/usr/local/games:/snap/bin:/snap/bin:/home/hs/esp/xtensa-esp32-elf/bin:/opt/JLink:/home/hs/.vscode/extensions/ms-python.debugpy-2025.10.0-linux-x64/bundled/scripts/noConfigScripts:/opt/JLink', 'SESSION_MANAGER': 'local/hs-760XBE:@/tmp/.ICE-unix/2975,unix/hs-760XBE:/tmp/.ICE-unix/2975', 'PAPERSIZE': 'a4', 'XDG_MENU_PREFIX': 'gnome-', 'LC_ADDRESS': 'ko_KR.UTF-8', 'GNOME_TERMINAL_SCREEN': '/org/gnome/Terminal/screen/c624cff7_ea00_4557_80b0_6ca17a5db9be', 'GNOME_SETUP_DISPLAY': ':1', 'XDG_RUNTIME_DIR': '/run/user/1000', 'GDK_BACKEND': 'wayland', 'DISPLAY': ':0', 'VSCODE_DEBUGPY_ADAPTER_ENDPOINTS': '/home/hs/.vscode/extensions/ms-python.debugpy-2025.10.0-linux-x64/.noConfigDebugAdapterEndpoints/endpoint-93dc2f40e9dcc4fe.txt', 'LANG': 'ko_KR.UTF-8', 'XDG_CURRENT_DESKTOP': 'ubuntu:GNOME', 'LC_TELEPHONE': 'ko_KR.UTF-8', 'XMODIFIERS': '@im=ibus', 'XDG_SESSION_DESKTOP': 'ubuntu', 'XAUTHORITY': '/run/user/1000/.mutter-Xwaylandauth.2A37I3', 'LS_COLORS': 'rs=0:di=01;34:ln=01;36:mh=00:pi=40;33:so=01;35:do=01;35:bd=40;33;01:cd=40;33;01:or=40;31;01:mi=00:su=37;41:sg=30;43:ca=30;41:tw=30;42:ow=34;42:st=37;44:ex=01;32:*.tar=01;31:*.tgz=01;31:*.arc=01;31:*.arj=01;31:*.taz=01;31:*.lha=01;31:*.lz4=01;31:*.lzh=01;31:*.lzma=01;31:*.tlz=01;31:*.txz=01;31:*.tzo=01;31:*.t7z=01;31:*.zip=01;31:*.z=01;31:*.dz=01;31:*.gz=01;31:*.lrz=01;31:*.lz=01;31:*.lzo=01;31:*.xz=01;31:*.zst=01;31:*.tzst=01;31:*.bz2=01;31:*.bz=01;31:*.tbz=01;31:*.tbz2=01;31:*.tz=01;31:*.deb=01;31:*.rpm=01;31:*.jar=01;31:*.war=01;31:*.ear=01;31:*.sar=01;31:*.rar=01;31:*.alz=01;31:*.ace=01;31:*.zoo=01;31:*.cpio=01;31:*.7z=01;31:*.rz=01;31:*.cab=01;31:*.wim=01;31:*.swm=01;31:*.dwm=01;31:*.esd=01;31:*.jpg=01;35:*.jpeg=01;35:*.mjpg=01;35:*.mjpeg=01;35:*.gif=01;35:*.bmp=01;35:*.pbm=01;35:*.pgm=01;35:*.ppm=01;35:*.tga=01;35:*.xbm=01;35:*.xpm=01;35:*.tif=01;35:*.tiff=01;35:*.png=01;35:*.svg=01;35:*.svgz=01;35:*.mng=01;35:*.pcx=01;35:*.mov=01;35:*.mpg=01;35:*.mpeg=01;35:*.m2v=01;35:*.mkv=01;35:*.webm=01;35:*.webp=01;35:*.ogm=01;35:*.mp4=01;35:*.m4v=01;35:*.mp4v=01;35:*.vob=01;35:*.qt=01;35:*.nuv=01;35:*.wmv=01;35:*.asf=01;35:*.rm=01;35:*.rmvb=01;35:*.flc=01;35:*.avi=01;35:*.fli=01;35:*.flv=01;35:*.gl=01;35:*.dl=01;35:*.xcf=01;35:*.xwd=01;35:*.yuv=01;35:*.cgm=01;35:*.emf=01;35:*.ogv=01;35:*.ogx=01;35:*.aac=00;36:*.au=00;36:*.flac=00;36:*.m4a=00;36:*.mid=00;36:*.midi=00;36:*.mka=00;36:*.mp3=00;36:*.mpc=00;36:*.ogg=00;36:*.ra=00;36:*.wav=00;36:*.oga=00;36:*.opus=00;36:*.spx=00;36:*.xspf=00;36:', 'VSCODE_GIT_IPC_HANDLE': '/run/user/1000/vscode-git-c015e2e957.sock', 'GNOME_TERMINAL_SERVICE': ':1.570', 'TERM_PROGRAM': 'vscode', 'SSH_AGENT_LAUNCHER': 'gnome-keyring', 'SSH_AUTH_SOCK': '/run/user/1000/keyring/ssh', 'AMENT_PREFIX_PATH': '/home/hs/ros2_study/install/sllidar_ros2:/home/hs/ros2_study/install/bno055:/home/hs/ros2_study/install/nexus_base_ros:/opt/ros/humble', 'SHELL': '/bin/bash', 'LC_NAME': 'ko_KR.UTF-8', 'QT_ACCESSIBILITY': '1', 'GDMSESSION': 'ubuntu', 'LESSCLOSE': '/usr/bin/lesspipe %s %s', 'LC_MEASUREMENT': 'ko_KR.UTF-8', 'LC_IDENTIFICATION': 'ko_KR.UTF-8', 'VSCODE_GIT_ASKPASS_EXTRA_ARGS': '', 'QT_IM_MODULE': 'ibus', 'PWD': '/home/hs/ros2_study/build/bno055', 'TURTLEBOT3_MODEL': 'burger', 'LC_ALL': 'en_US.UTF-8', 'XDG_CONFIG_DIRS': '/etc/xdg/xdg-ubuntu:/etc/xdg', 'GAZEBO_PLUGIN_PATH': ':/opt/ros/humble/lib:/opt/ros/humble/lib', 'DBUS_STARTER_ADDRESS': 'unix:path=/run/user/1000/bus,guid=f963dfa289b34d744642bec3696fbd95', 'XDG_DATA_DIRS': '/usr/share/ubuntu:/usr/local/share/:/usr/share/:/var/lib/snapd/desktop', 'PYTHONPATH': '/home/hs/ros2_study/build/bno055/prefix_override:/usr/lib/python3/dist-packages/colcon_core/task/python/colcon_distutils_commands:/home/hs/ros2_study/install/bno055/lib/python3.10/site-packages:/home/hs/ros2_study/install/bno055/lib/python3.10/site-packages:/home/hs/ros2_study/install/nexus_base_ros/local/lib/python3.10/dist-packages:/opt/ros/humble/lib/python3.10/site-packages:/opt/ros/humble/local/lib/python3.10/dist-packages', 'LC_NUMERIC': 'ko_KR.UTF-8', 'LC_PAPER': 'ko_KR.UTF-8', 'COLCON': '1', 'VTE_VERSION': '6800', 'CMAKE_PREFIX_PATH': '/home/hs/ros2_study/install/sllidar_ros2:/home/hs/ros2_study/install/nexus_base_ros'}, 'shell': False}
[1.506005] (-) TimerEvent: {}
[1.606318] (-) TimerEvent: {}
[1.706667] (-) TimerEvent: {}
[1.807001] (-) TimerEvent: {}
[1.907327] (-) TimerEvent: {}
[1.961710] (bno055) StdoutLine: {'line': b'running egg_info\n'}
[1.963102] (bno055) StdoutLine: {'line': b'writing ../../build/bno055/bno055.egg-info/PKG-INFO\n'}
[1.963573] (bno055) StdoutLine: {'line': b'writing dependency_links to ../../build/bno055/bno055.egg-info/dependency_links.txt\n'}
[1.963857] (bno055) StdoutLine: {'line': b'writing entry points to ../../build/bno055/bno055.egg-info/entry_points.txt\n'}
[1.964114] (bno055) StdoutLine: {'line': b'writing requirements to ../../build/bno055/bno055.egg-info/requires.txt\n'}
[1.964302] (bno055) StdoutLine: {'line': b'writing top-level names to ../../build/bno055/bno055.egg-info/top_level.txt\n'}
[1.968642] (bno055) StdoutLine: {'line': b"reading manifest file '../../build/bno055/bno055.egg-info/SOURCES.txt'\n"}
[1.969328] (bno055) StdoutLine: {'line': b"adding license file 'LICENSE'\n"}
[1.969557] (bno055) StdoutLine: {'line': b"adding license file 'AUTHORS'\n"}
[1.971463] (bno055) StdoutLine: {'line': b"writing manifest file '../../build/bno055/bno055.egg-info/SOURCES.txt'\n"}
[1.971745] (bno055) StdoutLine: {'line': b'running build\n'}
[1.971905] (bno055) StdoutLine: {'line': b'running build_py\n'}
[1.974914] (bno055) StdoutLine: {'line': b'running install\n'}
[1.975614] (bno055) StdoutLine: {'line': b'running install_lib\n'}
[1.979962] (bno055) StdoutLine: {'line': b'running install_data\n'}
[1.980400] (bno055) StdoutLine: {'line': b'running install_egg_info\n'}
[1.984161] (bno055) StdoutLine: {'line': b"removing '/home/hs/ros2_study/install/bno055/lib/python3.10/site-packages/bno055-0.5.0-py3.10.egg-info' (and everything under it)\n"}
[1.984633] (bno055) StdoutLine: {'line': b'Copying ../../build/bno055/bno055.egg-info to /home/hs/ros2_study/install/bno055/lib/python3.10/site-packages/bno055-0.5.0-py3.10.egg-info\n'}
[1.986372] (bno055) StdoutLine: {'line': b'running install_scripts\n'}
[2.007438] (-) TimerEvent: {}
[2.021299] (bno055) StdoutLine: {'line': b'Installing bno055 script to /home/hs/ros2_study/install/bno055/lib/bno055\n'}
[2.022301] (bno055) StdoutLine: {'line': b"writing list of installed files to '/home/hs/ros2_study/build/bno055/install.log'\n"}
[2.057995] (bno055) CommandEnded: {'returncode': 0}
[2.070387] (bno055) JobEnded: {'identifier': 'bno055', 'rc': 0}
[2.107571] (-) TimerEvent: {}
[2.208108] (-) TimerEvent: {}
[2.308533] (-) TimerEvent: {}
[2.408847] (-) TimerEvent: {}
[2.509132] (-) TimerEvent: {}
[2.609506] (-) TimerEvent: {}
[2.709829] (-) TimerEvent: {}
[2.810122] (-) TimerEvent: {}
[2.910455] (-) TimerEvent: {}
[3.010777] (-) TimerEvent: {}
[3.111125] (-) TimerEvent: {}
[3.211461] (-) TimerEvent: {}
[3.311819] (-) TimerEvent: {}
[3.412146] (-) TimerEvent: {}
[3.512432] (-) TimerEvent: {}
[3.612773] (-) TimerEvent: {}
[3.713111] (-) TimerEvent: {}
[3.813403] (-) TimerEvent: {}
[3.913761] (-) TimerEvent: {}
[4.014098] (-) TimerEvent: {}
[4.114448] (-) TimerEvent: {}
[4.214737] (-) TimerEvent: {}
[4.315073] (-) TimerEvent: {}
[4.415426] (-) TimerEvent: {}
[4.515776] (-) TimerEvent: {}
[4.616153] (-) TimerEvent: {}
[4.716513] (-) TimerEvent: {}
[4.816934] (-) TimerEvent: {}
[4.917239] (-) TimerEvent: {}
[5.017538] (-) TimerEvent: {}
[5.117892] (-) TimerEvent: {}
[5.218225] (-) TimerEvent: {}
[5.318557] (-) TimerEvent: {}
[5.418915] (-) TimerEvent: {}
[5.519275] (-) TimerEvent: {}
[5.619624] (-) TimerEvent: {}
[5.719960] (-) TimerEvent: {}
[5.820290] (-) TimerEvent: {}
[5.920636] (-) TimerEvent: {}
[6.020956] (-) TimerEvent: {}
[6.115103] (nexus_base_ros) StderrLine: {'line': b'\x1b[01m\x1b[K/home/hs/ros2_study/src/nexus_base_ros-master/src/nexus_serial_bridge.cpp:\x1b[m\x1b[K In constructor \xe2\x80\x98\x1b[01m\x1b[KNexusSerialBridge::NexusSerialBridge()\x1b[m\x1b[K\xe2\x80\x99:\n'}
[6.115387] (nexus_base_ros) StderrLine: {'line': b'\x1b[01m\x1b[K/home/hs/ros2_study/src/nexus_base_ros-master/src/nexus_serial_bridge.cpp:35:5:\x1b[m\x1b[K \x1b[01;31m\x1b[Kerror: \x1b[m\x1b[Kclass \xe2\x80\x98\x1b[01m\x1b[KNexusSerialBridge\x1b[m\x1b[K\xe2\x80\x99 does not have any field named \xe2\x80\x98\x1b[01m\x1b[Kio_\x1b[m\x1b[K\xe2\x80\x99\n'}
[6.115503] (nexus_base_ros) StderrLine: {'line': b'   35 |     \x1b[01;31m\x1b[Kio_\x1b[m\x1b[K(),\n'}
[6.115596] (nexus_base_ros) StderrLine: {'line': b'      |     \x1b[01;31m\x1b[K^~~\x1b[m\x1b[K\n'}
[6.115687] (nexus_base_ros) StderrLine: {'line': b'\x1b[01m\x1b[K/home/hs/ros2_study/src/nexus_base_ros-master/src/nexus_serial_bridge.cpp:36:5:\x1b[m\x1b[K \x1b[01;31m\x1b[Kerror: \x1b[m\x1b[Kclass \xe2\x80\x98\x1b[01m\x1b[KNexusSerialBridge\x1b[m\x1b[K\xe2\x80\x99 does not have any field named \xe2\x80\x98\x1b[01m\x1b[Kserial_\x1b[m\x1b[K\xe2\x80\x99\n'}
[6.115779] (nexus_base_ros) StderrLine: {'line': b'   36 |     \x1b[01;31m\x1b[Kserial_\x1b[m\x1b[K(io_),\n'}
[6.115866] (nexus_base_ros) StderrLine: {'line': b'      |     \x1b[01;31m\x1b[K^~~~~~~\x1b[m\x1b[K\n'}
[6.121029] (-) TimerEvent: {}
[6.123186] (nexus_base_ros) StderrLine: {'line': b'\x1b[01m\x1b[K/home/hs/ros2_study/src/nexus_base_ros-master/src/nexus_serial_bridge.cpp:36:13:\x1b[m\x1b[K \x1b[01;31m\x1b[Kerror: \x1b[m\x1b[K\xe2\x80\x98\x1b[01m\x1b[Kio_\x1b[m\x1b[K\xe2\x80\x99 was not declared in this scope\n'}
[6.123363] (nexus_base_ros) StderrLine: {'line': b'   36 |     serial_(\x1b[01;31m\x1b[Kio_\x1b[m\x1b[K),\n'}
[6.123469] (nexus_base_ros) StderrLine: {'line': b'      |             \x1b[01;31m\x1b[K^~~\x1b[m\x1b[K\n'}
[6.123558] (nexus_base_ros) StderrLine: {'line': b'\x1b[01m\x1b[K/home/hs/ros2_study/src/nexus_base_ros-master/src/nexus_serial_bridge.cpp:37:5:\x1b[m\x1b[K \x1b[01;31m\x1b[Kerror: \x1b[m\x1b[Kclass \xe2\x80\x98\x1b[01m\x1b[KNexusSerialBridge\x1b[m\x1b[K\xe2\x80\x99 does not have any field named \xe2\x80\x98\x1b[01m\x1b[Krunning_\x1b[m\x1b[K\xe2\x80\x99\n'}
[6.123651] (nexus_base_ros) StderrLine: {'line': b'   37 |     \x1b[01;31m\x1b[Krunning_\x1b[m\x1b[K(true),\n'}
[6.123738] (nexus_base_ros) StderrLine: {'line': b'      |     \x1b[01;31m\x1b[K^~~~~~~~\x1b[m\x1b[K\n'}
[6.123822] (nexus_base_ros) StderrLine: {'line': b'\x1b[01m\x1b[K/home/hs/ros2_study/src/nexus_base_ros-master/src/nexus_serial_bridge.cpp:38:5:\x1b[m\x1b[K \x1b[01;31m\x1b[Kerror: \x1b[m\x1b[Kclass \xe2\x80\x98\x1b[01m\x1b[KNexusSerialBridge\x1b[m\x1b[K\xe2\x80\x99 does not have any field named \xe2\x80\x98\x1b[01m\x1b[Karmed_\x1b[m\x1b[K\xe2\x80\x99\n'}
[6.123911] (nexus_base_ros) StderrLine: {'line': b'   38 |     \x1b[01;31m\x1b[Karmed_\x1b[m\x1b[K(true),\n'}
[6.123994] (nexus_base_ros) StderrLine: {'line': b'      |     \x1b[01;31m\x1b[K^~~~~~\x1b[m\x1b[K\n'}
[6.124081] (nexus_base_ros) StderrLine: {'line': b'\x1b[01m\x1b[K/home/hs/ros2_study/src/nexus_base_ros-master/src/nexus_serial_bridge.cpp:39:5:\x1b[m\x1b[K \x1b[01;31m\x1b[Kerror: \x1b[m\x1b[Kclass \xe2\x80\x98\x1b[01m\x1b[KNexusSerialBridge\x1b[m\x1b[K\xe2\x80\x99 does not have any field named \xe2\x80\x98\x1b[01m\x1b[Khas_cmd_\x1b[m\x1b[K\xe2\x80\x99\n'}
[6.124166] (nexus_base_ros) StderrLine: {'line': b'   39 |     \x1b[01;31m\x1b[Khas_cmd_\x1b[m\x1b[K(false) {\n'}
[6.124247] (nexus_base_ros) StderrLine: {'line': b'      |     \x1b[01;31m\x1b[K^~~~~~~~\x1b[m\x1b[K\n'}
[6.132540] (nexus_base_ros) StderrLine: {'line': b'\x1b[01m\x1b[K/home/hs/ros2_study/src/nexus_base_ros-master/src/nexus_serial_bridge.cpp:40:5:\x1b[m\x1b[K \x1b[01;31m\x1b[Kerror: \x1b[m\x1b[K\xe2\x80\x98\x1b[01m\x1b[Kport_\x1b[m\x1b[K\xe2\x80\x99 was not declared in this scope\n'}
[6.132785] (nexus_base_ros) StderrLine: {'line': b'   40 |     \x1b[01;31m\x1b[Kport_\x1b[m\x1b[K = declare_parameter<std::string>("serial_port", "/dev/ttyUSB0");\n'}
[6.132894] (nexus_base_ros) StderrLine: {'line': b'      |     \x1b[01;31m\x1b[K^~~~~\x1b[m\x1b[K\n'}
[6.146905] (nexus_base_ros) StderrLine: {'line': b'\x1b[01m\x1b[K/home/hs/ros2_study/src/nexus_base_ros-master/src/nexus_serial_bridge.cpp:41:5:\x1b[m\x1b[K \x1b[01;31m\x1b[Kerror: \x1b[m\x1b[K\xe2\x80\x98\x1b[01m\x1b[Kbaudrate_\x1b[m\x1b[K\xe2\x80\x99 was not declared in this scope\n'}
[6.147189] (nexus_base_ros) StderrLine: {'line': b'   41 |     \x1b[01;31m\x1b[Kbaudrate_\x1b[m\x1b[K = declare_parameter<int>("serial_baud", kDefaultBaudrate);\n'}
[6.147308] (nexus_base_ros) StderrLine: {'line': b'      |     \x1b[01;31m\x1b[K^~~~~~~~~\x1b[m\x1b[K\n'}
[6.166404] (nexus_base_ros) StderrLine: {'line': b'\x1b[01m\x1b[K/home/hs/ros2_study/src/nexus_base_ros-master/src/nexus_serial_bridge.cpp:42:5:\x1b[m\x1b[K \x1b[01;31m\x1b[Kerror: \x1b[m\x1b[K\xe2\x80\x98\x1b[01m\x1b[Ktx_rate_hz_\x1b[m\x1b[K\xe2\x80\x99 was not declared in this scope\n'}
[6.166630] (nexus_base_ros) StderrLine: {'line': b'   42 |     \x1b[01;31m\x1b[Ktx_rate_hz_\x1b[m\x1b[K = declare_parameter<double>("tx_rate_hz", kDefaultTxRateHz);\n'}
[6.166742] (nexus_base_ros) StderrLine: {'line': b'      |     \x1b[01;31m\x1b[K^~~~~~~~~~~\x1b[m\x1b[K\n'}
[6.190413] (nexus_base_ros) StderrLine: {'line': b'\x1b[01m\x1b[K/home/hs/ros2_study/src/nexus_base_ros-master/src/nexus_serial_bridge.cpp:43:5:\x1b[m\x1b[K \x1b[01;31m\x1b[Kerror: \x1b[m\x1b[K\xe2\x80\x98\x1b[01m\x1b[Kcmd_timeout_ms_\x1b[m\x1b[K\xe2\x80\x99 was not declared in this scope\n'}
[6.190634] (nexus_base_ros) StderrLine: {'line': b'   43 |     \x1b[01;31m\x1b[Kcmd_timeout_ms_\x1b[m\x1b[K = declare_parameter<int>("cmd_timeout_ms", kDefaultCmdTimeoutMs);\n'}
[6.190734] (nexus_base_ros) StderrLine: {'line': b'      |     \x1b[01;31m\x1b[K^~~~~~~~~~~~~~~\x1b[m\x1b[K\n'}
[6.203195] (nexus_base_ros) StderrLine: {'line': b'\x1b[01m\x1b[K/home/hs/ros2_study/src/nexus_base_ros-master/src/nexus_serial_bridge.cpp:44:5:\x1b[m\x1b[K \x1b[01;31m\x1b[Kerror: \x1b[m\x1b[K\xe2\x80\x98\x1b[01m\x1b[Kframe_id_\x1b[m\x1b[K\xe2\x80\x99 was not declared in this scope\n'}
[6.203396] (nexus_base_ros) StderrLine: {'line': b'   44 |     \x1b[01;31m\x1b[Kframe_id_\x1b[m\x1b[K = declare_parameter<std::string>("frame_id", "base_link");\n'}
[6.203506] (nexus_base_ros) StderrLine: {'line': b'      |     \x1b[01;31m\x1b[K^~~~~~~~~\x1b[m\x1b[K\n'}
[6.221142] (-) TimerEvent: {}
[6.224856] (nexus_base_ros) StderrLine: {'line': b'\x1b[01m\x1b[K/home/hs/ros2_study/src/nexus_base_ros-master/src/nexus_serial_bridge.cpp:46:5:\x1b[m\x1b[K \x1b[01;31m\x1b[Kerror: \x1b[m\x1b[K\xe2\x80\x98\x1b[01m\x1b[Kwheel_vel_pub_\x1b[m\x1b[K\xe2\x80\x99 was not declared in this scope\n'}
[6.225178] (nexus_base_ros) StderrLine: {'line': b'   46 |     \x1b[01;31m\x1b[Kwheel_vel_pub_\x1b[m\x1b[K = create_publisher<nexus_base_ros::msg::Encoders>("wheel_vel", rclcpp::SensorDataQoS());\n'}
[6.225365] (nexus_base_ros) StderrLine: {'line': b'      |     \x1b[01;31m\x1b[K^~~~~~~~~~~~~~\x1b[m\x1b[K\n'}
[6.255231] (nexus_base_ros) StderrLine: {'line': b'\x1b[01m\x1b[K/home/hs/ros2_study/src/nexus_base_ros-master/src/nexus_serial_bridge.cpp:47:5:\x1b[m\x1b[K \x1b[01;31m\x1b[Kerror: \x1b[m\x1b[K\xe2\x80\x98\x1b[01m\x1b[Kwheel_enc_pub_\x1b[m\x1b[K\xe2\x80\x99 was not declared in this scope\n'}
[6.255540] (nexus_base_ros) StderrLine: {'line': b'   47 |     \x1b[01;31m\x1b[Kwheel_enc_pub_\x1b[m\x1b[K = create_publisher<std_msgs::msg::Int32MultiArray>("wheel_enc", rclcpp::SensorDataQoS());\n'}
[6.255743] (nexus_base_ros) StderrLine: {'line': b'      |     \x1b[01;31m\x1b[K^~~~~~~~~~~~~~\x1b[m\x1b[K\n'}
[6.270078] (nexus_base_ros) StderrLine: {'line': b'\x1b[01m\x1b[K/home/hs/ros2_study/src/nexus_base_ros-master/src/nexus_serial_bridge.cpp:49:5:\x1b[m\x1b[K \x1b[01;31m\x1b[Kerror: \x1b[m\x1b[K\xe2\x80\x98\x1b[01m\x1b[Kcmd_sub_\x1b[m\x1b[K\xe2\x80\x99 was not declared in this scope\n'}
[6.270385] (nexus_base_ros) StderrLine: {'line': b'   49 |     \x1b[01;31m\x1b[Kcmd_sub_\x1b[m\x1b[K = create_subscription<geometry_msgs::msg::Twist>(\n'}
[6.270591] (nexus_base_ros) StderrLine: {'line': b'      |     \x1b[01;31m\x1b[K^~~~~~~~\x1b[m\x1b[K\n'}
[6.321257] (-) TimerEvent: {}
[6.371364] (nexus_base_ros) StderrLine: {'line': b'\x1b[01m\x1b[K/home/hs/ros2_study/src/nexus_base_ros-master/src/nexus_serial_bridge.cpp:54:5:\x1b[m\x1b[K \x1b[01;31m\x1b[Kerror: \x1b[m\x1b[K\xe2\x80\x98\x1b[01m\x1b[Kemergency_srv_\x1b[m\x1b[K\xe2\x80\x99 was not declared in this scope\n'}
[6.371685] (nexus_base_ros) StderrLine: {'line': b'   54 |     \x1b[01;31m\x1b[Kemergency_srv_\x1b[m\x1b[K = create_service<nexus_base_ros::srv::EmergencyStopEnable>(\n'}
[6.371866] (nexus_base_ros) StderrLine: {'line': b'      |     \x1b[01;31m\x1b[K^~~~~~~~~~~~~~\x1b[m\x1b[K\n'}
[6.420960] (nexus_base_ros) StderrLine: {'line': b'\x1b[01m\x1b[K/home/hs/ros2_study/src/nexus_base_ros-master/src/nexus_serial_bridge.cpp:58:5:\x1b[m\x1b[K \x1b[01;31m\x1b[Kerror: \x1b[m\x1b[K\xe2\x80\x98\x1b[01m\x1b[Karming_srv_\x1b[m\x1b[K\xe2\x80\x99 was not declared in this scope\n'}
[6.421253] (-) TimerEvent: {}
[6.421466] (nexus_base_ros) StderrLine: {'line': b'   58 |     \x1b[01;31m\x1b[Karming_srv_\x1b[m\x1b[K = create_service<nexus_base_ros::srv::ArmingEnable>(\n'}
[6.421661] (nexus_base_ros) StderrLine: {'line': b'      |     \x1b[01;31m\x1b[K^~~~~~~~~~~\x1b[m\x1b[K\n'}
[6.463104] (nexus_base_ros) StderrLine: {'line': b'\x1b[01m\x1b[K/home/hs/ros2_study/src/nexus_base_ros-master/src/nexus_serial_bridge.cpp:65:5:\x1b[m\x1b[K \x1b[01;31m\x1b[Kerror: \x1b[m\x1b[K\xe2\x80\x98\x1b[01m\x1b[Ksend_timer_\x1b[m\x1b[K\xe2\x80\x99 was not declared in this scope; did you mean \xe2\x80\x98\x1b[01m\x1b[Ksetitimer\x1b[m\x1b[K\xe2\x80\x99?\n'}
[6.463407] (nexus_base_ros) StderrLine: {'line': b'   65 |     \x1b[01;31m\x1b[Ksend_timer_\x1b[m\x1b[K = create_wall_timer(period, std::bind(&NexusSerialBridge::sendLatestCmd, this));\n'}
[6.463608] (nexus_base_ros) StderrLine: {'line': b'      |     \x1b[01;31m\x1b[K^~~~~~~~~~~\x1b[m\x1b[K\n'}
[6.463775] (nexus_base_ros) StderrLine: {'line': b'      |     \x1b[32m\x1b[Ksetitimer\x1b[m\x1b[K\n'}
[6.482603] (nexus_base_ros) StderrLine: {'line': b'\x1b[01m\x1b[K/home/hs/ros2_study/src/nexus_base_ros-master/src/nexus_serial_bridge.cpp:67:5:\x1b[m\x1b[K \x1b[01;31m\x1b[Kerror: \x1b[m\x1b[K\xe2\x80\x98\x1b[01m\x1b[Kread_thread_\x1b[m\x1b[K\xe2\x80\x99 was not declared in this scope; did you mean \xe2\x80\x98\x1b[01m\x1b[Kreadahead\x1b[m\x1b[K\xe2\x80\x99?\n'}
[6.482928] (nexus_base_ros) StderrLine: {'line': b'   67 |     \x1b[01;31m\x1b[Kread_thread_\x1b[m\x1b[K = std::thread(&NexusSerialBridge::readLoop, this);\n'}
[6.483097] (nexus_base_ros) StderrLine: {'line': b'      |     \x1b[01;31m\x1b[K^~~~~~~~~~~~\x1b[m\x1b[K\n'}
[6.483242] (nexus_base_ros) StderrLine: {'line': b'      |     \x1b[32m\x1b[Kreadahead\x1b[m\x1b[K\n'}
[6.521404] (-) TimerEvent: {}
[6.621790] (-) TimerEvent: {}
[6.722183] (-) TimerEvent: {}
[6.822598] (-) TimerEvent: {}
[6.923007] (-) TimerEvent: {}
[6.930285] (nexus_base_ros) StderrLine: {'line': b'\x1b[01m\x1b[K/home/hs/ros2_study/src/nexus_base_ros-master/src/nexus_serial_bridge.cpp:\x1b[m\x1b[K In destructor \xe2\x80\x98\x1b[01m\x1b[Kvirtual NexusSerialBridge::~NexusSerialBridge()\x1b[m\x1b[K\xe2\x80\x99:\n'}
[6.930610] (nexus_base_ros) StderrLine: {'line': b'\x1b[01m\x1b[K/home/hs/ros2_study/src/nexus_base_ros-master/src/nexus_serial_bridge.cpp:71:5:\x1b[m\x1b[K \x1b[01;31m\x1b[Kerror: \x1b[m\x1b[K\xe2\x80\x98\x1b[01m\x1b[Krunning_\x1b[m\x1b[K\xe2\x80\x99 was not declared in this scope\n'}
[6.930758] (nexus_base_ros) StderrLine: {'line': b'   71 |     \x1b[01;31m\x1b[Krunning_\x1b[m\x1b[K.store(false);\n'}
[6.930910] (nexus_base_ros) StderrLine: {'line': b'      |     \x1b[01;31m\x1b[K^~~~~~~~\x1b[m\x1b[K\n'}
[6.948428] (nexus_base_ros) StderrLine: {'line': b'\x1b[01m\x1b[K/home/hs/ros2_study/src/nexus_base_ros-master/src/nexus_serial_bridge.cpp:73:9:\x1b[m\x1b[K \x1b[01;31m\x1b[Kerror: \x1b[m\x1b[K\xe2\x80\x98\x1b[01m\x1b[Kread_thread_\x1b[m\x1b[K\xe2\x80\x99 was not declared in this scope; did you mean \xe2\x80\x98\x1b[01m\x1b[Kreadahead\x1b[m\x1b[K\xe2\x80\x99?\n'}
[6.948839] (nexus_base_ros) StderrLine: {'line': b'   73 |     if (\x1b[01;31m\x1b[Kread_thread_\x1b[m\x1b[K.joinable()) {\n'}
[6.948980] (nexus_base_ros) StderrLine: {'line': b'      |         \x1b[01;31m\x1b[K^~~~~~~~~~~~\x1b[m\x1b[K\n'}
[6.949087] (nexus_base_ros) StderrLine: {'line': b'      |         \x1b[32m\x1b[Kreadahead\x1b[m\x1b[K\n'}
[6.961510] (nexus_base_ros) StderrLine: {'line': b'\x1b[01m\x1b[K/home/hs/ros2_study/src/nexus_base_ros-master/src/nexus_serial_bridge.cpp:\x1b[m\x1b[K In member function \xe2\x80\x98\x1b[01m\x1b[Kvoid NexusSerialBridge::openSerial()\x1b[m\x1b[K\xe2\x80\x99:\n'}
[6.961753] (nexus_base_ros) StderrLine: {'line': b'\x1b[01m\x1b[K/home/hs/ros2_study/src/nexus_base_ros-master/src/nexus_serial_bridge.cpp:81:7:\x1b[m\x1b[K \x1b[01;31m\x1b[Kerror: \x1b[m\x1b[K\xe2\x80\x98\x1b[01m\x1b[Kserial_\x1b[m\x1b[K\xe2\x80\x99 was not declared in this scope\n'}
[6.961863] (nexus_base_ros) StderrLine: {'line': b'   81 |       \x1b[01;31m\x1b[Kserial_\x1b[m\x1b[K.open(port_);\n'}
[6.961964] (nexus_base_ros) StderrLine: {'line': b'      |       \x1b[01;31m\x1b[K^~~~~~~\x1b[m\x1b[K\n'}
[6.971425] (nexus_base_ros) StderrLine: {'line': b'\x1b[01m\x1b[K/home/hs/ros2_study/src/nexus_base_ros-master/src/nexus_serial_bridge.cpp:81:20:\x1b[m\x1b[K \x1b[01;31m\x1b[Kerror: \x1b[m\x1b[K\xe2\x80\x98\x1b[01m\x1b[Kport_\x1b[m\x1b[K\xe2\x80\x99 was not declared in this scope\n'}
[6.971652] (nexus_base_ros) StderrLine: {'line': b'   81 |       serial_.open(\x1b[01;31m\x1b[Kport_\x1b[m\x1b[K);\n'}
[6.971763] (nexus_base_ros) StderrLine: {'line': b'      |                    \x1b[01;31m\x1b[K^~~~~\x1b[m\x1b[K\n'}
[6.984596] (nexus_base_ros) StderrLine: {'line': b'\x1b[01m\x1b[K/home/hs/ros2_study/src/nexus_base_ros-master/src/nexus_serial_bridge.cpp:82:67:\x1b[m\x1b[K \x1b[01;31m\x1b[Kerror: \x1b[m\x1b[K\xe2\x80\x98\x1b[01m\x1b[Kbaudrate_\x1b[m\x1b[K\xe2\x80\x99 was not declared in this scope\n'}
[6.984828] (nexus_base_ros) StderrLine: {'line': b'   82 |       serial_.set_option(boost::asio::serial_port_base::baud_rate(\x1b[01;31m\x1b[Kbaudrate_\x1b[m\x1b[K));\n'}
[6.984935] (nexus_base_ros) StderrLine: {'line': b'      |                                                                   \x1b[01;31m\x1b[K^~~~~~~~~\x1b[m\x1b[K\n'}
[6.995119] (nexus_base_ros) StderrLine: {'line': b'In file included from \x1b[01m\x1b[K/opt/ros/humble/include/rclcpp/rclcpp/logging.hpp:24\x1b[m\x1b[K,\n'}
[6.995320] (nexus_base_ros) StderrLine: {'line': b'                 from \x1b[01m\x1b[K/opt/ros/humble/include/rclcpp/rclcpp/client.hpp:40\x1b[m\x1b[K,\n'}
[6.995432] (nexus_base_ros) StderrLine: {'line': b'                 from \x1b[01m\x1b[K/opt/ros/humble/include/rclcpp/rclcpp/callback_group.hpp:24\x1b[m\x1b[K,\n'}
[6.995537] (nexus_base_ros) StderrLine: {'line': b'                 from \x1b[01m\x1b[K/opt/ros/humble/include/rclcpp/rclcpp/any_executable.hpp:20\x1b[m\x1b[K,\n'}
[6.995622] (nexus_base_ros) StderrLine: {'line': b'                 from \x1b[01m\x1b[K/opt/ros/humble/include/rclcpp/rclcpp/memory_strategy.hpp:25\x1b[m\x1b[K,\n'}
[6.995708] (nexus_base_ros) StderrLine: {'line': b'                 from \x1b[01m\x1b[K/opt/ros/humble/include/rclcpp/rclcpp/memory_strategies.hpp:18\x1b[m\x1b[K,\n'}
[6.995789] (nexus_base_ros) StderrLine: {'line': b'                 from \x1b[01m\x1b[K/opt/ros/humble/include/rclcpp/rclcpp/executor_options.hpp:20\x1b[m\x1b[K,\n'}
[6.995869] (nexus_base_ros) StderrLine: {'line': b'                 from \x1b[01m\x1b[K/opt/ros/humble/include/rclcpp/rclcpp/executor.hpp:37\x1b[m\x1b[K,\n'}
[6.995949] (nexus_base_ros) StderrLine: {'line': b'                 from \x1b[01m\x1b[K/opt/ros/humble/include/rclcpp/rclcpp/executors/multi_threaded_executor.hpp:25\x1b[m\x1b[K,\n'}
[6.996029] (nexus_base_ros) StderrLine: {'line': b'                 from \x1b[01m\x1b[K/opt/ros/humble/include/rclcpp/rclcpp/executors.hpp:21\x1b[m\x1b[K,\n'}
[6.996107] (nexus_base_ros) StderrLine: {'line': b'                 from \x1b[01m\x1b[K/opt/ros/humble/include/rclcpp/rclcpp/rclcpp.hpp:155\x1b[m\x1b[K,\n'}
[6.996193] (nexus_base_ros) StderrLine: {'line': b'                 from \x1b[01m\x1b[K/home/hs/ros2_study/src/nexus_base_ros-master/src/nexus_serial_bridge.cpp:18\x1b[m\x1b[K:\n'}
[6.996272] (nexus_base_ros) StderrLine: {'line': b'\x1b[01m\x1b[K/home/hs/ros2_study/src/nexus_base_ros-master/src/nexus_serial_bridge.cpp:89:71:\x1b[m\x1b[K \x1b[01;31m\x1b[Kerror: \x1b[m\x1b[K\xe2\x80\x98\x1b[01m\x1b[Kport_\x1b[m\x1b[K\xe2\x80\x99 was not declared in this scope\n'}
[6.996364] (nexus_base_ros) StderrLine: {'line': b'   89 |       RCLCPP_ERROR(get_logger(), "Failed to open serial port %s: %s", \x1b[01;31m\x1b[Kport_\x1b[m\x1b[K.c_str(), ex.what());\n'}
[6.996477] (nexus_base_ros) StderrLine: {'line': b'      |                                                                       \x1b[01;31m\x1b[K^~~~~\x1b[m\x1b[K\n'}
[7.012894] (nexus_base_ros) StderrLine: {'line': b'\x1b[01m\x1b[K/home/hs/ros2_study/src/nexus_base_ros-master/src/nexus_serial_bridge.cpp:\x1b[m\x1b[K In member function \xe2\x80\x98\x1b[01m\x1b[Kvoid NexusSerialBridge::closeSerial()\x1b[m\x1b[K\xe2\x80\x99:\n'}
[7.013080] (nexus_base_ros) StderrLine: {'line': b'\x1b[01m\x1b[K/home/hs/ros2_study/src/nexus_base_ros-master/src/nexus_serial_bridge.cpp:94:38:\x1b[m\x1b[K \x1b[01;31m\x1b[Kerror: \x1b[m\x1b[K\xe2\x80\x98\x1b[01m\x1b[Kserial_mutex_\x1b[m\x1b[K\xe2\x80\x99 was not declared in this scope\n'}
[7.013183] (nexus_base_ros) StderrLine: {'line': b'   94 |     std::lock_guard<std::mutex> lock(\x1b[01;31m\x1b[Kserial_mutex_\x1b[m\x1b[K);\n'}
[7.013272] (nexus_base_ros) StderrLine: {'line': b'      |                                      \x1b[01;31m\x1b[K^~~~~~~~~~~~~\x1b[m\x1b[K\n'}
[7.022995] (nexus_base_ros) StderrLine: {'line': b'\x1b[01m\x1b[K/home/hs/ros2_study/src/nexus_base_ros-master/src/nexus_serial_bridge.cpp:95:9:\x1b[m\x1b[K \x1b[01;31m\x1b[Kerror: \x1b[m\x1b[K\xe2\x80\x98\x1b[01m\x1b[Kserial_\x1b[m\x1b[K\xe2\x80\x99 was not declared in this scope\n'}
[7.023174] (-) TimerEvent: {}
[7.023297] (nexus_base_ros) StderrLine: {'line': b'   95 |     if (\x1b[01;31m\x1b[Kserial_\x1b[m\x1b[K.is_open()) {\n'}
[7.023429] (nexus_base_ros) StderrLine: {'line': b'      |         \x1b[01;31m\x1b[K^~~~~~~\x1b[m\x1b[K\n'}
[7.042583] (nexus_base_ros) StderrLine: {'line': b'\x1b[01m\x1b[K/home/hs/ros2_study/src/nexus_base_ros-master/src/nexus_serial_bridge.cpp:\x1b[m\x1b[K In member function \xe2\x80\x98\x1b[01m\x1b[Kvoid NexusSerialBridge::cmdVelCallback(geometry_msgs::msg::Twist_<std::allocator<void> >::SharedPtr)\x1b[m\x1b[K\xe2\x80\x99:\n'}
[7.042798] (nexus_base_ros) StderrLine: {'line': b'\x1b[01m\x1b[K/home/hs/ros2_study/src/nexus_base_ros-master/src/nexus_serial_bridge.cpp:103:38:\x1b[m\x1b[K \x1b[01;31m\x1b[Kerror: \x1b[m\x1b[K\xe2\x80\x98\x1b[01m\x1b[Kcmd_mutex_\x1b[m\x1b[K\xe2\x80\x99 was not declared in this scope\n'}
[7.042896] (nexus_base_ros) StderrLine: {'line': b'  103 |     std::lock_guard<std::mutex> lock(\x1b[01;31m\x1b[Kcmd_mutex_\x1b[m\x1b[K);\n'}
[7.042983] (nexus_base_ros) StderrLine: {'line': b'      |                                      \x1b[01;31m\x1b[K^~~~~~~~~~\x1b[m\x1b[K\n'}
[7.061200] (nexus_base_ros) StderrLine: {'line': b'\x1b[01m\x1b[K/home/hs/ros2_study/src/nexus_base_ros-master/src/nexus_serial_bridge.cpp:104:5:\x1b[m\x1b[K \x1b[01;31m\x1b[Kerror: \x1b[m\x1b[K\xe2\x80\x98\x1b[01m\x1b[Kcmd_vx_mmps_\x1b[m\x1b[K\xe2\x80\x99 was not declared in this scope\n'}
[7.061441] (nexus_base_ros) StderrLine: {'line': b'  104 |     \x1b[01;31m\x1b[Kcmd_vx_mmps_\x1b[m\x1b[K = msg->linear.x * 1000.0;\n'}
[7.061546] (nexus_base_ros) StderrLine: {'line': b'      |     \x1b[01;31m\x1b[K^~~~~~~~~~~~\x1b[m\x1b[K\n'}
[7.079825] (nexus_base_ros) StderrLine: {'line': b'\x1b[01m\x1b[K/home/hs/ros2_study/src/nexus_base_ros-master/src/nexus_serial_bridge.cpp:105:5:\x1b[m\x1b[K \x1b[01;31m\x1b[Kerror: \x1b[m\x1b[K\xe2\x80\x98\x1b[01m\x1b[Kcmd_vy_mmps_\x1b[m\x1b[K\xe2\x80\x99 was not declared in this scope\n'}
[7.080109] (nexus_base_ros) StderrLine: {'line': b'  105 |     \x1b[01;31m\x1b[Kcmd_vy_mmps_\x1b[m\x1b[K = msg->linear.y * 1000.0;\n'}
[7.080210] (nexus_base_ros) StderrLine: {'line': b'      |     \x1b[01;31m\x1b[K^~~~~~~~~~~~\x1b[m\x1b[K\n'}
[7.101320] (nexus_base_ros) StderrLine: {'line': b'\x1b[01m\x1b[K/home/hs/ros2_study/src/nexus_base_ros-master/src/nexus_serial_bridge.cpp:106:5:\x1b[m\x1b[K \x1b[01;31m\x1b[Kerror: \x1b[m\x1b[K\xe2\x80\x98\x1b[01m\x1b[Kcmd_wz_mradps_\x1b[m\x1b[K\xe2\x80\x99 was not declared in this scope\n'}
[7.101516] (nexus_base_ros) StderrLine: {'line': b'  106 |     \x1b[01;31m\x1b[Kcmd_wz_mradps_\x1b[m\x1b[K = msg->angular.z * 1000.0;\n'}
[7.101619] (nexus_base_ros) StderrLine: {'line': b'      |     \x1b[01;31m\x1b[K^~~~~~~~~~~~~~\x1b[m\x1b[K\n'}
[7.120270] (nexus_base_ros) StderrLine: {'line': b'\x1b[01m\x1b[K/home/hs/ros2_study/src/nexus_base_ros-master/src/nexus_serial_bridge.cpp:107:5:\x1b[m\x1b[K \x1b[01;31m\x1b[Kerror: \x1b[m\x1b[K\xe2\x80\x98\x1b[01m\x1b[Klast_cmd_time_\x1b[m\x1b[K\xe2\x80\x99 was not declared in this scope\n'}
[7.120477] (nexus_base_ros) StderrLine: {'line': b'  107 |     \x1b[01;31m\x1b[Klast_cmd_time_\x1b[m\x1b[K = now();\n'}
[7.120596] (nexus_base_ros) StderrLine: {'line': b'      |     \x1b[01;31m\x1b[K^~~~~~~~~~~~~~\x1b[m\x1b[K\n'}
[7.123294] (-) TimerEvent: {}
[7.132371] (nexus_base_ros) StderrLine: {'line': b'\x1b[01m\x1b[K/home/hs/ros2_study/src/nexus_base_ros-master/src/nexus_serial_bridge.cpp:108:5:\x1b[m\x1b[K \x1b[01;31m\x1b[Kerror: \x1b[m\x1b[K\xe2\x80\x98\x1b[01m\x1b[Khas_cmd_\x1b[m\x1b[K\xe2\x80\x99 was not declared in this scope\n'}
[7.132598] (nexus_base_ros) StderrLine: {'line': b'  108 |     \x1b[01;31m\x1b[Khas_cmd_\x1b[m\x1b[K = true;\n'}
[7.132701] (nexus_base_ros) StderrLine: {'line': b'      |     \x1b[01;31m\x1b[K^~~~~~~~\x1b[m\x1b[K\n'}
[7.149099] (nexus_base_ros) StderrLine: {'line': b'\x1b[01m\x1b[K/home/hs/ros2_study/src/nexus_base_ros-master/src/nexus_serial_bridge.cpp:\x1b[m\x1b[K In member function \xe2\x80\x98\x1b[01m\x1b[Kvoid NexusSerialBridge::handleEmergencyStop(std::shared_ptr<nexus_base_ros::srv::EmergencyStopEnable_Request_<std::allocator<void> > >, std::shared_ptr<nexus_base_ros::srv::EmergencyStopEnable_Response_<std::allocator<void> > >)\x1b[m\x1b[K\xe2\x80\x99:\n'}
[7.149333] (nexus_base_ros) StderrLine: {'line': b'\x1b[01m\x1b[K/home/hs/ros2_study/src/nexus_base_ros-master/src/nexus_serial_bridge.cpp:115:7:\x1b[m\x1b[K \x1b[01;31m\x1b[Kerror: \x1b[m\x1b[K\xe2\x80\x98\x1b[01m\x1b[Karmed_\x1b[m\x1b[K\xe2\x80\x99 was not declared in this scope\n'}
[7.149471] (nexus_base_ros) StderrLine: {'line': b'  115 |       \x1b[01;31m\x1b[Karmed_\x1b[m\x1b[K.store(false);\n'}
[7.149563] (nexus_base_ros) StderrLine: {'line': b'      |       \x1b[01;31m\x1b[K^~~~~~\x1b[m\x1b[K\n'}
[7.166195] (nexus_base_ros) StderrLine: {'line': b'\x1b[01m\x1b[K/home/hs/ros2_study/src/nexus_base_ros-master/src/nexus_serial_bridge.cpp:\x1b[m\x1b[K In member function \xe2\x80\x98\x1b[01m\x1b[Kvoid NexusSerialBridge::handleArming(std::shared_ptr<nexus_base_ros::srv::ArmingEnable_Request_<std::allocator<void> > >, std::shared_ptr<nexus_base_ros::srv::ArmingEnable_Response_<std::allocator<void> > >)\x1b[m\x1b[K\xe2\x80\x99:\n'}
[7.166420] (nexus_base_ros) StderrLine: {'line': b'\x1b[01m\x1b[K/home/hs/ros2_study/src/nexus_base_ros-master/src/nexus_serial_bridge.cpp:125:7:\x1b[m\x1b[K \x1b[01;31m\x1b[Kerror: \x1b[m\x1b[K\xe2\x80\x98\x1b[01m\x1b[Karmed_\x1b[m\x1b[K\xe2\x80\x99 was not declared in this scope\n'}
[7.166542] (nexus_base_ros) StderrLine: {'line': b'  125 |       \x1b[01;31m\x1b[Karmed_\x1b[m\x1b[K.store(true);\n'}
[7.166635] (nexus_base_ros) StderrLine: {'line': b'      |       \x1b[01;31m\x1b[K^~~~~~\x1b[m\x1b[K\n'}
[7.176809] (nexus_base_ros) StderrLine: {'line': b'\x1b[01m\x1b[K/home/hs/ros2_study/src/nexus_base_ros-master/src/nexus_serial_bridge.cpp:\x1b[m\x1b[K In member function \xe2\x80\x98\x1b[01m\x1b[Kvoid NexusSerialBridge::sendLatestCmd()\x1b[m\x1b[K\xe2\x80\x99:\n'}
[7.176999] (nexus_base_ros) StderrLine: {'line': b'\x1b[01m\x1b[K/home/hs/ros2_study/src/nexus_base_ros-master/src/nexus_serial_bridge.cpp:131:10:\x1b[m\x1b[K \x1b[01;31m\x1b[Kerror: \x1b[m\x1b[K\xe2\x80\x98\x1b[01m\x1b[Kserial_\x1b[m\x1b[K\xe2\x80\x99 was not declared in this scope\n'}
[7.177110] (nexus_base_ros) StderrLine: {'line': b'  131 |     if (!\x1b[01;31m\x1b[Kserial_\x1b[m\x1b[K.is_open()) {\n'}
[7.177199] (nexus_base_ros) StderrLine: {'line': b'      |          \x1b[01;31m\x1b[K^~~~~~~\x1b[m\x1b[K\n'}
[7.191742] (nexus_base_ros) StderrLine: {'line': b'\x1b[01m\x1b[K/home/hs/ros2_study/src/nexus_base_ros-master/src/nexus_serial_bridge.cpp:141:40:\x1b[m\x1b[K \x1b[01;31m\x1b[Kerror: \x1b[m\x1b[K\xe2\x80\x98\x1b[01m\x1b[Kcmd_mutex_\x1b[m\x1b[K\xe2\x80\x99 was not declared in this scope\n'}
[7.191951] (nexus_base_ros) StderrLine: {'line': b'  141 |       std::lock_guard<std::mutex> lock(\x1b[01;31m\x1b[Kcmd_mutex_\x1b[m\x1b[K);\n'}
[7.192049] (nexus_base_ros) StderrLine: {'line': b'      |                                        \x1b[01;31m\x1b[K^~~~~~~~~~\x1b[m\x1b[K\n'}
[7.203701] (nexus_base_ros) StderrLine: {'line': b'\x1b[01m\x1b[K/home/hs/ros2_study/src/nexus_base_ros-master/src/nexus_serial_bridge.cpp:142:12:\x1b[m\x1b[K \x1b[01;31m\x1b[Kerror: \x1b[m\x1b[K\xe2\x80\x98\x1b[01m\x1b[Khas_cmd_\x1b[m\x1b[K\xe2\x80\x99 was not declared in this scope\n'}
[7.203932] (nexus_base_ros) StderrLine: {'line': b'  142 |       if (!\x1b[01;31m\x1b[Khas_cmd_\x1b[m\x1b[K) {\n'}
[7.204042] (nexus_base_ros) StderrLine: {'line': b'      |            \x1b[01;31m\x1b[K^~~~~~~~\x1b[m\x1b[K\n'}
[7.223420] (-) TimerEvent: {}
[7.223745] (nexus_base_ros) StderrLine: {'line': b'\x1b[01m\x1b[K/home/hs/ros2_study/src/nexus_base_ros-master/src/nexus_serial_bridge.cpp:145:32:\x1b[m\x1b[K \x1b[01;31m\x1b[Kerror: \x1b[m\x1b[K\xe2\x80\x98\x1b[01m\x1b[Klast_cmd_time_\x1b[m\x1b[K\xe2\x80\x99 was not declared in this scope\n'}
[7.223946] (nexus_base_ros) StderrLine: {'line': b'  145 |         auto age_ms = (now() - \x1b[01;31m\x1b[Klast_cmd_time_\x1b[m\x1b[K).nanoseconds() / 1000000;\n'}
[7.224075] (nexus_base_ros) StderrLine: {'line': b'      |                                \x1b[01;31m\x1b[K^~~~~~~~~~~~~~\x1b[m\x1b[K\n'}
[7.248626] (nexus_base_ros) StderrLine: {'line': b'\x1b[01m\x1b[K/home/hs/ros2_study/src/nexus_base_ros-master/src/nexus_serial_bridge.cpp:146:22:\x1b[m\x1b[K \x1b[01;31m\x1b[Kerror: \x1b[m\x1b[K\xe2\x80\x98\x1b[01m\x1b[Kcmd_timeout_ms_\x1b[m\x1b[K\xe2\x80\x99 was not declared in this scope\n'}
[7.249076] (nexus_base_ros) StderrLine: {'line': b'  146 |         if (age_ms > \x1b[01;31m\x1b[Kcmd_timeout_ms_\x1b[m\x1b[K) {\n'}
[7.249251] (nexus_base_ros) StderrLine: {'line': b'      |                      \x1b[01;31m\x1b[K^~~~~~~~~~~~~~~\x1b[m\x1b[K\n'}
[7.269033] (nexus_base_ros) StderrLine: {'line': b'\x1b[01m\x1b[K/home/hs/ros2_study/src/nexus_base_ros-master/src/nexus_serial_bridge.cpp:149:16:\x1b[m\x1b[K \x1b[01;31m\x1b[Kerror: \x1b[m\x1b[K\xe2\x80\x98\x1b[01m\x1b[Kcmd_vx_mmps_\x1b[m\x1b[K\xe2\x80\x99 was not declared in this scope\n'}
[7.269256] (nexus_base_ros) StderrLine: {'line': b'  149 |           vx = \x1b[01;31m\x1b[Kcmd_vx_mmps_\x1b[m\x1b[K;\n'}
[7.269369] (nexus_base_ros) StderrLine: {'line': b'      |                \x1b[01;31m\x1b[K^~~~~~~~~~~~\x1b[m\x1b[K\n'}
[7.288163] (nexus_base_ros) StderrLine: {'line': b'\x1b[01m\x1b[K/home/hs/ros2_study/src/nexus_base_ros-master/src/nexus_serial_bridge.cpp:150:16:\x1b[m\x1b[K \x1b[01;31m\x1b[Kerror: \x1b[m\x1b[K\xe2\x80\x98\x1b[01m\x1b[Kcmd_vy_mmps_\x1b[m\x1b[K\xe2\x80\x99 was not declared in this scope\n'}
[7.288481] (nexus_base_ros) StderrLine: {'line': b'  150 |           vy = \x1b[01;31m\x1b[Kcmd_vy_mmps_\x1b[m\x1b[K;\n'}
[7.288658] (nexus_base_ros) StderrLine: {'line': b'      |                \x1b[01;31m\x1b[K^~~~~~~~~~~~\x1b[m\x1b[K\n'}
[7.311576] (nexus_base_ros) StderrLine: {'line': b'\x1b[01m\x1b[K/home/hs/ros2_study/src/nexus_base_ros-master/src/nexus_serial_bridge.cpp:151:16:\x1b[m\x1b[K \x1b[01;31m\x1b[Kerror: \x1b[m\x1b[K\xe2\x80\x98\x1b[01m\x1b[Kcmd_wz_mradps_\x1b[m\x1b[K\xe2\x80\x99 was not declared in this scope\n'}
[7.311921] (nexus_base_ros) StderrLine: {'line': b'  151 |           wz = \x1b[01;31m\x1b[Kcmd_wz_mradps_\x1b[m\x1b[K;\n'}
[7.312097] (nexus_base_ros) StderrLine: {'line': b'      |                \x1b[01;31m\x1b[K^~~~~~~~~~~~~~\x1b[m\x1b[K\n'}
[7.321976] (nexus_base_ros) StderrLine: {'line': b'\x1b[01m\x1b[K/home/hs/ros2_study/src/nexus_base_ros-master/src/nexus_serial_bridge.cpp:156:10:\x1b[m\x1b[K \x1b[01;31m\x1b[Kerror: \x1b[m\x1b[K\xe2\x80\x98\x1b[01m\x1b[Karmed_\x1b[m\x1b[K\xe2\x80\x99 was not declared in this scope\n'}
[7.322186] (nexus_base_ros) StderrLine: {'line': b'  156 |     if (!\x1b[01;31m\x1b[Karmed_\x1b[m\x1b[K.load()) {\n'}
[7.322290] (nexus_base_ros) StderrLine: {'line': b'      |          \x1b[01;31m\x1b[K^~~~~~\x1b[m\x1b[K\n'}
[7.323488] (-) TimerEvent: {}
[7.341985] (nexus_base_ros) StderrLine: {'line': b'\x1b[01m\x1b[K/home/hs/ros2_study/src/nexus_base_ros-master/src/nexus_serial_bridge.cpp:\x1b[m\x1b[K In member function \xe2\x80\x98\x1b[01m\x1b[Kvoid NexusSerialBridge::writeLine(const string&)\x1b[m\x1b[K\xe2\x80\x99:\n'}
[7.342217] (nexus_base_ros) StderrLine: {'line': b'\x1b[01m\x1b[K/home/hs/ros2_study/src/nexus_base_ros-master/src/nexus_serial_bridge.cpp:171:38:\x1b[m\x1b[K \x1b[01;31m\x1b[Kerror: \x1b[m\x1b[K\xe2\x80\x98\x1b[01m\x1b[Kserial_mutex_\x1b[m\x1b[K\xe2\x80\x99 was not declared in this scope\n'}
[7.342318] (nexus_base_ros) StderrLine: {'line': b'  171 |     std::lock_guard<std::mutex> lock(\x1b[01;31m\x1b[Kserial_mutex_\x1b[m\x1b[K);\n'}
[7.342436] (nexus_base_ros) StderrLine: {'line': b'      |                                      \x1b[01;31m\x1b[K^~~~~~~~~~~~~\x1b[m\x1b[K\n'}
[7.353138] (nexus_base_ros) StderrLine: {'line': b'\x1b[01m\x1b[K/home/hs/ros2_study/src/nexus_base_ros-master/src/nexus_serial_bridge.cpp:172:10:\x1b[m\x1b[K \x1b[01;31m\x1b[Kerror: \x1b[m\x1b[K\xe2\x80\x98\x1b[01m\x1b[Kserial_\x1b[m\x1b[K\xe2\x80\x99 was not declared in this scope\n'}
[7.353421] (nexus_base_ros) StderrLine: {'line': b'  172 |     if (!\x1b[01;31m\x1b[Kserial_\x1b[m\x1b[K.is_open()) {\n'}
[7.353561] (nexus_base_ros) StderrLine: {'line': b'      |          \x1b[01;31m\x1b[K^~~~~~~\x1b[m\x1b[K\n'}
[7.364796] (nexus_base_ros) StderrLine: {'line': b'\x1b[01m\x1b[K/home/hs/ros2_study/src/nexus_base_ros-master/src/nexus_serial_bridge.cpp:176:24:\x1b[m\x1b[K \x1b[01;31m\x1b[Kerror: \x1b[m\x1b[K\xe2\x80\x98\x1b[01m\x1b[Kserial_\x1b[m\x1b[K\xe2\x80\x99 was not declared in this scope\n'}
[7.365215] (nexus_base_ros) StderrLine: {'line': b'  176 |     boost::asio::write(\x1b[01;31m\x1b[Kserial_\x1b[m\x1b[K, boost::asio::buffer(line), ec);\n'}
[7.365418] (nexus_base_ros) StderrLine: {'line': b'      |                        \x1b[01;31m\x1b[K^~~~~~~\x1b[m\x1b[K\n'}
[7.380267] (nexus_base_ros) StderrLine: {'line': b'\x1b[01m\x1b[K/home/hs/ros2_study/src/nexus_base_ros-master/src/nexus_serial_bridge.cpp:\x1b[m\x1b[K In member function \xe2\x80\x98\x1b[01m\x1b[Kvoid NexusSerialBridge::publishWheelVel(int, int, int, int)\x1b[m\x1b[K\xe2\x80\x99:\n'}
[7.380509] (nexus_base_ros) StderrLine: {'line': b'\x1b[01m\x1b[K/home/hs/ros2_study/src/nexus_base_ros-master/src/nexus_serial_bridge.cpp:195:27:\x1b[m\x1b[K \x1b[01;31m\x1b[Kerror: \x1b[m\x1b[K\xe2\x80\x98\x1b[01m\x1b[Kframe_id_\x1b[m\x1b[K\xe2\x80\x99 was not declared in this scope\n'}
[7.380613] (nexus_base_ros) StderrLine: {'line': b'  195 |     msg.header.frame_id = \x1b[01;31m\x1b[Kframe_id_\x1b[m\x1b[K;\n'}
[7.380705] (nexus_base_ros) StderrLine: {'line': b'      |                           \x1b[01;31m\x1b[K^~~~~~~~~\x1b[m\x1b[K\n'}
[7.402337] (nexus_base_ros) StderrLine: {'line': b'\x1b[01m\x1b[K/home/hs/ros2_study/src/nexus_base_ros-master/src/nexus_serial_bridge.cpp:200:5:\x1b[m\x1b[K \x1b[01;31m\x1b[Kerror: \x1b[m\x1b[K\xe2\x80\x98\x1b[01m\x1b[Kwheel_vel_pub_\x1b[m\x1b[K\xe2\x80\x99 was not declared in this scope\n'}
[7.402534] (nexus_base_ros) StderrLine: {'line': b'  200 |     \x1b[01;31m\x1b[Kwheel_vel_pub_\x1b[m\x1b[K->publish(msg);\n'}
[7.402631] (nexus_base_ros) StderrLine: {'line': b'      |     \x1b[01;31m\x1b[K^~~~~~~~~~~~~~\x1b[m\x1b[K\n'}
[7.423577] (-) TimerEvent: {}
[7.424237] (nexus_base_ros) StderrLine: {'line': b'\x1b[01m\x1b[K/home/hs/ros2_study/src/nexus_base_ros-master/src/nexus_serial_bridge.cpp:\x1b[m\x1b[K In member function \xe2\x80\x98\x1b[01m\x1b[Kvoid NexusSerialBridge::publishWheelEnc(long int, long int, long int, long int)\x1b[m\x1b[K\xe2\x80\x99:\n'}
[7.424429] (nexus_base_ros) StderrLine: {'line': b'\x1b[01m\x1b[K/home/hs/ros2_study/src/nexus_base_ros-master/src/nexus_serial_bridge.cpp:210:5:\x1b[m\x1b[K \x1b[01;31m\x1b[Kerror: \x1b[m\x1b[K\xe2\x80\x98\x1b[01m\x1b[Kwheel_enc_pub_\x1b[m\x1b[K\xe2\x80\x99 was not declared in this scope\n'}
[7.424534] (nexus_base_ros) StderrLine: {'line': b'  210 |     \x1b[01;31m\x1b[Kwheel_enc_pub_\x1b[m\x1b[K->publish(msg);\n'}
[7.424624] (nexus_base_ros) StderrLine: {'line': b'      |     \x1b[01;31m\x1b[K^~~~~~~~~~~~~~\x1b[m\x1b[K\n'}
[7.436768] (nexus_base_ros) StderrLine: {'line': b'\x1b[01m\x1b[K/home/hs/ros2_study/src/nexus_base_ros-master/src/nexus_serial_bridge.cpp:\x1b[m\x1b[K In member function \xe2\x80\x98\x1b[01m\x1b[Kvoid NexusSerialBridge::readLoop()\x1b[m\x1b[K\xe2\x80\x99:\n'}
[7.436989] (nexus_base_ros) StderrLine: {'line': b'\x1b[01m\x1b[K/home/hs/ros2_study/src/nexus_base_ros-master/src/nexus_serial_bridge.cpp:215:12:\x1b[m\x1b[K \x1b[01;31m\x1b[Kerror: \x1b[m\x1b[K\xe2\x80\x98\x1b[01m\x1b[Krunning_\x1b[m\x1b[K\xe2\x80\x99 was not declared in this scope\n'}
[7.437113] (nexus_base_ros) StderrLine: {'line': b'  215 |     while (\x1b[01;31m\x1b[Krunning_\x1b[m\x1b[K.load()) {\n'}
[7.437242] (nexus_base_ros) StderrLine: {'line': b'      |            \x1b[01;31m\x1b[K^~~~~~~~\x1b[m\x1b[K\n'}
[7.447976] (nexus_base_ros) StderrLine: {'line': b'\x1b[01m\x1b[K/home/hs/ros2_study/src/nexus_base_ros-master/src/nexus_serial_bridge.cpp:216:12:\x1b[m\x1b[K \x1b[01;31m\x1b[Kerror: \x1b[m\x1b[K\xe2\x80\x98\x1b[01m\x1b[Kserial_\x1b[m\x1b[K\xe2\x80\x99 was not declared in this scope\n'}
[7.448191] (nexus_base_ros) StderrLine: {'line': b'  216 |       if (!\x1b[01;31m\x1b[Kserial_\x1b[m\x1b[K.is_open()) {\n'}
[7.448291] (nexus_base_ros) StderrLine: {'line': b'      |            \x1b[01;31m\x1b[K^~~~~~~\x1b[m\x1b[K\n'}
[7.459295] (nexus_base_ros) StderrLine: {'line': b'\x1b[01m\x1b[K/home/hs/ros2_study/src/nexus_base_ros-master/src/nexus_serial_bridge.cpp:222:47:\x1b[m\x1b[K \x1b[01;31m\x1b[Kerror: \x1b[m\x1b[K\xe2\x80\x98\x1b[01m\x1b[Kserial_\x1b[m\x1b[K\xe2\x80\x99 was not declared in this scope\n'}
[7.459601] (nexus_base_ros) StderrLine: {'line': b"  222 |       std::size_t n = boost::asio::read_until(\x1b[01;31m\x1b[Kserial_\x1b[m\x1b[K, buffer, '\\n', ec);\n"}
[7.459759] (nexus_base_ros) StderrLine: {'line': b'      |                                               \x1b[01;31m\x1b[K^~~~~~~\x1b[m\x1b[K\n'}
[7.462912] (nexus_base_ros) StderrLine: {'line': b'\x1b[01m\x1b[K/home/hs/ros2_study/src/nexus_base_ros-master/src/nexus_serial_bridge.cpp:\x1b[m\x1b[K At global scope:\n'}
[7.463071] (nexus_base_ros) StderrLine: {'line': b'\x1b[01m\x1b[K/home/hs/ros2_study/src/nexus_base_ros-master/src/nexus_serial_bridge.cpp:252:27:\x1b[m\x1b[K \x1b[01;31m\x1b[Kerror: \x1b[m\x1b[Kexpected initializer before \xe2\x80\x98\x1b[01m\x1b[Kio_\x1b[m\x1b[K\xe2\x80\x99\n'}
[7.463169] (nexus_base_ros) StderrLine: {'line': b'  252 |   boost::asio::io_context \x1b[01;31m\x1b[Kio_\x1b[m\x1b[K;\n'}
[7.463256] (nexus_base_ros) StderrLine: {'line': b'      |                           \x1b[01;31m\x1b[K^~~\x1b[m\x1b[K\n'}
[7.464071] (nexus_base_ros) StderrLine: {'line': b'\x1b[01m\x1b[K/home/hs/ros2_study/src/nexus_base_ros-master/src/nexus_serial_bridge.cpp:253:28:\x1b[m\x1b[K \x1b[01;31m\x1b[Kerror: \x1b[m\x1b[Kno matching function for call to \xe2\x80\x98\x1b[01m\x1b[Kboost::asio::basic_serial_port<>::basic_serial_port()\x1b[m\x1b[K\xe2\x80\x99\n'}
[7.464220] (nexus_base_ros) StderrLine: {'line': b'  253 |   boost::asio::serial_port \x1b[01;31m\x1b[Kserial_\x1b[m\x1b[K;\n'}
[7.464340] (nexus_base_ros) StderrLine: {'line': b'      |                            \x1b[01;31m\x1b[K^~~~~~~\x1b[m\x1b[K\n'}
[7.467083] (nexus_base_ros) StderrLine: {'line': b'In file included from \x1b[01m\x1b[K/usr/include/boost/asio.hpp:29\x1b[m\x1b[K,\n'}
[7.467245] (nexus_base_ros) StderrLine: {'line': b'                 from \x1b[01m\x1b[K/home/hs/ros2_study/src/nexus_base_ros-master/src/nexus_serial_bridge.cpp:14\x1b[m\x1b[K:\n'}
[7.467362] (nexus_base_ros) StderrLine: {'line': b'\x1b[01m\x1b[K/usr/include/boost/asio/basic_serial_port.hpp:245:3:\x1b[m\x1b[K \x1b[01;36m\x1b[Knote: \x1b[m\x1b[Kcandidate: \xe2\x80\x98\x1b[01m\x1b[Ktemplate<class ExecutionContext> boost::asio::basic_serial_port<Executor>::basic_serial_port(ExecutionContext&, const native_handle_type&, typename std::enable_if<std::is_convertible<ExecutionContext&, boost::asio::execution_context&>::value>::type*) [with ExecutionContext = ExecutionContext; Executor = boost::asio::execution::any_executor<boost::asio::execution::context_as_t<boost::asio::execution_context&>, boost::asio::execution::detail::blocking::never_t<0>, boost::asio::execution::prefer_only<boost::asio::execution::detail::blocking::possibly_t<0> >, boost::asio::execution::prefer_only<boost::asio::execution::detail::outstanding_work::tracked_t<0> >, boost::asio::execution::prefer_only<boost::asio::execution::detail::outstanding_work::untracked_t<0> >, boost::asio::execution::prefer_only<boost::asio::execution::detail::relationship::fork_t<0> >, boost::asio::execution::prefer_only<boost::asio::execution::detail::relationship::continuation_t<0> > >]\x1b[m\x1b[K\xe2\x80\x99\n'}
[7.467578] (nexus_base_ros) StderrLine: {'line': b'  245 |   \x1b[01;36m\x1b[Kbasic_serial_port\x1b[m\x1b[K(ExecutionContext& context,\n'}
[7.467722] (nexus_base_ros) StderrLine: {'line': b'      |   \x1b[01;36m\x1b[K^~~~~~~~~~~~~~~~~\x1b[m\x1b[K\n'}
[7.468079] (nexus_base_ros) StderrLine: {'line': b'\x1b[01m\x1b[K/usr/include/boost/asio/basic_serial_port.hpp:245:3:\x1b[m\x1b[K \x1b[01;36m\x1b[Knote: \x1b[m\x1b[K  template argument deduction/substitution failed:\n'}
[7.468483] (nexus_base_ros) StderrLine: {'line': b'\x1b[01m\x1b[K/home/hs/ros2_study/src/nexus_base_ros-master/src/nexus_serial_bridge.cpp:253:28:\x1b[m\x1b[K \x1b[01;36m\x1b[Knote: \x1b[m\x1b[K  candidate expects 3 arguments, 0 provided\n'}
[7.468585] (nexus_base_ros) StderrLine: {'line': b'  253 |   boost::asio::serial_port \x1b[01;36m\x1b[Kserial_\x1b[m\x1b[K;\n'}
[7.468672] (nexus_base_ros) StderrLine: {'line': b'      |                            \x1b[01;36m\x1b[K^~~~~~~\x1b[m\x1b[K\n'}
[7.468756] (nexus_base_ros) StderrLine: {'line': b'In file included from \x1b[01m\x1b[K/usr/include/boost/asio.hpp:29\x1b[m\x1b[K,\n'}
[7.468839] (nexus_base_ros) StderrLine: {'line': b'                 from \x1b[01m\x1b[K/home/hs/ros2_study/src/nexus_base_ros-master/src/nexus_serial_bridge.cpp:14\x1b[m\x1b[K:\n'}
[7.468924] (nexus_base_ros) StderrLine: {'line': b'\x1b[01m\x1b[K/usr/include/boost/asio/basic_serial_port.hpp:197:3:\x1b[m\x1b[K \x1b[01;36m\x1b[Knote: \x1b[m\x1b[Kcandidate: \xe2\x80\x98\x1b[01m\x1b[Ktemplate<class ExecutionContext> boost::asio::basic_serial_port<Executor>::basic_serial_port(ExecutionContext&, const string&, typename std::enable_if<std::is_convertible<ExecutionContext&, boost::asio::execution_context&>::value>::type*) [with ExecutionContext = ExecutionContext; Executor = boost::asio::execution::any_executor<boost::asio::execution::context_as_t<boost::asio::execution_context&>, boost::asio::execution::detail::blocking::never_t<0>, boost::asio::execution::prefer_only<boost::asio::execution::detail::blocking::possibly_t<0> >, boost::asio::execution::prefer_only<boost::asio::execution::detail::outstanding_work::tracked_t<0> >, boost::asio::execution::prefer_only<boost::asio::execution::detail::outstanding_work::untracked_t<0> >, boost::asio::execution::prefer_only<boost::asio::execution::detail::relationship::fork_t<0> >, boost::asio::execution::prefer_only<boost::asio::execution::detail::relationship::continuation_t<0> > >]\x1b[m\x1b[K\xe2\x80\x99\n'}
[7.469035] (nexus_base_ros) StderrLine: {'line': b'  197 |   \x1b[01;36m\x1b[Kbasic_serial_port\x1b[m\x1b[K(ExecutionContext& context, const std::string& device,\n'}
[7.469117] (nexus_base_ros) StderrLine: {'line': b'      |   \x1b[01;36m\x1b[K^~~~~~~~~~~~~~~~~\x1b[m\x1b[K\n'}
[7.469197] (nexus_base_ros) StderrLine: {'line': b'\x1b[01m\x1b[K/usr/include/boost/asio/basic_serial_port.hpp:197:3:\x1b[m\x1b[K \x1b[01;36m\x1b[Knote: \x1b[m\x1b[K  template argument deduction/substitution failed:\n'}
[7.469301] (nexus_base_ros) StderrLine: {'line': b'\x1b[01m\x1b[K/home/hs/ros2_study/src/nexus_base_ros-master/src/nexus_serial_bridge.cpp:253:28:\x1b[m\x1b[K \x1b[01;36m\x1b[Knote: \x1b[m\x1b[K  candidate expects 3 arguments, 0 provided\n'}
[7.469405] (nexus_base_ros) StderrLine: {'line': b'  253 |   boost::asio::serial_port \x1b[01;36m\x1b[Kserial_\x1b[m\x1b[K;\n'}
[7.469491] (nexus_base_ros) StderrLine: {'line': b'      |                            \x1b[01;36m\x1b[K^~~~~~~\x1b[m\x1b[K\n'}
[7.469572] (nexus_base_ros) StderrLine: {'line': b'In file included from \x1b[01m\x1b[K/usr/include/boost/asio.hpp:29\x1b[m\x1b[K,\n'}
[7.469652] (nexus_base_ros) StderrLine: {'line': b'                 from \x1b[01m\x1b[K/home/hs/ros2_study/src/nexus_base_ros-master/src/nexus_serial_bridge.cpp:14\x1b[m\x1b[K:\n'}
[7.469732] (nexus_base_ros) StderrLine: {'line': b'\x1b[01m\x1b[K/usr/include/boost/asio/basic_serial_port.hpp:153:3:\x1b[m\x1b[K \x1b[01;36m\x1b[Knote: \x1b[m\x1b[Kcandidate: \xe2\x80\x98\x1b[01m\x1b[Ktemplate<class ExecutionContext> boost::asio::basic_serial_port<Executor>::basic_serial_port(ExecutionContext&, const char*, typename std::enable_if<std::is_convertible<ExecutionContext&, boost::asio::execution_context&>::value>::type*) [with ExecutionContext = ExecutionContext; Executor = boost::asio::execution::any_executor<boost::asio::execution::context_as_t<boost::asio::execution_context&>, boost::asio::execution::detail::blocking::never_t<0>, boost::asio::execution::prefer_only<boost::asio::execution::detail::blocking::possibly_t<0> >, boost::asio::execution::prefer_only<boost::asio::execution::detail::outstanding_work::tracked_t<0> >, boost::asio::execution::prefer_only<boost::asio::execution::detail::outstanding_work::untracked_t<0> >, boost::asio::execution::prefer_only<boost::asio::execution::detail::relationship::fork_t<0> >, boost::asio::execution::prefer_only<boost::asio::execution::detail::relationship::continuation_t<0> > >]\x1b[m\x1b[K\xe2\x80\x99\n'}
[7.469840] (nexus_base_ros) StderrLine: {'line': b'  153 |   \x1b[01;36m\x1b[Kbasic_serial_port\x1b[m\x1b[K(ExecutionContext& context, const char* device,\n'}
[7.469922] (nexus_base_ros) StderrLine: {'line': b'      |   \x1b[01;36m\x1b[K^~~~~~~~~~~~~~~~~\x1b[m\x1b[K\n'}
[7.470001] (nexus_base_ros) StderrLine: {'line': b'\x1b[01m\x1b[K/usr/include/boost/asio/basic_serial_port.hpp:153:3:\x1b[m\x1b[K \x1b[01;36m\x1b[Knote: \x1b[m\x1b[K  template argument deduction/substitution failed:\n'}
[7.470083] (nexus_base_ros) StderrLine: {'line': b'\x1b[01m\x1b[K/home/hs/ros2_study/src/nexus_base_ros-master/src/nexus_serial_bridge.cpp:253:28:\x1b[m\x1b[K \x1b[01;36m\x1b[Knote: \x1b[m\x1b[K  candidate expects 3 arguments, 0 provided\n'}
[7.470164] (nexus_base_ros) StderrLine: {'line': b'  253 |   boost::asio::serial_port \x1b[01;36m\x1b[Kserial_\x1b[m\x1b[K;\n'}
[7.470243] (nexus_base_ros) StderrLine: {'line': b'      |                            \x1b[01;36m\x1b[K^~~~~~~\x1b[m\x1b[K\n'}
[7.470322] (nexus_base_ros) StderrLine: {'line': b'In file included from \x1b[01m\x1b[K/usr/include/boost/asio.hpp:29\x1b[m\x1b[K,\n'}
[7.470421] (nexus_base_ros) StderrLine: {'line': b'                 from \x1b[01m\x1b[K/home/hs/ros2_study/src/nexus_base_ros-master/src/nexus_serial_bridge.cpp:14\x1b[m\x1b[K:\n'}
[7.470506] (nexus_base_ros) StderrLine: {'line': b'\x1b[01m\x1b[K/usr/include/boost/asio/basic_serial_port.hpp:111:12:\x1b[m\x1b[K \x1b[01;36m\x1b[Knote: \x1b[m\x1b[Kcandidate: \xe2\x80\x98\x1b[01m\x1b[Ktemplate<class ExecutionContext> boost::asio::basic_serial_port<Executor>::basic_serial_port(ExecutionContext&, typename std::enable_if<std::is_convertible<ExecutionContext&, boost::asio::execution_context&>::value, boost::asio::basic_serial_port<Executor> >::type*) [with ExecutionContext = ExecutionContext; Executor = boost::asio::execution::any_executor<boost::asio::execution::context_as_t<boost::asio::execution_context&>, boost::asio::execution::detail::blocking::never_t<0>, boost::asio::execution::prefer_only<boost::asio::execution::detail::blocking::possibly_t<0> >, boost::asio::execution::prefer_only<boost::asio::execution::detail::outstanding_work::tracked_t<0> >, boost::asio::execution::prefer_only<boost::asio::execution::detail::outstanding_work::untracked_t<0> >, boost::asio::execution::prefer_only<boost::asio::execution::detail::relationship::fork_t<0> >, boost::asio::execution::prefer_only<boost::asio::execution::detail::relationship::continuation_t<0> > >]\x1b[m\x1b[K\xe2\x80\x99\n'}
[7.470610] (nexus_base_ros) StderrLine: {'line': b'  111 |   explicit \x1b[01;36m\x1b[Kbasic_serial_port\x1b[m\x1b[K(ExecutionContext& context,\n'}
[7.470691] (nexus_base_ros) StderrLine: {'line': b'      |            \x1b[01;36m\x1b[K^~~~~~~~~~~~~~~~~\x1b[m\x1b[K\n'}
[7.470771] (nexus_base_ros) StderrLine: {'line': b'\x1b[01m\x1b[K/usr/include/boost/asio/basic_serial_port.hpp:111:12:\x1b[m\x1b[K \x1b[01;36m\x1b[Knote: \x1b[m\x1b[K  template argument deduction/substitution failed:\n'}
[7.470852] (nexus_base_ros) StderrLine: {'line': b'\x1b[01m\x1b[K/home/hs/ros2_study/src/nexus_base_ros-master/src/nexus_serial_bridge.cpp:253:28:\x1b[m\x1b[K \x1b[01;36m\x1b[Knote: \x1b[m\x1b[K  candidate expects 2 arguments, 0 provided\n'}
[7.470934] (nexus_base_ros) StderrLine: {'line': b'  253 |   boost::asio::serial_port \x1b[01;36m\x1b[Kserial_\x1b[m\x1b[K;\n'}
[7.471013] (nexus_base_ros) StderrLine: {'line': b'      |                            \x1b[01;36m\x1b[K^~~~~~~\x1b[m\x1b[K\n'}
[7.471093] (nexus_base_ros) StderrLine: {'line': b'In file included from \x1b[01m\x1b[K/usr/include/boost/asio.hpp:29\x1b[m\x1b[K,\n'}
[7.471174] (nexus_base_ros) StderrLine: {'line': b'                 from \x1b[01m\x1b[K/home/hs/ros2_study/src/nexus_base_ros-master/src/nexus_serial_bridge.cpp:14\x1b[m\x1b[K:\n'}
[7.471255] (nexus_base_ros) StderrLine: {'line': b'\x1b[01m\x1b[K/usr/include/boost/asio/basic_serial_port.hpp:270:3:\x1b[m\x1b[K \x1b[01;36m\x1b[Knote: \x1b[m\x1b[Kcandidate: \xe2\x80\x98\x1b[01m\x1b[Kboost::asio::basic_serial_port<Executor>::basic_serial_port(boost::asio::basic_serial_port<Executor>&&) [with Executor = boost::asio::execution::any_executor<boost::asio::execution::context_as_t<boost::asio::execution_context&>, boost::asio::execution::detail::blocking::never_t<0>, boost::asio::execution::prefer_only<boost::asio::execution::detail::blocking::possibly_t<0> >, boost::asio::execution::prefer_only<boost::asio::execution::detail::outstanding_work::tracked_t<0> >, boost::asio::execution::prefer_only<boost::asio::execution::detail::outstanding_work::untracked_t<0> >, boost::asio::execution::prefer_only<boost::asio::execution::detail::relationship::fork_t<0> >, boost::asio::execution::prefer_only<boost::asio::execution::detail::relationship::continuation_t<0> > >]\x1b[m\x1b[K\xe2\x80\x99\n'}
[7.471368] (nexus_base_ros) StderrLine: {'line': b'  270 |   \x1b[01;36m\x1b[Kbasic_serial_port\x1b[m\x1b[K(basic_serial_port&& other)\n'}
[7.471459] (nexus_base_ros) StderrLine: {'line': b'      |   \x1b[01;36m\x1b[K^~~~~~~~~~~~~~~~~\x1b[m\x1b[K\n'}
[7.471542] (nexus_base_ros) StderrLine: {'line': b'\x1b[01m\x1b[K/usr/include/boost/asio/basic_serial_port.hpp:270:3:\x1b[m\x1b[K \x1b[01;36m\x1b[Knote: \x1b[m\x1b[K  candidate expects 1 argument, 0 provided\n'}
[7.471625] (nexus_base_ros) StderrLine: {'line': b'\x1b[01m\x1b[K/usr/include/boost/asio/basic_serial_port.hpp:221:3:\x1b[m\x1b[K \x1b[01;36m\x1b[Knote: \x1b[m\x1b[Kcandidate: \xe2\x80\x98\x1b[01m\x1b[Kboost::asio::basic_serial_port<Executor>::basic_serial_port(const executor_type&, const native_handle_type&) [with Executor = boost::asio::execution::any_executor<boost::asio::execution::context_as_t<boost::asio::execution_context&>, boost::asio::execution::detail::blocking::never_t<0>, boost::asio::execution::prefer_only<boost::asio::execution::detail::blocking::possibly_t<0> >, boost::asio::execution::prefer_only<boost::asio::execution::detail::outstanding_work::tracked_t<0> >, boost::asio::execution::prefer_only<boost::asio::execution::detail::outstanding_work::untracked_t<0> >, boost::asio::execution::prefer_only<boost::asio::execution::detail::relationship::fork_t<0> >, boost::asio::execution::prefer_only<boost::asio::execution::detail::relationship::continuation_t<0> > >; boost::asio::basic_serial_port<Executor>::executor_type = boost::asio::execution::any_executor<boost::asio::execution::context_as_t<boost::asio::execution_context&>, boost::asio::execution::detail::blocking::never_t<0>, boost::asio::execution::prefer_only<boost::asio::execution::detail::blocking::possibly_t<0> >, boost::asio::execution::prefer_only<boost::asio::execution::detail::outstanding_work::tracked_t<0> >, boost::asio::execution::prefer_only<boost::asio::execution::detail::outstanding_work::untracked_t<0> >, boost::asio::execution::prefer_only<boost::asio::execution::detail::relationship::fork_t<0> >, boost::asio::execution::prefer_only<boost::asio::execution::detail::relationship::continuation_t<0> > >; boost::asio::basic_serial_port<Executor>::native_handle_type = int]\x1b[m\x1b[K\xe2\x80\x99\n'}
[7.471729] (nexus_base_ros) StderrLine: {'line': b'  221 |   \x1b[01;36m\x1b[Kbasic_serial_port\x1b[m\x1b[K(const executor_type& ex,\n'}
[7.471810] (nexus_base_ros) StderrLine: {'line': b'      |   \x1b[01;36m\x1b[K^~~~~~~~~~~~~~~~~\x1b[m\x1b[K\n'}
[7.471891] (nexus_base_ros) StderrLine: {'line': b'\x1b[01m\x1b[K/usr/include/boost/asio/basic_serial_port.hpp:221:3:\x1b[m\x1b[K \x1b[01;36m\x1b[Knote: \x1b[m\x1b[K  candidate expects 2 arguments, 0 provided\n'}
[7.471971] (nexus_base_ros) StderrLine: {'line': b'\x1b[01m\x1b[K/usr/include/boost/asio/basic_serial_port.hpp:176:3:\x1b[m\x1b[K \x1b[01;36m\x1b[Knote: \x1b[m\x1b[Kcandidate: \xe2\x80\x98\x1b[01m\x1b[Kboost::asio::basic_serial_port<Executor>::basic_serial_port(const executor_type&, const string&) [with Executor = boost::asio::execution::any_executor<boost::asio::execution::context_as_t<boost::asio::execution_context&>, boost::asio::execution::detail::blocking::never_t<0>, boost::asio::execution::prefer_only<boost::asio::execution::detail::blocking::possibly_t<0> >, boost::asio::execution::prefer_only<boost::asio::execution::detail::outstanding_work::tracked_t<0> >, boost::asio::execution::prefer_only<boost::asio::execution::detail::outstanding_work::untracked_t<0> >, boost::asio::execution::prefer_only<boost::asio::execution::detail::relationship::fork_t<0> >, boost::asio::execution::prefer_only<boost::asio::execution::detail::relationship::continuation_t<0> > >; boost::asio::basic_serial_port<Executor>::executor_type = boost::asio::execution::any_executor<boost::asio::execution::context_as_t<boost::asio::execution_context&>, boost::asio::execution::detail::blocking::never_t<0>, boost::asio::execution::prefer_only<boost::asio::execution::detail::blocking::possibly_t<0> >, boost::asio::execution::prefer_only<boost::asio::execution::detail::outstanding_work::tracked_t<0> >, boost::asio::execution::prefer_only<boost::asio::execution::detail::outstanding_work::untracked_t<0> >, boost::asio::execution::prefer_only<boost::asio::execution::detail::relationship::fork_t<0> >, boost::asio::execution::prefer_only<boost::asio::execution::detail::relationship::continuation_t<0> > >; std::string = std::__cxx11::basic_string<char>]\x1b[m\x1b[K\xe2\x80\x99\n'}
[7.472080] (nexus_base_ros) StderrLine: {'line': b'  176 |   \x1b[01;36m\x1b[Kbasic_serial_port\x1b[m\x1b[K(const executor_type& ex, const std::string& device)\n'}
[7.472162] (nexus_base_ros) StderrLine: {'line': b'      |   \x1b[01;36m\x1b[K^~~~~~~~~~~~~~~~~\x1b[m\x1b[K\n'}
[7.472244] (nexus_base_ros) StderrLine: {'line': b'\x1b[01m\x1b[K/usr/include/boost/asio/basic_serial_port.hpp:176:3:\x1b[m\x1b[K \x1b[01;36m\x1b[Knote: \x1b[m\x1b[K  candidate expects 2 arguments, 0 provided\n'}
[7.472324] (nexus_base_ros) StderrLine: {'line': b'\x1b[01m\x1b[K/usr/include/boost/asio/basic_serial_port.hpp:132:3:\x1b[m\x1b[K \x1b[01;36m\x1b[Knote: \x1b[m\x1b[Kcandidate: \xe2\x80\x98\x1b[01m\x1b[Kboost::asio::basic_serial_port<Executor>::basic_serial_port(const executor_type&, const char*) [with Executor = boost::asio::execution::any_executor<boost::asio::execution::context_as_t<boost::asio::execution_context&>, boost::asio::execution::detail::blocking::never_t<0>, boost::asio::execution::prefer_only<boost::asio::execution::detail::blocking::possibly_t<0> >, boost::asio::execution::prefer_only<boost::asio::execution::detail::outstanding_work::tracked_t<0> >, boost::asio::execution::prefer_only<boost::asio::execution::detail::outstanding_work::untracked_t<0> >, boost::asio::execution::prefer_only<boost::asio::execution::detail::relationship::fork_t<0> >, boost::asio::execution::prefer_only<boost::asio::execution::detail::relationship::continuation_t<0> > >; boost::asio::basic_serial_port<Executor>::executor_type = boost::asio::execution::any_executor<boost::asio::execution::context_as_t<boost::asio::execution_context&>, boost::asio::execution::detail::blocking::never_t<0>, boost::asio::execution::prefer_only<boost::asio::execution::detail::blocking::possibly_t<0> >, boost::asio::execution::prefer_only<boost::asio::execution::detail::outstanding_work::tracked_t<0> >, boost::asio::execution::prefer_only<boost::asio::execution::detail::outstanding_work::untracked_t<0> >, boost::asio::execution::prefer_only<boost::asio::execution::detail::relationship::fork_t<0> >, boost::asio::execution::prefer_only<boost::asio::execution::detail::relationship::continuation_t<0> > >]\x1b[m\x1b[K\xe2\x80\x99\n'}
[7.472444] (nexus_base_ros) StderrLine: {'line': b'  132 |   \x1b[01;36m\x1b[Kbasic_serial_port\x1b[m\x1b[K(const executor_type& ex, const char* device)\n'}
[7.472529] (nexus_base_ros) StderrLine: {'line': b'      |   \x1b[01;36m\x1b[K^~~~~~~~~~~~~~~~~\x1b[m\x1b[K\n'}
[7.472610] (nexus_base_ros) StderrLine: {'line': b'\x1b[01m\x1b[K/usr/include/boost/asio/basic_serial_port.hpp:132:3:\x1b[m\x1b[K \x1b[01;36m\x1b[Knote: \x1b[m\x1b[K  candidate expects 2 arguments, 0 provided\n'}
[7.472689] (nexus_base_ros) StderrLine: {'line': b'\x1b[01m\x1b[K/usr/include/boost/asio/basic_serial_port.hpp:97:12:\x1b[m\x1b[K \x1b[01;36m\x1b[Knote: \x1b[m\x1b[Kcandidate: \xe2\x80\x98\x1b[01m\x1b[Kboost::asio::basic_serial_port<Executor>::basic_serial_port(const executor_type&) [with Executor = boost::asio::execution::any_executor<boost::asio::execution::context_as_t<boost::asio::execution_context&>, boost::asio::execution::detail::blocking::never_t<0>, boost::asio::execution::prefer_only<boost::asio::execution::detail::blocking::possibly_t<0> >, boost::asio::execution::prefer_only<boost::asio::execution::detail::outstanding_work::tracked_t<0> >, boost::asio::execution::prefer_only<boost::asio::execution::detail::outstanding_work::untracked_t<0> >, boost::asio::execution::prefer_only<boost::asio::execution::detail::relationship::fork_t<0> >, boost::asio::execution::prefer_only<boost::asio::execution::detail::relationship::continuation_t<0> > >; boost::asio::basic_serial_port<Executor>::executor_type = boost::asio::execution::any_executor<boost::asio::execution::context_as_t<boost::asio::execution_context&>, boost::asio::execution::detail::blocking::never_t<0>, boost::asio::execution::prefer_only<boost::asio::execution::detail::blocking::possibly_t<0> >, boost::asio::execution::prefer_only<boost::asio::execution::detail::outstanding_work::tracked_t<0> >, boost::asio::execution::prefer_only<boost::asio::execution::detail::outstanding_work::untracked_t<0> >, boost::asio::execution::prefer_only<boost::asio::execution::detail::relationship::fork_t<0> >, boost::asio::execution::prefer_only<boost::asio::execution::detail::relationship::continuation_t<0> > >]\x1b[m\x1b[K\xe2\x80\x99\n'}
[7.472792] (nexus_base_ros) StderrLine: {'line': b'   97 |   explicit \x1b[01;36m\x1b[Kbasic_serial_port\x1b[m\x1b[K(const executor_type& ex)\n'}
[7.472872] (nexus_base_ros) StderrLine: {'line': b'      |            \x1b[01;36m\x1b[K^~~~~~~~~~~~~~~~~\x1b[m\x1b[K\n'}
[7.472951] (nexus_base_ros) StderrLine: {'line': b'\x1b[01m\x1b[K/usr/include/boost/asio/basic_serial_port.hpp:97:12:\x1b[m\x1b[K \x1b[01;36m\x1b[Knote: \x1b[m\x1b[K  candidate expects 1 argument, 0 provided\n'}
[7.477018] (nexus_base_ros) StderrLine: {'line': b'\x1b[01m\x1b[K/home/hs/ros2_study/src/nexus_base_ros-master/src/nexus_serial_bridge.cpp:278:1:\x1b[m\x1b[K \x1b[01;31m\x1b[Kerror: \x1b[m\x1b[Kexpected declaration before \xe2\x80\x98\x1b[01m\x1b[K}\x1b[m\x1b[K\xe2\x80\x99 token\n'}
[7.477169] (nexus_base_ros) StderrLine: {'line': b'  278 | \x1b[01;31m\x1b[K}\x1b[m\x1b[K;\n'}
[7.477264] (nexus_base_ros) StderrLine: {'line': b'      | \x1b[01;31m\x1b[K^\x1b[m\x1b[K\n'}
[7.523711] (-) TimerEvent: {}
[7.624029] (-) TimerEvent: {}
[7.724369] (-) TimerEvent: {}
[7.824698] (-) TimerEvent: {}
[7.925020] (-) TimerEvent: {}
[8.025379] (-) TimerEvent: {}
[8.125743] (-) TimerEvent: {}
[8.226091] (-) TimerEvent: {}
[8.326441] (-) TimerEvent: {}
[8.426803] (-) TimerEvent: {}
[8.527142] (-) TimerEvent: {}
[8.627450] (-) TimerEvent: {}
[8.727844] (-) TimerEvent: {}
[8.828235] (-) TimerEvent: {}
[8.928574] (-) TimerEvent: {}
[9.028902] (-) TimerEvent: {}
[9.129233] (-) TimerEvent: {}
[9.229551] (-) TimerEvent: {}
[9.329941] (-) TimerEvent: {}
[9.430301] (-) TimerEvent: {}
[9.530607] (-) TimerEvent: {}
[9.630931] (-) TimerEvent: {}
[9.731267] (-) TimerEvent: {}
[9.831567] (-) TimerEvent: {}
[9.931910] (-) TimerEvent: {}
[10.032247] (-) TimerEvent: {}
[10.132616] (-) TimerEvent: {}
[10.232947] (-) TimerEvent: {}
[10.333243] (-) TimerEvent: {}
[10.433566] (-) TimerEvent: {}
[10.533916] (-) TimerEvent: {}
[10.634269] (-) TimerEvent: {}
[10.734570] (-) TimerEvent: {}
[10.834902] (-) TimerEvent: {}
[10.935242] (-) TimerEvent: {}
[11.016707] (nexus_base_ros) StderrLine: {'line': b'gmake[2]: *** [CMakeFiles/nexus_serial_bridge.dir/build.make:76: CMakeFiles/nexus_serial_bridge.dir/src/nexus_serial_bridge.cpp.o] \xec\x98\xa4\xeb\xa5\x98 1\n'}
[11.017115] (nexus_base_ros) StderrLine: {'line': b'gmake[1]: *** [CMakeFiles/Makefile2:598: CMakeFiles/nexus_serial_bridge.dir/all] \xec\x98\xa4\xeb\xa5\x98 2\n'}
[11.017482] (nexus_base_ros) StderrLine: {'line': b'gmake: *** [Makefile:146: all] \xec\x98\xa4\xeb\xa5\x98 2\n'}
[11.019328] (nexus_base_ros) CommandEnded: {'returncode': 2}
[11.032270] (nexus_base_ros) JobEnded: {'identifier': 'nexus_base_ros', 'rc': 2}
[11.035410] (-) TimerEvent: {}
[11.043771] (-) EventReactorShutdown: {}
