[0.000000] (-) TimerEvent: {}
[0.000480] (nexus_base_ros) JobQueued: {'identifier': 'nexus_base_ros', 'dependencies': OrderedDict()}
[0.000542] (nexus_base_ros) JobStarted: {'identifier': 'nexus_base_ros'}
[0.014861] (nexus_base_ros) JobProgress: {'identifier': 'nexus_base_ros', 'progress': 'cmake'}
[0.016421] (nexus_base_ros) Command: {'cmd': ['/usr/local/bin/cmake', '/home/hs/ros2_study/src/nexus_base_ros-master', '-DCMAKE_INSTALL_PREFIX=/home/hs/ros2_study/install/nexus_base_ros'], 'cwd': '/home/hs/ros2_study/build/nexus_base_ros', 'env': OrderedDict([('PYTHON_BASIC_REPL', '1'), ('LESSOPEN', '| /usr/bin/lesspipe %s'), ('LANGUAGE', 'ko:en_US:en'), ('USER', 'hs'), ('LC_TIME', 'ko_KR.UTF-8'), ('XDG_SESSION_TYPE', 'wayland'), ('GIT_ASKPASS', '/usr/share/code/resources/app/extensions/git/dist/askpass.sh'), ('STM32CubeMX_PATH', '/home/hs/STM32CubeMX'), ('SHLVL', '2'), ('LD_LIBRARY_PATH', '/usr/lib/x86_64-linux-gnu/gazebo-11/plugins:/opt/ros/humble/opt/rviz_ogre_vendor/lib:/opt/ros/humble/lib/x86_64-linux-gnu:/opt/ros/humble/lib'), ('HOME', '/home/hs'), ('CHROME_DESKTOP', 'code.desktop'), ('TERM_PROGRAM_VERSION', '1.108.1'), ('DESKTOP_SESSION', 'ubuntu'), ('ROS_PYTHON_VERSION', '3'), ('GNOME_SHELL_SESSION_MODE', 'ubuntu'), ('GTK_MODULES', 'gail:atk-bridge'), ('VSCODE_GIT_ASKPASS_MAIN', '/usr/share/code/resources/app/extensions/git/dist/askpass-main.js'), ('LC_MONETARY', 'ko_KR.UTF-8'), ('VSCODE_GIT_ASKPASS_NODE', '/usr/share/code/code'), ('PYDEVD_DISABLE_FILE_VALIDATION', '1'), ('DBUS_STARTER_BUS_TYPE', 'session'), ('SYSTEMD_EXEC_PID', '2975'), ('BUNDLED_DEBUGPY_PATH', '/home/hs/.vscode/extensions/ms-python.debugpy-2025.10.0-linux-x64/bundled/libs/debugpy'), ('VSCODE_PYTHON_AUTOACTIVATE_GUARD', '1'), ('DBUS_SESSION_BUS_ADDRESS', 'unix:path=/run/user/1000/bus,guid=f963dfa289b34d744642bec3696fbd95'), ('COLORTERM', 'truecolor'), ('IM_CONFIG_PHASE', '1'), ('WAYLAND_DISPLAY', 'wayland-0'), ('ROS_DISTRO', 'humble'), ('LOGNAME', 'hs'), ('_', '/usr/bin/colcon'), ('ROS_VERSION', '2'), ('XDG_SESSION_CLASS', 'user'), ('USERNAME', 'hs'), ('TERM', 'xterm-256color'), ('GAZEBO_MODEL_PATH', ':/opt/ros/humble/share:/opt/ros/humble/share'), ('GNOME_DESKTOP_SESSION_ID', 'this-is-deprecated'), ('FC_FONTATIONS', '1'), ('ROS_LOCALHOST_ONLY', '0'), ('PATH', '/usr/local/MATLAB/R2024b/bin:/usr/local/MATLAB/R2024b/bin:/opt/ros/humble/bin:/home/hs/.local/bin:/usr/local/sbin:/usr/local/bin:/usr/sbin:/usr/bin:/sbin:/bin:/usr/games:/usr/local/games:/snap/bin:/snap/bin:/home/hs/esp/xtensa-esp32-elf/bin:/opt/JLink:/home/hs/.vscode/extensions/ms-python.debugpy-2025.10.0-linux-x64/bundled/scripts/noConfigScripts:/opt/JLink'), ('SESSION_MANAGER', 'local/hs-760XBE:@/tmp/.ICE-unix/2975,unix/hs-760XBE:/tmp/.ICE-unix/2975'), ('PAPERSIZE', 'a4'), ('XDG_MENU_PREFIX', 'gnome-'), ('LC_ADDRESS', 'ko_KR.UTF-8'), ('GNOME_TERMINAL_SCREEN', '/org/gnome/Terminal/screen/c624cff7_ea00_4557_80b0_6ca17a5db9be'), ('GNOME_SETUP_DISPLAY', ':1'), ('XDG_RUNTIME_DIR', '/run/user/1000'), ('GDK_BACKEND', 'wayland'), ('DISPLAY', ':0'), ('VSCODE_DEBUGPY_ADAPTER_ENDPOINTS', '/home/hs/.vscode/extensions/ms-python.debugpy-2025.10.0-linux-x64/.noConfigDebugAdapterEndpoints/endpoint-93dc2f40e9dcc4fe.txt'), ('LANG', 'ko_KR.UTF-8'), ('XDG_CURRENT_DESKTOP', 'ubuntu:GNOME'), ('LC_TELEPHONE', 'ko_KR.UTF-8'), ('XMODIFIERS', '@im=ibus'), ('XDG_SESSION_DESKTOP', 'ubuntu'), ('XAUTHORITY', '/run/user/1000/.mutter-Xwaylandauth.2A37I3'), ('LS_COLORS', 'rs=0:di=01;34:ln=01;36:mh=00:pi=40;33:so=01;35:do=01;35:bd=40;33;01:cd=40;33;01:or=40;31;01:mi=00:su=37;41:sg=30;43:ca=30;41:tw=30;42:ow=34;42:st=37;44:ex=01;32:*.tar=01;31:*.tgz=01;31:*.arc=01;31:*.arj=01;31:*.taz=01;31:*.lha=01;31:*.lz4=01;31:*.lzh=01;31:*.lzma=01;31:*.tlz=01;31:*.txz=01;31:*.tzo=01;31:*.t7z=01;31:*.zip=01;31:*.z=01;31:*.dz=01;31:*.gz=01;31:*.lrz=01;31:*.lz=01;31:*.lzo=01;31:*.xz=01;31:*.zst=01;31:*.tzst=01;31:*.bz2=01;31:*.bz=01;31:*.tbz=01;31:*.tbz2=01;31:*.tz=01;31:*.deb=01;31:*.rpm=01;31:*.jar=01;31:*.war=01;31:*.ear=01;31:*.sar=01;31:*.rar=01;31:*.alz=01;31:*.ace=01;31:*.zoo=01;31:*.cpio=01;31:*.7z=01;31:*.rz=01;31:*.cab=01;31:*.wim=01;31:*.swm=01;31:*.dwm=01;31:*.esd=01;31:*.jpg=01;35:*.jpeg=01;35:*.mjpg=01;35:*.mjpeg=01;35:*.gif=01;35:*.bmp=01;35:*.pbm=01;35:*.pgm=01;35:*.ppm=01;35:*.tga=01;35:*.xbm=01;35:*.xpm=01;35:*.tif=01;35:*.tiff=01;35:*.png=01;35:*.svg=01;35:*.svgz=01;35:*.mng=01;35:*.pcx=01;35:*.mov=01;35:*.mpg=01;35:*.mpeg=01;35:*.m2v=01;35:*.mkv=01;35:*.webm=01;35:*.webp=01;35:*.ogm=01;35:*.mp4=01;35:*.m4v=01;35:*.mp4v=01;35:*.vob=01;35:*.qt=01;35:*.nuv=01;35:*.wmv=01;35:*.asf=01;35:*.rm=01;35:*.rmvb=01;35:*.flc=01;35:*.avi=01;35:*.fli=01;35:*.flv=01;35:*.gl=01;35:*.dl=01;35:*.xcf=01;35:*.xwd=01;35:*.yuv=01;35:*.cgm=01;35:*.emf=01;35:*.ogv=01;35:*.ogx=01;35:*.aac=00;36:*.au=00;36:*.flac=00;36:*.m4a=00;36:*.mid=00;36:*.midi=00;36:*.mka=00;36:*.mp3=00;36:*.mpc=00;36:*.ogg=00;36:*.ra=00;36:*.wav=00;36:*.oga=00;36:*.opus=00;36:*.spx=00;36:*.xspf=00;36:'), ('VSCODE_GIT_IPC_HANDLE', '/run/user/1000/vscode-git-c015e2e957.sock'), ('GNOME_TERMINAL_SERVICE', ':1.570'), ('TERM_PROGRAM', 'vscode'), ('SSH_AGENT_LAUNCHER', 'gnome-keyring'), ('SSH_AUTH_SOCK', '/run/user/1000/keyring/ssh'), ('AMENT_PREFIX_PATH', '/opt/ros/humble'), ('SHELL', '/bin/bash'), ('LC_NAME', 'ko_KR.UTF-8'), ('QT_ACCESSIBILITY', '1'), ('GDMSESSION', 'ubuntu'), ('LESSCLOSE', '/usr/bin/lesspipe %s %s'), ('LC_MEASUREMENT', 'ko_KR.UTF-8'), ('LC_IDENTIFICATION', 'ko_KR.UTF-8'), ('VSCODE_GIT_ASKPASS_EXTRA_ARGS', ''), ('QT_IM_MODULE', 'ibus'), ('PWD', '/home/hs/ros2_study/build/nexus_base_ros'), ('TURTLEBOT3_MODEL', 'burger'), ('LC_ALL', 'en_US.UTF-8'), ('XDG_CONFIG_DIRS', '/etc/xdg/xdg-ubuntu:/etc/xdg'), ('GAZEBO_PLUGIN_PATH', ':/opt/ros/humble/lib:/opt/ros/humble/lib'), ('DBUS_STARTER_ADDRESS', 'unix:path=/run/user/1000/bus,guid=f963dfa289b34d744642bec3696fbd95'), ('XDG_DATA_DIRS', '/usr/share/ubuntu:/usr/local/share/:/usr/share/:/var/lib/snapd/desktop'), ('PYTHONPATH', '/opt/ros/humble/lib/python3.10/site-packages:/opt/ros/humble/local/lib/python3.10/dist-packages'), ('LC_NUMERIC', 'ko_KR.UTF-8'), ('LC_PAPER', 'ko_KR.UTF-8'), ('COLCON', '1'), ('VTE_VERSION', '6800'), ('CMAKE_PREFIX_PATH', '/opt/ros/humble')]), 'shell': False}
[0.098930] (-) TimerEvent: {}
[0.170948] (nexus_base_ros) StdoutLine: {'line': b'-- The C compiler identification is GNU 11.4.0\n'}
[0.199169] (-) TimerEvent: {}
[0.299834] (-) TimerEvent: {}
[0.400425] (-) TimerEvent: {}
[0.403844] (nexus_base_ros) StdoutLine: {'line': b'-- The CXX compiler identification is GNU 11.4.0\n'}
[0.420966] (nexus_base_ros) StdoutLine: {'line': b'-- Detecting C compiler ABI info\n'}
[0.500559] (-) TimerEvent: {}
[0.511669] (nexus_base_ros) StdoutLine: {'line': b'-- Detecting C compiler ABI info - done\n'}
[0.538559] (nexus_base_ros) StdoutLine: {'line': b'-- Check for working C compiler: /usr/bin/cc - skipped\n'}
[0.539110] (nexus_base_ros) StdoutLine: {'line': b'-- Detecting C compile features\n'}
[0.539890] (nexus_base_ros) StdoutLine: {'line': b'-- Detecting C compile features - done\n'}
[0.546087] (nexus_base_ros) StdoutLine: {'line': b'-- Detecting CXX compiler ABI info\n'}
[0.600713] (-) TimerEvent: {}
[0.655499] (nexus_base_ros) StdoutLine: {'line': b'-- Detecting CXX compiler ABI info - done\n'}
[0.684372] (nexus_base_ros) StdoutLine: {'line': b'-- Check for working CXX compiler: /usr/bin/c++ - skipped\n'}
[0.684810] (nexus_base_ros) StdoutLine: {'line': b'-- Detecting CXX compile features\n'}
[0.685591] (nexus_base_ros) StdoutLine: {'line': b'-- Detecting CXX compile features - done\n'}
[0.700775] (-) TimerEvent: {}
[0.703023] (nexus_base_ros) StdoutLine: {'line': b'-- Found ament_cmake: 1.3.12 (/opt/ros/humble/share/ament_cmake/cmake)\n'}
[0.800892] (-) TimerEvent: {}
[0.887941] (nexus_base_ros) StdoutLine: {'line': b'-- Found Python3: /usr/bin/python3 (found version "3.10.12") found components: Interpreter\n'}
[0.901009] (-) TimerEvent: {}
[1.001321] (-) TimerEvent: {}
[1.077037] (nexus_base_ros) StdoutLine: {'line': b'-- Found rclcpp: 16.0.17 (/opt/ros/humble/share/rclcpp/cmake)\n'}
[1.101401] (-) TimerEvent: {}
[1.194968] (nexus_base_ros) StdoutLine: {'line': b'-- Found rosidl_generator_c: 3.1.8 (/opt/ros/humble/share/rosidl_generator_c/cmake)\n'}
[1.201531] (-) TimerEvent: {}
[1.218003] (nexus_base_ros) StdoutLine: {'line': b'-- Found rosidl_adapter: 3.1.8 (/opt/ros/humble/share/rosidl_adapter/cmake)\n'}
[1.260028] (nexus_base_ros) StdoutLine: {'line': b'-- Found rosidl_generator_cpp: 3.1.8 (/opt/ros/humble/share/rosidl_generator_cpp/cmake)\n'}
[1.301680] (-) TimerEvent: {}
[1.303161] (nexus_base_ros) StdoutLine: {'line': b'-- Using all available rosidl_typesupport_c: rosidl_typesupport_fastrtps_c;rosidl_typesupport_introspection_c\n'}
[1.341693] (nexus_base_ros) StdoutLine: {'line': b'-- Using all available rosidl_typesupport_cpp: rosidl_typesupport_fastrtps_cpp;rosidl_typesupport_introspection_cpp\n'}
[1.401828] (-) TimerEvent: {}
[1.440295] (nexus_base_ros) StdoutLine: {'line': b'-- Found rmw_implementation_cmake: 6.1.2 (/opt/ros/humble/share/rmw_implementation_cmake/cmake)\n'}
[1.446118] (nexus_base_ros) StdoutLine: {'line': b'-- Found rmw_fastrtps_cpp: 6.2.9 (/opt/ros/humble/share/rmw_fastrtps_cpp/cmake)\n'}
[1.501930] (-) TimerEvent: {}
[1.579392] (nexus_base_ros) StdoutLine: {'line': b'-- Found OpenSSL: /usr/lib/x86_64-linux-gnu/libcrypto.so (found version "3.0.2")\n'}
[1.602059] (-) TimerEvent: {}
[1.649487] (nexus_base_ros) StdoutLine: {'line': b'-- Found FastRTPS: /opt/ros/humble/include\n'}
[1.702226] (-) TimerEvent: {}
[1.743719] (nexus_base_ros) StdoutLine: {'line': b"-- Using RMW implementation 'rmw_fastrtps_cpp' as default\n"}
[1.761792] (nexus_base_ros) StdoutLine: {'line': b'-- Performing Test CMAKE_HAVE_LIBC_PTHREAD\n'}
[1.802347] (-) TimerEvent: {}
[1.883085] (nexus_base_ros) StdoutLine: {'line': b'-- Performing Test CMAKE_HAVE_LIBC_PTHREAD - Success\n'}
[1.887487] (nexus_base_ros) StdoutLine: {'line': b'-- Found Threads: TRUE\n'}
[1.902502] (-) TimerEvent: {}
[2.003014] (-) TimerEvent: {}
[2.096158] (nexus_base_ros) StdoutLine: {'line': b'-- Found geometry_msgs: 4.9.0 (/opt/ros/humble/share/geometry_msgs/cmake)\n'}
[2.103128] (-) TimerEvent: {}
[2.131020] (nexus_base_ros) StdoutLine: {'line': b'-- Found sensor_msgs: 4.9.0 (/opt/ros/humble/share/sensor_msgs/cmake)\n'}
[2.177694] (nexus_base_ros) StdoutLine: {'line': b'-- Found nav_msgs: 4.9.0 (/opt/ros/humble/share/nav_msgs/cmake)\n'}
[2.203256] (-) TimerEvent: {}
[2.225695] (nexus_base_ros) StdoutLine: {'line': b'-- Found tf2: 0.25.18 (/opt/ros/humble/share/tf2/cmake)\n'}
[2.247910] (nexus_base_ros) StdoutLine: {'line': b'-- Found tf2_ros: 0.25.18 (/opt/ros/humble/share/tf2_ros/cmake)\n'}
[2.303370] (-) TimerEvent: {}
[2.403661] (-) TimerEvent: {}
[2.468920] (nexus_base_ros) StdoutLine: {'line': b'-- Found rosidl_default_generators: 1.2.0 (/opt/ros/humble/share/rosidl_default_generators/cmake)\n'}
[2.503759] (-) TimerEvent: {}
[2.506958] (nexus_base_ros) StdoutLine: {'line': b'-- Found Boost: /usr/lib/x86_64-linux-gnu/cmake/Boost-1.74.0/BoostConfig.cmake (found version "1.74.0") found components: system\n'}
[2.603904] (-) TimerEvent: {}
[2.704310] (-) TimerEvent: {}
[2.804737] (-) TimerEvent: {}
[2.905105] (-) TimerEvent: {}
[3.005447] (-) TimerEvent: {}
[3.105809] (-) TimerEvent: {}
[3.206552] (-) TimerEvent: {}
[3.307131] (-) TimerEvent: {}
[3.344369] (nexus_base_ros) StdoutLine: {'line': b'-- Found ament_cmake_ros: 0.10.0 (/opt/ros/humble/share/ament_cmake_ros/cmake)\n'}
[3.407225] (-) TimerEvent: {}
[3.507497] (-) TimerEvent: {}
[3.607882] (-) TimerEvent: {}
[3.708286] (-) TimerEvent: {}
[3.808732] (-) TimerEvent: {}
[3.909075] (-) TimerEvent: {}
[4.009582] (-) TimerEvent: {}
[4.110018] (-) TimerEvent: {}
[4.210593] (-) TimerEvent: {}
[4.311050] (-) TimerEvent: {}
[4.411551] (-) TimerEvent: {}
[4.511849] (-) TimerEvent: {}
[4.612228] (-) TimerEvent: {}
[4.642340] (nexus_base_ros) StdoutLine: {'line': b'-- Using all available rosidl_typesupport_c: rosidl_typesupport_fastrtps_c;rosidl_typesupport_introspection_c\n'}
[4.712357] (-) TimerEvent: {}
[4.812668] (-) TimerEvent: {}
[4.913087] (-) TimerEvent: {}
[5.013634] (-) TimerEvent: {}
[5.104664] (nexus_base_ros) StdoutLine: {'line': b'-- Using all available rosidl_typesupport_cpp: rosidl_typesupport_fastrtps_cpp;rosidl_typesupport_introspection_cpp\n'}
[5.108354] (nexus_base_ros) StderrLine: {'line': b'\x1b[33mCMake Warning (dev) at /opt/ros/humble/share/rosidl_generator_py/cmake/rosidl_generator_py_generate_interfaces.cmake:20 (find_package):\n'}
[5.108621] (nexus_base_ros) StderrLine: {'line': b'  Policy CMP0148 is not set: The FindPythonInterp and FindPythonLibs modules\n'}
[5.108819] (nexus_base_ros) StderrLine: {'line': b'  are removed.  Run "cmake --help-policy CMP0148" for policy details.  Use\n'}
[5.109011] (nexus_base_ros) StderrLine: {'line': b'  the cmake_policy command to set the policy and suppress this warning.\n'}
[5.109218] (nexus_base_ros) StderrLine: {'line': b'\n'}
[5.109410] (nexus_base_ros) StderrLine: {'line': b'Call Stack (most recent call first):\n'}
[5.109583] (nexus_base_ros) StderrLine: {'line': b'  /opt/ros/humble/share/ament_cmake_core/cmake/core/ament_execute_extensions.cmake:48 (include)\n'}
[5.109752] (nexus_base_ros) StderrLine: {'line': b'  /opt/ros/humble/share/rosidl_cmake/cmake/rosidl_generate_interfaces.cmake:286 (ament_execute_extensions)\n'}
[5.109933] (nexus_base_ros) StderrLine: {'line': b'  CMakeLists.txt:29 (rosidl_generate_interfaces)\n'}
[5.110109] (nexus_base_ros) StderrLine: {'line': b'This warning is for project developers.  Use -Wno-dev to suppress it.\n'}
[5.110269] (nexus_base_ros) StderrLine: {'line': b'\x1b[0m\n'}
[5.113734] (-) TimerEvent: {}
[5.136212] (nexus_base_ros) StdoutLine: {'line': b'-- Found PythonInterp: /usr/bin/python3 (found suitable version "3.10.12", minimum required is "3.6")\n'}
[5.140234] (nexus_base_ros) StdoutLine: {'line': b'-- Found python_cmake_module: 0.10.0 (/opt/ros/humble/share/python_cmake_module/cmake)\n'}
[5.141385] (nexus_base_ros) StderrLine: {'line': b'\x1b[33mCMake Warning (dev) at /opt/ros/humble/share/python_cmake_module/cmake/Modules/FindPythonExtra.cmake:52 (find_package):\n'}
[5.141625] (nexus_base_ros) StderrLine: {'line': b'  Policy CMP0148 is not set: The FindPythonInterp and FindPythonLibs modules\n'}
[5.141820] (nexus_base_ros) StderrLine: {'line': b'  are removed.  Run "cmake --help-policy CMP0148" for policy details.  Use\n'}
[5.142005] (nexus_base_ros) StderrLine: {'line': b'  the cmake_policy command to set the policy and suppress this warning.\n'}
[5.142200] (nexus_base_ros) StderrLine: {'line': b'\n'}
[5.142357] (nexus_base_ros) StderrLine: {'line': b'Call Stack (most recent call first):\n'}
[5.142499] (nexus_base_ros) StderrLine: {'line': b'  /opt/ros/humble/share/rosidl_generator_py/cmake/rosidl_generator_py_generate_interfaces.cmake:23 (find_package)\n'}
[5.142642] (nexus_base_ros) StderrLine: {'line': b'  /opt/ros/humble/share/ament_cmake_core/cmake/core/ament_execute_extensions.cmake:48 (include)\n'}
[5.142799] (nexus_base_ros) StderrLine: {'line': b'  /opt/ros/humble/share/rosidl_cmake/cmake/rosidl_generate_interfaces.cmake:286 (ament_execute_extensions)\n'}
[5.142950] (nexus_base_ros) StderrLine: {'line': b'  CMakeLists.txt:29 (rosidl_generate_interfaces)\n'}
[5.143050] (nexus_base_ros) StderrLine: {'line': b'This warning is for project developers.  Use -Wno-dev to suppress it.\n'}
[5.143171] (nexus_base_ros) StderrLine: {'line': b'\x1b[0m\n'}
[5.168264] (nexus_base_ros) StderrLine: {'line': b'\x1b[33mCMake Warning (dev) at /opt/ros/humble/share/python_cmake_module/cmake/Modules/FindPythonExtra.cmake:140 (find_package):\n'}
[5.168553] (nexus_base_ros) StderrLine: {'line': b'  Policy CMP0148 is not set: The FindPythonInterp and FindPythonLibs modules\n'}
[5.168736] (nexus_base_ros) StderrLine: {'line': b'  are removed.  Run "cmake --help-policy CMP0148" for policy details.  Use\n'}
[5.168907] (nexus_base_ros) StderrLine: {'line': b'  the cmake_policy command to set the policy and suppress this warning.\n'}
[5.169087] (nexus_base_ros) StderrLine: {'line': b'\n'}
[5.169244] (nexus_base_ros) StderrLine: {'line': b'Call Stack (most recent call first):\n'}
[5.169421] (nexus_base_ros) StderrLine: {'line': b'  /opt/ros/humble/share/rosidl_generator_py/cmake/rosidl_generator_py_generate_interfaces.cmake:23 (find_package)\n'}
[5.169601] (nexus_base_ros) StderrLine: {'line': b'  /opt/ros/humble/share/ament_cmake_core/cmake/core/ament_execute_extensions.cmake:48 (include)\n'}
[5.169825] (nexus_base_ros) StderrLine: {'line': b'  /opt/ros/humble/share/rosidl_cmake/cmake/rosidl_generate_interfaces.cmake:286 (ament_execute_extensions)\n'}
[5.170005] (nexus_base_ros) StderrLine: {'line': b'  CMakeLists.txt:29 (rosidl_generate_interfaces)\n'}
[5.170215] (nexus_base_ros) StderrLine: {'line': b'This warning is for project developers.  Use -Wno-dev to suppress it.\n'}
[5.170404] (nexus_base_ros) StderrLine: {'line': b'\x1b[0m\n'}
[5.183890] (nexus_base_ros) StdoutLine: {'line': b'-- Found PythonLibs: /usr/lib/x86_64-linux-gnu/libpython3.10.so (found suitable version "3.10.12", minimum required is "3.5")\n'}
[5.184283] (nexus_base_ros) StdoutLine: {'line': b'-- Using PYTHON_EXECUTABLE: /usr/bin/python3\n'}
[5.184460] (nexus_base_ros) StdoutLine: {'line': b'-- Using PYTHON_INCLUDE_DIRS: /usr/include/python3.10\n'}
[5.184609] (nexus_base_ros) StdoutLine: {'line': b'-- Using PYTHON_LIBRARIES: /usr/lib/x86_64-linux-gnu/libpython3.10.so\n'}
[5.212293] (nexus_base_ros) StdoutLine: {'line': b'-- Found PythonExtra: .so\n'}
[5.213860] (-) TimerEvent: {}
[5.314375] (-) TimerEvent: {}
[5.414989] (-) TimerEvent: {}
[5.451637] (nexus_base_ros) StderrLine: {'line': b'\x1b[0mCMake Deprecation Warning at /opt/ros/humble/share/rosidl_cmake/cmake/rosidl_target_interfaces.cmake:32 (message):\n'}
[5.452816] (nexus_base_ros) StderrLine: {'line': b'  Use rosidl_get_typesupport_target() and target_link_libraries() instead of\n'}
[5.453484] (nexus_base_ros) StderrLine: {'line': b'  rosidl_target_interfaces()\n'}
[5.453882] (nexus_base_ros) StderrLine: {'line': b'Call Stack (most recent call first):\n'}
[5.454284] (nexus_base_ros) StderrLine: {'line': b'  CMakeLists.txt:65 (rosidl_target_interfaces)\n'}
[5.454694] (nexus_base_ros) StderrLine: {'line': b'\n'}
[5.455054] (nexus_base_ros) StderrLine: {'line': b'\x1b[0m\n'}
[5.455507] (nexus_base_ros) StderrLine: {'line': b'\x1b[0mCMake Deprecation Warning at /opt/ros/humble/share/rosidl_cmake/cmake/rosidl_target_interfaces.cmake:32 (message):\n'}
[5.455778] (nexus_base_ros) StderrLine: {'line': b'  Use rosidl_get_typesupport_target() and target_link_libraries() instead of\n'}
[5.456133] (nexus_base_ros) StderrLine: {'line': b'  rosidl_target_interfaces()\n'}
[5.456418] (nexus_base_ros) StderrLine: {'line': b'Call Stack (most recent call first):\n'}
[5.456732] (nexus_base_ros) StderrLine: {'line': b'  CMakeLists.txt:66 (rosidl_target_interfaces)\n'}
[5.456960] (nexus_base_ros) StderrLine: {'line': b'\n'}
[5.457408] (nexus_base_ros) StderrLine: {'line': b'\x1b[0m\n'}
[5.457784] (nexus_base_ros) StderrLine: {'line': b'\x1b[0mCMake Deprecation Warning at /opt/ros/humble/share/rosidl_cmake/cmake/rosidl_target_interfaces.cmake:32 (message):\n'}
[5.458205] (nexus_base_ros) StderrLine: {'line': b'  Use rosidl_get_typesupport_target() and target_link_libraries() instead of\n'}
[5.458655] (nexus_base_ros) StderrLine: {'line': b'  rosidl_target_interfaces()\n'}
[5.458996] (nexus_base_ros) StderrLine: {'line': b'Call Stack (most recent call first):\n'}
[5.459439] (nexus_base_ros) StderrLine: {'line': b'  CMakeLists.txt:67 (rosidl_target_interfaces)\n'}
[5.462178] (nexus_base_ros) StderrLine: {'line': b'\n'}
[5.462662] (nexus_base_ros) StderrLine: {'line': b'\x1b[0m\n'}
[5.498472] (nexus_base_ros) StdoutLine: {'line': b'-- Configuring done (5.5s)\n'}
[5.515273] (-) TimerEvent: {}
[5.616197] (-) TimerEvent: {}
[5.716764] (-) TimerEvent: {}
[5.769917] (nexus_base_ros) StdoutLine: {'line': b'-- Generating done (0.2s)\n'}
[5.816139] (nexus_base_ros) StdoutLine: {'line': b'-- Build files have been written to: /home/hs/ros2_study/build/nexus_base_ros\n'}
[5.816916] (-) TimerEvent: {}
[5.844666] (nexus_base_ros) CommandEnded: {'returncode': 0}
[5.845636] (nexus_base_ros) JobProgress: {'identifier': 'nexus_base_ros', 'progress': 'build'}
[5.847561] (nexus_base_ros) Command: {'cmd': ['/usr/local/bin/cmake', '--build', '/home/hs/ros2_study/build/nexus_base_ros', '--', '-j8', '-l8'], 'cwd': '/home/hs/ros2_study/build/nexus_base_ros', 'env': OrderedDict([('PYTHON_BASIC_REPL', '1'), ('LESSOPEN', '| /usr/bin/lesspipe %s'), ('LANGUAGE', 'ko:en_US:en'), ('USER', 'hs'), ('LC_TIME', 'ko_KR.UTF-8'), ('XDG_SESSION_TYPE', 'wayland'), ('GIT_ASKPASS', '/usr/share/code/resources/app/extensions/git/dist/askpass.sh'), ('STM32CubeMX_PATH', '/home/hs/STM32CubeMX'), ('SHLVL', '2'), ('LD_LIBRARY_PATH', '/usr/lib/x86_64-linux-gnu/gazebo-11/plugins:/opt/ros/humble/opt/rviz_ogre_vendor/lib:/opt/ros/humble/lib/x86_64-linux-gnu:/opt/ros/humble/lib'), ('HOME', '/home/hs'), ('CHROME_DESKTOP', 'code.desktop'), ('TERM_PROGRAM_VERSION', '1.108.1'), ('DESKTOP_SESSION', 'ubuntu'), ('ROS_PYTHON_VERSION', '3'), ('GNOME_SHELL_SESSION_MODE', 'ubuntu'), ('GTK_MODULES', 'gail:atk-bridge'), ('VSCODE_GIT_ASKPASS_MAIN', '/usr/share/code/resources/app/extensions/git/dist/askpass-main.js'), ('LC_MONETARY', 'ko_KR.UTF-8'), ('VSCODE_GIT_ASKPASS_NODE', '/usr/share/code/code'), ('PYDEVD_DISABLE_FILE_VALIDATION', '1'), ('DBUS_STARTER_BUS_TYPE', 'session'), ('SYSTEMD_EXEC_PID', '2975'), ('BUNDLED_DEBUGPY_PATH', '/home/hs/.vscode/extensions/ms-python.debugpy-2025.10.0-linux-x64/bundled/libs/debugpy'), ('VSCODE_PYTHON_AUTOACTIVATE_GUARD', '1'), ('DBUS_SESSION_BUS_ADDRESS', 'unix:path=/run/user/1000/bus,guid=f963dfa289b34d744642bec3696fbd95'), ('COLORTERM', 'truecolor'), ('IM_CONFIG_PHASE', '1'), ('WAYLAND_DISPLAY', 'wayland-0'), ('ROS_DISTRO', 'humble'), ('LOGNAME', 'hs'), ('_', '/usr/bin/colcon'), ('ROS_VERSION', '2'), ('XDG_SESSION_CLASS', 'user'), ('USERNAME', 'hs'), ('TERM', 'xterm-256color'), ('GAZEBO_MODEL_PATH', ':/opt/ros/humble/share:/opt/ros/humble/share'), ('GNOME_DESKTOP_SESSION_ID', 'this-is-deprecated'), ('FC_FONTATIONS', '1'), ('ROS_LOCALHOST_ONLY', '0'), ('PATH', '/usr/local/MATLAB/R2024b/bin:/usr/local/MATLAB/R2024b/bin:/opt/ros/humble/bin:/home/hs/.local/bin:/usr/local/sbin:/usr/local/bin:/usr/sbin:/usr/bin:/sbin:/bin:/usr/games:/usr/local/games:/snap/bin:/snap/bin:/home/hs/esp/xtensa-esp32-elf/bin:/opt/JLink:/home/hs/.vscode/extensions/ms-python.debugpy-2025.10.0-linux-x64/bundled/scripts/noConfigScripts:/opt/JLink'), ('SESSION_MANAGER', 'local/hs-760XBE:@/tmp/.ICE-unix/2975,unix/hs-760XBE:/tmp/.ICE-unix/2975'), ('PAPERSIZE', 'a4'), ('XDG_MENU_PREFIX', 'gnome-'), ('LC_ADDRESS', 'ko_KR.UTF-8'), ('GNOME_TERMINAL_SCREEN', '/org/gnome/Terminal/screen/c624cff7_ea00_4557_80b0_6ca17a5db9be'), ('GNOME_SETUP_DISPLAY', ':1'), ('XDG_RUNTIME_DIR', '/run/user/1000'), ('GDK_BACKEND', 'wayland'), ('DISPLAY', ':0'), ('VSCODE_DEBUGPY_ADAPTER_ENDPOINTS', '/home/hs/.vscode/extensions/ms-python.debugpy-2025.10.0-linux-x64/.noConfigDebugAdapterEndpoints/endpoint-93dc2f40e9dcc4fe.txt'), ('LANG', 'ko_KR.UTF-8'), ('XDG_CURRENT_DESKTOP', 'ubuntu:GNOME'), ('LC_TELEPHONE', 'ko_KR.UTF-8'), ('XMODIFIERS', '@im=ibus'), ('XDG_SESSION_DESKTOP', 'ubuntu'), ('XAUTHORITY', '/run/user/1000/.mutter-Xwaylandauth.2A37I3'), ('LS_COLORS', 'rs=0:di=01;34:ln=01;36:mh=00:pi=40;33:so=01;35:do=01;35:bd=40;33;01:cd=40;33;01:or=40;31;01:mi=00:su=37;41:sg=30;43:ca=30;41:tw=30;42:ow=34;42:st=37;44:ex=01;32:*.tar=01;31:*.tgz=01;31:*.arc=01;31:*.arj=01;31:*.taz=01;31:*.lha=01;31:*.lz4=01;31:*.lzh=01;31:*.lzma=01;31:*.tlz=01;31:*.txz=01;31:*.tzo=01;31:*.t7z=01;31:*.zip=01;31:*.z=01;31:*.dz=01;31:*.gz=01;31:*.lrz=01;31:*.lz=01;31:*.lzo=01;31:*.xz=01;31:*.zst=01;31:*.tzst=01;31:*.bz2=01;31:*.bz=01;31:*.tbz=01;31:*.tbz2=01;31:*.tz=01;31:*.deb=01;31:*.rpm=01;31:*.jar=01;31:*.war=01;31:*.ear=01;31:*.sar=01;31:*.rar=01;31:*.alz=01;31:*.ace=01;31:*.zoo=01;31:*.cpio=01;31:*.7z=01;31:*.rz=01;31:*.cab=01;31:*.wim=01;31:*.swm=01;31:*.dwm=01;31:*.esd=01;31:*.jpg=01;35:*.jpeg=01;35:*.mjpg=01;35:*.mjpeg=01;35:*.gif=01;35:*.bmp=01;35:*.pbm=01;35:*.pgm=01;35:*.ppm=01;35:*.tga=01;35:*.xbm=01;35:*.xpm=01;35:*.tif=01;35:*.tiff=01;35:*.png=01;35:*.svg=01;35:*.svgz=01;35:*.mng=01;35:*.pcx=01;35:*.mov=01;35:*.mpg=01;35:*.mpeg=01;35:*.m2v=01;35:*.mkv=01;35:*.webm=01;35:*.webp=01;35:*.ogm=01;35:*.mp4=01;35:*.m4v=01;35:*.mp4v=01;35:*.vob=01;35:*.qt=01;35:*.nuv=01;35:*.wmv=01;35:*.asf=01;35:*.rm=01;35:*.rmvb=01;35:*.flc=01;35:*.avi=01;35:*.fli=01;35:*.flv=01;35:*.gl=01;35:*.dl=01;35:*.xcf=01;35:*.xwd=01;35:*.yuv=01;35:*.cgm=01;35:*.emf=01;35:*.ogv=01;35:*.ogx=01;35:*.aac=00;36:*.au=00;36:*.flac=00;36:*.m4a=00;36:*.mid=00;36:*.midi=00;36:*.mka=00;36:*.mp3=00;36:*.mpc=00;36:*.ogg=00;36:*.ra=00;36:*.wav=00;36:*.oga=00;36:*.opus=00;36:*.spx=00;36:*.xspf=00;36:'), ('VSCODE_GIT_IPC_HANDLE', '/run/user/1000/vscode-git-c015e2e957.sock'), ('GNOME_TERMINAL_SERVICE', ':1.570'), ('TERM_PROGRAM', 'vscode'), ('SSH_AGENT_LAUNCHER', 'gnome-keyring'), ('SSH_AUTH_SOCK', '/run/user/1000/keyring/ssh'), ('AMENT_PREFIX_PATH', '/opt/ros/humble'), ('SHELL', '/bin/bash'), ('LC_NAME', 'ko_KR.UTF-8'), ('QT_ACCESSIBILITY', '1'), ('GDMSESSION', 'ubuntu'), ('LESSCLOSE', '/usr/bin/lesspipe %s %s'), ('LC_MEASUREMENT', 'ko_KR.UTF-8'), ('LC_IDENTIFICATION', 'ko_KR.UTF-8'), ('VSCODE_GIT_ASKPASS_EXTRA_ARGS', ''), ('QT_IM_MODULE', 'ibus'), ('PWD', '/home/hs/ros2_study/build/nexus_base_ros'), ('TURTLEBOT3_MODEL', 'burger'), ('LC_ALL', 'en_US.UTF-8'), ('XDG_CONFIG_DIRS', '/etc/xdg/xdg-ubuntu:/etc/xdg'), ('GAZEBO_PLUGIN_PATH', ':/opt/ros/humble/lib:/opt/ros/humble/lib'), ('DBUS_STARTER_ADDRESS', 'unix:path=/run/user/1000/bus,guid=f963dfa289b34d744642bec3696fbd95'), ('XDG_DATA_DIRS', '/usr/share/ubuntu:/usr/local/share/:/usr/share/:/var/lib/snapd/desktop'), ('PYTHONPATH', '/opt/ros/humble/lib/python3.10/site-packages:/opt/ros/humble/local/lib/python3.10/dist-packages'), ('LC_NUMERIC', 'ko_KR.UTF-8'), ('LC_PAPER', 'ko_KR.UTF-8'), ('COLCON', '1'), ('VTE_VERSION', '6800'), ('CMAKE_PREFIX_PATH', '/opt/ros/humble')]), 'shell': False}
[5.881520] (nexus_base_ros) StdoutLine: {'line': b'[  1%] \x1b[34m\x1b[1mGenerating C code for ROS interfaces\x1b[0m\n'}
[5.889447] (nexus_base_ros) StdoutLine: {'line': b'[  3%] \x1b[34m\x1b[1mGenerating C++ code for ROS interfaces\x1b[0m\n'}
[5.893898] (nexus_base_ros) StdoutLine: {'line': b'[  3%] Built target ament_cmake_python_copy_nexus_base_ros\n'}
[5.917031] (-) TimerEvent: {}
[6.017432] (-) TimerEvent: {}
[6.117806] (-) TimerEvent: {}
[6.218135] (-) TimerEvent: {}
[6.318475] (-) TimerEvent: {}
[6.376695] (nexus_base_ros) StdoutLine: {'line': b'running egg_info\n'}
[6.377679] (nexus_base_ros) StdoutLine: {'line': b'creating nexus_base_ros.egg-info\n'}
[6.378106] (nexus_base_ros) StdoutLine: {'line': b'writing nexus_base_ros.egg-info/PKG-INFO\n'}
[6.378370] (nexus_base_ros) StdoutLine: {'line': b'writing dependency_links to nexus_base_ros.egg-info/dependency_links.txt\n'}
[6.378681] (nexus_base_ros) StdoutLine: {'line': b'writing top-level names to nexus_base_ros.egg-info/top_level.txt\n'}
[6.379119] (nexus_base_ros) StdoutLine: {'line': b"writing manifest file 'nexus_base_ros.egg-info/SOURCES.txt'\n"}
[6.382079] (nexus_base_ros) StdoutLine: {'line': b"reading manifest file 'nexus_base_ros.egg-info/SOURCES.txt'\n"}
[6.382867] (nexus_base_ros) StdoutLine: {'line': b"writing manifest file 'nexus_base_ros.egg-info/SOURCES.txt'\n"}
[6.413971] (nexus_base_ros) StdoutLine: {'line': b'[  3%] Built target ament_cmake_python_build_nexus_base_ros_egg\n'}
[6.418559] (-) TimerEvent: {}
[6.518860] (-) TimerEvent: {}
[6.619286] (nexus_base_ros) StdoutLine: {'line': b'[  3%] Built target nexus_base_ros__cpp\n'}
[6.619576] (-) TimerEvent: {}
[6.628558] (nexus_base_ros) StdoutLine: {'line': b'[  4%] \x1b[34m\x1b[1mGenerating C++ type support dispatch for ROS interfaces\x1b[0m\n'}
[6.631811] (nexus_base_ros) StdoutLine: {'line': b'[  6%] \x1b[34m\x1b[1mGenerating C++ type support for eProsima Fast-RTPS\x1b[0m\n'}
[6.633247] (nexus_base_ros) StdoutLine: {'line': b'[  8%] \x1b[34m\x1b[1mGenerating C++ introspection for ROS interfaces\x1b[0m\n'}
[6.644321] (nexus_base_ros) StdoutLine: {'line': b'[ 11%] \x1b[32mBuilding C object CMakeFiles/nexus_base_ros__rosidl_generator_c.dir/rosidl_generator_c/nexus_base_ros/msg/detail/encoders__functions.c.o\x1b[0m\n'}
[6.644904] (nexus_base_ros) StdoutLine: {'line': b'[ 11%] \x1b[32mBuilding C object CMakeFiles/nexus_base_ros__rosidl_generator_c.dir/rosidl_generator_c/nexus_base_ros/msg/detail/motors__functions.c.o\x1b[0m\n'}
[6.645422] (nexus_base_ros) StdoutLine: {'line': b'[ 13%] \x1b[32mBuilding C object CMakeFiles/nexus_base_ros__rosidl_generator_c.dir/rosidl_generator_c/nexus_base_ros/srv/detail/emergency_stop_enable__functions.c.o\x1b[0m\n'}
[6.645839] (nexus_base_ros) StdoutLine: {'line': b'[ 14%] \x1b[32mBuilding C object CMakeFiles/nexus_base_ros__rosidl_generator_c.dir/rosidl_generator_c/nexus_base_ros/srv/detail/arming_enable__functions.c.o\x1b[0m\n'}
[6.671564] (nexus_base_ros) StderrLine: {'line': b'In file included from \x1b[01m\x1b[K/home/hs/ros2_study/build/nexus_base_ros/rosidl_generator_c/nexus_base_ros/msg/detail/motors__functions.h:19\x1b[m\x1b[K,\n'}
[6.671818] (nexus_base_ros) StderrLine: {'line': b'                 from \x1b[01m\x1b[K/home/hs/ros2_study/build/nexus_base_ros/rosidl_generator_c/nexus_base_ros/msg/detail/motors__functions.c:4\x1b[m\x1b[K:\n'}
[6.671999] (nexus_base_ros) StderrLine: {'line': b'\x1b[01m\x1b[K/home/hs/ros2_study/build/nexus_base_ros/rosidl_generator_c/nexus_base_ros/msg/detail/motors__struct.h:22:10:\x1b[m\x1b[K \x1b[01;31m\x1b[Kfatal error: \x1b[m\x1b[Knexus_base_ros/msg/detail/header__struct.h: \xea\xb7\xb8\xeb\x9f\xb0 \xed\x8c\x8c\xec\x9d\xbc\xec\x9d\xb4\xeb\x82\x98 \xeb\x94\x94\xeb\xa0\x89\xed\x84\xb0\xeb\xa6\xac\xea\xb0\x80 \xec\x97\x86\xec\x8a\xb5\xeb\x8b\x88\xeb\x8b\xa4\n'}
[6.672441] (nexus_base_ros) StderrLine: {'line': b'   22 | #include \x1b[01;31m\x1b[K"nexus_base_ros/msg/detail/header__struct.h"\x1b[m\x1b[K\n'}
[6.672677] (nexus_base_ros) StderrLine: {'line': b'      |          \x1b[01;31m\x1b[K^~~~~~~~~~~~~~~~~~~~~~~~~~~~~~~~~~~~~~~~~~~~\x1b[m\x1b[K\n'}
[6.672781] (nexus_base_ros) StderrLine: {'line': b'compilation terminated.\n'}
[6.673693] (nexus_base_ros) StderrLine: {'line': b'gmake[2]: *** [CMakeFiles/nexus_base_ros__rosidl_generator_c.dir/build.make:199: CMakeFiles/nexus_base_ros__rosidl_generator_c.dir/rosidl_generator_c/nexus_base_ros/msg/detail/motors__functions.c.o] \xec\x98\xa4\xeb\xa5\x98 1\n'}
[6.673999] (nexus_base_ros) StderrLine: {'line': b'gmake[2]: *** \xeb\x81\x9d\xeb\x82\x98\xec\xa7\x80 \xec\x95\x8a\xec\x9d\x80 \xec\x9e\x91\xec\x97\x85\xec\x9d\x84 \xea\xb8\xb0\xeb\x8b\xa4\xeb\xa6\xac\xea\xb3\xa0 \xec\x9e\x88\xec\x8a\xb5\xeb\x8b\x88\xeb\x8b\xa4....\n'}
[6.674913] (nexus_base_ros) StderrLine: {'line': b'In file included from \x1b[01m\x1b[K/home/hs/ros2_study/build/nexus_base_ros/rosidl_generator_c/nexus_base_ros/msg/detail/encoders__functions.h:19\x1b[m\x1b[K,\n'}
[6.675118] (nexus_base_ros) StderrLine: {'line': b'                 from \x1b[01m\x1b[K/home/hs/ros2_study/build/nexus_base_ros/rosidl_generator_c/nexus_base_ros/msg/detail/encoders__functions.c:4\x1b[m\x1b[K:\n'}
[6.675255] (nexus_base_ros) StderrLine: {'line': b'\x1b[01m\x1b[K/home/hs/ros2_study/build/nexus_base_ros/rosidl_generator_c/nexus_base_ros/msg/detail/encoders__struct.h:22:10:\x1b[m\x1b[K \x1b[01;31m\x1b[Kfatal error: \x1b[m\x1b[Knexus_base_ros/msg/detail/header__struct.h: \xea\xb7\xb8\xeb\x9f\xb0 \xed\x8c\x8c\xec\x9d\xbc\xec\x9d\xb4\xeb\x82\x98 \xeb\x94\x94\xeb\xa0\x89\xed\x84\xb0\xeb\xa6\xac\xea\xb0\x80 \xec\x97\x86\xec\x8a\xb5\xeb\x8b\x88\xeb\x8b\xa4\n'}
[6.675406] (nexus_base_ros) StderrLine: {'line': b'   22 | #include \x1b[01;31m\x1b[K"nexus_base_ros/msg/detail/header__struct.h"\x1b[m\x1b[K\n'}
[6.675543] (nexus_base_ros) StderrLine: {'line': b'      |          \x1b[01;31m\x1b[K^~~~~~~~~~~~~~~~~~~~~~~~~~~~~~~~~~~~~~~~~~~~\x1b[m\x1b[K\n'}
[6.675680] (nexus_base_ros) StderrLine: {'line': b'compilation terminated.\n'}
[6.676261] (nexus_base_ros) StderrLine: {'line': b'gmake[2]: *** [CMakeFiles/nexus_base_ros__rosidl_generator_c.dir/build.make:185: CMakeFiles/nexus_base_ros__rosidl_generator_c.dir/rosidl_generator_c/nexus_base_ros/msg/detail/encoders__functions.c.o] \xec\x98\xa4\xeb\xa5\x98 1\n'}
[6.719695] (-) TimerEvent: {}
[6.758114] (nexus_base_ros) StderrLine: {'line': b'gmake[1]: *** [CMakeFiles/Makefile2:219: CMakeFiles/nexus_base_ros__rosidl_generator_c.dir/all] \xec\x98\xa4\xeb\xa5\x98 2\n'}
[6.758379] (nexus_base_ros) StderrLine: {'line': b'gmake[1]: *** \xeb\x81\x9d\xeb\x82\x98\xec\xa7\x80 \xec\x95\x8a\xec\x9d\x80 \xec\x9e\x91\xec\x97\x85\xec\x9d\x84 \xea\xb8\xb0\xeb\x8b\xa4\xeb\xa6\xac\xea\xb3\xa0 \xec\x9e\x88\xec\x8a\xb5\xeb\x8b\x88\xeb\x8b\xa4....\n'}
[6.819801] (-) TimerEvent: {}
[6.920106] (-) TimerEvent: {}
[7.020413] (-) TimerEvent: {}
[7.120705] (-) TimerEvent: {}
[7.198321] (nexus_base_ros) StdoutLine: {'line': b'[ 16%] \x1b[32mBuilding CXX object CMakeFiles/nexus_base_ros__rosidl_typesupport_cpp.dir/rosidl_typesupport_cpp/nexus_base_ros/msg/motors__type_support.cpp.o\x1b[0m\n'}
[7.198622] (nexus_base_ros) StdoutLine: {'line': b'[ 18%] \x1b[32mBuilding CXX object CMakeFiles/nexus_base_ros__rosidl_typesupport_cpp.dir/rosidl_typesupport_cpp/nexus_base_ros/msg/encoders__type_support.cpp.o\x1b[0m\n'}
[7.199209] (nexus_base_ros) StdoutLine: {'line': b'[ 19%] \x1b[32mBuilding CXX object CMakeFiles/nexus_base_ros__rosidl_typesupport_cpp.dir/rosidl_typesupport_cpp/nexus_base_ros/srv/arming_enable__type_support.cpp.o\x1b[0m\n'}
[7.199409] (nexus_base_ros) StdoutLine: {'line': b'[ 21%] \x1b[32mBuilding CXX object CMakeFiles/nexus_base_ros__rosidl_typesupport_cpp.dir/rosidl_typesupport_cpp/nexus_base_ros/srv/emergency_stop_enable__type_support.cpp.o\x1b[0m\n'}
[7.220813] (-) TimerEvent: {}
[7.311920] (nexus_base_ros) StdoutLine: {'line': b'[ 24%] \x1b[32mBuilding CXX object CMakeFiles/nexus_base_ros__rosidl_typesupport_introspection_cpp.dir/rosidl_typesupport_introspection_cpp/nexus_base_ros/msg/detail/motors__type_support.cpp.o\x1b[0m\n'}
[7.313240] (nexus_base_ros) StdoutLine: {'line': b'[ 26%] \x1b[32mBuilding CXX object CMakeFiles/nexus_base_ros__rosidl_typesupport_introspection_cpp.dir/rosidl_typesupport_introspection_cpp/nexus_base_ros/srv/detail/emergency_stop_enable__type_support.cpp.o\x1b[0m\n'}
[7.315439] (nexus_base_ros) StdoutLine: {'line': b'[ 26%] \x1b[32mBuilding CXX object CMakeFiles/nexus_base_ros__rosidl_typesupport_introspection_cpp.dir/rosidl_typesupport_introspection_cpp/nexus_base_ros/msg/detail/encoders__type_support.cpp.o\x1b[0m\n'}
[7.320937] (-) TimerEvent: {}
[7.410446] (nexus_base_ros) StderrLine: {'line': b'In file included from \x1b[01m\x1b[K/home/hs/ros2_study/build/nexus_base_ros/rosidl_typesupport_cpp/nexus_base_ros/msg/motors__type_support.cpp:7\x1b[m\x1b[K:\n'}
[7.410763] (nexus_base_ros) StderrLine: {'line': b'\x1b[01m\x1b[K/home/hs/ros2_study/build/nexus_base_ros/rosidl_generator_cpp/nexus_base_ros/msg/detail/motors__struct.hpp:21:10:\x1b[m\x1b[K \x1b[01;31m\x1b[Kfatal error: \x1b[m\x1b[Knexus_base_ros/msg/detail/header__struct.hpp: \xea\xb7\xb8\xeb\x9f\xb0 \xed\x8c\x8c\xec\x9d\xbc\xec\x9d\xb4\xeb\x82\x98 \xeb\x94\x94\xeb\xa0\x89\xed\x84\xb0\xeb\xa6\xac\xea\xb0\x80 \xec\x97\x86\xec\x8a\xb5\xeb\x8b\x88\xeb\x8b\xa4\n'}
[7.410928] (nexus_base_ros) StderrLine: {'line': b'   21 | #include \x1b[01;31m\x1b[K"nexus_base_ros/msg/detail/header__struct.hpp"\x1b[m\x1b[K\n'}
[7.411078] (nexus_base_ros) StderrLine: {'line': b'      |          \x1b[01;31m\x1b[K^~~~~~~~~~~~~~~~~~~~~~~~~~~~~~~~~~~~~~~~~~~~~~\x1b[m\x1b[K\n'}
[7.411243] (nexus_base_ros) StderrLine: {'line': b'compilation terminated.\n'}
[7.411389] (nexus_base_ros) StdoutLine: {'line': b'[ 27%] \x1b[32mBuilding CXX object CMakeFiles/nexus_base_ros__rosidl_typesupport_fastrtps_cpp.dir/rosidl_typesupport_fastrtps_cpp/nexus_base_ros/msg/detail/dds_fastrtps/encoders__type_support.cpp.o\x1b[0m\n'}
[7.411696] (nexus_base_ros) StderrLine: {'line': b'In file included from \x1b[01m\x1b[K/home/hs/ros2_study/build/nexus_base_ros/rosidl_typesupport_cpp/nexus_base_ros/msg/encoders__type_support.cpp:7\x1b[m\x1b[K:\n'}
[7.411883] (nexus_base_ros) StderrLine: {'line': b'\x1b[01m\x1b[K/home/hs/ros2_study/build/nexus_base_ros/rosidl_generator_cpp/nexus_base_ros/msg/detail/encoders__struct.hpp:21:10:\x1b[m\x1b[K \x1b[01;31m\x1b[Kfatal error: \x1b[m\x1b[Knexus_base_ros/msg/detail/header__struct.hpp: \xea\xb7\xb8\xeb\x9f\xb0 \xed\x8c\x8c\xec\x9d\xbc\xec\x9d\xb4\xeb\x82\x98 \xeb\x94\x94\xeb\xa0\x89\xed\x84\xb0\xeb\xa6\xac\xea\xb0\x80 \xec\x97\x86\xec\x8a\xb5\xeb\x8b\x88\xeb\x8b\xa4\n'}
[7.412038] (nexus_base_ros) StderrLine: {'line': b'   21 | #include \x1b[01;31m\x1b[K"nexus_base_ros/msg/detail/header__struct.hpp"\x1b[m\x1b[K\n'}
[7.412247] (nexus_base_ros) StderrLine: {'line': b'      |          \x1b[01;31m\x1b[K^~~~~~~~~~~~~~~~~~~~~~~~~~~~~~~~~~~~~~~~~~~~~~\x1b[m\x1b[K\n'}
[7.412393] (nexus_base_ros) StderrLine: {'line': b'compilation terminated.\n'}
[7.412531] (nexus_base_ros) StderrLine: {'line': b'gmake[2]: *** [CMakeFiles/nexus_base_ros__rosidl_typesupport_cpp.dir/build.make:144: CMakeFiles/nexus_base_ros__rosidl_typesupport_cpp.dir/rosidl_typesupport_cpp/nexus_base_ros/msg/motors__type_support.cpp.o] \xec\x98\xa4\xeb\xa5\x98 1\n'}
[7.412671] (nexus_base_ros) StderrLine: {'line': b'gmake[2]: *** \xeb\x81\x9d\xeb\x82\x98\xec\xa7\x80 \xec\x95\x8a\xec\x9d\x80 \xec\x9e\x91\xec\x97\x85\xec\x9d\x84 \xea\xb8\xb0\xeb\x8b\xa4\xeb\xa6\xac\xea\xb3\xa0 \xec\x9e\x88\xec\x8a\xb5\xeb\x8b\x88\xeb\x8b\xa4....\n'}
[7.418570] (nexus_base_ros) StderrLine: {'line': b'gmake[2]: *** [CMakeFiles/nexus_base_ros__rosidl_typesupport_cpp.dir/build.make:130: CMakeFiles/nexus_base_ros__rosidl_typesupport_cpp.dir/rosidl_typesupport_cpp/nexus_base_ros/msg/encoders__type_support.cpp.o] \xec\x98\xa4\xeb\xa5\x98 1\n'}
[7.421121] (-) TimerEvent: {}
[7.427969] (nexus_base_ros) StdoutLine: {'line': b'[ 29%] \x1b[32mBuilding CXX object CMakeFiles/nexus_base_ros__rosidl_typesupport_introspection_cpp.dir/rosidl_typesupport_introspection_cpp/nexus_base_ros/srv/detail/arming_enable__type_support.cpp.o\x1b[0m\n'}
[7.438478] (nexus_base_ros) StdoutLine: {'line': b'[ 31%] \x1b[32mBuilding CXX object CMakeFiles/nexus_base_ros__rosidl_typesupport_fastrtps_cpp.dir/rosidl_typesupport_fastrtps_cpp/nexus_base_ros/msg/detail/dds_fastrtps/motors__type_support.cpp.o\x1b[0m\n'}
[7.499321] (nexus_base_ros) StderrLine: {'line': b'In file included from \x1b[01m\x1b[K/home/hs/ros2_study/build/nexus_base_ros/rosidl_typesupport_introspection_cpp/nexus_base_ros/msg/detail/encoders__type_support.cpp:12\x1b[m\x1b[K:\n'}
[7.499574] (nexus_base_ros) StderrLine: {'line': b'\x1b[01m\x1b[K/home/hs/ros2_study/build/nexus_base_ros/rosidl_generator_cpp/nexus_base_ros/msg/detail/encoders__struct.hpp:21:10:\x1b[m\x1b[K \x1b[01;31m\x1b[Kfatal error: \x1b[m\x1b[Knexus_base_ros/msg/detail/header__struct.hpp: \xea\xb7\xb8\xeb\x9f\xb0 \xed\x8c\x8c\xec\x9d\xbc\xec\x9d\xb4\xeb\x82\x98 \xeb\x94\x94\xeb\xa0\x89\xed\x84\xb0\xeb\xa6\xac\xea\xb0\x80 \xec\x97\x86\xec\x8a\xb5\xeb\x8b\x88\xeb\x8b\xa4\n'}
[7.499721] (nexus_base_ros) StderrLine: {'line': b'   21 | #include \x1b[01;31m\x1b[K"nexus_base_ros/msg/detail/header__struct.hpp"\x1b[m\x1b[K\n'}
[7.499859] (nexus_base_ros) StderrLine: {'line': b'      |          \x1b[01;31m\x1b[K^~~~~~~~~~~~~~~~~~~~~~~~~~~~~~~~~~~~~~~~~~~~~~\x1b[m\x1b[K\n'}
[7.499980] (nexus_base_ros) StderrLine: {'line': b'compilation terminated.\n'}
[7.502674] (nexus_base_ros) StderrLine: {'line': b'gmake[2]: *** [CMakeFiles/nexus_base_ros__rosidl_typesupport_introspection_cpp.dir/build.make:144: CMakeFiles/nexus_base_ros__rosidl_typesupport_introspection_cpp.dir/rosidl_typesupport_introspection_cpp/nexus_base_ros/msg/detail/encoders__type_support.cpp.o] \xec\x98\xa4\xeb\xa5\x98 1\n'}
[7.503250] (nexus_base_ros) StderrLine: {'line': b'gmake[2]: *** \xeb\x81\x9d\xeb\x82\x98\xec\xa7\x80 \xec\x95\x8a\xec\x9d\x80 \xec\x9e\x91\xec\x97\x85\xec\x9d\x84 \xea\xb8\xb0\xeb\x8b\xa4\xeb\xa6\xac\xea\xb3\xa0 \xec\x9e\x88\xec\x8a\xb5\xeb\x8b\x88\xeb\x8b\xa4....\n'}
[7.504654] (nexus_base_ros) StderrLine: {'line': b'In file included from \x1b[01m\x1b[K/home/hs/ros2_study/build/nexus_base_ros/rosidl_typesupport_introspection_cpp/nexus_base_ros/msg/detail/motors__type_support.cpp:12\x1b[m\x1b[K:\n'}
[7.506457] (nexus_base_ros) StderrLine: {'line': b'\x1b[01m\x1b[K/home/hs/ros2_study/build/nexus_base_ros/rosidl_generator_cpp/nexus_base_ros/msg/detail/motors__struct.hpp:21:10:\x1b[m\x1b[K \x1b[01;31m\x1b[Kfatal error: \x1b[m\x1b[Knexus_base_ros/msg/detail/header__struct.hpp: \xea\xb7\xb8\xeb\x9f\xb0 \xed\x8c\x8c\xec\x9d\xbc\xec\x9d\xb4\xeb\x82\x98 \xeb\x94\x94\xeb\xa0\x89\xed\x84\xb0\xeb\xa6\xac\xea\xb0\x80 \xec\x97\x86\xec\x8a\xb5\xeb\x8b\x88\xeb\x8b\xa4\n'}
[7.506740] (nexus_base_ros) StderrLine: {'line': b'   21 | #include \x1b[01;31m\x1b[K"nexus_base_ros/msg/detail/header__struct.hpp"\x1b[m\x1b[K\n'}
[7.509161] (nexus_base_ros) StderrLine: {'line': b'      |          \x1b[01;31m\x1b[K^~~~~~~~~~~~~~~~~~~~~~~~~~~~~~~~~~~~~~~~~~~~~~\x1b[m\x1b[K\n'}
[7.509421] (nexus_base_ros) StderrLine: {'line': b'compilation terminated.\n'}
[7.510204] (nexus_base_ros) StderrLine: {'line': b'gmake[2]: *** [CMakeFiles/nexus_base_ros__rosidl_typesupport_introspection_cpp.dir/build.make:158: CMakeFiles/nexus_base_ros__rosidl_typesupport_introspection_cpp.dir/rosidl_typesupport_introspection_cpp/nexus_base_ros/msg/detail/motors__type_support.cpp.o] \xec\x98\xa4\xeb\xa5\x98 1\n'}
[7.512984] (nexus_base_ros) StdoutLine: {'line': b'[ 32%] \x1b[32mBuilding CXX object CMakeFiles/nexus_base_ros__rosidl_typesupport_fastrtps_cpp.dir/rosidl_typesupport_fastrtps_cpp/nexus_base_ros/srv/detail/dds_fastrtps/emergency_stop_enable__type_support.cpp.o\x1b[0m\n'}
[7.522234] (nexus_base_ros) StdoutLine: {'line': b'[ 34%] \x1b[32mBuilding CXX object CMakeFiles/nexus_base_ros__rosidl_typesupport_fastrtps_cpp.dir/rosidl_typesupport_fastrtps_cpp/nexus_base_ros/srv/detail/dds_fastrtps/arming_enable__type_support.cpp.o\x1b[0m\n'}
[7.522522] (-) TimerEvent: {}
[7.584916] (nexus_base_ros) StderrLine: {'line': b'In file included from \x1b[01m\x1b[K/home/hs/ros2_study/build/nexus_base_ros/rosidl_typesupport_fastrtps_cpp/nexus_base_ros/msg/detail/encoders__rosidl_typesupport_fastrtps_cpp.hpp:11\x1b[m\x1b[K,\n'}
[7.585232] (nexus_base_ros) StderrLine: {'line': b'                 from \x1b[01m\x1b[K/home/hs/ros2_study/build/nexus_base_ros/rosidl_typesupport_fastrtps_cpp/nexus_base_ros/msg/detail/dds_fastrtps/encoders__type_support.cpp:4\x1b[m\x1b[K:\n'}
[7.585418] (nexus_base_ros) StderrLine: {'line': b'\x1b[01m\x1b[K/home/hs/ros2_study/build/nexus_base_ros/rosidl_generator_cpp/nexus_base_ros/msg/detail/encoders__struct.hpp:21:10:\x1b[m\x1b[K \x1b[01;31m\x1b[Kfatal error: \x1b[m\x1b[Knexus_base_ros/msg/detail/header__struct.hpp: \xea\xb7\xb8\xeb\x9f\xb0 \xed\x8c\x8c\xec\x9d\xbc\xec\x9d\xb4\xeb\x82\x98 \xeb\x94\x94\xeb\xa0\x89\xed\x84\xb0\xeb\xa6\xac\xea\xb0\x80 \xec\x97\x86\xec\x8a\xb5\xeb\x8b\x88\xeb\x8b\xa4\n'}
[7.585602] (nexus_base_ros) StderrLine: {'line': b'   21 | #include \x1b[01;31m\x1b[K"nexus_base_ros/msg/detail/header__struct.hpp"\x1b[m\x1b[K\n'}
[7.585761] (nexus_base_ros) StderrLine: {'line': b'      |          \x1b[01;31m\x1b[K^~~~~~~~~~~~~~~~~~~~~~~~~~~~~~~~~~~~~~~~~~~~~~\x1b[m\x1b[K\n'}
[7.585916] (nexus_base_ros) StderrLine: {'line': b'compilation terminated.\n'}
[7.588527] (nexus_base_ros) StderrLine: {'line': b'gmake[2]: *** [CMakeFiles/nexus_base_ros__rosidl_typesupport_fastrtps_cpp.dir/build.make:144: CMakeFiles/nexus_base_ros__rosidl_typesupport_fastrtps_cpp.dir/rosidl_typesupport_fastrtps_cpp/nexus_base_ros/msg/detail/dds_fastrtps/encoders__type_support.cpp.o] \xec\x98\xa4\xeb\xa5\x98 1\n'}
[7.588915] (nexus_base_ros) StderrLine: {'line': b'gmake[2]: *** \xeb\x81\x9d\xeb\x82\x98\xec\xa7\x80 \xec\x95\x8a\xec\x9d\x80 \xec\x9e\x91\xec\x97\x85\xec\x9d\x84 \xea\xb8\xb0\xeb\x8b\xa4\xeb\xa6\xac\xea\xb3\xa0 \xec\x9e\x88\xec\x8a\xb5\xeb\x8b\x88\xeb\x8b\xa4....\n'}
[7.590858] (nexus_base_ros) StderrLine: {'line': b'In file included from \x1b[01m\x1b[K/home/hs/ros2_study/build/nexus_base_ros/rosidl_typesupport_fastrtps_cpp/nexus_base_ros/msg/detail/motors__rosidl_typesupport_fastrtps_cpp.hpp:11\x1b[m\x1b[K,\n'}
[7.591100] (nexus_base_ros) StderrLine: {'line': b'                 from \x1b[01m\x1b[K/home/hs/ros2_study/build/nexus_base_ros/rosidl_typesupport_fastrtps_cpp/nexus_base_ros/msg/detail/dds_fastrtps/motors__type_support.cpp:4\x1b[m\x1b[K:\n'}
[7.591299] (nexus_base_ros) StderrLine: {'line': b'\x1b[01m\x1b[K/home/hs/ros2_study/build/nexus_base_ros/rosidl_generator_cpp/nexus_base_ros/msg/detail/motors__struct.hpp:21:10:\x1b[m\x1b[K \x1b[01;31m\x1b[Kfatal error: \x1b[m\x1b[Knexus_base_ros/msg/detail/header__struct.hpp: \xea\xb7\xb8\xeb\x9f\xb0 \xed\x8c\x8c\xec\x9d\xbc\xec\x9d\xb4\xeb\x82\x98 \xeb\x94\x94\xeb\xa0\x89\xed\x84\xb0\xeb\xa6\xac\xea\xb0\x80 \xec\x97\x86\xec\x8a\xb5\xeb\x8b\x88\xeb\x8b\xa4\n'}
[7.591478] (nexus_base_ros) StderrLine: {'line': b'   21 | #include \x1b[01;31m\x1b[K"nexus_base_ros/msg/detail/header__struct.hpp"\x1b[m\x1b[K\n'}
[7.591635] (nexus_base_ros) StderrLine: {'line': b'      |          \x1b[01;31m\x1b[K^~~~~~~~~~~~~~~~~~~~~~~~~~~~~~~~~~~~~~~~~~~~~~\x1b[m\x1b[K\n'}
[7.591789] (nexus_base_ros) StderrLine: {'line': b'compilation terminated.\n'}
[7.593139] (nexus_base_ros) StderrLine: {'line': b'gmake[2]: *** [CMakeFiles/nexus_base_ros__rosidl_typesupport_fastrtps_cpp.dir/build.make:158: CMakeFiles/nexus_base_ros__rosidl_typesupport_fastrtps_cpp.dir/rosidl_typesupport_fastrtps_cpp/nexus_base_ros/msg/detail/dds_fastrtps/motors__type_support.cpp.o] \xec\x98\xa4\xeb\xa5\x98 1\n'}
[7.622652] (-) TimerEvent: {}
[7.723053] (-) TimerEvent: {}
[7.823472] (-) TimerEvent: {}
[7.923867] (-) TimerEvent: {}
[7.933827] (nexus_base_ros) StderrLine: {'line': b'gmake[1]: *** [CMakeFiles/Makefile2:401: CMakeFiles/nexus_base_ros__rosidl_typesupport_cpp.dir/all] \xec\x98\xa4\xeb\xa5\x98 2\n'}
[8.023998] (-) TimerEvent: {}
[8.124422] (-) TimerEvent: {}
[8.206670] (nexus_base_ros) StderrLine: {'line': b'gmake[1]: *** [CMakeFiles/Makefile2:375: CMakeFiles/nexus_base_ros__rosidl_typesupport_introspection_cpp.dir/all] \xec\x98\xa4\xeb\xa5\x98 2\n'}
[8.224579] (-) TimerEvent: {}
[8.308238] (nexus_base_ros) StderrLine: {'line': b'gmake[1]: *** [CMakeFiles/Makefile2:297: CMakeFiles/nexus_base_ros__rosidl_typesupport_fastrtps_cpp.dir/all] \xec\x98\xa4\xeb\xa5\x98 2\n'}
[8.308556] (nexus_base_ros) StderrLine: {'line': b'gmake: *** [Makefile:146: all] \xec\x98\xa4\xeb\xa5\x98 2\n'}
[8.310740] (nexus_base_ros) CommandEnded: {'returncode': 2}
[8.324612] (nexus_base_ros) JobEnded: {'identifier': 'nexus_base_ros', 'rc': 2}
[8.325259] (-) TimerEvent: {}
[8.335531] (-) EventReactorShutdown: {}
