[0.000000] (-) TimerEvent: {}
[0.000767] (bno055) JobQueued: {'identifier': 'bno055', 'dependencies': OrderedDict()}
[0.000997] (nexus_base_ros) JobQueued: {'identifier': 'nexus_base_ros', 'dependencies': OrderedDict()}
[0.001164] (sllidar_ros2) JobQueued: {'identifier': 'sllidar_ros2', 'dependencies': OrderedDict()}
[0.001323] (bno055) JobStarted: {'identifier': 'bno055'}
[0.012553] (nexus_base_ros) JobStarted: {'identifier': 'nexus_base_ros'}
[0.020074] (sllidar_ros2) JobStarted: {'identifier': 'sllidar_ros2'}
[0.099737] (-) TimerEvent: {}
[0.200169] (-) TimerEvent: {}
[0.300534] (-) TimerEvent: {}
[0.400923] (-) TimerEvent: {}
[0.501425] (-) TimerEvent: {}
[0.576240] (nexus_base_ros) JobProgress: {'identifier': 'nexus_base_ros', 'progress': 'cmake'}
[0.577760] (nexus_base_ros) JobProgress: {'identifier': 'nexus_base_ros', 'progress': 'build'}
[0.579127] (nexus_base_ros) Command: {'cmd': ['/usr/local/bin/cmake', '--build', '/home/hs/ros2_study/build/nexus_base_ros', '--', '-j8', '-l8'], 'cwd': '/home/hs/ros2_study/build/nexus_base_ros', 'env': OrderedDict([('PYTHON_BASIC_REPL', '1'), ('LESSOPEN', '| /usr/bin/lesspipe %s'), ('LANGUAGE', 'ko:en_US:en'), ('USER', 'hs'), ('LC_TIME', 'ko_KR.UTF-8'), ('XDG_SESSION_TYPE', 'wayland'), ('GIT_ASKPASS', '/usr/share/code/resources/app/extensions/git/dist/askpass.sh'), ('STM32CubeMX_PATH', '/home/hs/STM32CubeMX'), ('SHLVL', '2'), ('LD_LIBRARY_PATH', '/home/hs/ros2_study/install/nexus_base_ros/lib:/usr/lib/x86_64-linux-gnu/gazebo-11/plugins:/opt/ros/humble/opt/rviz_ogre_vendor/lib:/opt/ros/humble/lib/x86_64-linux-gnu:/opt/ros/humble/lib'), ('HOME', '/home/hs'), ('CHROME_DESKTOP', 'code.desktop'), ('TERM_PROGRAM_VERSION', '1.108.1'), ('DESKTOP_SESSION', 'ubuntu'), ('ROS_PYTHON_VERSION', '3'), ('GNOME_SHELL_SESSION_MODE', 'ubuntu'), ('GTK_MODULES', 'gail:atk-bridge'), ('VSCODE_GIT_ASKPASS_MAIN', '/usr/share/code/resources/app/extensions/git/dist/askpass-main.js'), ('LC_MONETARY', 'ko_KR.UTF-8'), ('VSCODE_GIT_ASKPASS_NODE', '/usr/share/code/code'), ('PYDEVD_DISABLE_FILE_VALIDATION', '1'), ('DBUS_STARTER_BUS_TYPE', 'session'), ('SYSTEMD_EXEC_PID', '2975'), ('BUNDLED_DEBUGPY_PATH', '/home/hs/.vscode/extensions/ms-python.debugpy-2025.10.0-linux-x64/bundled/libs/debugpy'), ('VSCODE_PYTHON_AUTOACTIVATE_GUARD', '1'), ('DBUS_SESSION_BUS_ADDRESS', 'unix:path=/run/user/1000/bus,guid=f963dfa289b34d744642bec3696fbd95'), ('COLORTERM', 'truecolor'), ('IM_CONFIG_PHASE', '1'), ('WAYLAND_DISPLAY', 'wayland-0'), ('COLCON_PREFIX_PATH', '/home/hs/ros2_study/install'), ('ROS_DISTRO', 'humble'), ('LOGNAME', 'hs'), ('_', '/usr/bin/colcon'), ('ROS_VERSION', '2'), ('XDG_SESSION_CLASS', 'user'), ('USERNAME', 'hs'), ('TERM', 'xterm-256color'), ('GAZEBO_MODEL_PATH', ':/opt/ros/humble/share:/opt/ros/humble/share'), ('GNOME_DESKTOP_SESSION_ID', 'this-is-deprecated'), ('FC_FONTATIONS', '1'), ('ROS_LOCALHOST_ONLY', '0'), ('PATH', '/usr/local/MATLAB/R2024b/bin:/usr/local/MATLAB/R2024b/bin:/opt/ros/humble/bin:/home/hs/.local/bin:/usr/local/sbin:/usr/local/bin:/usr/sbin:/usr/bin:/sbin:/bin:/usr/games:/usr/local/games:/snap/bin:/snap/bin:/home/hs/esp/xtensa-esp32-elf/bin:/opt/JLink:/home/hs/.vscode/extensions/ms-python.debugpy-2025.10.0-linux-x64/bundled/scripts/noConfigScripts:/opt/JLink'), ('SESSION_MANAGER', 'local/hs-760XBE:@/tmp/.ICE-unix/2975,unix/hs-760XBE:/tmp/.ICE-unix/2975'), ('PAPERSIZE', 'a4'), ('XDG_MENU_PREFIX', 'gnome-'), ('LC_ADDRESS', 'ko_KR.UTF-8'), ('GNOME_TERMINAL_SCREEN', '/org/gnome/Terminal/screen/c624cff7_ea00_4557_80b0_6ca17a5db9be'), ('GNOME_SETUP_DISPLAY', ':1'), ('XDG_RUNTIME_DIR', '/run/user/1000'), ('GDK_BACKEND', 'wayland'), ('DISPLAY', ':0'), ('VSCODE_DEBUGPY_ADAPTER_ENDPOINTS', '/home/hs/.vscode/extensions/ms-python.debugpy-2025.10.0-linux-x64/.noConfigDebugAdapterEndpoints/endpoint-93dc2f40e9dcc4fe.txt'), ('LANG', 'ko_KR.UTF-8'), ('XDG_CURRENT_DESKTOP', 'ubuntu:GNOME'), ('LC_TELEPHONE', 'ko_KR.UTF-8'), ('XMODIFIERS', '@im=ibus'), ('XDG_SESSION_DESKTOP', 'ubuntu'), ('XAUTHORITY', '/run/user/1000/.mutter-Xwaylandauth.2A37I3'), ('LS_COLORS', 'rs=0:di=01;34:ln=01;36:mh=00:pi=40;33:so=01;35:do=01;35:bd=40;33;01:cd=40;33;01:or=40;31;01:mi=00:su=37;41:sg=30;43:ca=30;41:tw=30;42:ow=34;42:st=37;44:ex=01;32:*.tar=01;31:*.tgz=01;31:*.arc=01;31:*.arj=01;31:*.taz=01;31:*.lha=01;31:*.lz4=01;31:*.lzh=01;31:*.lzma=01;31:*.tlz=01;31:*.txz=01;31:*.tzo=01;31:*.t7z=01;31:*.zip=01;31:*.z=01;31:*.dz=01;31:*.gz=01;31:*.lrz=01;31:*.lz=01;31:*.lzo=01;31:*.xz=01;31:*.zst=01;31:*.tzst=01;31:*.bz2=01;31:*.bz=01;31:*.tbz=01;31:*.tbz2=01;31:*.tz=01;31:*.deb=01;31:*.rpm=01;31:*.jar=01;31:*.war=01;31:*.ear=01;31:*.sar=01;31:*.rar=01;31:*.alz=01;31:*.ace=01;31:*.zoo=01;31:*.cpio=01;31:*.7z=01;31:*.rz=01;31:*.cab=01;31:*.wim=01;31:*.swm=01;31:*.dwm=01;31:*.esd=01;31:*.jpg=01;35:*.jpeg=01;35:*.mjpg=01;35:*.mjpeg=01;35:*.gif=01;35:*.bmp=01;35:*.pbm=01;35:*.pgm=01;35:*.ppm=01;35:*.tga=01;35:*.xbm=01;35:*.xpm=01;35:*.tif=01;35:*.tiff=01;35:*.png=01;35:*.svg=01;35:*.svgz=01;35:*.mng=01;35:*.pcx=01;35:*.mov=01;35:*.mpg=01;35:*.mpeg=01;35:*.m2v=01;35:*.mkv=01;35:*.webm=01;35:*.webp=01;35:*.ogm=01;35:*.mp4=01;35:*.m4v=01;35:*.mp4v=01;35:*.vob=01;35:*.qt=01;35:*.nuv=01;35:*.wmv=01;35:*.asf=01;35:*.rm=01;35:*.rmvb=01;35:*.flc=01;35:*.avi=01;35:*.fli=01;35:*.flv=01;35:*.gl=01;35:*.dl=01;35:*.xcf=01;35:*.xwd=01;35:*.yuv=01;35:*.cgm=01;35:*.emf=01;35:*.ogv=01;35:*.ogx=01;35:*.aac=00;36:*.au=00;36:*.flac=00;36:*.m4a=00;36:*.mid=00;36:*.midi=00;36:*.mka=00;36:*.mp3=00;36:*.mpc=00;36:*.ogg=00;36:*.ra=00;36:*.wav=00;36:*.oga=00;36:*.opus=00;36:*.spx=00;36:*.xspf=00;36:'), ('VSCODE_GIT_IPC_HANDLE', '/run/user/1000/vscode-git-c015e2e957.sock'), ('GNOME_TERMINAL_SERVICE', ':1.570'), ('TERM_PROGRAM', 'vscode'), ('SSH_AGENT_LAUNCHER', 'gnome-keyring'), ('SSH_AUTH_SOCK', '/run/user/1000/keyring/ssh'), ('AMENT_PREFIX_PATH', '/home/hs/ros2_study/install/sllidar_ros2:/home/hs/ros2_study/install/bno055:/home/hs/ros2_study/install/nexus_base_ros:/opt/ros/humble'), ('SHELL', '/bin/bash'), ('LC_NAME', 'ko_KR.UTF-8'), ('QT_ACCESSIBILITY', '1'), ('GDMSESSION', 'ubuntu'), ('LESSCLOSE', '/usr/bin/lesspipe %s %s'), ('LC_MEASUREMENT', 'ko_KR.UTF-8'), ('LC_IDENTIFICATION', 'ko_KR.UTF-8'), ('VSCODE_GIT_ASKPASS_EXTRA_ARGS', ''), ('QT_IM_MODULE', 'ibus'), ('PWD', '/home/hs/ros2_study/build/nexus_base_ros'), ('TURTLEBOT3_MODEL', 'burger'), ('LC_ALL', 'en_US.UTF-8'), ('XDG_CONFIG_DIRS', '/etc/xdg/xdg-ubuntu:/etc/xdg'), ('GAZEBO_PLUGIN_PATH', ':/opt/ros/humble/lib:/opt/ros/humble/lib'), ('DBUS_STARTER_ADDRESS', 'unix:path=/run/user/1000/bus,guid=f963dfa289b34d744642bec3696fbd95'), ('XDG_DATA_DIRS', '/usr/share/ubuntu:/usr/local/share/:/usr/share/:/var/lib/snapd/desktop'), ('PYTHONPATH', '/home/hs/ros2_study/install/bno055/lib/python3.10/site-packages:/home/hs/ros2_study/install/nexus_base_ros/local/lib/python3.10/dist-packages:/opt/ros/humble/lib/python3.10/site-packages:/opt/ros/humble/local/lib/python3.10/dist-packages'), ('LC_NUMERIC', 'ko_KR.UTF-8'), ('LC_PAPER', 'ko_KR.UTF-8'), ('COLCON', '1'), ('VTE_VERSION', '6800'), ('CMAKE_PREFIX_PATH', '/home/hs/ros2_study/install/sllidar_ros2:/home/hs/ros2_study/install/nexus_base_ros:/home/hs/ros2_study/install/bno055:/opt/ros/humble')]), 'shell': False}
[0.584631] (sllidar_ros2) JobProgress: {'identifier': 'sllidar_ros2', 'progress': 'cmake'}
[0.585777] (sllidar_ros2) JobProgress: {'identifier': 'sllidar_ros2', 'progress': 'build'}
[0.586254] (sllidar_ros2) Command: {'cmd': ['/usr/local/bin/cmake', '--build', '/home/hs/ros2_study/build/sllidar_ros2', '--', '-j8', '-l8'], 'cwd': '/home/hs/ros2_study/build/sllidar_ros2', 'env': OrderedDict([('PYTHON_BASIC_REPL', '1'), ('LESSOPEN', '| /usr/bin/lesspipe %s'), ('LANGUAGE', 'ko:en_US:en'), ('USER', 'hs'), ('LC_TIME', 'ko_KR.UTF-8'), ('XDG_SESSION_TYPE', 'wayland'), ('GIT_ASKPASS', '/usr/share/code/resources/app/extensions/git/dist/askpass.sh'), ('STM32CubeMX_PATH', '/home/hs/STM32CubeMX'), ('SHLVL', '2'), ('LD_LIBRARY_PATH', '/home/hs/ros2_study/install/nexus_base_ros/lib:/usr/lib/x86_64-linux-gnu/gazebo-11/plugins:/opt/ros/humble/opt/rviz_ogre_vendor/lib:/opt/ros/humble/lib/x86_64-linux-gnu:/opt/ros/humble/lib'), ('HOME', '/home/hs'), ('CHROME_DESKTOP', 'code.desktop'), ('TERM_PROGRAM_VERSION', '1.108.1'), ('DESKTOP_SESSION', 'ubuntu'), ('ROS_PYTHON_VERSION', '3'), ('GNOME_SHELL_SESSION_MODE', 'ubuntu'), ('GTK_MODULES', 'gail:atk-bridge'), ('VSCODE_GIT_ASKPASS_MAIN', '/usr/share/code/resources/app/extensions/git/dist/askpass-main.js'), ('LC_MONETARY', 'ko_KR.UTF-8'), ('VSCODE_GIT_ASKPASS_NODE', '/usr/share/code/code'), ('PYDEVD_DISABLE_FILE_VALIDATION', '1'), ('DBUS_STARTER_BUS_TYPE', 'session'), ('SYSTEMD_EXEC_PID', '2975'), ('BUNDLED_DEBUGPY_PATH', '/home/hs/.vscode/extensions/ms-python.debugpy-2025.10.0-linux-x64/bundled/libs/debugpy'), ('VSCODE_PYTHON_AUTOACTIVATE_GUARD', '1'), ('DBUS_SESSION_BUS_ADDRESS', 'unix:path=/run/user/1000/bus,guid=f963dfa289b34d744642bec3696fbd95'), ('COLORTERM', 'truecolor'), ('IM_CONFIG_PHASE', '1'), ('WAYLAND_DISPLAY', 'wayland-0'), ('COLCON_PREFIX_PATH', '/home/hs/ros2_study/install'), ('ROS_DISTRO', 'humble'), ('LOGNAME', 'hs'), ('_', '/usr/bin/colcon'), ('ROS_VERSION', '2'), ('XDG_SESSION_CLASS', 'user'), ('USERNAME', 'hs'), ('TERM', 'xterm-256color'), ('GAZEBO_MODEL_PATH', ':/opt/ros/humble/share:/opt/ros/humble/share'), ('GNOME_DESKTOP_SESSION_ID', 'this-is-deprecated'), ('FC_FONTATIONS', '1'), ('ROS_LOCALHOST_ONLY', '0'), ('PATH', '/usr/local/MATLAB/R2024b/bin:/usr/local/MATLAB/R2024b/bin:/opt/ros/humble/bin:/home/hs/.local/bin:/usr/local/sbin:/usr/local/bin:/usr/sbin:/usr/bin:/sbin:/bin:/usr/games:/usr/local/games:/snap/bin:/snap/bin:/home/hs/esp/xtensa-esp32-elf/bin:/opt/JLink:/home/hs/.vscode/extensions/ms-python.debugpy-2025.10.0-linux-x64/bundled/scripts/noConfigScripts:/opt/JLink'), ('SESSION_MANAGER', 'local/hs-760XBE:@/tmp/.ICE-unix/2975,unix/hs-760XBE:/tmp/.ICE-unix/2975'), ('PAPERSIZE', 'a4'), ('XDG_MENU_PREFIX', 'gnome-'), ('LC_ADDRESS', 'ko_KR.UTF-8'), ('GNOME_TERMINAL_SCREEN', '/org/gnome/Terminal/screen/c624cff7_ea00_4557_80b0_6ca17a5db9be'), ('GNOME_SETUP_DISPLAY', ':1'), ('XDG_RUNTIME_DIR', '/run/user/1000'), ('GDK_BACKEND', 'wayland'), ('DISPLAY', ':0'), ('VSCODE_DEBUGPY_ADAPTER_ENDPOINTS', '/home/hs/.vscode/extensions/ms-python.debugpy-2025.10.0-linux-x64/.noConfigDebugAdapterEndpoints/endpoint-93dc2f40e9dcc4fe.txt'), ('LANG', 'ko_KR.UTF-8'), ('XDG_CURRENT_DESKTOP', 'ubuntu:GNOME'), ('LC_TELEPHONE', 'ko_KR.UTF-8'), ('XMODIFIERS', '@im=ibus'), ('XDG_SESSION_DESKTOP', 'ubuntu'), ('XAUTHORITY', '/run/user/1000/.mutter-Xwaylandauth.2A37I3'), ('LS_COLORS', 'rs=0:di=01;34:ln=01;36:mh=00:pi=40;33:so=01;35:do=01;35:bd=40;33;01:cd=40;33;01:or=40;31;01:mi=00:su=37;41:sg=30;43:ca=30;41:tw=30;42:ow=34;42:st=37;44:ex=01;32:*.tar=01;31:*.tgz=01;31:*.arc=01;31:*.arj=01;31:*.taz=01;31:*.lha=01;31:*.lz4=01;31:*.lzh=01;31:*.lzma=01;31:*.tlz=01;31:*.txz=01;31:*.tzo=01;31:*.t7z=01;31:*.zip=01;31:*.z=01;31:*.dz=01;31:*.gz=01;31:*.lrz=01;31:*.lz=01;31:*.lzo=01;31:*.xz=01;31:*.zst=01;31:*.tzst=01;31:*.bz2=01;31:*.bz=01;31:*.tbz=01;31:*.tbz2=01;31:*.tz=01;31:*.deb=01;31:*.rpm=01;31:*.jar=01;31:*.war=01;31:*.ear=01;31:*.sar=01;31:*.rar=01;31:*.alz=01;31:*.ace=01;31:*.zoo=01;31:*.cpio=01;31:*.7z=01;31:*.rz=01;31:*.cab=01;31:*.wim=01;31:*.swm=01;31:*.dwm=01;31:*.esd=01;31:*.jpg=01;35:*.jpeg=01;35:*.mjpg=01;35:*.mjpeg=01;35:*.gif=01;35:*.bmp=01;35:*.pbm=01;35:*.pgm=01;35:*.ppm=01;35:*.tga=01;35:*.xbm=01;35:*.xpm=01;35:*.tif=01;35:*.tiff=01;35:*.png=01;35:*.svg=01;35:*.svgz=01;35:*.mng=01;35:*.pcx=01;35:*.mov=01;35:*.mpg=01;35:*.mpeg=01;35:*.m2v=01;35:*.mkv=01;35:*.webm=01;35:*.webp=01;35:*.ogm=01;35:*.mp4=01;35:*.m4v=01;35:*.mp4v=01;35:*.vob=01;35:*.qt=01;35:*.nuv=01;35:*.wmv=01;35:*.asf=01;35:*.rm=01;35:*.rmvb=01;35:*.flc=01;35:*.avi=01;35:*.fli=01;35:*.flv=01;35:*.gl=01;35:*.dl=01;35:*.xcf=01;35:*.xwd=01;35:*.yuv=01;35:*.cgm=01;35:*.emf=01;35:*.ogv=01;35:*.ogx=01;35:*.aac=00;36:*.au=00;36:*.flac=00;36:*.m4a=00;36:*.mid=00;36:*.midi=00;36:*.mka=00;36:*.mp3=00;36:*.mpc=00;36:*.ogg=00;36:*.ra=00;36:*.wav=00;36:*.oga=00;36:*.opus=00;36:*.spx=00;36:*.xspf=00;36:'), ('VSCODE_GIT_IPC_HANDLE', '/run/user/1000/vscode-git-c015e2e957.sock'), ('GNOME_TERMINAL_SERVICE', ':1.570'), ('TERM_PROGRAM', 'vscode'), ('SSH_AGENT_LAUNCHER', 'gnome-keyring'), ('SSH_AUTH_SOCK', '/run/user/1000/keyring/ssh'), ('AMENT_PREFIX_PATH', '/home/hs/ros2_study/install/sllidar_ros2:/home/hs/ros2_study/install/bno055:/home/hs/ros2_study/install/nexus_base_ros:/opt/ros/humble'), ('SHELL', '/bin/bash'), ('LC_NAME', 'ko_KR.UTF-8'), ('QT_ACCESSIBILITY', '1'), ('GDMSESSION', 'ubuntu'), ('LESSCLOSE', '/usr/bin/lesspipe %s %s'), ('LC_MEASUREMENT', 'ko_KR.UTF-8'), ('LC_IDENTIFICATION', 'ko_KR.UTF-8'), ('VSCODE_GIT_ASKPASS_EXTRA_ARGS', ''), ('QT_IM_MODULE', 'ibus'), ('PWD', '/home/hs/ros2_study/build/sllidar_ros2'), ('TURTLEBOT3_MODEL', 'burger'), ('LC_ALL', 'en_US.UTF-8'), ('XDG_CONFIG_DIRS', '/etc/xdg/xdg-ubuntu:/etc/xdg'), ('GAZEBO_PLUGIN_PATH', ':/opt/ros/humble/lib:/opt/ros/humble/lib'), ('DBUS_STARTER_ADDRESS', 'unix:path=/run/user/1000/bus,guid=f963dfa289b34d744642bec3696fbd95'), ('XDG_DATA_DIRS', '/usr/share/ubuntu:/usr/local/share/:/usr/share/:/var/lib/snapd/desktop'), ('PYTHONPATH', '/home/hs/ros2_study/install/bno055/lib/python3.10/site-packages:/home/hs/ros2_study/install/nexus_base_ros/local/lib/python3.10/dist-packages:/opt/ros/humble/lib/python3.10/site-packages:/opt/ros/humble/local/lib/python3.10/dist-packages'), ('LC_NUMERIC', 'ko_KR.UTF-8'), ('LC_PAPER', 'ko_KR.UTF-8'), ('COLCON', '1'), ('VTE_VERSION', '6800'), ('CMAKE_PREFIX_PATH', '/home/hs/ros2_study/install/sllidar_ros2:/home/hs/ros2_study/install/nexus_base_ros:/home/hs/ros2_study/install/bno055:/opt/ros/humble')]), 'shell': False}
[0.601537] (-) TimerEvent: {}
[0.635886] (nexus_base_ros) StdoutLine: {'line': b'[  1%] Built target nexus_base_ros__cpp\n'}
[0.642403] (nexus_base_ros) StdoutLine: {'line': b'[ 11%] Built target nexus_base_ros__rosidl_generator_c\n'}
[0.646039] (nexus_base_ros) StdoutLine: {'line': b'[ 11%] Built target ament_cmake_python_copy_nexus_base_ros\n'}
[0.657051] (sllidar_ros2) StdoutLine: {'line': b'[ 10%] Built target sllidar_client\n'}
[0.670742] (nexus_base_ros) StdoutLine: {'line': b'[ 21%] Built target nexus_base_ros__rosidl_typesupport_fastrtps_cpp\n'}
[0.679130] (sllidar_ros2) StdoutLine: {'line': b'[100%] Built target sllidar_node\n'}
[0.689545] (nexus_base_ros) StdoutLine: {'line': b'[ 31%] Built target nexus_base_ros__rosidl_typesupport_introspection_cpp\n'}
[0.689922] (nexus_base_ros) StdoutLine: {'line': b'[ 40%] Built target nexus_base_ros__rosidl_typesupport_introspection_c\n'}
[0.691389] (nexus_base_ros) StdoutLine: {'line': b'[ 50%] Built target nexus_base_ros__rosidl_typesupport_c\n'}
[0.691701] (nexus_base_ros) StdoutLine: {'line': b'[ 63%] Built target nexus_base_ros__rosidl_typesupport_fastrtps_c\n'}
[0.693081] (nexus_base_ros) StdoutLine: {'line': b'[ 70%] Built target nexus_base_ros__rosidl_typesupport_cpp\n'}
[0.694404] (sllidar_ros2) CommandEnded: {'returncode': 0}
[0.696197] (sllidar_ros2) JobProgress: {'identifier': 'sllidar_ros2', 'progress': 'install'}
[0.701673] (-) TimerEvent: {}
[0.705428] (sllidar_ros2) Command: {'cmd': ['/usr/local/bin/cmake', '--install', '/home/hs/ros2_study/build/sllidar_ros2'], 'cwd': '/home/hs/ros2_study/build/sllidar_ros2', 'env': OrderedDict([('PYTHON_BASIC_REPL', '1'), ('LESSOPEN', '| /usr/bin/lesspipe %s'), ('LANGUAGE', 'ko:en_US:en'), ('USER', 'hs'), ('LC_TIME', 'ko_KR.UTF-8'), ('XDG_SESSION_TYPE', 'wayland'), ('GIT_ASKPASS', '/usr/share/code/resources/app/extensions/git/dist/askpass.sh'), ('STM32CubeMX_PATH', '/home/hs/STM32CubeMX'), ('SHLVL', '2'), ('LD_LIBRARY_PATH', '/home/hs/ros2_study/install/nexus_base_ros/lib:/usr/lib/x86_64-linux-gnu/gazebo-11/plugins:/opt/ros/humble/opt/rviz_ogre_vendor/lib:/opt/ros/humble/lib/x86_64-linux-gnu:/opt/ros/humble/lib'), ('HOME', '/home/hs'), ('CHROME_DESKTOP', 'code.desktop'), ('TERM_PROGRAM_VERSION', '1.108.1'), ('DESKTOP_SESSION', 'ubuntu'), ('ROS_PYTHON_VERSION', '3'), ('GNOME_SHELL_SESSION_MODE', 'ubuntu'), ('GTK_MODULES', 'gail:atk-bridge'), ('VSCODE_GIT_ASKPASS_MAIN', '/usr/share/code/resources/app/extensions/git/dist/askpass-main.js'), ('LC_MONETARY', 'ko_KR.UTF-8'), ('VSCODE_GIT_ASKPASS_NODE', '/usr/share/code/code'), ('PYDEVD_DISABLE_FILE_VALIDATION', '1'), ('DBUS_STARTER_BUS_TYPE', 'session'), ('SYSTEMD_EXEC_PID', '2975'), ('BUNDLED_DEBUGPY_PATH', '/home/hs/.vscode/extensions/ms-python.debugpy-2025.10.0-linux-x64/bundled/libs/debugpy'), ('VSCODE_PYTHON_AUTOACTIVATE_GUARD', '1'), ('DBUS_SESSION_BUS_ADDRESS', 'unix:path=/run/user/1000/bus,guid=f963dfa289b34d744642bec3696fbd95'), ('COLORTERM', 'truecolor'), ('IM_CONFIG_PHASE', '1'), ('WAYLAND_DISPLAY', 'wayland-0'), ('COLCON_PREFIX_PATH', '/home/hs/ros2_study/install'), ('ROS_DISTRO', 'humble'), ('LOGNAME', 'hs'), ('_', '/usr/bin/colcon'), ('ROS_VERSION', '2'), ('XDG_SESSION_CLASS', 'user'), ('USERNAME', 'hs'), ('TERM', 'xterm-256color'), ('GAZEBO_MODEL_PATH', ':/opt/ros/humble/share:/opt/ros/humble/share'), ('GNOME_DESKTOP_SESSION_ID', 'this-is-deprecated'), ('FC_FONTATIONS', '1'), ('ROS_LOCALHOST_ONLY', '0'), ('PATH', '/usr/local/MATLAB/R2024b/bin:/usr/local/MATLAB/R2024b/bin:/opt/ros/humble/bin:/home/hs/.local/bin:/usr/local/sbin:/usr/local/bin:/usr/sbin:/usr/bin:/sbin:/bin:/usr/games:/usr/local/games:/snap/bin:/snap/bin:/home/hs/esp/xtensa-esp32-elf/bin:/opt/JLink:/home/hs/.vscode/extensions/ms-python.debugpy-2025.10.0-linux-x64/bundled/scripts/noConfigScripts:/opt/JLink'), ('SESSION_MANAGER', 'local/hs-760XBE:@/tmp/.ICE-unix/2975,unix/hs-760XBE:/tmp/.ICE-unix/2975'), ('PAPERSIZE', 'a4'), ('XDG_MENU_PREFIX', 'gnome-'), ('LC_ADDRESS', 'ko_KR.UTF-8'), ('GNOME_TERMINAL_SCREEN', '/org/gnome/Terminal/screen/c624cff7_ea00_4557_80b0_6ca17a5db9be'), ('GNOME_SETUP_DISPLAY', ':1'), ('XDG_RUNTIME_DIR', '/run/user/1000'), ('GDK_BACKEND', 'wayland'), ('DISPLAY', ':0'), ('VSCODE_DEBUGPY_ADAPTER_ENDPOINTS', '/home/hs/.vscode/extensions/ms-python.debugpy-2025.10.0-linux-x64/.noConfigDebugAdapterEndpoints/endpoint-93dc2f40e9dcc4fe.txt'), ('LANG', 'ko_KR.UTF-8'), ('XDG_CURRENT_DESKTOP', 'ubuntu:GNOME'), ('LC_TELEPHONE', 'ko_KR.UTF-8'), ('XMODIFIERS', '@im=ibus'), ('XDG_SESSION_DESKTOP', 'ubuntu'), ('XAUTHORITY', '/run/user/1000/.mutter-Xwaylandauth.2A37I3'), ('LS_COLORS', 'rs=0:di=01;34:ln=01;36:mh=00:pi=40;33:so=01;35:do=01;35:bd=40;33;01:cd=40;33;01:or=40;31;01:mi=00:su=37;41:sg=30;43:ca=30;41:tw=30;42:ow=34;42:st=37;44:ex=01;32:*.tar=01;31:*.tgz=01;31:*.arc=01;31:*.arj=01;31:*.taz=01;31:*.lha=01;31:*.lz4=01;31:*.lzh=01;31:*.lzma=01;31:*.tlz=01;31:*.txz=01;31:*.tzo=01;31:*.t7z=01;31:*.zip=01;31:*.z=01;31:*.dz=01;31:*.gz=01;31:*.lrz=01;31:*.lz=01;31:*.lzo=01;31:*.xz=01;31:*.zst=01;31:*.tzst=01;31:*.bz2=01;31:*.bz=01;31:*.tbz=01;31:*.tbz2=01;31:*.tz=01;31:*.deb=01;31:*.rpm=01;31:*.jar=01;31:*.war=01;31:*.ear=01;31:*.sar=01;31:*.rar=01;31:*.alz=01;31:*.ace=01;31:*.zoo=01;31:*.cpio=01;31:*.7z=01;31:*.rz=01;31:*.cab=01;31:*.wim=01;31:*.swm=01;31:*.dwm=01;31:*.esd=01;31:*.jpg=01;35:*.jpeg=01;35:*.mjpg=01;35:*.mjpeg=01;35:*.gif=01;35:*.bmp=01;35:*.pbm=01;35:*.pgm=01;35:*.ppm=01;35:*.tga=01;35:*.xbm=01;35:*.xpm=01;35:*.tif=01;35:*.tiff=01;35:*.png=01;35:*.svg=01;35:*.svgz=01;35:*.mng=01;35:*.pcx=01;35:*.mov=01;35:*.mpg=01;35:*.mpeg=01;35:*.m2v=01;35:*.mkv=01;35:*.webm=01;35:*.webp=01;35:*.ogm=01;35:*.mp4=01;35:*.m4v=01;35:*.mp4v=01;35:*.vob=01;35:*.qt=01;35:*.nuv=01;35:*.wmv=01;35:*.asf=01;35:*.rm=01;35:*.rmvb=01;35:*.flc=01;35:*.avi=01;35:*.fli=01;35:*.flv=01;35:*.gl=01;35:*.dl=01;35:*.xcf=01;35:*.xwd=01;35:*.yuv=01;35:*.cgm=01;35:*.emf=01;35:*.ogv=01;35:*.ogx=01;35:*.aac=00;36:*.au=00;36:*.flac=00;36:*.m4a=00;36:*.mid=00;36:*.midi=00;36:*.mka=00;36:*.mp3=00;36:*.mpc=00;36:*.ogg=00;36:*.ra=00;36:*.wav=00;36:*.oga=00;36:*.opus=00;36:*.spx=00;36:*.xspf=00;36:'), ('VSCODE_GIT_IPC_HANDLE', '/run/user/1000/vscode-git-c015e2e957.sock'), ('GNOME_TERMINAL_SERVICE', ':1.570'), ('TERM_PROGRAM', 'vscode'), ('SSH_AGENT_LAUNCHER', 'gnome-keyring'), ('SSH_AUTH_SOCK', '/run/user/1000/keyring/ssh'), ('AMENT_PREFIX_PATH', '/home/hs/ros2_study/install/sllidar_ros2:/home/hs/ros2_study/install/bno055:/home/hs/ros2_study/install/nexus_base_ros:/opt/ros/humble'), ('SHELL', '/bin/bash'), ('LC_NAME', 'ko_KR.UTF-8'), ('QT_ACCESSIBILITY', '1'), ('GDMSESSION', 'ubuntu'), ('LESSCLOSE', '/usr/bin/lesspipe %s %s'), ('LC_MEASUREMENT', 'ko_KR.UTF-8'), ('LC_IDENTIFICATION', 'ko_KR.UTF-8'), ('VSCODE_GIT_ASKPASS_EXTRA_ARGS', ''), ('QT_IM_MODULE', 'ibus'), ('PWD', '/home/hs/ros2_study/build/sllidar_ros2'), ('TURTLEBOT3_MODEL', 'burger'), ('LC_ALL', 'en_US.UTF-8'), ('XDG_CONFIG_DIRS', '/etc/xdg/xdg-ubuntu:/etc/xdg'), ('GAZEBO_PLUGIN_PATH', ':/opt/ros/humble/lib:/opt/ros/humble/lib'), ('DBUS_STARTER_ADDRESS', 'unix:path=/run/user/1000/bus,guid=f963dfa289b34d744642bec3696fbd95'), ('XDG_DATA_DIRS', '/usr/share/ubuntu:/usr/local/share/:/usr/share/:/var/lib/snapd/desktop'), ('PYTHONPATH', '/home/hs/ros2_study/install/bno055/lib/python3.10/site-packages:/home/hs/ros2_study/install/nexus_base_ros/local/lib/python3.10/dist-packages:/opt/ros/humble/lib/python3.10/site-packages:/opt/ros/humble/local/lib/python3.10/dist-packages'), ('LC_NUMERIC', 'ko_KR.UTF-8'), ('LC_PAPER', 'ko_KR.UTF-8'), ('COLCON', '1'), ('VTE_VERSION', '6800'), ('CMAKE_PREFIX_PATH', '/home/hs/ros2_study/install/sllidar_ros2:/home/hs/ros2_study/install/nexus_base_ros:/home/hs/ros2_study/install/bno055:/opt/ros/humble')]), 'shell': False}
[0.710826] (sllidar_ros2) StdoutLine: {'line': b'-- Install configuration: ""\n'}
[0.711387] (sllidar_ros2) StdoutLine: {'line': b'-- Up-to-date: /home/hs/ros2_study/install/sllidar_ros2/share/sllidar_ros2/launch\n'}
[0.711650] (sllidar_ros2) StdoutLine: {'line': b'-- Up-to-date: /home/hs/ros2_study/install/sllidar_ros2/share/sllidar_ros2/launch/sllidar_s3_launch.py\n'}
[0.711821] (sllidar_ros2) StdoutLine: {'line': b'-- Up-to-date: /home/hs/ros2_study/install/sllidar_ros2/share/sllidar_ros2/launch/view_sllidar_s1_tcp_launch.py\n'}
[0.712011] (sllidar_ros2) StdoutLine: {'line': b'-- Up-to-date: /home/hs/ros2_study/install/sllidar_ros2/share/sllidar_ros2/launch/view_sllidar_a2m12_launch.py\n'}
[0.712332] (sllidar_ros2) StdoutLine: {'line': b'-- Up-to-date: /home/hs/ros2_study/install/sllidar_ros2/share/sllidar_ros2/launch/sllidar_a2m8_launch.py\n'}
[0.712499] (sllidar_ros2) StdoutLine: {'line': b'-- Up-to-date: /home/hs/ros2_study/install/sllidar_ros2/share/sllidar_ros2/launch/sllidar_a2m12_launch.py\n'}
[0.712661] (sllidar_ros2) StdoutLine: {'line': b'-- Up-to-date: /home/hs/ros2_study/install/sllidar_ros2/share/sllidar_ros2/launch/sllidar_c1_launch.py\n'}
[0.712833] (sllidar_ros2) StdoutLine: {'line': b'-- Up-to-date: /home/hs/ros2_study/install/sllidar_ros2/share/sllidar_ros2/launch/view_sllidar_s3_launch.py\n'}
[0.713017] (sllidar_ros2) StdoutLine: {'line': b'-- Up-to-date: /home/hs/ros2_study/install/sllidar_ros2/share/sllidar_ros2/launch/view_sllidar_a2m8_launch.py\n'}
[0.713259] (sllidar_ros2) StdoutLine: {'line': b'-- Up-to-date: /home/hs/ros2_study/install/sllidar_ros2/share/sllidar_ros2/launch/view_sllidar_s2e_launch.py\n'}
[0.713418] (sllidar_ros2) StdoutLine: {'line': b'-- Up-to-date: /home/hs/ros2_study/install/sllidar_ros2/share/sllidar_ros2/launch/view_sllidar_s2_launch.py\n'}
[0.713577] (sllidar_ros2) StdoutLine: {'line': b'-- Up-to-date: /home/hs/ros2_study/install/sllidar_ros2/share/sllidar_ros2/launch/view_sllidar_a3_launch.py\n'}
[0.713735] (sllidar_ros2) StdoutLine: {'line': b'-- Up-to-date: /home/hs/ros2_study/install/sllidar_ros2/share/sllidar_ros2/launch/view_sllidar_s1_launch.py\n'}
[0.713893] (sllidar_ros2) StdoutLine: {'line': b'-- Up-to-date: /home/hs/ros2_study/install/sllidar_ros2/share/sllidar_ros2/launch/view_sllidar_c1_launch.py\n'}
[0.714078] (sllidar_ros2) StdoutLine: {'line': b'-- Up-to-date: /home/hs/ros2_study/install/sllidar_ros2/share/sllidar_ros2/launch/view_sllidar_a1_launch.py\n'}
[0.714249] (sllidar_ros2) StdoutLine: {'line': b'-- Up-to-date: /home/hs/ros2_study/install/sllidar_ros2/share/sllidar_ros2/launch/view_sllidar_a2m7_launch.py\n'}
[0.714417] (sllidar_ros2) StdoutLine: {'line': b'-- Up-to-date: /home/hs/ros2_study/install/sllidar_ros2/share/sllidar_ros2/launch/sllidar_a2m7_launch.py\n'}
[0.714607] (sllidar_ros2) StdoutLine: {'line': b'-- Up-to-date: /home/hs/ros2_study/install/sllidar_ros2/share/sllidar_ros2/launch/sllidar_a1_launch.py\n'}
[0.714791] (sllidar_ros2) StdoutLine: {'line': b'-- Up-to-date: /home/hs/ros2_study/install/sllidar_ros2/share/sllidar_ros2/launch/sllidar_a3_launch.py\n'}
[0.714974] (sllidar_ros2) StdoutLine: {'line': b'-- Up-to-date: /home/hs/ros2_study/install/sllidar_ros2/share/sllidar_ros2/launch/sllidar_s2_launch.py\n'}
[0.715505] (sllidar_ros2) StdoutLine: {'line': b'-- Up-to-date: /home/hs/ros2_study/install/sllidar_ros2/share/sllidar_ros2/launch/sllidar_s1_tcp_launch.py\n'}
[0.715749] (sllidar_ros2) StdoutLine: {'line': b'-- Up-to-date: /home/hs/ros2_study/install/sllidar_ros2/share/sllidar_ros2/launch/sllidar_s2e_launch.py\n'}
[0.715937] (sllidar_ros2) StdoutLine: {'line': b'-- Up-to-date: /home/hs/ros2_study/install/sllidar_ros2/share/sllidar_ros2/launch/sllidar_s1_launch.py\n'}
[0.716347] (sllidar_ros2) StdoutLine: {'line': b'-- Up-to-date: /home/hs/ros2_study/install/sllidar_ros2/share/sllidar_ros2/launch/sllidar_t1_launch.py\n'}
[0.717071] (sllidar_ros2) StdoutLine: {'line': b'-- Up-to-date: /home/hs/ros2_study/install/sllidar_ros2/share/sllidar_ros2/launch/view_sllidar_t1_launch.py\n'}
[0.717309] (sllidar_ros2) StdoutLine: {'line': b'-- Up-to-date: /home/hs/ros2_study/install/sllidar_ros2/share/sllidar_ros2/rviz\n'}
[0.717510] (sllidar_ros2) StdoutLine: {'line': b'-- Up-to-date: /home/hs/ros2_study/install/sllidar_ros2/share/sllidar_ros2/rviz/sllidar_ros2.rviz\n'}
[0.717700] (sllidar_ros2) StdoutLine: {'line': b'-- Up-to-date: /home/hs/ros2_study/install/sllidar_ros2/lib/sllidar_ros2/sllidar_node\n'}
[0.717895] (sllidar_ros2) StdoutLine: {'line': b'-- Up-to-date: /home/hs/ros2_study/install/sllidar_ros2/lib/sllidar_ros2/sllidar_client\n'}
[0.718276] (sllidar_ros2) StdoutLine: {'line': b'-- Up-to-date: /home/hs/ros2_study/install/sllidar_ros2/share/ament_index/resource_index/package_run_dependencies/sllidar_ros2\n'}
[0.718463] (sllidar_ros2) StdoutLine: {'line': b'-- Up-to-date: /home/hs/ros2_study/install/sllidar_ros2/share/ament_index/resource_index/parent_prefix_path/sllidar_ros2\n'}
[0.718637] (sllidar_ros2) StdoutLine: {'line': b'-- Up-to-date: /home/hs/ros2_study/install/sllidar_ros2/share/sllidar_ros2/environment/ament_prefix_path.sh\n'}
[0.718808] (sllidar_ros2) StdoutLine: {'line': b'-- Up-to-date: /home/hs/ros2_study/install/sllidar_ros2/share/sllidar_ros2/environment/ament_prefix_path.dsv\n'}
[0.718991] (sllidar_ros2) StdoutLine: {'line': b'-- Up-to-date: /home/hs/ros2_study/install/sllidar_ros2/share/sllidar_ros2/environment/path.sh\n'}
[0.719187] (sllidar_ros2) StdoutLine: {'line': b'-- Up-to-date: /home/hs/ros2_study/install/sllidar_ros2/share/sllidar_ros2/environment/path.dsv\n'}
[0.719352] (sllidar_ros2) StdoutLine: {'line': b'-- Up-to-date: /home/hs/ros2_study/install/sllidar_ros2/share/sllidar_ros2/local_setup.bash\n'}
[0.719509] (sllidar_ros2) StdoutLine: {'line': b'-- Up-to-date: /home/hs/ros2_study/install/sllidar_ros2/share/sllidar_ros2/local_setup.sh\n'}
[0.719660] (sllidar_ros2) StdoutLine: {'line': b'-- Up-to-date: /home/hs/ros2_study/install/sllidar_ros2/share/sllidar_ros2/local_setup.zsh\n'}
[0.719808] (sllidar_ros2) StdoutLine: {'line': b'-- Up-to-date: /home/hs/ros2_study/install/sllidar_ros2/share/sllidar_ros2/local_setup.dsv\n'}
[0.719976] (sllidar_ros2) StdoutLine: {'line': b'-- Installing: /home/hs/ros2_study/install/sllidar_ros2/share/sllidar_ros2/package.dsv\n'}
[0.720158] (sllidar_ros2) StdoutLine: {'line': b'-- Up-to-date: /home/hs/ros2_study/install/sllidar_ros2/share/ament_index/resource_index/packages/sllidar_ros2\n'}
[0.720321] (sllidar_ros2) StdoutLine: {'line': b'-- Up-to-date: /home/hs/ros2_study/install/sllidar_ros2/share/sllidar_ros2/cmake/ament_cmake_export_dependencies-extras.cmake\n'}
[0.720469] (sllidar_ros2) StdoutLine: {'line': b'-- Up-to-date: /home/hs/ros2_study/install/sllidar_ros2/share/sllidar_ros2/cmake/ament_cmake_export_include_directories-extras.cmake\n'}
[0.720619] (sllidar_ros2) StdoutLine: {'line': b'-- Up-to-date: /home/hs/ros2_study/install/sllidar_ros2/share/sllidar_ros2/cmake/sllidar_ros2Config.cmake\n'}
[0.720772] (sllidar_ros2) StdoutLine: {'line': b'-- Up-to-date: /home/hs/ros2_study/install/sllidar_ros2/share/sllidar_ros2/cmake/sllidar_ros2Config-version.cmake\n'}
[0.720923] (sllidar_ros2) StdoutLine: {'line': b'-- Up-to-date: /home/hs/ros2_study/install/sllidar_ros2/share/sllidar_ros2/package.xml\n'}
[0.721092] (nexus_base_ros) StdoutLine: {'line': b'[ 70%] Built target nexus_base_ros\n'}
[0.728289] (sllidar_ros2) CommandEnded: {'returncode': 0}
[0.742219] (nexus_base_ros) StdoutLine: {'line': b'[ 72%] Built target nexus_base_ros__py\n'}
[0.757407] (nexus_base_ros) StdoutLine: {'line': b'[ 75%] Built target nexus_odometry\n'}
[0.760274] (nexus_base_ros) StdoutLine: {'line': b'[ 78%] Built target nexus_teleop_joy\n'}
[0.774302] (nexus_base_ros) StdoutLine: {'line': b'[ 86%] Built target nexus_base_ros__rosidl_generator_py\n'}
[0.779921] (sllidar_ros2) JobEnded: {'identifier': 'sllidar_ros2', 'rc': 0}
[0.781314] (nexus_base_ros) StdoutLine: {'line': b'[ 88%] \x1b[32mBuilding CXX object CMakeFiles/nexus_serial_bridge.dir/src/nexus_serial_bridge.cpp.o\x1b[0m\n'}
[0.801795] (-) TimerEvent: {}
[0.803355] (nexus_base_ros) StdoutLine: {'line': b'[ 91%] Built target nexus_base_ros__rosidl_typesupport_fastrtps_c__pyext\n'}
[0.803877] (nexus_base_ros) StdoutLine: {'line': b'[ 96%] Built target nexus_base_ros__rosidl_typesupport_c__pyext\n'}
[0.804128] (nexus_base_ros) StdoutLine: {'line': b'[ 98%] Built target nexus_base_ros__rosidl_typesupport_introspection_c__pyext\n'}
[0.901903] (-) TimerEvent: {}
[1.002303] (-) TimerEvent: {}
[1.102829] (-) TimerEvent: {}
[1.203240] (-) TimerEvent: {}
[1.303821] (-) TimerEvent: {}
[1.322261] (nexus_base_ros) StdoutLine: {'line': b'running egg_info\n'}
[1.323801] (nexus_base_ros) StdoutLine: {'line': b'writing nexus_base_ros.egg-info/PKG-INFO\n'}
[1.324579] (nexus_base_ros) StdoutLine: {'line': b'writing dependency_links to nexus_base_ros.egg-info/dependency_links.txt\n'}
[1.325634] (nexus_base_ros) StdoutLine: {'line': b'writing top-level names to nexus_base_ros.egg-info/top_level.txt\n'}
[1.330454] (nexus_base_ros) StdoutLine: {'line': b"reading manifest file 'nexus_base_ros.egg-info/SOURCES.txt'\n"}
[1.331859] (nexus_base_ros) StdoutLine: {'line': b"writing manifest file 'nexus_base_ros.egg-info/SOURCES.txt'\n"}
[1.377402] (nexus_base_ros) StdoutLine: {'line': b'[ 98%] Built target ament_cmake_python_build_nexus_base_ros_egg\n'}
[1.403968] (-) TimerEvent: {}
[1.479822] (bno055) Command: {'cmd': ['/usr/bin/python3', '-W', 'ignore:setup.py install is deprecated', '-W', 'ignore:easy_install command is deprecated', 'setup.py', 'egg_info', '--egg-base', '../../build/bno055', 'build', '--build-base', '/home/hs/ros2_study/build/bno055/build', 'install', '--record', '/home/hs/ros2_study/build/bno055/install.log', '--single-version-externally-managed', 'install_data'], 'cwd': '/home/hs/ros2_study/src/bno055', 'env': {'PYTHON_BASIC_REPL': '1', 'LESSOPEN': '| /usr/bin/lesspipe %s', 'LANGUAGE': 'ko:en_US:en', 'USER': 'hs', 'LC_TIME': 'ko_KR.UTF-8', 'XDG_SESSION_TYPE': 'wayland', 'GIT_ASKPASS': '/usr/share/code/resources/app/extensions/git/dist/askpass.sh', 'STM32CubeMX_PATH': '/home/hs/STM32CubeMX', 'SHLVL': '2', 'LD_LIBRARY_PATH': '/home/hs/ros2_study/install/nexus_base_ros/lib:/usr/lib/x86_64-linux-gnu/gazebo-11/plugins:/opt/ros/humble/opt/rviz_ogre_vendor/lib:/opt/ros/humble/lib/x86_64-linux-gnu:/opt/ros/humble/lib', 'HOME': '/home/hs', 'CHROME_DESKTOP': 'code.desktop', 'TERM_PROGRAM_VERSION': '1.108.1', 'DESKTOP_SESSION': 'ubuntu', 'ROS_PYTHON_VERSION': '3', 'GNOME_SHELL_SESSION_MODE': 'ubuntu', 'GTK_MODULES': 'gail:atk-bridge', 'VSCODE_GIT_ASKPASS_MAIN': '/usr/share/code/resources/app/extensions/git/dist/askpass-main.js', 'LC_MONETARY': 'ko_KR.UTF-8', 'VSCODE_GIT_ASKPASS_NODE': '/usr/share/code/code', 'PYDEVD_DISABLE_FILE_VALIDATION': '1', 'DBUS_STARTER_BUS_TYPE': 'session', 'SYSTEMD_EXEC_PID': '2975', 'BUNDLED_DEBUGPY_PATH': '/home/hs/.vscode/extensions/ms-python.debugpy-2025.10.0-linux-x64/bundled/libs/debugpy', 'VSCODE_PYTHON_AUTOACTIVATE_GUARD': '1', 'DBUS_SESSION_BUS_ADDRESS': 'unix:path=/run/user/1000/bus,guid=f963dfa289b34d744642bec3696fbd95', 'COLORTERM': 'truecolor', 'IM_CONFIG_PHASE': '1', 'WAYLAND_DISPLAY': 'wayland-0', 'COLCON_PREFIX_PATH': '/home/hs/ros2_study/install', 'ROS_DISTRO': 'humble', 'LOGNAME': 'hs', '_': '/usr/bin/colcon', 'ROS_VERSION': '2', 'XDG_SESSION_CLASS': 'user', 'USERNAME': 'hs', 'TERM': 'xterm-256color', 'GAZEBO_MODEL_PATH': ':/opt/ros/humble/share:/opt/ros/humble/share', 'GNOME_DESKTOP_SESSION_ID': 'this-is-deprecated', 'FC_FONTATIONS': '1', 'ROS_LOCALHOST_ONLY': '0', 'PATH': '/usr/local/MATLAB/R2024b/bin:/usr/local/MATLAB/R2024b/bin:/opt/ros/humble/bin:/home/hs/.local/bin:/usr/local/sbin:/usr/local/bin:/usr/sbin:/usr/bin:/sbin:/bin:/usr/games:/usr/local/games:/snap/bin:/snap/bin:/home/hs/esp/xtensa-esp32-elf/bin:/opt/JLink:/home/hs/.vscode/extensions/ms-python.debugpy-2025.10.0-linux-x64/bundled/scripts/noConfigScripts:/opt/JLink', 'SESSION_MANAGER': 'local/hs-760XBE:@/tmp/.ICE-unix/2975,unix/hs-760XBE:/tmp/.ICE-unix/2975', 'PAPERSIZE': 'a4', 'XDG_MENU_PREFIX': 'gnome-', 'LC_ADDRESS': 'ko_KR.UTF-8', 'GNOME_TERMINAL_SCREEN': '/org/gnome/Terminal/screen/c624cff7_ea00_4557_80b0_6ca17a5db9be', 'GNOME_SETUP_DISPLAY': ':1', 'XDG_RUNTIME_DIR': '/run/user/1000', 'GDK_BACKEND': 'wayland', 'DISPLAY': ':0', 'VSCODE_DEBUGPY_ADAPTER_ENDPOINTS': '/home/hs/.vscode/extensions/ms-python.debugpy-2025.10.0-linux-x64/.noConfigDebugAdapterEndpoints/endpoint-93dc2f40e9dcc4fe.txt', 'LANG': 'ko_KR.UTF-8', 'XDG_CURRENT_DESKTOP': 'ubuntu:GNOME', 'LC_TELEPHONE': 'ko_KR.UTF-8', 'XMODIFIERS': '@im=ibus', 'XDG_SESSION_DESKTOP': 'ubuntu', 'XAUTHORITY': '/run/user/1000/.mutter-Xwaylandauth.2A37I3', 'LS_COLORS': 'rs=0:di=01;34:ln=01;36:mh=00:pi=40;33:so=01;35:do=01;35:bd=40;33;01:cd=40;33;01:or=40;31;01:mi=00:su=37;41:sg=30;43:ca=30;41:tw=30;42:ow=34;42:st=37;44:ex=01;32:*.tar=01;31:*.tgz=01;31:*.arc=01;31:*.arj=01;31:*.taz=01;31:*.lha=01;31:*.lz4=01;31:*.lzh=01;31:*.lzma=01;31:*.tlz=01;31:*.txz=01;31:*.tzo=01;31:*.t7z=01;31:*.zip=01;31:*.z=01;31:*.dz=01;31:*.gz=01;31:*.lrz=01;31:*.lz=01;31:*.lzo=01;31:*.xz=01;31:*.zst=01;31:*.tzst=01;31:*.bz2=01;31:*.bz=01;31:*.tbz=01;31:*.tbz2=01;31:*.tz=01;31:*.deb=01;31:*.rpm=01;31:*.jar=01;31:*.war=01;31:*.ear=01;31:*.sar=01;31:*.rar=01;31:*.alz=01;31:*.ace=01;31:*.zoo=01;31:*.cpio=01;31:*.7z=01;31:*.rz=01;31:*.cab=01;31:*.wim=01;31:*.swm=01;31:*.dwm=01;31:*.esd=01;31:*.jpg=01;35:*.jpeg=01;35:*.mjpg=01;35:*.mjpeg=01;35:*.gif=01;35:*.bmp=01;35:*.pbm=01;35:*.pgm=01;35:*.ppm=01;35:*.tga=01;35:*.xbm=01;35:*.xpm=01;35:*.tif=01;35:*.tiff=01;35:*.png=01;35:*.svg=01;35:*.svgz=01;35:*.mng=01;35:*.pcx=01;35:*.mov=01;35:*.mpg=01;35:*.mpeg=01;35:*.m2v=01;35:*.mkv=01;35:*.webm=01;35:*.webp=01;35:*.ogm=01;35:*.mp4=01;35:*.m4v=01;35:*.mp4v=01;35:*.vob=01;35:*.qt=01;35:*.nuv=01;35:*.wmv=01;35:*.asf=01;35:*.rm=01;35:*.rmvb=01;35:*.flc=01;35:*.avi=01;35:*.fli=01;35:*.flv=01;35:*.gl=01;35:*.dl=01;35:*.xcf=01;35:*.xwd=01;35:*.yuv=01;35:*.cgm=01;35:*.emf=01;35:*.ogv=01;35:*.ogx=01;35:*.aac=00;36:*.au=00;36:*.flac=00;36:*.m4a=00;36:*.mid=00;36:*.midi=00;36:*.mka=00;36:*.mp3=00;36:*.mpc=00;36:*.ogg=00;36:*.ra=00;36:*.wav=00;36:*.oga=00;36:*.opus=00;36:*.spx=00;36:*.xspf=00;36:', 'VSCODE_GIT_IPC_HANDLE': '/run/user/1000/vscode-git-c015e2e957.sock', 'GNOME_TERMINAL_SERVICE': ':1.570', 'TERM_PROGRAM': 'vscode', 'SSH_AGENT_LAUNCHER': 'gnome-keyring', 'SSH_AUTH_SOCK': '/run/user/1000/keyring/ssh', 'AMENT_PREFIX_PATH': '/home/hs/ros2_study/install/sllidar_ros2:/home/hs/ros2_study/install/bno055:/home/hs/ros2_study/install/nexus_base_ros:/opt/ros/humble', 'SHELL': '/bin/bash', 'LC_NAME': 'ko_KR.UTF-8', 'QT_ACCESSIBILITY': '1', 'GDMSESSION': 'ubuntu', 'LESSCLOSE': '/usr/bin/lesspipe %s %s', 'LC_MEASUREMENT': 'ko_KR.UTF-8', 'LC_IDENTIFICATION': 'ko_KR.UTF-8', 'VSCODE_GIT_ASKPASS_EXTRA_ARGS': '', 'QT_IM_MODULE': 'ibus', 'PWD': '/home/hs/ros2_study/build/bno055', 'TURTLEBOT3_MODEL': 'burger', 'LC_ALL': 'en_US.UTF-8', 'XDG_CONFIG_DIRS': '/etc/xdg/xdg-ubuntu:/etc/xdg', 'GAZEBO_PLUGIN_PATH': ':/opt/ros/humble/lib:/opt/ros/humble/lib', 'DBUS_STARTER_ADDRESS': 'unix:path=/run/user/1000/bus,guid=f963dfa289b34d744642bec3696fbd95', 'XDG_DATA_DIRS': '/usr/share/ubuntu:/usr/local/share/:/usr/share/:/var/lib/snapd/desktop', 'PYTHONPATH': '/home/hs/ros2_study/build/bno055/prefix_override:/usr/lib/python3/dist-packages/colcon_core/task/python/colcon_distutils_commands:/home/hs/ros2_study/install/bno055/lib/python3.10/site-packages:/home/hs/ros2_study/install/bno055/lib/python3.10/site-packages:/home/hs/ros2_study/install/nexus_base_ros/local/lib/python3.10/dist-packages:/opt/ros/humble/lib/python3.10/site-packages:/opt/ros/humble/local/lib/python3.10/dist-packages', 'LC_NUMERIC': 'ko_KR.UTF-8', 'LC_PAPER': 'ko_KR.UTF-8', 'COLCON': '1', 'VTE_VERSION': '6800', 'CMAKE_PREFIX_PATH': '/home/hs/ros2_study/install/sllidar_ros2:/home/hs/ros2_study/install/nexus_base_ros'}, 'shell': False}
[1.504069] (-) TimerEvent: {}
[1.604531] (-) TimerEvent: {}
[1.705060] (-) TimerEvent: {}
[1.806324] (-) TimerEvent: {}
[1.907014] (-) TimerEvent: {}
[2.007349] (-) TimerEvent: {}
[2.031107] (bno055) StdoutLine: {'line': b'running egg_info\n'}
[2.032430] (bno055) StdoutLine: {'line': b'writing ../../build/bno055/bno055.egg-info/PKG-INFO\n'}
[2.032738] (bno055) StdoutLine: {'line': b'writing dependency_links to ../../build/bno055/bno055.egg-info/dependency_links.txt\n'}
[2.033064] (bno055) StdoutLine: {'line': b'writing entry points to ../../build/bno055/bno055.egg-info/entry_points.txt\n'}
[2.033367] (bno055) StdoutLine: {'line': b'writing requirements to ../../build/bno055/bno055.egg-info/requires.txt\n'}
[2.033542] (bno055) StdoutLine: {'line': b'writing top-level names to ../../build/bno055/bno055.egg-info/top_level.txt\n'}
[2.038328] (bno055) StdoutLine: {'line': b"reading manifest file '../../build/bno055/bno055.egg-info/SOURCES.txt'\n"}
[2.038734] (bno055) StdoutLine: {'line': b"adding license file 'LICENSE'\n"}
[2.038924] (bno055) StdoutLine: {'line': b"adding license file 'AUTHORS'\n"}
[2.040383] (bno055) StdoutLine: {'line': b"writing manifest file '../../build/bno055/bno055.egg-info/SOURCES.txt'\n"}
[2.041024] (bno055) StdoutLine: {'line': b'running build\n'}
[2.041273] (bno055) StdoutLine: {'line': b'running build_py\n'}
[2.044119] (bno055) StdoutLine: {'line': b'running install\n'}
[2.044759] (bno055) StdoutLine: {'line': b'running install_lib\n'}
[2.048104] (bno055) StdoutLine: {'line': b'running install_data\n'}
[2.048482] (bno055) StdoutLine: {'line': b'running install_egg_info\n'}
[2.052062] (bno055) StdoutLine: {'line': b"removing '/home/hs/ros2_study/install/bno055/lib/python3.10/site-packages/bno055-0.5.0-py3.10.egg-info' (and everything under it)\n"}
[2.052678] (bno055) StdoutLine: {'line': b'Copying ../../build/bno055/bno055.egg-info to /home/hs/ros2_study/install/bno055/lib/python3.10/site-packages/bno055-0.5.0-py3.10.egg-info\n'}
[2.054860] (bno055) StdoutLine: {'line': b'running install_scripts\n'}
[2.097717] (bno055) StdoutLine: {'line': b'Installing bno055 script to /home/hs/ros2_study/install/bno055/lib/bno055\n'}
[2.099294] (bno055) StdoutLine: {'line': b"writing list of installed files to '/home/hs/ros2_study/build/bno055/install.log'\n"}
[2.107511] (-) TimerEvent: {}
[2.165956] (bno055) CommandEnded: {'returncode': 0}
[2.183992] (bno055) JobEnded: {'identifier': 'bno055', 'rc': 0}
[2.207646] (-) TimerEvent: {}
[2.308033] (-) TimerEvent: {}
[2.408361] (-) TimerEvent: {}
[2.508742] (-) TimerEvent: {}
[2.609093] (-) TimerEvent: {}
[2.709502] (-) TimerEvent: {}
[2.809842] (-) TimerEvent: {}
[2.910218] (-) TimerEvent: {}
[3.010572] (-) TimerEvent: {}
[3.110939] (-) TimerEvent: {}
[3.211396] (-) TimerEvent: {}
[3.311713] (-) TimerEvent: {}
[3.412117] (-) TimerEvent: {}
[3.512515] (-) TimerEvent: {}
[3.612855] (-) TimerEvent: {}
[3.713463] (-) TimerEvent: {}
[3.813944] (-) TimerEvent: {}
[3.914284] (-) TimerEvent: {}
[4.014668] (-) TimerEvent: {}
[4.115033] (-) TimerEvent: {}
[4.215380] (-) TimerEvent: {}
[4.315723] (-) TimerEvent: {}
[4.416059] (-) TimerEvent: {}
[4.516411] (-) TimerEvent: {}
[4.616814] (-) TimerEvent: {}
[4.717138] (-) TimerEvent: {}
[4.817556] (-) TimerEvent: {}
[4.917999] (-) TimerEvent: {}
[5.018874] (-) TimerEvent: {}
[5.122198] (-) TimerEvent: {}
[5.223330] (-) TimerEvent: {}
[5.323623] (-) TimerEvent: {}
[5.423955] (-) TimerEvent: {}
[5.524283] (-) TimerEvent: {}
[5.624597] (-) TimerEvent: {}
[5.724960] (-) TimerEvent: {}
[5.825374] (-) TimerEvent: {}
[5.925679] (-) TimerEvent: {}
[6.025965] (-) TimerEvent: {}
[6.126261] (-) TimerEvent: {}
[6.207231] (nexus_base_ros) StderrLine: {'line': b'\x1b[01m\x1b[K/home/hs/ros2_study/src/nexus_base_ros-master/src/nexus_serial_bridge.cpp:\x1b[m\x1b[K In constructor \xe2\x80\x98\x1b[01m\x1b[KNexusSerialBridge::NexusSerialBridge()\x1b[m\x1b[K\xe2\x80\x99:\n'}
[6.207596] (nexus_base_ros) StderrLine: {'line': b'\x1b[01m\x1b[K/home/hs/ros2_study/src/nexus_base_ros-master/src/nexus_serial_bridge.cpp:35:5:\x1b[m\x1b[K \x1b[01;31m\x1b[Kerror: \x1b[m\x1b[Kclass \xe2\x80\x98\x1b[01m\x1b[KNexusSerialBridge\x1b[m\x1b[K\xe2\x80\x99 does not have any field named \xe2\x80\x98\x1b[01m\x1b[Kio_\x1b[m\x1b[K\xe2\x80\x99\n'}
[6.207776] (nexus_base_ros) StderrLine: {'line': b'   35 |     \x1b[01;31m\x1b[Kio_\x1b[m\x1b[K(),\n'}
[6.207933] (nexus_base_ros) StderrLine: {'line': b'      |     \x1b[01;31m\x1b[K^~~\x1b[m\x1b[K\n'}
[6.208104] (nexus_base_ros) StderrLine: {'line': b'\x1b[01m\x1b[K/home/hs/ros2_study/src/nexus_base_ros-master/src/nexus_serial_bridge.cpp:36:5:\x1b[m\x1b[K \x1b[01;31m\x1b[Kerror: \x1b[m\x1b[Kclass \xe2\x80\x98\x1b[01m\x1b[KNexusSerialBridge\x1b[m\x1b[K\xe2\x80\x99 does not have any field named \xe2\x80\x98\x1b[01m\x1b[Kserial_\x1b[m\x1b[K\xe2\x80\x99\n'}
[6.208273] (nexus_base_ros) StderrLine: {'line': b'   36 |     \x1b[01;31m\x1b[Kserial_\x1b[m\x1b[K(io_),\n'}
[6.208432] (nexus_base_ros) StderrLine: {'line': b'      |     \x1b[01;31m\x1b[K^~~~~~~\x1b[m\x1b[K\n'}
[6.215684] (nexus_base_ros) StderrLine: {'line': b'\x1b[01m\x1b[K/home/hs/ros2_study/src/nexus_base_ros-master/src/nexus_serial_bridge.cpp:36:13:\x1b[m\x1b[K \x1b[01;31m\x1b[Kerror: \x1b[m\x1b[K\xe2\x80\x98\x1b[01m\x1b[Kio_\x1b[m\x1b[K\xe2\x80\x99 was not declared in this scope\n'}
[6.215882] (nexus_base_ros) StderrLine: {'line': b'   36 |     serial_(\x1b[01;31m\x1b[Kio_\x1b[m\x1b[K),\n'}
[6.215992] (nexus_base_ros) StderrLine: {'line': b'      |             \x1b[01;31m\x1b[K^~~\x1b[m\x1b[K\n'}
[6.216094] (nexus_base_ros) StderrLine: {'line': b'\x1b[01m\x1b[K/home/hs/ros2_study/src/nexus_base_ros-master/src/nexus_serial_bridge.cpp:37:5:\x1b[m\x1b[K \x1b[01;31m\x1b[Kerror: \x1b[m\x1b[Kclass \xe2\x80\x98\x1b[01m\x1b[KNexusSerialBridge\x1b[m\x1b[K\xe2\x80\x99 does not have any field named \xe2\x80\x98\x1b[01m\x1b[Krunning_\x1b[m\x1b[K\xe2\x80\x99\n'}
[6.216188] (nexus_base_ros) StderrLine: {'line': b'   37 |     \x1b[01;31m\x1b[Krunning_\x1b[m\x1b[K(true),\n'}
[6.216276] (nexus_base_ros) StderrLine: {'line': b'      |     \x1b[01;31m\x1b[K^~~~~~~~\x1b[m\x1b[K\n'}
[6.216361] (nexus_base_ros) StderrLine: {'line': b'\x1b[01m\x1b[K/home/hs/ros2_study/src/nexus_base_ros-master/src/nexus_serial_bridge.cpp:38:5:\x1b[m\x1b[K \x1b[01;31m\x1b[Kerror: \x1b[m\x1b[Kclass \xe2\x80\x98\x1b[01m\x1b[KNexusSerialBridge\x1b[m\x1b[K\xe2\x80\x99 does not have any field named \xe2\x80\x98\x1b[01m\x1b[Karmed_\x1b[m\x1b[K\xe2\x80\x99\n'}
[6.216450] (nexus_base_ros) StderrLine: {'line': b'   38 |     \x1b[01;31m\x1b[Karmed_\x1b[m\x1b[K(true),\n'}
[6.216534] (nexus_base_ros) StderrLine: {'line': b'      |     \x1b[01;31m\x1b[K^~~~~~\x1b[m\x1b[K\n'}
[6.216617] (nexus_base_ros) StderrLine: {'line': b'\x1b[01m\x1b[K/home/hs/ros2_study/src/nexus_base_ros-master/src/nexus_serial_bridge.cpp:39:5:\x1b[m\x1b[K \x1b[01;31m\x1b[Kerror: \x1b[m\x1b[Kclass \xe2\x80\x98\x1b[01m\x1b[KNexusSerialBridge\x1b[m\x1b[K\xe2\x80\x99 does not have any field named \xe2\x80\x98\x1b[01m\x1b[Khas_cmd_\x1b[m\x1b[K\xe2\x80\x99\n'}
[6.216704] (nexus_base_ros) StderrLine: {'line': b'   39 |     \x1b[01;31m\x1b[Khas_cmd_\x1b[m\x1b[K(false) {\n'}
[6.216786] (nexus_base_ros) StderrLine: {'line': b'      |     \x1b[01;31m\x1b[K^~~~~~~~\x1b[m\x1b[K\n'}
[6.224736] (nexus_base_ros) StderrLine: {'line': b'\x1b[01m\x1b[K/home/hs/ros2_study/src/nexus_base_ros-master/src/nexus_serial_bridge.cpp:40:5:\x1b[m\x1b[K \x1b[01;31m\x1b[Kerror: \x1b[m\x1b[K\xe2\x80\x98\x1b[01m\x1b[Kport_\x1b[m\x1b[K\xe2\x80\x99 was not declared in this scope\n'}
[6.224919] (nexus_base_ros) StderrLine: {'line': b'   40 |     \x1b[01;31m\x1b[Kport_\x1b[m\x1b[K = declare_parameter<std::string>("serial_port", "/dev/ttyUSB0");\n'}
[6.225046] (nexus_base_ros) StderrLine: {'line': b'      |     \x1b[01;31m\x1b[K^~~~~\x1b[m\x1b[K\n'}
[6.226359] (-) TimerEvent: {}
[6.239418] (nexus_base_ros) StderrLine: {'line': b'\x1b[01m\x1b[K/home/hs/ros2_study/src/nexus_base_ros-master/src/nexus_serial_bridge.cpp:41:5:\x1b[m\x1b[K \x1b[01;31m\x1b[Kerror: \x1b[m\x1b[K\xe2\x80\x98\x1b[01m\x1b[Kbaudrate_\x1b[m\x1b[K\xe2\x80\x99 was not declared in this scope\n'}
[6.239690] (nexus_base_ros) StderrLine: {'line': b'   41 |     \x1b[01;31m\x1b[Kbaudrate_\x1b[m\x1b[K = declare_parameter<int>("serial_baud", kDefaultBaudrate);\n'}
[6.239847] (nexus_base_ros) StderrLine: {'line': b'      |     \x1b[01;31m\x1b[K^~~~~~~~~\x1b[m\x1b[K\n'}
[6.259897] (nexus_base_ros) StderrLine: {'line': b'\x1b[01m\x1b[K/home/hs/ros2_study/src/nexus_base_ros-master/src/nexus_serial_bridge.cpp:42:5:\x1b[m\x1b[K \x1b[01;31m\x1b[Kerror: \x1b[m\x1b[K\xe2\x80\x98\x1b[01m\x1b[Ktx_rate_hz_\x1b[m\x1b[K\xe2\x80\x99 was not declared in this scope\n'}
[6.260201] (nexus_base_ros) StderrLine: {'line': b'   42 |     \x1b[01;31m\x1b[Ktx_rate_hz_\x1b[m\x1b[K = declare_parameter<double>("tx_rate_hz", kDefaultTxRateHz);\n'}
[6.260313] (nexus_base_ros) StderrLine: {'line': b'      |     \x1b[01;31m\x1b[K^~~~~~~~~~~\x1b[m\x1b[K\n'}
[6.284385] (nexus_base_ros) StderrLine: {'line': b'\x1b[01m\x1b[K/home/hs/ros2_study/src/nexus_base_ros-master/src/nexus_serial_bridge.cpp:43:5:\x1b[m\x1b[K \x1b[01;31m\x1b[Kerror: \x1b[m\x1b[K\xe2\x80\x98\x1b[01m\x1b[Kcmd_timeout_ms_\x1b[m\x1b[K\xe2\x80\x99 was not declared in this scope\n'}
[6.284592] (nexus_base_ros) StderrLine: {'line': b'   43 |     \x1b[01;31m\x1b[Kcmd_timeout_ms_\x1b[m\x1b[K = declare_parameter<int>("cmd_timeout_ms", kDefaultCmdTimeoutMs);\n'}
[6.284696] (nexus_base_ros) StderrLine: {'line': b'      |     \x1b[01;31m\x1b[K^~~~~~~~~~~~~~~\x1b[m\x1b[K\n'}
[6.297777] (nexus_base_ros) StderrLine: {'line': b'\x1b[01m\x1b[K/home/hs/ros2_study/src/nexus_base_ros-master/src/nexus_serial_bridge.cpp:44:5:\x1b[m\x1b[K \x1b[01;31m\x1b[Kerror: \x1b[m\x1b[K\xe2\x80\x98\x1b[01m\x1b[Kframe_id_\x1b[m\x1b[K\xe2\x80\x99 was not declared in this scope\n'}
[6.298083] (nexus_base_ros) StderrLine: {'line': b'   44 |     \x1b[01;31m\x1b[Kframe_id_\x1b[m\x1b[K = declare_parameter<std::string>("frame_id", "base_link");\n'}
[6.298251] (nexus_base_ros) StderrLine: {'line': b'      |     \x1b[01;31m\x1b[K^~~~~~~~~\x1b[m\x1b[K\n'}
[6.319856] (nexus_base_ros) StderrLine: {'line': b'\x1b[01m\x1b[K/home/hs/ros2_study/src/nexus_base_ros-master/src/nexus_serial_bridge.cpp:46:5:\x1b[m\x1b[K \x1b[01;31m\x1b[Kerror: \x1b[m\x1b[K\xe2\x80\x98\x1b[01m\x1b[Kwheel_vel_pub_\x1b[m\x1b[K\xe2\x80\x99 was not declared in this scope\n'}
[6.320075] (nexus_base_ros) StderrLine: {'line': b'   46 |     \x1b[01;31m\x1b[Kwheel_vel_pub_\x1b[m\x1b[K = create_publisher<nexus_base_ros::msg::Encoders>("wheel_vel", rclcpp::SensorDataQoS());\n'}
[6.320175] (nexus_base_ros) StderrLine: {'line': b'      |     \x1b[01;31m\x1b[K^~~~~~~~~~~~~~\x1b[m\x1b[K\n'}
[6.326496] (-) TimerEvent: {}
[6.351376] (nexus_base_ros) StderrLine: {'line': b'\x1b[01m\x1b[K/home/hs/ros2_study/src/nexus_base_ros-master/src/nexus_serial_bridge.cpp:47:5:\x1b[m\x1b[K \x1b[01;31m\x1b[Kerror: \x1b[m\x1b[K\xe2\x80\x98\x1b[01m\x1b[Kwheel_enc_pub_\x1b[m\x1b[K\xe2\x80\x99 was not declared in this scope\n'}
[6.351652] (nexus_base_ros) StderrLine: {'line': b'   47 |     \x1b[01;31m\x1b[Kwheel_enc_pub_\x1b[m\x1b[K = create_publisher<std_msgs::msg::Int32MultiArray>("wheel_enc", rclcpp::SensorDataQoS());\n'}
[6.351775] (nexus_base_ros) StderrLine: {'line': b'      |     \x1b[01;31m\x1b[K^~~~~~~~~~~~~~\x1b[m\x1b[K\n'}
[6.369886] (nexus_base_ros) StderrLine: {'line': b'\x1b[01m\x1b[K/home/hs/ros2_study/src/nexus_base_ros-master/src/nexus_serial_bridge.cpp:49:5:\x1b[m\x1b[K \x1b[01;31m\x1b[Kerror: \x1b[m\x1b[K\xe2\x80\x98\x1b[01m\x1b[Kcmd_sub_\x1b[m\x1b[K\xe2\x80\x99 was not declared in this scope\n'}
[6.370114] (nexus_base_ros) StderrLine: {'line': b'   49 |     \x1b[01;31m\x1b[Kcmd_sub_\x1b[m\x1b[K = create_subscription<geometry_msgs::msg::Twist>(\n'}
[6.370229] (nexus_base_ros) StderrLine: {'line': b'      |     \x1b[01;31m\x1b[K^~~~~~~~\x1b[m\x1b[K\n'}
[6.426601] (-) TimerEvent: {}
[6.483406] (nexus_base_ros) StderrLine: {'line': b'\x1b[01m\x1b[K/home/hs/ros2_study/src/nexus_base_ros-master/src/nexus_serial_bridge.cpp:54:5:\x1b[m\x1b[K \x1b[01;31m\x1b[Kerror: \x1b[m\x1b[K\xe2\x80\x98\x1b[01m\x1b[Kemergency_srv_\x1b[m\x1b[K\xe2\x80\x99 was not declared in this scope\n'}
[6.483611] (nexus_base_ros) StderrLine: {'line': b'   54 |     \x1b[01;31m\x1b[Kemergency_srv_\x1b[m\x1b[K = create_service<nexus_base_ros::srv::EmergencyStopEnable>(\n'}
[6.483709] (nexus_base_ros) StderrLine: {'line': b'      |     \x1b[01;31m\x1b[K^~~~~~~~~~~~~~\x1b[m\x1b[K\n'}
[6.526691] (-) TimerEvent: {}
[6.533881] (nexus_base_ros) StderrLine: {'line': b'\x1b[01m\x1b[K/home/hs/ros2_study/src/nexus_base_ros-master/src/nexus_serial_bridge.cpp:58:5:\x1b[m\x1b[K \x1b[01;31m\x1b[Kerror: \x1b[m\x1b[K\xe2\x80\x98\x1b[01m\x1b[Karming_srv_\x1b[m\x1b[K\xe2\x80\x99 was not declared in this scope\n'}
[6.534096] (nexus_base_ros) StderrLine: {'line': b'   58 |     \x1b[01;31m\x1b[Karming_srv_\x1b[m\x1b[K = create_service<nexus_base_ros::srv::ArmingEnable>(\n'}
[6.534199] (nexus_base_ros) StderrLine: {'line': b'      |     \x1b[01;31m\x1b[K^~~~~~~~~~~\x1b[m\x1b[K\n'}
[6.577019] (nexus_base_ros) StderrLine: {'line': b'\x1b[01m\x1b[K/home/hs/ros2_study/src/nexus_base_ros-master/src/nexus_serial_bridge.cpp:65:5:\x1b[m\x1b[K \x1b[01;31m\x1b[Kerror: \x1b[m\x1b[K\xe2\x80\x98\x1b[01m\x1b[Ksend_timer_\x1b[m\x1b[K\xe2\x80\x99 was not declared in this scope; did you mean \xe2\x80\x98\x1b[01m\x1b[Ksetitimer\x1b[m\x1b[K\xe2\x80\x99?\n'}
[6.577239] (nexus_base_ros) StderrLine: {'line': b'   65 |     \x1b[01;31m\x1b[Ksend_timer_\x1b[m\x1b[K = create_wall_timer(period, std::bind(&NexusSerialBridge::sendLatestCmd, this));\n'}
[6.577337] (nexus_base_ros) StderrLine: {'line': b'      |     \x1b[01;31m\x1b[K^~~~~~~~~~~\x1b[m\x1b[K\n'}
[6.577425] (nexus_base_ros) StderrLine: {'line': b'      |     \x1b[32m\x1b[Ksetitimer\x1b[m\x1b[K\n'}
[6.596881] (nexus_base_ros) StderrLine: {'line': b'\x1b[01m\x1b[K/home/hs/ros2_study/src/nexus_base_ros-master/src/nexus_serial_bridge.cpp:67:5:\x1b[m\x1b[K \x1b[01;31m\x1b[Kerror: \x1b[m\x1b[K\xe2\x80\x98\x1b[01m\x1b[Kread_thread_\x1b[m\x1b[K\xe2\x80\x99 was not declared in this scope; did you mean \xe2\x80\x98\x1b[01m\x1b[Kreadahead\x1b[m\x1b[K\xe2\x80\x99?\n'}
[6.597191] (nexus_base_ros) StderrLine: {'line': b'   67 |     \x1b[01;31m\x1b[Kread_thread_\x1b[m\x1b[K = std::thread(&NexusSerialBridge::readLoop, this);\n'}
[6.597298] (nexus_base_ros) StderrLine: {'line': b'      |     \x1b[01;31m\x1b[K^~~~~~~~~~~~\x1b[m\x1b[K\n'}
[6.597389] (nexus_base_ros) StderrLine: {'line': b'      |     \x1b[32m\x1b[Kreadahead\x1b[m\x1b[K\n'}
[6.626825] (-) TimerEvent: {}
[6.727184] (-) TimerEvent: {}
[6.827559] (-) TimerEvent: {}
[6.927960] (-) TimerEvent: {}
[7.028387] (-) TimerEvent: {}
[7.089735] (nexus_base_ros) StderrLine: {'line': b'\x1b[01m\x1b[K/home/hs/ros2_study/src/nexus_base_ros-master/src/nexus_serial_bridge.cpp:\x1b[m\x1b[K In destructor \xe2\x80\x98\x1b[01m\x1b[Kvirtual NexusSerialBridge::~NexusSerialBridge()\x1b[m\x1b[K\xe2\x80\x99:\n'}
[7.090118] (nexus_base_ros) StderrLine: {'line': b'\x1b[01m\x1b[K/home/hs/ros2_study/src/nexus_base_ros-master/src/nexus_serial_bridge.cpp:71:5:\x1b[m\x1b[K \x1b[01;31m\x1b[Kerror: \x1b[m\x1b[K\xe2\x80\x98\x1b[01m\x1b[Krunning_\x1b[m\x1b[K\xe2\x80\x99 was not declared in this scope\n'}
[7.090335] (nexus_base_ros) StderrLine: {'line': b'   71 |     \x1b[01;31m\x1b[Krunning_\x1b[m\x1b[K.store(false);\n'}
[7.090509] (nexus_base_ros) StderrLine: {'line': b'      |     \x1b[01;31m\x1b[K^~~~~~~~\x1b[m\x1b[K\n'}
[7.107019] (nexus_base_ros) StderrLine: {'line': b'\x1b[01m\x1b[K/home/hs/ros2_study/src/nexus_base_ros-master/src/nexus_serial_bridge.cpp:73:9:\x1b[m\x1b[K \x1b[01;31m\x1b[Kerror: \x1b[m\x1b[K\xe2\x80\x98\x1b[01m\x1b[Kread_thread_\x1b[m\x1b[K\xe2\x80\x99 was not declared in this scope; did you mean \xe2\x80\x98\x1b[01m\x1b[Kreadahead\x1b[m\x1b[K\xe2\x80\x99?\n'}
[7.107355] (nexus_base_ros) StderrLine: {'line': b'   73 |     if (\x1b[01;31m\x1b[Kread_thread_\x1b[m\x1b[K.joinable()) {\n'}
[7.107564] (nexus_base_ros) StderrLine: {'line': b'      |         \x1b[01;31m\x1b[K^~~~~~~~~~~~\x1b[m\x1b[K\n'}
[7.107733] (nexus_base_ros) StderrLine: {'line': b'      |         \x1b[32m\x1b[Kreadahead\x1b[m\x1b[K\n'}
[7.119006] (nexus_base_ros) StderrLine: {'line': b'\x1b[01m\x1b[K/home/hs/ros2_study/src/nexus_base_ros-master/src/nexus_serial_bridge.cpp:\x1b[m\x1b[K In member function \xe2\x80\x98\x1b[01m\x1b[Kvoid NexusSerialBridge::openSerial()\x1b[m\x1b[K\xe2\x80\x99:\n'}
[7.119305] (nexus_base_ros) StderrLine: {'line': b'\x1b[01m\x1b[K/home/hs/ros2_study/src/nexus_base_ros-master/src/nexus_serial_bridge.cpp:81:7:\x1b[m\x1b[K \x1b[01;31m\x1b[Kerror: \x1b[m\x1b[K\xe2\x80\x98\x1b[01m\x1b[Kserial_\x1b[m\x1b[K\xe2\x80\x99 was not declared in this scope\n'}
[7.119475] (nexus_base_ros) StderrLine: {'line': b'   81 |       \x1b[01;31m\x1b[Kserial_\x1b[m\x1b[K.open(port_);\n'}
[7.119627] (nexus_base_ros) StderrLine: {'line': b'      |       \x1b[01;31m\x1b[K^~~~~~~\x1b[m\x1b[K\n'}
[7.128525] (-) TimerEvent: {}
[7.129703] (nexus_base_ros) StderrLine: {'line': b'\x1b[01m\x1b[K/home/hs/ros2_study/src/nexus_base_ros-master/src/nexus_serial_bridge.cpp:81:20:\x1b[m\x1b[K \x1b[01;31m\x1b[Kerror: \x1b[m\x1b[K\xe2\x80\x98\x1b[01m\x1b[Kport_\x1b[m\x1b[K\xe2\x80\x99 was not declared in this scope\n'}
[7.129957] (nexus_base_ros) StderrLine: {'line': b'   81 |       serial_.open(\x1b[01;31m\x1b[Kport_\x1b[m\x1b[K);\n'}
[7.130153] (nexus_base_ros) StderrLine: {'line': b'      |                    \x1b[01;31m\x1b[K^~~~~\x1b[m\x1b[K\n'}
[7.145578] (nexus_base_ros) StderrLine: {'line': b'\x1b[01m\x1b[K/home/hs/ros2_study/src/nexus_base_ros-master/src/nexus_serial_bridge.cpp:82:67:\x1b[m\x1b[K \x1b[01;31m\x1b[Kerror: \x1b[m\x1b[K\xe2\x80\x98\x1b[01m\x1b[Kbaudrate_\x1b[m\x1b[K\xe2\x80\x99 was not declared in this scope\n'}
[7.145918] (nexus_base_ros) StderrLine: {'line': b'   82 |       serial_.set_option(boost::asio::serial_port_base::baud_rate(\x1b[01;31m\x1b[Kbaudrate_\x1b[m\x1b[K));\n'}
[7.146140] (nexus_base_ros) StderrLine: {'line': b'      |                                                                   \x1b[01;31m\x1b[K^~~~~~~~~\x1b[m\x1b[K\n'}
[7.156928] (nexus_base_ros) StderrLine: {'line': b'In file included from \x1b[01m\x1b[K/opt/ros/humble/include/rclcpp/rclcpp/logging.hpp:24\x1b[m\x1b[K,\n'}
[7.157165] (nexus_base_ros) StderrLine: {'line': b'                 from \x1b[01m\x1b[K/opt/ros/humble/include/rclcpp/rclcpp/client.hpp:40\x1b[m\x1b[K,\n'}
[7.157265] (nexus_base_ros) StderrLine: {'line': b'                 from \x1b[01m\x1b[K/opt/ros/humble/include/rclcpp/rclcpp/callback_group.hpp:24\x1b[m\x1b[K,\n'}
[7.157368] (nexus_base_ros) StderrLine: {'line': b'                 from \x1b[01m\x1b[K/opt/ros/humble/include/rclcpp/rclcpp/any_executable.hpp:20\x1b[m\x1b[K,\n'}
[7.157454] (nexus_base_ros) StderrLine: {'line': b'                 from \x1b[01m\x1b[K/opt/ros/humble/include/rclcpp/rclcpp/memory_strategy.hpp:25\x1b[m\x1b[K,\n'}
[7.157536] (nexus_base_ros) StderrLine: {'line': b'                 from \x1b[01m\x1b[K/opt/ros/humble/include/rclcpp/rclcpp/memory_strategies.hpp:18\x1b[m\x1b[K,\n'}
[7.157616] (nexus_base_ros) StderrLine: {'line': b'                 from \x1b[01m\x1b[K/opt/ros/humble/include/rclcpp/rclcpp/executor_options.hpp:20\x1b[m\x1b[K,\n'}
[7.157738] (nexus_base_ros) StderrLine: {'line': b'                 from \x1b[01m\x1b[K/opt/ros/humble/include/rclcpp/rclcpp/executor.hpp:37\x1b[m\x1b[K,\n'}
[7.157852] (nexus_base_ros) StderrLine: {'line': b'                 from \x1b[01m\x1b[K/opt/ros/humble/include/rclcpp/rclcpp/executors/multi_threaded_executor.hpp:25\x1b[m\x1b[K,\n'}
[7.157989] (nexus_base_ros) StderrLine: {'line': b'                 from \x1b[01m\x1b[K/opt/ros/humble/include/rclcpp/rclcpp/executors.hpp:21\x1b[m\x1b[K,\n'}
[7.158115] (nexus_base_ros) StderrLine: {'line': b'                 from \x1b[01m\x1b[K/opt/ros/humble/include/rclcpp/rclcpp/rclcpp.hpp:155\x1b[m\x1b[K,\n'}
[7.158250] (nexus_base_ros) StderrLine: {'line': b'                 from \x1b[01m\x1b[K/home/hs/ros2_study/src/nexus_base_ros-master/src/nexus_serial_bridge.cpp:18\x1b[m\x1b[K:\n'}
[7.158333] (nexus_base_ros) StderrLine: {'line': b'\x1b[01m\x1b[K/home/hs/ros2_study/src/nexus_base_ros-master/src/nexus_serial_bridge.cpp:89:71:\x1b[m\x1b[K \x1b[01;31m\x1b[Kerror: \x1b[m\x1b[K\xe2\x80\x98\x1b[01m\x1b[Kport_\x1b[m\x1b[K\xe2\x80\x99 was not declared in this scope\n'}
[7.158418] (nexus_base_ros) StderrLine: {'line': b'   89 |       RCLCPP_ERROR(get_logger(), "Failed to open serial port %s: %s", \x1b[01;31m\x1b[Kport_\x1b[m\x1b[K.c_str(), ex.what());\n'}
[7.158499] (nexus_base_ros) StderrLine: {'line': b'      |                                                                       \x1b[01;31m\x1b[K^~~~~\x1b[m\x1b[K\n'}
[7.176112] (nexus_base_ros) StderrLine: {'line': b'\x1b[01m\x1b[K/home/hs/ros2_study/src/nexus_base_ros-master/src/nexus_serial_bridge.cpp:\x1b[m\x1b[K In member function \xe2\x80\x98\x1b[01m\x1b[Kvoid NexusSerialBridge::closeSerial()\x1b[m\x1b[K\xe2\x80\x99:\n'}
[7.176337] (nexus_base_ros) StderrLine: {'line': b'\x1b[01m\x1b[K/home/hs/ros2_study/src/nexus_base_ros-master/src/nexus_serial_bridge.cpp:94:38:\x1b[m\x1b[K \x1b[01;31m\x1b[Kerror: \x1b[m\x1b[K\xe2\x80\x98\x1b[01m\x1b[Kserial_mutex_\x1b[m\x1b[K\xe2\x80\x99 was not declared in this scope\n'}
[7.176440] (nexus_base_ros) StderrLine: {'line': b'   94 |     std::lock_guard<std::mutex> lock(\x1b[01;31m\x1b[Kserial_mutex_\x1b[m\x1b[K);\n'}
[7.176533] (nexus_base_ros) StderrLine: {'line': b'      |                                      \x1b[01;31m\x1b[K^~~~~~~~~~~~~\x1b[m\x1b[K\n'}
[7.187002] (nexus_base_ros) StderrLine: {'line': b'\x1b[01m\x1b[K/home/hs/ros2_study/src/nexus_base_ros-master/src/nexus_serial_bridge.cpp:95:9:\x1b[m\x1b[K \x1b[01;31m\x1b[Kerror: \x1b[m\x1b[K\xe2\x80\x98\x1b[01m\x1b[Kserial_\x1b[m\x1b[K\xe2\x80\x99 was not declared in this scope\n'}
[7.187259] (nexus_base_ros) StderrLine: {'line': b'   95 |     if (\x1b[01;31m\x1b[Kserial_\x1b[m\x1b[K.is_open()) {\n'}
[7.187362] (nexus_base_ros) StderrLine: {'line': b'      |         \x1b[01;31m\x1b[K^~~~~~~\x1b[m\x1b[K\n'}
[7.205909] (nexus_base_ros) StderrLine: {'line': b'\x1b[01m\x1b[K/home/hs/ros2_study/src/nexus_base_ros-master/src/nexus_serial_bridge.cpp:\x1b[m\x1b[K In member function \xe2\x80\x98\x1b[01m\x1b[Kvoid NexusSerialBridge::cmdVelCallback(geometry_msgs::msg::Twist_<std::allocator<void> >::SharedPtr)\x1b[m\x1b[K\xe2\x80\x99:\n'}
[7.206143] (nexus_base_ros) StderrLine: {'line': b'\x1b[01m\x1b[K/home/hs/ros2_study/src/nexus_base_ros-master/src/nexus_serial_bridge.cpp:103:38:\x1b[m\x1b[K \x1b[01;31m\x1b[Kerror: \x1b[m\x1b[K\xe2\x80\x98\x1b[01m\x1b[Kcmd_mutex_\x1b[m\x1b[K\xe2\x80\x99 was not declared in this scope\n'}
[7.206253] (nexus_base_ros) StderrLine: {'line': b'  103 |     std::lock_guard<std::mutex> lock(\x1b[01;31m\x1b[Kcmd_mutex_\x1b[m\x1b[K);\n'}
[7.206343] (nexus_base_ros) StderrLine: {'line': b'      |                                      \x1b[01;31m\x1b[K^~~~~~~~~~\x1b[m\x1b[K\n'}
[7.225652] (nexus_base_ros) StderrLine: {'line': b'\x1b[01m\x1b[K/home/hs/ros2_study/src/nexus_base_ros-master/src/nexus_serial_bridge.cpp:104:5:\x1b[m\x1b[K \x1b[01;31m\x1b[Kerror: \x1b[m\x1b[K\xe2\x80\x98\x1b[01m\x1b[Kcmd_vx_mmps_\x1b[m\x1b[K\xe2\x80\x99 was not declared in this scope\n'}
[7.225877] (nexus_base_ros) StderrLine: {'line': b'  104 |     \x1b[01;31m\x1b[Kcmd_vx_mmps_\x1b[m\x1b[K = msg->linear.x * 1000.0;\n'}
[7.225979] (nexus_base_ros) StderrLine: {'line': b'      |     \x1b[01;31m\x1b[K^~~~~~~~~~~~\x1b[m\x1b[K\n'}
[7.228580] (-) TimerEvent: {}
[7.244495] (nexus_base_ros) StderrLine: {'line': b'\x1b[01m\x1b[K/home/hs/ros2_study/src/nexus_base_ros-master/src/nexus_serial_bridge.cpp:105:5:\x1b[m\x1b[K \x1b[01;31m\x1b[Kerror: \x1b[m\x1b[K\xe2\x80\x98\x1b[01m\x1b[Kcmd_vy_mmps_\x1b[m\x1b[K\xe2\x80\x99 was not declared in this scope\n'}
[7.244782] (nexus_base_ros) StderrLine: {'line': b'  105 |     \x1b[01;31m\x1b[Kcmd_vy_mmps_\x1b[m\x1b[K = msg->linear.y * 1000.0;\n'}
[7.244911] (nexus_base_ros) StderrLine: {'line': b'      |     \x1b[01;31m\x1b[K^~~~~~~~~~~~\x1b[m\x1b[K\n'}
[7.267201] (nexus_base_ros) StderrLine: {'line': b'\x1b[01m\x1b[K/home/hs/ros2_study/src/nexus_base_ros-master/src/nexus_serial_bridge.cpp:106:5:\x1b[m\x1b[K \x1b[01;31m\x1b[Kerror: \x1b[m\x1b[K\xe2\x80\x98\x1b[01m\x1b[Kcmd_wz_mradps_\x1b[m\x1b[K\xe2\x80\x99 was not declared in this scope\n'}
[7.267405] (nexus_base_ros) StderrLine: {'line': b'  106 |     \x1b[01;31m\x1b[Kcmd_wz_mradps_\x1b[m\x1b[K = msg->angular.z * 1000.0;\n'}
[7.267505] (nexus_base_ros) StderrLine: {'line': b'      |     \x1b[01;31m\x1b[K^~~~~~~~~~~~~~\x1b[m\x1b[K\n'}
[7.286538] (nexus_base_ros) StderrLine: {'line': b'\x1b[01m\x1b[K/home/hs/ros2_study/src/nexus_base_ros-master/src/nexus_serial_bridge.cpp:107:5:\x1b[m\x1b[K \x1b[01;31m\x1b[Kerror: \x1b[m\x1b[K\xe2\x80\x98\x1b[01m\x1b[Klast_cmd_time_\x1b[m\x1b[K\xe2\x80\x99 was not declared in this scope\n'}
[7.286738] (nexus_base_ros) StderrLine: {'line': b'  107 |     \x1b[01;31m\x1b[Klast_cmd_time_\x1b[m\x1b[K = now();\n'}
[7.286853] (nexus_base_ros) StderrLine: {'line': b'      |     \x1b[01;31m\x1b[K^~~~~~~~~~~~~~\x1b[m\x1b[K\n'}
[7.298897] (nexus_base_ros) StderrLine: {'line': b'\x1b[01m\x1b[K/home/hs/ros2_study/src/nexus_base_ros-master/src/nexus_serial_bridge.cpp:108:5:\x1b[m\x1b[K \x1b[01;31m\x1b[Kerror: \x1b[m\x1b[K\xe2\x80\x98\x1b[01m\x1b[Khas_cmd_\x1b[m\x1b[K\xe2\x80\x99 was not declared in this scope\n'}
[7.299124] (nexus_base_ros) StderrLine: {'line': b'  108 |     \x1b[01;31m\x1b[Khas_cmd_\x1b[m\x1b[K = true;\n'}
[7.299229] (nexus_base_ros) StderrLine: {'line': b'      |     \x1b[01;31m\x1b[K^~~~~~~~\x1b[m\x1b[K\n'}
[7.314794] (nexus_base_ros) StderrLine: {'line': b'\x1b[01m\x1b[K/home/hs/ros2_study/src/nexus_base_ros-master/src/nexus_serial_bridge.cpp:\x1b[m\x1b[K In member function \xe2\x80\x98\x1b[01m\x1b[Kvoid NexusSerialBridge::handleEmergencyStop(std::shared_ptr<nexus_base_ros::srv::EmergencyStopEnable_Request_<std::allocator<void> > >, std::shared_ptr<nexus_base_ros::srv::EmergencyStopEnable_Response_<std::allocator<void> > >)\x1b[m\x1b[K\xe2\x80\x99:\n'}
[7.315063] (nexus_base_ros) StderrLine: {'line': b'\x1b[01m\x1b[K/home/hs/ros2_study/src/nexus_base_ros-master/src/nexus_serial_bridge.cpp:115:7:\x1b[m\x1b[K \x1b[01;31m\x1b[Kerror: \x1b[m\x1b[K\xe2\x80\x98\x1b[01m\x1b[Karmed_\x1b[m\x1b[K\xe2\x80\x99 was not declared in this scope\n'}
[7.315177] (nexus_base_ros) StderrLine: {'line': b'  115 |       \x1b[01;31m\x1b[Karmed_\x1b[m\x1b[K.store(false);\n'}
[7.315274] (nexus_base_ros) StderrLine: {'line': b'      |       \x1b[01;31m\x1b[K^~~~~~\x1b[m\x1b[K\n'}
[7.328678] (-) TimerEvent: {}
[7.330661] (nexus_base_ros) StderrLine: {'line': b'\x1b[01m\x1b[K/home/hs/ros2_study/src/nexus_base_ros-master/src/nexus_serial_bridge.cpp:\x1b[m\x1b[K In member function \xe2\x80\x98\x1b[01m\x1b[Kvoid NexusSerialBridge::handleArming(std::shared_ptr<nexus_base_ros::srv::ArmingEnable_Request_<std::allocator<void> > >, std::shared_ptr<nexus_base_ros::srv::ArmingEnable_Response_<std::allocator<void> > >)\x1b[m\x1b[K\xe2\x80\x99:\n'}
[7.330853] (nexus_base_ros) StderrLine: {'line': b'\x1b[01m\x1b[K/home/hs/ros2_study/src/nexus_base_ros-master/src/nexus_serial_bridge.cpp:125:7:\x1b[m\x1b[K \x1b[01;31m\x1b[Kerror: \x1b[m\x1b[K\xe2\x80\x98\x1b[01m\x1b[Karmed_\x1b[m\x1b[K\xe2\x80\x99 was not declared in this scope\n'}
[7.330970] (nexus_base_ros) StderrLine: {'line': b'  125 |       \x1b[01;31m\x1b[Karmed_\x1b[m\x1b[K.store(true);\n'}
[7.331087] (nexus_base_ros) StderrLine: {'line': b'      |       \x1b[01;31m\x1b[K^~~~~~\x1b[m\x1b[K\n'}
[7.341303] (nexus_base_ros) StderrLine: {'line': b'\x1b[01m\x1b[K/home/hs/ros2_study/src/nexus_base_ros-master/src/nexus_serial_bridge.cpp:\x1b[m\x1b[K In member function \xe2\x80\x98\x1b[01m\x1b[Kvoid NexusSerialBridge::sendLatestCmd()\x1b[m\x1b[K\xe2\x80\x99:\n'}
[7.341605] (nexus_base_ros) StderrLine: {'line': b'\x1b[01m\x1b[K/home/hs/ros2_study/src/nexus_base_ros-master/src/nexus_serial_bridge.cpp:131:10:\x1b[m\x1b[K \x1b[01;31m\x1b[Kerror: \x1b[m\x1b[K\xe2\x80\x98\x1b[01m\x1b[Kserial_\x1b[m\x1b[K\xe2\x80\x99 was not declared in this scope\n'}
[7.341795] (nexus_base_ros) StderrLine: {'line': b'  131 |     if (!\x1b[01;31m\x1b[Kserial_\x1b[m\x1b[K.is_open()) {\n'}
[7.341944] (nexus_base_ros) StderrLine: {'line': b'      |          \x1b[01;31m\x1b[K^~~~~~~\x1b[m\x1b[K\n'}
[7.357201] (nexus_base_ros) StderrLine: {'line': b'\x1b[01m\x1b[K/home/hs/ros2_study/src/nexus_base_ros-master/src/nexus_serial_bridge.cpp:141:40:\x1b[m\x1b[K \x1b[01;31m\x1b[Kerror: \x1b[m\x1b[K\xe2\x80\x98\x1b[01m\x1b[Kcmd_mutex_\x1b[m\x1b[K\xe2\x80\x99 was not declared in this scope\n'}
[7.357450] (nexus_base_ros) StderrLine: {'line': b'  141 |       std::lock_guard<std::mutex> lock(\x1b[01;31m\x1b[Kcmd_mutex_\x1b[m\x1b[K);\n'}
[7.357577] (nexus_base_ros) StderrLine: {'line': b'      |                                        \x1b[01;31m\x1b[K^~~~~~~~~~\x1b[m\x1b[K\n'}
[7.370636] (nexus_base_ros) StderrLine: {'line': b'\x1b[01m\x1b[K/home/hs/ros2_study/src/nexus_base_ros-master/src/nexus_serial_bridge.cpp:142:12:\x1b[m\x1b[K \x1b[01;31m\x1b[Kerror: \x1b[m\x1b[K\xe2\x80\x98\x1b[01m\x1b[Khas_cmd_\x1b[m\x1b[K\xe2\x80\x99 was not declared in this scope\n'}
[7.370840] (nexus_base_ros) StderrLine: {'line': b'  142 |       if (!\x1b[01;31m\x1b[Khas_cmd_\x1b[m\x1b[K) {\n'}
[7.370947] (nexus_base_ros) StderrLine: {'line': b'      |            \x1b[01;31m\x1b[K^~~~~~~~\x1b[m\x1b[K\n'}
[7.390727] (nexus_base_ros) StderrLine: {'line': b'\x1b[01m\x1b[K/home/hs/ros2_study/src/nexus_base_ros-master/src/nexus_serial_bridge.cpp:145:32:\x1b[m\x1b[K \x1b[01;31m\x1b[Kerror: \x1b[m\x1b[K\xe2\x80\x98\x1b[01m\x1b[Klast_cmd_time_\x1b[m\x1b[K\xe2\x80\x99 was not declared in this scope\n'}
[7.390959] (nexus_base_ros) StderrLine: {'line': b'  145 |         auto age_ms = (now() - \x1b[01;31m\x1b[Klast_cmd_time_\x1b[m\x1b[K).nanoseconds() / 1000000;\n'}
[7.391087] (nexus_base_ros) StderrLine: {'line': b'      |                                \x1b[01;31m\x1b[K^~~~~~~~~~~~~~\x1b[m\x1b[K\n'}
[7.411396] (nexus_base_ros) StderrLine: {'line': b'\x1b[01m\x1b[K/home/hs/ros2_study/src/nexus_base_ros-master/src/nexus_serial_bridge.cpp:146:22:\x1b[m\x1b[K \x1b[01;31m\x1b[Kerror: \x1b[m\x1b[K\xe2\x80\x98\x1b[01m\x1b[Kcmd_timeout_ms_\x1b[m\x1b[K\xe2\x80\x99 was not declared in this scope\n'}
[7.411608] (nexus_base_ros) StderrLine: {'line': b'  146 |         if (age_ms > \x1b[01;31m\x1b[Kcmd_timeout_ms_\x1b[m\x1b[K) {\n'}
[7.411708] (nexus_base_ros) StderrLine: {'line': b'      |                      \x1b[01;31m\x1b[K^~~~~~~~~~~~~~~\x1b[m\x1b[K\n'}
[7.428820] (-) TimerEvent: {}
[7.430068] (nexus_base_ros) StderrLine: {'line': b'\x1b[01m\x1b[K/home/hs/ros2_study/src/nexus_base_ros-master/src/nexus_serial_bridge.cpp:149:16:\x1b[m\x1b[K \x1b[01;31m\x1b[Kerror: \x1b[m\x1b[K\xe2\x80\x98\x1b[01m\x1b[Kcmd_vx_mmps_\x1b[m\x1b[K\xe2\x80\x99 was not declared in this scope\n'}
[7.430469] (nexus_base_ros) StderrLine: {'line': b'  149 |           vx = \x1b[01;31m\x1b[Kcmd_vx_mmps_\x1b[m\x1b[K;\n'}
[7.430649] (nexus_base_ros) StderrLine: {'line': b'      |                \x1b[01;31m\x1b[K^~~~~~~~~~~~\x1b[m\x1b[K\n'}
[7.450004] (nexus_base_ros) StderrLine: {'line': b'\x1b[01m\x1b[K/home/hs/ros2_study/src/nexus_base_ros-master/src/nexus_serial_bridge.cpp:150:16:\x1b[m\x1b[K \x1b[01;31m\x1b[Kerror: \x1b[m\x1b[K\xe2\x80\x98\x1b[01m\x1b[Kcmd_vy_mmps_\x1b[m\x1b[K\xe2\x80\x99 was not declared in this scope\n'}
[7.450261] (nexus_base_ros) StderrLine: {'line': b'  150 |           vy = \x1b[01;31m\x1b[Kcmd_vy_mmps_\x1b[m\x1b[K;\n'}
[7.450425] (nexus_base_ros) StderrLine: {'line': b'      |                \x1b[01;31m\x1b[K^~~~~~~~~~~~\x1b[m\x1b[K\n'}
[7.472192] (nexus_base_ros) StderrLine: {'line': b'\x1b[01m\x1b[K/home/hs/ros2_study/src/nexus_base_ros-master/src/nexus_serial_bridge.cpp:151:16:\x1b[m\x1b[K \x1b[01;31m\x1b[Kerror: \x1b[m\x1b[K\xe2\x80\x98\x1b[01m\x1b[Kcmd_wz_mradps_\x1b[m\x1b[K\xe2\x80\x99 was not declared in this scope\n'}
[7.472478] (nexus_base_ros) StderrLine: {'line': b'  151 |           wz = \x1b[01;31m\x1b[Kcmd_wz_mradps_\x1b[m\x1b[K;\n'}
[7.472641] (nexus_base_ros) StderrLine: {'line': b'      |                \x1b[01;31m\x1b[K^~~~~~~~~~~~~~\x1b[m\x1b[K\n'}
[7.482033] (nexus_base_ros) StderrLine: {'line': b'\x1b[01m\x1b[K/home/hs/ros2_study/src/nexus_base_ros-master/src/nexus_serial_bridge.cpp:156:10:\x1b[m\x1b[K \x1b[01;31m\x1b[Kerror: \x1b[m\x1b[K\xe2\x80\x98\x1b[01m\x1b[Karmed_\x1b[m\x1b[K\xe2\x80\x99 was not declared in this scope\n'}
[7.482271] (nexus_base_ros) StderrLine: {'line': b'  156 |     if (!\x1b[01;31m\x1b[Karmed_\x1b[m\x1b[K.load()) {\n'}
[7.482416] (nexus_base_ros) StderrLine: {'line': b'      |          \x1b[01;31m\x1b[K^~~~~~\x1b[m\x1b[K\n'}
[7.499344] (nexus_base_ros) StderrLine: {'line': b'\x1b[01m\x1b[K/home/hs/ros2_study/src/nexus_base_ros-master/src/nexus_serial_bridge.cpp:\x1b[m\x1b[K In member function \xe2\x80\x98\x1b[01m\x1b[Kvoid NexusSerialBridge::writeLine(const string&)\x1b[m\x1b[K\xe2\x80\x99:\n'}
[7.499628] (nexus_base_ros) StderrLine: {'line': b'\x1b[01m\x1b[K/home/hs/ros2_study/src/nexus_base_ros-master/src/nexus_serial_bridge.cpp:171:38:\x1b[m\x1b[K \x1b[01;31m\x1b[Kerror: \x1b[m\x1b[K\xe2\x80\x98\x1b[01m\x1b[Kserial_mutex_\x1b[m\x1b[K\xe2\x80\x99 was not declared in this scope\n'}
[7.499774] (nexus_base_ros) StderrLine: {'line': b'  171 |     std::lock_guard<std::mutex> lock(\x1b[01;31m\x1b[Kserial_mutex_\x1b[m\x1b[K);\n'}
[7.499909] (nexus_base_ros) StderrLine: {'line': b'      |                                      \x1b[01;31m\x1b[K^~~~~~~~~~~~~\x1b[m\x1b[K\n'}
[7.509159] (nexus_base_ros) StderrLine: {'line': b'\x1b[01m\x1b[K/home/hs/ros2_study/src/nexus_base_ros-master/src/nexus_serial_bridge.cpp:172:10:\x1b[m\x1b[K \x1b[01;31m\x1b[Kerror: \x1b[m\x1b[K\xe2\x80\x98\x1b[01m\x1b[Kserial_\x1b[m\x1b[K\xe2\x80\x99 was not declared in this scope\n'}
[7.509402] (nexus_base_ros) StderrLine: {'line': b'  172 |     if (!\x1b[01;31m\x1b[Kserial_\x1b[m\x1b[K.is_open()) {\n'}
[7.509548] (nexus_base_ros) StderrLine: {'line': b'      |          \x1b[01;31m\x1b[K^~~~~~~\x1b[m\x1b[K\n'}
[7.519027] (nexus_base_ros) StderrLine: {'line': b'\x1b[01m\x1b[K/home/hs/ros2_study/src/nexus_base_ros-master/src/nexus_serial_bridge.cpp:176:24:\x1b[m\x1b[K \x1b[01;31m\x1b[Kerror: \x1b[m\x1b[K\xe2\x80\x98\x1b[01m\x1b[Kserial_\x1b[m\x1b[K\xe2\x80\x99 was not declared in this scope\n'}
[7.519262] (nexus_base_ros) StderrLine: {'line': b'  176 |     boost::asio::write(\x1b[01;31m\x1b[Kserial_\x1b[m\x1b[K, boost::asio::buffer(line), ec);\n'}
[7.519410] (nexus_base_ros) StderrLine: {'line': b'      |                        \x1b[01;31m\x1b[K^~~~~~~\x1b[m\x1b[K\n'}
[7.528901] (-) TimerEvent: {}
[7.532836] (nexus_base_ros) StderrLine: {'line': b'\x1b[01m\x1b[K/home/hs/ros2_study/src/nexus_base_ros-master/src/nexus_serial_bridge.cpp:\x1b[m\x1b[K In member function \xe2\x80\x98\x1b[01m\x1b[Kvoid NexusSerialBridge::publishWheelVel(int, int, int, int)\x1b[m\x1b[K\xe2\x80\x99:\n'}
[7.533026] (nexus_base_ros) StderrLine: {'line': b'\x1b[01m\x1b[K/home/hs/ros2_study/src/nexus_base_ros-master/src/nexus_serial_bridge.cpp:195:27:\x1b[m\x1b[K \x1b[01;31m\x1b[Kerror: \x1b[m\x1b[K\xe2\x80\x98\x1b[01m\x1b[Kframe_id_\x1b[m\x1b[K\xe2\x80\x99 was not declared in this scope\n'}
[7.533131] (nexus_base_ros) StderrLine: {'line': b'  195 |     msg.header.frame_id = \x1b[01;31m\x1b[Kframe_id_\x1b[m\x1b[K;\n'}
[7.533216] (nexus_base_ros) StderrLine: {'line': b'      |                           \x1b[01;31m\x1b[K^~~~~~~~~\x1b[m\x1b[K\n'}
[7.554184] (nexus_base_ros) StderrLine: {'line': b'\x1b[01m\x1b[K/home/hs/ros2_study/src/nexus_base_ros-master/src/nexus_serial_bridge.cpp:200:5:\x1b[m\x1b[K \x1b[01;31m\x1b[Kerror: \x1b[m\x1b[K\xe2\x80\x98\x1b[01m\x1b[Kwheel_vel_pub_\x1b[m\x1b[K\xe2\x80\x99 was not declared in this scope\n'}
[7.554386] (nexus_base_ros) StderrLine: {'line': b'  200 |     \x1b[01;31m\x1b[Kwheel_vel_pub_\x1b[m\x1b[K->publish(msg);\n'}
[7.554479] (nexus_base_ros) StderrLine: {'line': b'      |     \x1b[01;31m\x1b[K^~~~~~~~~~~~~~\x1b[m\x1b[K\n'}
[7.575510] (nexus_base_ros) StderrLine: {'line': b'\x1b[01m\x1b[K/home/hs/ros2_study/src/nexus_base_ros-master/src/nexus_serial_bridge.cpp:\x1b[m\x1b[K In member function \xe2\x80\x98\x1b[01m\x1b[Kvoid NexusSerialBridge::publishWheelEnc(long int, long int, long int, long int)\x1b[m\x1b[K\xe2\x80\x99:\n'}
[7.575725] (nexus_base_ros) StderrLine: {'line': b'\x1b[01m\x1b[K/home/hs/ros2_study/src/nexus_base_ros-master/src/nexus_serial_bridge.cpp:210:5:\x1b[m\x1b[K \x1b[01;31m\x1b[Kerror: \x1b[m\x1b[K\xe2\x80\x98\x1b[01m\x1b[Kwheel_enc_pub_\x1b[m\x1b[K\xe2\x80\x99 was not declared in this scope\n'}
[7.575821] (nexus_base_ros) StderrLine: {'line': b'  210 |     \x1b[01;31m\x1b[Kwheel_enc_pub_\x1b[m\x1b[K->publish(msg);\n'}
[7.575907] (nexus_base_ros) StderrLine: {'line': b'      |     \x1b[01;31m\x1b[K^~~~~~~~~~~~~~\x1b[m\x1b[K\n'}
[7.586539] (nexus_base_ros) StderrLine: {'line': b'\x1b[01m\x1b[K/home/hs/ros2_study/src/nexus_base_ros-master/src/nexus_serial_bridge.cpp:\x1b[m\x1b[K In member function \xe2\x80\x98\x1b[01m\x1b[Kvoid NexusSerialBridge::readLoop()\x1b[m\x1b[K\xe2\x80\x99:\n'}
[7.586731] (nexus_base_ros) StderrLine: {'line': b'\x1b[01m\x1b[K/home/hs/ros2_study/src/nexus_base_ros-master/src/nexus_serial_bridge.cpp:215:12:\x1b[m\x1b[K \x1b[01;31m\x1b[Kerror: \x1b[m\x1b[K\xe2\x80\x98\x1b[01m\x1b[Krunning_\x1b[m\x1b[K\xe2\x80\x99 was not declared in this scope\n'}
[7.586836] (nexus_base_ros) StderrLine: {'line': b'  215 |     while (\x1b[01;31m\x1b[Krunning_\x1b[m\x1b[K.load()) {\n'}
[7.586923] (nexus_base_ros) StderrLine: {'line': b'      |            \x1b[01;31m\x1b[K^~~~~~~~\x1b[m\x1b[K\n'}
[7.596333] (nexus_base_ros) StderrLine: {'line': b'\x1b[01m\x1b[K/home/hs/ros2_study/src/nexus_base_ros-master/src/nexus_serial_bridge.cpp:216:12:\x1b[m\x1b[K \x1b[01;31m\x1b[Kerror: \x1b[m\x1b[K\xe2\x80\x98\x1b[01m\x1b[Kserial_\x1b[m\x1b[K\xe2\x80\x99 was not declared in this scope\n'}
[7.596519] (nexus_base_ros) StderrLine: {'line': b'  216 |       if (!\x1b[01;31m\x1b[Kserial_\x1b[m\x1b[K.is_open()) {\n'}
[7.596614] (nexus_base_ros) StderrLine: {'line': b'      |            \x1b[01;31m\x1b[K^~~~~~~\x1b[m\x1b[K\n'}
[7.606271] (nexus_base_ros) StderrLine: {'line': b'\x1b[01m\x1b[K/home/hs/ros2_study/src/nexus_base_ros-master/src/nexus_serial_bridge.cpp:222:47:\x1b[m\x1b[K \x1b[01;31m\x1b[Kerror: \x1b[m\x1b[K\xe2\x80\x98\x1b[01m\x1b[Kserial_\x1b[m\x1b[K\xe2\x80\x99 was not declared in this scope\n'}
[7.606442] (nexus_base_ros) StderrLine: {'line': b"  222 |       std::size_t n = boost::asio::read_until(\x1b[01;31m\x1b[Kserial_\x1b[m\x1b[K, buffer, '\\n', ec);\n"}
[7.606534] (nexus_base_ros) StderrLine: {'line': b'      |                                               \x1b[01;31m\x1b[K^~~~~~~\x1b[m\x1b[K\n'}
[7.608999] (nexus_base_ros) StderrLine: {'line': b'\x1b[01m\x1b[K/home/hs/ros2_study/src/nexus_base_ros-master/src/nexus_serial_bridge.cpp:\x1b[m\x1b[K At global scope:\n'}
[7.609146] (nexus_base_ros) StderrLine: {'line': b'\x1b[01m\x1b[K/home/hs/ros2_study/src/nexus_base_ros-master/src/nexus_serial_bridge.cpp:252:27:\x1b[m\x1b[K \x1b[01;31m\x1b[Kerror: \x1b[m\x1b[Kexpected initializer before \xe2\x80\x98\x1b[01m\x1b[Kio_\x1b[m\x1b[K\xe2\x80\x99\n'}
[7.609241] (nexus_base_ros) StderrLine: {'line': b'  252 |   boost::asio::io_context \x1b[01;31m\x1b[Kio_\x1b[m\x1b[K;\n'}
[7.609327] (nexus_base_ros) StderrLine: {'line': b'      |                           \x1b[01;31m\x1b[K^~~\x1b[m\x1b[K\n'}
[7.609789] (nexus_base_ros) StderrLine: {'line': b'\x1b[01m\x1b[K/home/hs/ros2_study/src/nexus_base_ros-master/src/nexus_serial_bridge.cpp:253:28:\x1b[m\x1b[K \x1b[01;31m\x1b[Kerror: \x1b[m\x1b[Kno matching function for call to \xe2\x80\x98\x1b[01m\x1b[Kboost::asio::basic_serial_port<>::basic_serial_port()\x1b[m\x1b[K\xe2\x80\x99\n'}
[7.609948] (nexus_base_ros) StderrLine: {'line': b'  253 |   boost::asio::serial_port \x1b[01;31m\x1b[Kserial_\x1b[m\x1b[K;\n'}
[7.610492] (nexus_base_ros) StderrLine: {'line': b'      |                            \x1b[01;31m\x1b[K^~~~~~~\x1b[m\x1b[K\n'}
[7.610602] (nexus_base_ros) StderrLine: {'line': b'In file included from \x1b[01m\x1b[K/usr/include/boost/asio.hpp:29\x1b[m\x1b[K,\n'}
[7.610685] (nexus_base_ros) StderrLine: {'line': b'                 from \x1b[01m\x1b[K/home/hs/ros2_study/src/nexus_base_ros-master/src/nexus_serial_bridge.cpp:14\x1b[m\x1b[K:\n'}
[7.610774] (nexus_base_ros) StderrLine: {'line': b'\x1b[01m\x1b[K/usr/include/boost/asio/basic_serial_port.hpp:245:3:\x1b[m\x1b[K \x1b[01;36m\x1b[Knote: \x1b[m\x1b[Kcandidate: \xe2\x80\x98\x1b[01m\x1b[Ktemplate<class ExecutionContext> boost::asio::basic_serial_port<Executor>::basic_serial_port(ExecutionContext&, const native_handle_type&, typename std::enable_if<std::is_convertible<ExecutionContext&, boost::asio::execution_context&>::value>::type*) [with ExecutionContext = ExecutionContext; Executor = boost::asio::execution::any_executor<boost::asio::execution::context_as_t<boost::asio::execution_context&>, boost::asio::execution::detail::blocking::never_t<0>, boost::asio::execution::prefer_only<boost::asio::execution::detail::blocking::possibly_t<0> >, boost::asio::execution::prefer_only<boost::asio::execution::detail::outstanding_work::tracked_t<0> >, boost::asio::execution::prefer_only<boost::asio::execution::detail::outstanding_work::untracked_t<0> >, boost::asio::execution::prefer_only<boost::asio::execution::detail::relationship::fork_t<0> >, boost::asio::execution::prefer_only<boost::asio::execution::detail::relationship::continuation_t<0> > >]\x1b[m\x1b[K\xe2\x80\x99\n'}
[7.610872] (nexus_base_ros) StderrLine: {'line': b'  245 |   \x1b[01;36m\x1b[Kbasic_serial_port\x1b[m\x1b[K(ExecutionContext& context,\n'}
[7.610951] (nexus_base_ros) StderrLine: {'line': b'      |   \x1b[01;36m\x1b[K^~~~~~~~~~~~~~~~~\x1b[m\x1b[K\n'}
[7.611046] (nexus_base_ros) StderrLine: {'line': b'\x1b[01m\x1b[K/usr/include/boost/asio/basic_serial_port.hpp:245:3:\x1b[m\x1b[K \x1b[01;36m\x1b[Knote: \x1b[m\x1b[K  template argument deduction/substitution failed:\n'}
[7.611127] (nexus_base_ros) StderrLine: {'line': b'\x1b[01m\x1b[K/home/hs/ros2_study/src/nexus_base_ros-master/src/nexus_serial_bridge.cpp:253:28:\x1b[m\x1b[K \x1b[01;36m\x1b[Knote: \x1b[m\x1b[K  candidate expects 3 arguments, 0 provided\n'}
[7.611206] (nexus_base_ros) StderrLine: {'line': b'  253 |   boost::asio::serial_port \x1b[01;36m\x1b[Kserial_\x1b[m\x1b[K;\n'}
[7.611283] (nexus_base_ros) StderrLine: {'line': b'      |                            \x1b[01;36m\x1b[K^~~~~~~\x1b[m\x1b[K\n'}
[7.611360] (nexus_base_ros) StderrLine: {'line': b'In file included from \x1b[01m\x1b[K/usr/include/boost/asio.hpp:29\x1b[m\x1b[K,\n'}
[7.611436] (nexus_base_ros) StderrLine: {'line': b'                 from \x1b[01m\x1b[K/home/hs/ros2_study/src/nexus_base_ros-master/src/nexus_serial_bridge.cpp:14\x1b[m\x1b[K:\n'}
[7.611513] (nexus_base_ros) StderrLine: {'line': b'\x1b[01m\x1b[K/usr/include/boost/asio/basic_serial_port.hpp:197:3:\x1b[m\x1b[K \x1b[01;36m\x1b[Knote: \x1b[m\x1b[Kcandidate: \xe2\x80\x98\x1b[01m\x1b[Ktemplate<class ExecutionContext> boost::asio::basic_serial_port<Executor>::basic_serial_port(ExecutionContext&, const string&, typename std::enable_if<std::is_convertible<ExecutionContext&, boost::asio::execution_context&>::value>::type*) [with ExecutionContext = ExecutionContext; Executor = boost::asio::execution::any_executor<boost::asio::execution::context_as_t<boost::asio::execution_context&>, boost::asio::execution::detail::blocking::never_t<0>, boost::asio::execution::prefer_only<boost::asio::execution::detail::blocking::possibly_t<0> >, boost::asio::execution::prefer_only<boost::asio::execution::detail::outstanding_work::tracked_t<0> >, boost::asio::execution::prefer_only<boost::asio::execution::detail::outstanding_work::untracked_t<0> >, boost::asio::execution::prefer_only<boost::asio::execution::detail::relationship::fork_t<0> >, boost::asio::execution::prefer_only<boost::asio::execution::detail::relationship::continuation_t<0> > >]\x1b[m\x1b[K\xe2\x80\x99\n'}
[7.611607] (nexus_base_ros) StderrLine: {'line': b'  197 |   \x1b[01;36m\x1b[Kbasic_serial_port\x1b[m\x1b[K(ExecutionContext& context, const std::string& device,\n'}
[7.611684] (nexus_base_ros) StderrLine: {'line': b'      |   \x1b[01;36m\x1b[K^~~~~~~~~~~~~~~~~\x1b[m\x1b[K\n'}
[7.611769] (nexus_base_ros) StderrLine: {'line': b'\x1b[01m\x1b[K/usr/include/boost/asio/basic_serial_port.hpp:197:3:\x1b[m\x1b[K \x1b[01;36m\x1b[Knote: \x1b[m\x1b[K  template argument deduction/substitution failed:\n'}
[7.611845] (nexus_base_ros) StderrLine: {'line': b'\x1b[01m\x1b[K/home/hs/ros2_study/src/nexus_base_ros-master/src/nexus_serial_bridge.cpp:253:28:\x1b[m\x1b[K \x1b[01;36m\x1b[Knote: \x1b[m\x1b[K  candidate expects 3 arguments, 0 provided\n'}
[7.611922] (nexus_base_ros) StderrLine: {'line': b'  253 |   boost::asio::serial_port \x1b[01;36m\x1b[Kserial_\x1b[m\x1b[K;\n'}
[7.612006] (nexus_base_ros) StderrLine: {'line': b'      |                            \x1b[01;36m\x1b[K^~~~~~~\x1b[m\x1b[K\n'}
[7.612091] (nexus_base_ros) StderrLine: {'line': b'In file included from \x1b[01m\x1b[K/usr/include/boost/asio.hpp:29\x1b[m\x1b[K,\n'}
[7.612168] (nexus_base_ros) StderrLine: {'line': b'                 from \x1b[01m\x1b[K/home/hs/ros2_study/src/nexus_base_ros-master/src/nexus_serial_bridge.cpp:14\x1b[m\x1b[K:\n'}
[7.612243] (nexus_base_ros) StderrLine: {'line': b'\x1b[01m\x1b[K/usr/include/boost/asio/basic_serial_port.hpp:153:3:\x1b[m\x1b[K \x1b[01;36m\x1b[Knote: \x1b[m\x1b[Kcandidate: \xe2\x80\x98\x1b[01m\x1b[Ktemplate<class ExecutionContext> boost::asio::basic_serial_port<Executor>::basic_serial_port(ExecutionContext&, const char*, typename std::enable_if<std::is_convertible<ExecutionContext&, boost::asio::execution_context&>::value>::type*) [with ExecutionContext = ExecutionContext; Executor = boost::asio::execution::any_executor<boost::asio::execution::context_as_t<boost::asio::execution_context&>, boost::asio::execution::detail::blocking::never_t<0>, boost::asio::execution::prefer_only<boost::asio::execution::detail::blocking::possibly_t<0> >, boost::asio::execution::prefer_only<boost::asio::execution::detail::outstanding_work::tracked_t<0> >, boost::asio::execution::prefer_only<boost::asio::execution::detail::outstanding_work::untracked_t<0> >, boost::asio::execution::prefer_only<boost::asio::execution::detail::relationship::fork_t<0> >, boost::asio::execution::prefer_only<boost::asio::execution::detail::relationship::continuation_t<0> > >]\x1b[m\x1b[K\xe2\x80\x99\n'}
[7.612340] (nexus_base_ros) StderrLine: {'line': b'  153 |   \x1b[01;36m\x1b[Kbasic_serial_port\x1b[m\x1b[K(ExecutionContext& context, const char* device,\n'}
[7.612418] (nexus_base_ros) StderrLine: {'line': b'      |   \x1b[01;36m\x1b[K^~~~~~~~~~~~~~~~~\x1b[m\x1b[K\n'}
[7.612493] (nexus_base_ros) StderrLine: {'line': b'\x1b[01m\x1b[K/usr/include/boost/asio/basic_serial_port.hpp:153:3:\x1b[m\x1b[K \x1b[01;36m\x1b[Knote: \x1b[m\x1b[K  template argument deduction/substitution failed:\n'}
[7.612569] (nexus_base_ros) StderrLine: {'line': b'\x1b[01m\x1b[K/home/hs/ros2_study/src/nexus_base_ros-master/src/nexus_serial_bridge.cpp:253:28:\x1b[m\x1b[K \x1b[01;36m\x1b[Knote: \x1b[m\x1b[K  candidate expects 3 arguments, 0 provided\n'}
[7.612644] (nexus_base_ros) StderrLine: {'line': b'  253 |   boost::asio::serial_port \x1b[01;36m\x1b[Kserial_\x1b[m\x1b[K;\n'}
[7.612717] (nexus_base_ros) StderrLine: {'line': b'      |                            \x1b[01;36m\x1b[K^~~~~~~\x1b[m\x1b[K\n'}
[7.612791] (nexus_base_ros) StderrLine: {'line': b'In file included from \x1b[01m\x1b[K/usr/include/boost/asio.hpp:29\x1b[m\x1b[K,\n'}
[7.612866] (nexus_base_ros) StderrLine: {'line': b'                 from \x1b[01m\x1b[K/home/hs/ros2_study/src/nexus_base_ros-master/src/nexus_serial_bridge.cpp:14\x1b[m\x1b[K:\n'}
[7.612952] (nexus_base_ros) StderrLine: {'line': b'\x1b[01m\x1b[K/usr/include/boost/asio/basic_serial_port.hpp:111:12:\x1b[m\x1b[K \x1b[01;36m\x1b[Knote: \x1b[m\x1b[Kcandidate: \xe2\x80\x98\x1b[01m\x1b[Ktemplate<class ExecutionContext> boost::asio::basic_serial_port<Executor>::basic_serial_port(ExecutionContext&, typename std::enable_if<std::is_convertible<ExecutionContext&, boost::asio::execution_context&>::value, boost::asio::basic_serial_port<Executor> >::type*) [with ExecutionContext = ExecutionContext; Executor = boost::asio::execution::any_executor<boost::asio::execution::context_as_t<boost::asio::execution_context&>, boost::asio::execution::detail::blocking::never_t<0>, boost::asio::execution::prefer_only<boost::asio::execution::detail::blocking::possibly_t<0> >, boost::asio::execution::prefer_only<boost::asio::execution::detail::outstanding_work::tracked_t<0> >, boost::asio::execution::prefer_only<boost::asio::execution::detail::outstanding_work::untracked_t<0> >, boost::asio::execution::prefer_only<boost::asio::execution::detail::relationship::fork_t<0> >, boost::asio::execution::prefer_only<boost::asio::execution::detail::relationship::continuation_t<0> > >]\x1b[m\x1b[K\xe2\x80\x99\n'}
[7.613072] (nexus_base_ros) StderrLine: {'line': b'  111 |   explicit \x1b[01;36m\x1b[Kbasic_serial_port\x1b[m\x1b[K(ExecutionContext& context,\n'}
[7.613151] (nexus_base_ros) StderrLine: {'line': b'      |            \x1b[01;36m\x1b[K^~~~~~~~~~~~~~~~~\x1b[m\x1b[K\n'}
[7.613226] (nexus_base_ros) StderrLine: {'line': b'\x1b[01m\x1b[K/usr/include/boost/asio/basic_serial_port.hpp:111:12:\x1b[m\x1b[K \x1b[01;36m\x1b[Knote: \x1b[m\x1b[K  template argument deduction/substitution failed:\n'}
[7.613301] (nexus_base_ros) StderrLine: {'line': b'\x1b[01m\x1b[K/home/hs/ros2_study/src/nexus_base_ros-master/src/nexus_serial_bridge.cpp:253:28:\x1b[m\x1b[K \x1b[01;36m\x1b[Knote: \x1b[m\x1b[K  candidate expects 2 arguments, 0 provided\n'}
[7.613376] (nexus_base_ros) StderrLine: {'line': b'  253 |   boost::asio::serial_port \x1b[01;36m\x1b[Kserial_\x1b[m\x1b[K;\n'}
[7.613450] (nexus_base_ros) StderrLine: {'line': b'      |                            \x1b[01;36m\x1b[K^~~~~~~\x1b[m\x1b[K\n'}
[7.613525] (nexus_base_ros) StderrLine: {'line': b'In file included from \x1b[01m\x1b[K/usr/include/boost/asio.hpp:29\x1b[m\x1b[K,\n'}
[7.613599] (nexus_base_ros) StderrLine: {'line': b'                 from \x1b[01m\x1b[K/home/hs/ros2_study/src/nexus_base_ros-master/src/nexus_serial_bridge.cpp:14\x1b[m\x1b[K:\n'}
[7.613673] (nexus_base_ros) StderrLine: {'line': b'\x1b[01m\x1b[K/usr/include/boost/asio/basic_serial_port.hpp:270:3:\x1b[m\x1b[K \x1b[01;36m\x1b[Knote: \x1b[m\x1b[Kcandidate: \xe2\x80\x98\x1b[01m\x1b[Kboost::asio::basic_serial_port<Executor>::basic_serial_port(boost::asio::basic_serial_port<Executor>&&) [with Executor = boost::asio::execution::any_executor<boost::asio::execution::context_as_t<boost::asio::execution_context&>, boost::asio::execution::detail::blocking::never_t<0>, boost::asio::execution::prefer_only<boost::asio::execution::detail::blocking::possibly_t<0> >, boost::asio::execution::prefer_only<boost::asio::execution::detail::outstanding_work::tracked_t<0> >, boost::asio::execution::prefer_only<boost::asio::execution::detail::outstanding_work::untracked_t<0> >, boost::asio::execution::prefer_only<boost::asio::execution::detail::relationship::fork_t<0> >, boost::asio::execution::prefer_only<boost::asio::execution::detail::relationship::continuation_t<0> > >]\x1b[m\x1b[K\xe2\x80\x99\n'}
[7.613770] (nexus_base_ros) StderrLine: {'line': b'  270 |   \x1b[01;36m\x1b[Kbasic_serial_port\x1b[m\x1b[K(basic_serial_port&& other)\n'}
[7.613846] (nexus_base_ros) StderrLine: {'line': b'      |   \x1b[01;36m\x1b[K^~~~~~~~~~~~~~~~~\x1b[m\x1b[K\n'}
[7.613921] (nexus_base_ros) StderrLine: {'line': b'\x1b[01m\x1b[K/usr/include/boost/asio/basic_serial_port.hpp:270:3:\x1b[m\x1b[K \x1b[01;36m\x1b[Knote: \x1b[m\x1b[K  candidate expects 1 argument, 0 provided\n'}
[7.614009] (nexus_base_ros) StderrLine: {'line': b'\x1b[01m\x1b[K/usr/include/boost/asio/basic_serial_port.hpp:221:3:\x1b[m\x1b[K \x1b[01;36m\x1b[Knote: \x1b[m\x1b[Kcandidate: \xe2\x80\x98\x1b[01m\x1b[Kboost::asio::basic_serial_port<Executor>::basic_serial_port(const executor_type&, const native_handle_type&) [with Executor = boost::asio::execution::any_executor<boost::asio::execution::context_as_t<boost::asio::execution_context&>, boost::asio::execution::detail::blocking::never_t<0>, boost::asio::execution::prefer_only<boost::asio::execution::detail::blocking::possibly_t<0> >, boost::asio::execution::prefer_only<boost::asio::execution::detail::outstanding_work::tracked_t<0> >, boost::asio::execution::prefer_only<boost::asio::execution::detail::outstanding_work::untracked_t<0> >, boost::asio::execution::prefer_only<boost::asio::execution::detail::relationship::fork_t<0> >, boost::asio::execution::prefer_only<boost::asio::execution::detail::relationship::continuation_t<0> > >; boost::asio::basic_serial_port<Executor>::executor_type = boost::asio::execution::any_executor<boost::asio::execution::context_as_t<boost::asio::execution_context&>, boost::asio::execution::detail::blocking::never_t<0>, boost::asio::execution::prefer_only<boost::asio::execution::detail::blocking::possibly_t<0> >, boost::asio::execution::prefer_only<boost::asio::execution::detail::outstanding_work::tracked_t<0> >, boost::asio::execution::prefer_only<boost::asio::execution::detail::outstanding_work::untracked_t<0> >, boost::asio::execution::prefer_only<boost::asio::execution::detail::relationship::fork_t<0> >, boost::asio::execution::prefer_only<boost::asio::execution::detail::relationship::continuation_t<0> > >; boost::asio::basic_serial_port<Executor>::native_handle_type = int]\x1b[m\x1b[K\xe2\x80\x99\n'}
[7.614116] (nexus_base_ros) StderrLine: {'line': b'  221 |   \x1b[01;36m\x1b[Kbasic_serial_port\x1b[m\x1b[K(const executor_type& ex,\n'}
[7.614193] (nexus_base_ros) StderrLine: {'line': b'      |   \x1b[01;36m\x1b[K^~~~~~~~~~~~~~~~~\x1b[m\x1b[K\n'}
[7.614268] (nexus_base_ros) StderrLine: {'line': b'\x1b[01m\x1b[K/usr/include/boost/asio/basic_serial_port.hpp:221:3:\x1b[m\x1b[K \x1b[01;36m\x1b[Knote: \x1b[m\x1b[K  candidate expects 2 arguments, 0 provided\n'}
[7.614343] (nexus_base_ros) StderrLine: {'line': b'\x1b[01m\x1b[K/usr/include/boost/asio/basic_serial_port.hpp:176:3:\x1b[m\x1b[K \x1b[01;36m\x1b[Knote: \x1b[m\x1b[Kcandidate: \xe2\x80\x98\x1b[01m\x1b[Kboost::asio::basic_serial_port<Executor>::basic_serial_port(const executor_type&, const string&) [with Executor = boost::asio::execution::any_executor<boost::asio::execution::context_as_t<boost::asio::execution_context&>, boost::asio::execution::detail::blocking::never_t<0>, boost::asio::execution::prefer_only<boost::asio::execution::detail::blocking::possibly_t<0> >, boost::asio::execution::prefer_only<boost::asio::execution::detail::outstanding_work::tracked_t<0> >, boost::asio::execution::prefer_only<boost::asio::execution::detail::outstanding_work::untracked_t<0> >, boost::asio::execution::prefer_only<boost::asio::execution::detail::relationship::fork_t<0> >, boost::asio::execution::prefer_only<boost::asio::execution::detail::relationship::continuation_t<0> > >; boost::asio::basic_serial_port<Executor>::executor_type = boost::asio::execution::any_executor<boost::asio::execution::context_as_t<boost::asio::execution_context&>, boost::asio::execution::detail::blocking::never_t<0>, boost::asio::execution::prefer_only<boost::asio::execution::detail::blocking::possibly_t<0> >, boost::asio::execution::prefer_only<boost::asio::execution::detail::outstanding_work::tracked_t<0> >, boost::asio::execution::prefer_only<boost::asio::execution::detail::outstanding_work::untracked_t<0> >, boost::asio::execution::prefer_only<boost::asio::execution::detail::relationship::fork_t<0> >, boost::asio::execution::prefer_only<boost::asio::execution::detail::relationship::continuation_t<0> > >; std::string = std::__cxx11::basic_string<char>]\x1b[m\x1b[K\xe2\x80\x99\n'}
[7.614446] (nexus_base_ros) StderrLine: {'line': b'  176 |   \x1b[01;36m\x1b[Kbasic_serial_port\x1b[m\x1b[K(const executor_type& ex, const std::string& device)\n'}
[7.614523] (nexus_base_ros) StderrLine: {'line': b'      |   \x1b[01;36m\x1b[K^~~~~~~~~~~~~~~~~\x1b[m\x1b[K\n'}
[7.614597] (nexus_base_ros) StderrLine: {'line': b'\x1b[01m\x1b[K/usr/include/boost/asio/basic_serial_port.hpp:176:3:\x1b[m\x1b[K \x1b[01;36m\x1b[Knote: \x1b[m\x1b[K  candidate expects 2 arguments, 0 provided\n'}
[7.614673] (nexus_base_ros) StderrLine: {'line': b'\x1b[01m\x1b[K/usr/include/boost/asio/basic_serial_port.hpp:132:3:\x1b[m\x1b[K \x1b[01;36m\x1b[Knote: \x1b[m\x1b[Kcandidate: \xe2\x80\x98\x1b[01m\x1b[Kboost::asio::basic_serial_port<Executor>::basic_serial_port(const executor_type&, const char*) [with Executor = boost::asio::execution::any_executor<boost::asio::execution::context_as_t<boost::asio::execution_context&>, boost::asio::execution::detail::blocking::never_t<0>, boost::asio::execution::prefer_only<boost::asio::execution::detail::blocking::possibly_t<0> >, boost::asio::execution::prefer_only<boost::asio::execution::detail::outstanding_work::tracked_t<0> >, boost::asio::execution::prefer_only<boost::asio::execution::detail::outstanding_work::untracked_t<0> >, boost::asio::execution::prefer_only<boost::asio::execution::detail::relationship::fork_t<0> >, boost::asio::execution::prefer_only<boost::asio::execution::detail::relationship::continuation_t<0> > >; boost::asio::basic_serial_port<Executor>::executor_type = boost::asio::execution::any_executor<boost::asio::execution::context_as_t<boost::asio::execution_context&>, boost::asio::execution::detail::blocking::never_t<0>, boost::asio::execution::prefer_only<boost::asio::execution::detail::blocking::possibly_t<0> >, boost::asio::execution::prefer_only<boost::asio::execution::detail::outstanding_work::tracked_t<0> >, boost::asio::execution::prefer_only<boost::asio::execution::detail::outstanding_work::untracked_t<0> >, boost::asio::execution::prefer_only<boost::asio::execution::detail::relationship::fork_t<0> >, boost::asio::execution::prefer_only<boost::asio::execution::detail::relationship::continuation_t<0> > >]\x1b[m\x1b[K\xe2\x80\x99\n'}
[7.614767] (nexus_base_ros) StderrLine: {'line': b'  132 |   \x1b[01;36m\x1b[Kbasic_serial_port\x1b[m\x1b[K(const executor_type& ex, const char* device)\n'}
[7.614842] (nexus_base_ros) StderrLine: {'line': b'      |   \x1b[01;36m\x1b[K^~~~~~~~~~~~~~~~~\x1b[m\x1b[K\n'}
[7.614916] (nexus_base_ros) StderrLine: {'line': b'\x1b[01m\x1b[K/usr/include/boost/asio/basic_serial_port.hpp:132:3:\x1b[m\x1b[K \x1b[01;36m\x1b[Knote: \x1b[m\x1b[K  candidate expects 2 arguments, 0 provided\n'}
[7.615000] (nexus_base_ros) StderrLine: {'line': b'\x1b[01m\x1b[K/usr/include/boost/asio/basic_serial_port.hpp:97:12:\x1b[m\x1b[K \x1b[01;36m\x1b[Knote: \x1b[m\x1b[Kcandidate: \xe2\x80\x98\x1b[01m\x1b[Kboost::asio::basic_serial_port<Executor>::basic_serial_port(const executor_type&) [with Executor = boost::asio::execution::any_executor<boost::asio::execution::context_as_t<boost::asio::execution_context&>, boost::asio::execution::detail::blocking::never_t<0>, boost::asio::execution::prefer_only<boost::asio::execution::detail::blocking::possibly_t<0> >, boost::asio::execution::prefer_only<boost::asio::execution::detail::outstanding_work::tracked_t<0> >, boost::asio::execution::prefer_only<boost::asio::execution::detail::outstanding_work::untracked_t<0> >, boost::asio::execution::prefer_only<boost::asio::execution::detail::relationship::fork_t<0> >, boost::asio::execution::prefer_only<boost::asio::execution::detail::relationship::continuation_t<0> > >; boost::asio::basic_serial_port<Executor>::executor_type = boost::asio::execution::any_executor<boost::asio::execution::context_as_t<boost::asio::execution_context&>, boost::asio::execution::detail::blocking::never_t<0>, boost::asio::execution::prefer_only<boost::asio::execution::detail::blocking::possibly_t<0> >, boost::asio::execution::prefer_only<boost::asio::execution::detail::outstanding_work::tracked_t<0> >, boost::asio::execution::prefer_only<boost::asio::execution::detail::outstanding_work::untracked_t<0> >, boost::asio::execution::prefer_only<boost::asio::execution::detail::relationship::fork_t<0> >, boost::asio::execution::prefer_only<boost::asio::execution::detail::relationship::continuation_t<0> > >]\x1b[m\x1b[K\xe2\x80\x99\n'}
[7.615105] (nexus_base_ros) StderrLine: {'line': b'   97 |   explicit \x1b[01;36m\x1b[Kbasic_serial_port\x1b[m\x1b[K(const executor_type& ex)\n'}
[7.615182] (nexus_base_ros) StderrLine: {'line': b'      |            \x1b[01;36m\x1b[K^~~~~~~~~~~~~~~~~\x1b[m\x1b[K\n'}
[7.615257] (nexus_base_ros) StderrLine: {'line': b'\x1b[01m\x1b[K/usr/include/boost/asio/basic_serial_port.hpp:97:12:\x1b[m\x1b[K \x1b[01;36m\x1b[Knote: \x1b[m\x1b[K  candidate expects 1 argument, 0 provided\n'}
[7.615873] (nexus_base_ros) StderrLine: {'line': b'\x1b[01m\x1b[K/home/hs/ros2_study/src/nexus_base_ros-master/src/nexus_serial_bridge.cpp:278:1:\x1b[m\x1b[K \x1b[01;31m\x1b[Kerror: \x1b[m\x1b[Kexpected declaration before \xe2\x80\x98\x1b[01m\x1b[K}\x1b[m\x1b[K\xe2\x80\x99 token\n'}
[7.615967] (nexus_base_ros) StderrLine: {'line': b'  278 | \x1b[01;31m\x1b[K}\x1b[m\x1b[K;\n'}
[7.616065] (nexus_base_ros) StderrLine: {'line': b'      | \x1b[01;31m\x1b[K^\x1b[m\x1b[K\n'}
[7.629038] (-) TimerEvent: {}
[7.729314] (-) TimerEvent: {}
[7.829658] (-) TimerEvent: {}
[7.929994] (-) TimerEvent: {}
[8.030328] (-) TimerEvent: {}
[8.130698] (-) TimerEvent: {}
[8.231039] (-) TimerEvent: {}
[8.331410] (-) TimerEvent: {}
[8.431744] (-) TimerEvent: {}
[8.532079] (-) TimerEvent: {}
[8.632394] (-) TimerEvent: {}
[8.732709] (-) TimerEvent: {}
[8.833028] (-) TimerEvent: {}
[8.933316] (-) TimerEvent: {}
[9.033648] (-) TimerEvent: {}
[9.133959] (-) TimerEvent: {}
[9.234255] (-) TimerEvent: {}
[9.334576] (-) TimerEvent: {}
[9.434928] (-) TimerEvent: {}
[9.535231] (-) TimerEvent: {}
[9.635583] (-) TimerEvent: {}
[9.735937] (-) TimerEvent: {}
[9.836257] (-) TimerEvent: {}
[9.936636] (-) TimerEvent: {}
[10.036972] (-) TimerEvent: {}
[10.137376] (-) TimerEvent: {}
[10.237692] (-) TimerEvent: {}
[10.338101] (-) TimerEvent: {}
[10.438511] (-) TimerEvent: {}
[10.539007] (-) TimerEvent: {}
[10.639333] (-) TimerEvent: {}
[10.739675] (-) TimerEvent: {}
[10.839992] (-) TimerEvent: {}
[10.940352] (-) TimerEvent: {}
[11.040738] (-) TimerEvent: {}
[11.141091] (-) TimerEvent: {}
[11.193855] (nexus_base_ros) StderrLine: {'line': b'gmake[2]: *** [CMakeFiles/nexus_serial_bridge.dir/build.make:76: CMakeFiles/nexus_serial_bridge.dir/src/nexus_serial_bridge.cpp.o] \xec\x98\xa4\xeb\xa5\x98 1\n'}
[11.194187] (nexus_base_ros) StderrLine: {'line': b'gmake[1]: *** [CMakeFiles/Makefile2:598: CMakeFiles/nexus_serial_bridge.dir/all] \xec\x98\xa4\xeb\xa5\x98 2\n'}
[11.194485] (nexus_base_ros) StderrLine: {'line': b'gmake: *** [Makefile:146: all] \xec\x98\xa4\xeb\xa5\x98 2\n'}
[11.196532] (nexus_base_ros) CommandEnded: {'returncode': 2}
[11.208809] (nexus_base_ros) JobEnded: {'identifier': 'nexus_base_ros', 'rc': 2}
[11.219356] (-) EventReactorShutdown: {}
