[  1%] Built target nexus_base_ros__cpp
[ 11%] Built target nexus_base_ros__rosidl_generator_c
[ 11%] Built target ament_cmake_python_copy_nexus_base_ros
[ 21%] Built target nexus_base_ros__rosidl_typesupport_cpp
[ 31%] Built target nexus_base_ros__rosidl_typesupport_fastrtps_cpp
[ 40%] Built target nexus_base_ros__rosidl_typesupport_fastrtps_c
[ 55%] Built target nexus_base_ros__rosidl_typesupport_introspection_cpp
[ 60%] Built target nexus_base_ros__rosidl_typesupport_introspection_c
[ 70%] Built target nexus_base_ros__rosidl_typesupport_c
[ 70%] Built target nexus_base_ros
[ 72%] Built target nexus_base_ros__py
[ 75%] Built target nexus_odometry
[ 78%] Built target nexus_teleop_joy
[ 86%] Built target nexus_base_ros__rosidl_generator_py
[ 90%] Built target nexus_base_ros__rosidl_typesupport_fastrtps_c__pyext
[ 93%] Built target nexus_base_ros__rosidl_typesupport_introspection_c__pyext
[ 96%] Built target nexus_base_ros__rosidl_typesupport_c__pyext
[ 98%] [32mBuilding CXX object CMakeFiles/nexus_serial_bridge.dir/src/nexus_serial_bridge.cpp.o[0m
running egg_info
writing nexus_base_ros.egg-info/PKG-INFO
writing dependency_links to nexus_base_ros.egg-info/dependency_links.txt
writing top-level names to nexus_base_ros.egg-info/top_level.txt
reading manifest file 'nexus_base_ros.egg-info/SOURCES.txt'
writing manifest file 'nexus_base_ros.egg-info/SOURCES.txt'
[ 98%] Built target ament_cmake_python_build_nexus_base_ros_egg
[01m[K/home/hs/ros2_study/src/nexus_base_ros-master/src/nexus_serial_bridge.cpp:[m[K In constructor â€˜[01m[KNexusSerialBridge::NexusSerialBridge()[m[Kâ€™:
[01m[K/home/hs/ros2_study/src/nexus_base_ros-master/src/nexus_serial_bridge.cpp:35:5:[m[K [01;31m[Kerror: [m[Kclass â€˜[01m[KNexusSerialBridge[m[Kâ€™ does not have any field named â€˜[01m[Kio_[m[Kâ€™
   35 |     [01;31m[Kio_[m[K(),
      |     [01;31m[K^~~[m[K
[01m[K/home/hs/ros2_study/src/nexus_base_ros-master/src/nexus_serial_bridge.cpp:36:5:[m[K [01;31m[Kerror: [m[Kclass â€˜[01m[KNexusSerialBridge[m[Kâ€™ does not have any field named â€˜[01m[Kserial_[m[Kâ€™
   36 |     [01;31m[Kserial_[m[K(io_),
      |     [01;31m[K^~~~~~~[m[K
[01m[K/home/hs/ros2_study/src/nexus_base_ros-master/src/nexus_serial_bridge.cpp:36:13:[m[K [01;31m[Kerror: [m[Kâ€˜[01m[Kio_[m[Kâ€™ was not declared in this scope
   36 |     serial_([01;31m[Kio_[m[K),
      |             [01;31m[K^~~[m[K
[01m[K/home/hs/ros2_study/src/nexus_base_ros-master/src/nexus_serial_bridge.cpp:37:5:[m[K [01;31m[Kerror: [m[Kclass â€˜[01m[KNexusSerialBridge[m[Kâ€™ does not have any field named â€˜[01m[Krunning_[m[Kâ€™
   37 |     [01;31m[Krunning_[m[K(true),
      |     [01;31m[K^~~~~~~~[m[K
[01m[K/home/hs/ros2_study/src/nexus_base_ros-master/src/nexus_serial_bridge.cpp:38:5:[m[K [01;31m[Kerror: [m[Kclass â€˜[01m[KNexusSerialBridge[m[Kâ€™ does not have any field named â€˜[01m[Karmed_[m[Kâ€™
   38 |     [01;31m[Karmed_[m[K(true),
      |     [01;31m[K^~~~~~[m[K
[01m[K/home/hs/ros2_study/src/nexus_base_ros-master/src/nexus_serial_bridge.cpp:39:5:[m[K [01;31m[Kerror: [m[Kclass â€˜[01m[KNexusSerialBridge[m[Kâ€™ does not have any field named â€˜[01m[Khas_cmd_[m[Kâ€™
   39 |     [01;31m[Khas_cmd_[m[K(false) {
      |     [01;31m[K^~~~~~~~[m[K
[01m[K/home/hs/ros2_study/src/nexus_base_ros-master/src/nexus_serial_bridge.cpp:40:5:[m[K [01;31m[Kerror: [m[Kâ€˜[01m[Kport_[m[Kâ€™ was not declared in this scope
   40 |     [01;31m[Kport_[m[K = declare_parameter<std::string>("serial_port", "/dev/ttyUSB0");
      |     [01;31m[K^~~~~[m[K
[01m[K/home/hs/ros2_study/src/nexus_base_ros-master/src/nexus_serial_bridge.cpp:41:5:[m[K [01;31m[Kerror: [m[Kâ€˜[01m[Kbaudrate_[m[Kâ€™ was not declared in this scope
   41 |     [01;31m[Kbaudrate_[m[K = declare_parameter<int>("serial_baud", kDefaultBaudrate);
      |     [01;31m[K^~~~~~~~~[m[K
[01m[K/home/hs/ros2_study/src/nexus_base_ros-master/src/nexus_serial_bridge.cpp:42:5:[m[K [01;31m[Kerror: [m[Kâ€˜[01m[Ktx_rate_hz_[m[Kâ€™ was not declared in this scope
   42 |     [01;31m[Ktx_rate_hz_[m[K = declare_parameter<double>("tx_rate_hz", kDefaultTxRateHz);
      |     [01;31m[K^~~~~~~~~~~[m[K
[01m[K/home/hs/ros2_study/src/nexus_base_ros-master/src/nexus_serial_bridge.cpp:43:5:[m[K [01;31m[Kerror: [m[Kâ€˜[01m[Kcmd_timeout_ms_[m[Kâ€™ was not declared in this scope
   43 |     [01;31m[Kcmd_timeout_ms_[m[K = declare_parameter<int>("cmd_timeout_ms", kDefaultCmdTimeoutMs);
      |     [01;31m[K^~~~~~~~~~~~~~~[m[K
[01m[K/home/hs/ros2_study/src/nexus_base_ros-master/src/nexus_serial_bridge.cpp:44:5:[m[K [01;31m[Kerror: [m[Kâ€˜[01m[Kframe_id_[m[Kâ€™ was not declared in this scope
   44 |     [01;31m[Kframe_id_[m[K = declare_parameter<std::string>("frame_id", "base_link");
      |     [01;31m[K^~~~~~~~~[m[K
[01m[K/home/hs/ros2_study/src/nexus_base_ros-master/src/nexus_serial_bridge.cpp:46:5:[m[K [01;31m[Kerror: [m[Kâ€˜[01m[Kwheel_vel_pub_[m[Kâ€™ was not declared in this scope
   46 |     [01;31m[Kwheel_vel_pub_[m[K = create_publisher<nexus_base_ros::msg::Encoders>("wheel_vel", rclcpp::SensorDataQoS());
      |     [01;31m[K^~~~~~~~~~~~~~[m[K
[01m[K/home/hs/ros2_study/src/nexus_base_ros-master/src/nexus_serial_bridge.cpp:47:5:[m[K [01;31m[Kerror: [m[Kâ€˜[01m[Kwheel_enc_pub_[m[Kâ€™ was not declared in this scope
   47 |     [01;31m[Kwheel_enc_pub_[m[K = create_publisher<std_msgs::msg::Int32MultiArray>("wheel_enc", rclcpp::SensorDataQoS());
      |     [01;31m[K^~~~~~~~~~~~~~[m[K
[01m[K/home/hs/ros2_study/src/nexus_base_ros-master/src/nexus_serial_bridge.cpp:49:5:[m[K [01;31m[Kerror: [m[Kâ€˜[01m[Kcmd_sub_[m[Kâ€™ was not declared in this scope
   49 |     [01;31m[Kcmd_sub_[m[K = create_subscription<geometry_msgs::msg::Twist>(
      |     [01;31m[K^~~~~~~~[m[K
[01m[K/home/hs/ros2_study/src/nexus_base_ros-master/src/nexus_serial_bridge.cpp:54:5:[m[K [01;31m[Kerror: [m[Kâ€˜[01m[Kemergency_srv_[m[Kâ€™ was not declared in this scope
   54 |     [01;31m[Kemergency_srv_[m[K = create_service<nexus_base_ros::srv::EmergencyStopEnable>(
      |     [01;31m[K^~~~~~~~~~~~~~[m[K
[01m[K/home/hs/ros2_study/src/nexus_base_ros-master/src/nexus_serial_bridge.cpp:58:5:[m[K [01;31m[Kerror: [m[Kâ€˜[01m[Karming_srv_[m[Kâ€™ was not declared in this scope
   58 |     [01;31m[Karming_srv_[m[K = create_service<nexus_base_ros::srv::ArmingEnable>(
      |     [01;31m[K^~~~~~~~~~~[m[K
[01m[K/home/hs/ros2_study/src/nexus_base_ros-master/src/nexus_serial_bridge.cpp:65:5:[m[K [01;31m[Kerror: [m[Kâ€˜[01m[Ksend_timer_[m[Kâ€™ was not declared in this scope; did you mean â€˜[01m[Ksetitimer[m[Kâ€™?
   65 |     [01;31m[Ksend_timer_[m[K = create_wall_timer(period, std::bind(&NexusSerialBridge::sendLatestCmd, this));
      |     [01;31m[K^~~~~~~~~~~[m[K
      |     [32m[Ksetitimer[m[K
[01m[K/home/hs/ros2_study/src/nexus_base_ros-master/src/nexus_serial_bridge.cpp:67:5:[m[K [01;31m[Kerror: [m[Kâ€˜[01m[Kread_thread_[m[Kâ€™ was not declared in this scope; did you mean â€˜[01m[Kreadahead[m[Kâ€™?
   67 |     [01;31m[Kread_thread_[m[K = std::thread(&NexusSerialBridge::readLoop, this);
      |     [01;31m[K^~~~~~~~~~~~[m[K
      |     [32m[Kreadahead[m[K
[01m[K/home/hs/ros2_study/src/nexus_base_ros-master/src/nexus_serial_bridge.cpp:[m[K In destructor â€˜[01m[Kvirtual NexusSerialBridge::~NexusSerialBridge()[m[Kâ€™:
[01m[K/home/hs/ros2_study/src/nexus_base_ros-master/src/nexus_serial_bridge.cpp:71:5:[m[K [01;31m[Kerror: [m[Kâ€˜[01m[Krunning_[m[Kâ€™ was not declared in this scope
   71 |     [01;31m[Krunning_[m[K.store(false);
      |     [01;31m[K^~~~~~~~[m[K
[01m[K/home/hs/ros2_study/src/nexus_base_ros-master/src/nexus_serial_bridge.cpp:73:9:[m[K [01;31m[Kerror: [m[Kâ€˜[01m[Kread_thread_[m[Kâ€™ was not declared in this scope; did you mean â€˜[01m[Kreadahead[m[Kâ€™?
   73 |     if ([01;31m[Kread_thread_[m[K.joinable()) {
      |         [01;31m[K^~~~~~~~~~~~[m[K
      |         [32m[Kreadahead[m[K
[01m[K/home/hs/ros2_study/src/nexus_base_ros-master/src/nexus_serial_bridge.cpp:[m[K In member function â€˜[01m[Kvoid NexusSerialBridge::openSerial()[m[Kâ€™:
[01m[K/home/hs/ros2_study/src/nexus_base_ros-master/src/nexus_serial_bridge.cpp:81:7:[m[K [01;31m[Kerror: [m[Kâ€˜[01m[Kserial_[m[Kâ€™ was not declared in this scope
   81 |       [01;31m[Kserial_[m[K.open(port_);
      |       [01;31m[K^~~~~~~[m[K
[01m[K/home/hs/ros2_study/src/nexus_base_ros-master/src/nexus_serial_bridge.cpp:81:20:[m[K [01;31m[Kerror: [m[Kâ€˜[01m[Kport_[m[Kâ€™ was not declared in this scope
   81 |       serial_.open([01;31m[Kport_[m[K);
      |                    [01;31m[K^~~~~[m[K
[01m[K/home/hs/ros2_study/src/nexus_base_ros-master/src/nexus_serial_bridge.cpp:82:67:[m[K [01;31m[Kerror: [m[Kâ€˜[01m[Kbaudrate_[m[Kâ€™ was not declared in this scope
   82 |       serial_.set_option(boost::asio::serial_port_base::baud_rate([01;31m[Kbaudrate_[m[K));
      |                                                                   [01;31m[K^~~~~~~~~[m[K
In file included from [01m[K/opt/ros/humble/include/rclcpp/rclcpp/logging.hpp:24[m[K,
                 from [01m[K/opt/ros/humble/include/rclcpp/rclcpp/client.hpp:40[m[K,
                 from [01m[K/opt/ros/humble/include/rclcpp/rclcpp/callback_group.hpp:24[m[K,
                 from [01m[K/opt/ros/humble/include/rclcpp/rclcpp/any_executable.hpp:20[m[K,
                 from [01m[K/opt/ros/humble/include/rclcpp/rclcpp/memory_strategy.hpp:25[m[K,
                 from [01m[K/opt/ros/humble/include/rclcpp/rclcpp/memory_strategies.hpp:18[m[K,
                 from [01m[K/opt/ros/humble/include/rclcpp/rclcpp/executor_options.hpp:20[m[K,
                 from [01m[K/opt/ros/humble/include/rclcpp/rclcpp/executor.hpp:37[m[K,
                 from [01m[K/opt/ros/humble/include/rclcpp/rclcpp/executors/multi_threaded_executor.hpp:25[m[K,
                 from [01m[K/opt/ros/humble/include/rclcpp/rclcpp/executors.hpp:21[m[K,
                 from [01m[K/opt/ros/humble/include/rclcpp/rclcpp/rclcpp.hpp:155[m[K,
                 from [01m[K/home/hs/ros2_study/src/nexus_base_ros-master/src/nexus_serial_bridge.cpp:18[m[K:
[01m[K/home/hs/ros2_study/src/nexus_base_ros-master/src/nexus_serial_bridge.cpp:89:71:[m[K [01;31m[Kerror: [m[Kâ€˜[01m[Kport_[m[Kâ€™ was not declared in this scope
   89 |       RCLCPP_ERROR(get_logger(), "Failed to open serial port %s: %s", [01;31m[Kport_[m[K.c_str(), ex.what());
      |                                                                       [01;31m[K^~~~~[m[K
[01m[K/home/hs/ros2_study/src/nexus_base_ros-master/src/nexus_serial_bridge.cpp:[m[K In member function â€˜[01m[Kvoid NexusSerialBridge::closeSerial()[m[Kâ€™:
[01m[K/home/hs/ros2_study/src/nexus_base_ros-master/src/nexus_serial_bridge.cpp:94:38:[m[K [01;31m[Kerror: [m[Kâ€˜[01m[Kserial_mutex_[m[Kâ€™ was not declared in this scope
   94 |     std::lock_guard<std::mutex> lock([01;31m[Kserial_mutex_[m[K);
      |                                      [01;31m[K^~~~~~~~~~~~~[m[K
[01m[K/home/hs/ros2_study/src/nexus_base_ros-master/src/nexus_serial_bridge.cpp:95:9:[m[K [01;31m[Kerror: [m[Kâ€˜[01m[Kserial_[m[Kâ€™ was not declared in this scope
   95 |     if ([01;31m[Kserial_[m[K.is_open()) {
      |         [01;31m[K^~~~~~~[m[K
[01m[K/home/hs/ros2_study/src/nexus_base_ros-master/src/nexus_serial_bridge.cpp:[m[K In member function â€˜[01m[Kvoid NexusSerialBridge::cmdVelCallback(geometry_msgs::msg::Twist_<std::allocator<void> >::SharedPtr)[m[Kâ€™:
[01m[K/home/hs/ros2_study/src/nexus_base_ros-master/src/nexus_serial_bridge.cpp:103:38:[m[K [01;31m[Kerror: [m[Kâ€˜[01m[Kcmd_mutex_[m[Kâ€™ was not declared in this scope
  103 |     std::lock_guard<std::mutex> lock([01;31m[Kcmd_mutex_[m[K);
      |                                      [01;31m[K^~~~~~~~~~[m[K
[01m[K/home/hs/ros2_study/src/nexus_base_ros-master/src/nexus_serial_bridge.cpp:104:5:[m[K [01;31m[Kerror: [m[Kâ€˜[01m[Kcmd_vx_mmps_[m[Kâ€™ was not declared in this scope
  104 |     [01;31m[Kcmd_vx_mmps_[m[K = msg->linear.x * 1000.0;
      |     [01;31m[K^~~~~~~~~~~~[m[K
[01m[K/home/hs/ros2_study/src/nexus_base_ros-master/src/nexus_serial_bridge.cpp:105:5:[m[K [01;31m[Kerror: [m[Kâ€˜[01m[Kcmd_vy_mmps_[m[Kâ€™ was not declared in this scope
  105 |     [01;31m[Kcmd_vy_mmps_[m[K = msg->linear.y * 1000.0;
      |     [01;31m[K^~~~~~~~~~~~[m[K
[01m[K/home/hs/ros2_study/src/nexus_base_ros-master/src/nexus_serial_bridge.cpp:106:5:[m[K [01;31m[Kerror: [m[Kâ€˜[01m[Kcmd_wz_mradps_[m[Kâ€™ was not declared in this scope
  106 |     [01;31m[Kcmd_wz_mradps_[m[K = msg->angular.z * 1000.0;
      |     [01;31m[K^~~~~~~~~~~~~~[m[K
[01m[K/home/hs/ros2_study/src/nexus_base_ros-master/src/nexus_serial_bridge.cpp:107:5:[m[K [01;31m[Kerror: [m[Kâ€˜[01m[Klast_cmd_time_[m[Kâ€™ was not declared in this scope
  107 |     [01;31m[Klast_cmd_time_[m[K = now();
      |     [01;31m[K^~~~~~~~~~~~~~[m[K
[01m[K/home/hs/ros2_study/src/nexus_base_ros-master/src/nexus_serial_bridge.cpp:108:5:[m[K [01;31m[Kerror: [m[Kâ€˜[01m[Khas_cmd_[m[Kâ€™ was not declared in this scope
  108 |     [01;31m[Khas_cmd_[m[K = true;
      |     [01;31m[K^~~~~~~~[m[K
[01m[K/home/hs/ros2_study/src/nexus_base_ros-master/src/nexus_serial_bridge.cpp:[m[K In member function â€˜[01m[Kvoid NexusSerialBridge::handleEmergencyStop(std::shared_ptr<nexus_base_ros::srv::EmergencyStopEnable_Request_<std::allocator<void> > >, std::shared_ptr<nexus_base_ros::srv::EmergencyStopEnable_Response_<std::allocator<void> > >)[m[Kâ€™:
[01m[K/home/hs/ros2_study/src/nexus_base_ros-master/src/nexus_serial_bridge.cpp:115:7:[m[K [01;31m[Kerror: [m[Kâ€˜[01m[Karmed_[m[Kâ€™ was not declared in this scope
  115 |       [01;31m[Karmed_[m[K.store(false);
      |       [01;31m[K^~~~~~[m[K
[01m[K/home/hs/ros2_study/src/nexus_base_ros-master/src/nexus_serial_bridge.cpp:[m[K In member function â€˜[01m[Kvoid NexusSerialBridge::handleArming(std::shared_ptr<nexus_base_ros::srv::ArmingEnable_Request_<std::allocator<void> > >, std::shared_ptr<nexus_base_ros::srv::ArmingEnable_Response_<std::allocator<void> > >)[m[Kâ€™:
[01m[K/home/hs/ros2_study/src/nexus_base_ros-master/src/nexus_serial_bridge.cpp:125:7:[m[K [01;31m[Kerror: [m[Kâ€˜[01m[Karmed_[m[Kâ€™ was not declared in this scope
  125 |       [01;31m[Karmed_[m[K.store(true);
      |       [01;31m[K^~~~~~[m[K
[01m[K/home/hs/ros2_study/src/nexus_base_ros-master/src/nexus_serial_bridge.cpp:[m[K In member function â€˜[01m[Kvoid NexusSerialBridge::sendLatestCmd()[m[Kâ€™:
[01m[K/home/hs/ros2_study/src/nexus_base_ros-master/src/nexus_serial_bridge.cpp:131:10:[m[K [01;31m[Kerror: [m[Kâ€˜[01m[Kserial_[m[Kâ€™ was not declared in this scope
  131 |     if (![01;31m[Kserial_[m[K.is_open()) {
      |          [01;31m[K^~~~~~~[m[K
[01m[K/home/hs/ros2_study/src/nexus_base_ros-master/src/nexus_serial_bridge.cpp:141:40:[m[K [01;31m[Kerror: [m[Kâ€˜[01m[Kcmd_mutex_[m[Kâ€™ was not declared in this scope
  141 |       std::lock_guard<std::mutex> lock([01;31m[Kcmd_mutex_[m[K);
      |                                        [01;31m[K^~~~~~~~~~[m[K
[01m[K/home/hs/ros2_study/src/nexus_base_ros-master/src/nexus_serial_bridge.cpp:142:12:[m[K [01;31m[Kerror: [m[Kâ€˜[01m[Khas_cmd_[m[Kâ€™ was not declared in this scope
  142 |       if (![01;31m[Khas_cmd_[m[K) {
      |            [01;31m[K^~~~~~~~[m[K
[01m[K/home/hs/ros2_study/src/nexus_base_ros-master/src/nexus_serial_bridge.cpp:145:32:[m[K [01;31m[Kerror: [m[Kâ€˜[01m[Klast_cmd_time_[m[Kâ€™ was not declared in this scope
  145 |         auto age_ms = (now() - [01;31m[Klast_cmd_time_[m[K).nanoseconds() / 1000000;
      |                                [01;31m[K^~~~~~~~~~~~~~[m[K
[01m[K/home/hs/ros2_study/src/nexus_base_ros-master/src/nexus_serial_bridge.cpp:146:22:[m[K [01;31m[Kerror: [m[Kâ€˜[01m[Kcmd_timeout_ms_[m[Kâ€™ was not declared in this scope
  146 |         if (age_ms > [01;31m[Kcmd_timeout_ms_[m[K) {
      |                      [01;31m[K^~~~~~~~~~~~~~~[m[K
[01m[K/home/hs/ros2_study/src/nexus_base_ros-master/src/nexus_serial_bridge.cpp:149:16:[m[K [01;31m[Kerror: [m[Kâ€˜[01m[Kcmd_vx_mmps_[m[Kâ€™ was not declared in this scope
  149 |           vx = [01;31m[Kcmd_vx_mmps_[m[K;
      |                [01;31m[K^~~~~~~~~~~~[m[K
[01m[K/home/hs/ros2_study/src/nexus_base_ros-master/src/nexus_serial_bridge.cpp:150:16:[m[K [01;31m[Kerror: [m[Kâ€˜[01m[Kcmd_vy_mmps_[m[Kâ€™ was not declared in this scope
  150 |           vy = [01;31m[Kcmd_vy_mmps_[m[K;
      |                [01;31m[K^~~~~~~~~~~~[m[K
[01m[K/home/hs/ros2_study/src/nexus_base_ros-master/src/nexus_serial_bridge.cpp:151:16:[m[K [01;31m[Kerror: [m[Kâ€˜[01m[Kcmd_wz_mradps_[m[Kâ€™ was not declared in this scope
  151 |           wz = [01;31m[Kcmd_wz_mradps_[m[K;
      |                [01;31m[K^~~~~~~~~~~~~~[m[K
[01m[K/home/hs/ros2_study/src/nexus_base_ros-master/src/nexus_serial_bridge.cpp:156:10:[m[K [01;31m[Kerror: [m[Kâ€˜[01m[Karmed_[m[Kâ€™ was not declared in this scope
  156 |     if (![01;31m[Karmed_[m[K.load()) {
      |          [01;31m[K^~~~~~[m[K
[01m[K/home/hs/ros2_study/src/nexus_base_ros-master/src/nexus_serial_bridge.cpp:[m[K In member function â€˜[01m[Kvoid NexusSerialBridge::writeLine(const string&)[m[Kâ€™:
[01m[K/home/hs/ros2_study/src/nexus_base_ros-master/src/nexus_serial_bridge.cpp:171:38:[m[K [01;31m[Kerror: [m[Kâ€˜[01m[Kserial_mutex_[m[Kâ€™ was not declared in this scope
  171 |     std::lock_guard<std::mutex> lock([01;31m[Kserial_mutex_[m[K);
      |                                      [01;31m[K^~~~~~~~~~~~~[m[K
[01m[K/home/hs/ros2_study/src/nexus_base_ros-master/src/nexus_serial_bridge.cpp:172:10:[m[K [01;31m[Kerror: [m[Kâ€˜[01m[Kserial_[m[Kâ€™ was not declared in this scope
  172 |     if (![01;31m[Kserial_[m[K.is_open()) {
      |          [01;31m[K^~~~~~~[m[K
[01m[K/home/hs/ros2_study/src/nexus_base_ros-master/src/nexus_serial_bridge.cpp:176:24:[m[K [01;31m[Kerror: [m[Kâ€˜[01m[Kserial_[m[Kâ€™ was not declared in this scope
  176 |     boost::asio::write([01;31m[Kserial_[m[K, boost::asio::buffer(line), ec);
      |                        [01;31m[K^~~~~~~[m[K
[01m[K/home/hs/ros2_study/src/nexus_base_ros-master/src/nexus_serial_bridge.cpp:[m[K In member function â€˜[01m[Kvoid NexusSerialBridge::publishWheelVel(int, int, int, int)[m[Kâ€™:
[01m[K/home/hs/ros2_study/src/nexus_base_ros-master/src/nexus_serial_bridge.cpp:195:27:[m[K [01;31m[Kerror: [m[Kâ€˜[01m[Kframe_id_[m[Kâ€™ was not declared in this scope
  195 |     msg.header.frame_id = [01;31m[Kframe_id_[m[K;
      |                           [01;31m[K^~~~~~~~~[m[K
[01m[K/home/hs/ros2_study/src/nexus_base_ros-master/src/nexus_serial_bridge.cpp:200:5:[m[K [01;31m[Kerror: [m[Kâ€˜[01m[Kwheel_vel_pub_[m[Kâ€™ was not declared in this scope
  200 |     [01;31m[Kwheel_vel_pub_[m[K->publish(msg);
      |     [01;31m[K^~~~~~~~~~~~~~[m[K
[01m[K/home/hs/ros2_study/src/nexus_base_ros-master/src/nexus_serial_bridge.cpp:[m[K In member function â€˜[01m[Kvoid NexusSerialBridge::publishWheelEnc(long int, long int, long int, long int)[m[Kâ€™:
[01m[K/home/hs/ros2_study/src/nexus_base_ros-master/src/nexus_serial_bridge.cpp:210:5:[m[K [01;31m[Kerror: [m[Kâ€˜[01m[Kwheel_enc_pub_[m[Kâ€™ was not declared in this scope
  210 |     [01;31m[Kwheel_enc_pub_[m[K->publish(msg);
      |     [01;31m[K^~~~~~~~~~~~~~[m[K
[01m[K/home/hs/ros2_study/src/nexus_base_ros-master/src/nexus_serial_bridge.cpp:[m[K In member function â€˜[01m[Kvoid NexusSerialBridge::readLoop()[m[Kâ€™:
[01m[K/home/hs/ros2_study/src/nexus_base_ros-master/src/nexus_serial_bridge.cpp:215:12:[m[K [01;31m[Kerror: [m[Kâ€˜[01m[Krunning_[m[Kâ€™ was not declared in this scope
  215 |     while ([01;31m[Krunning_[m[K.load()) {
      |            [01;31m[K^~~~~~~~[m[K
[01m[K/home/hs/ros2_study/src/nexus_base_ros-master/src/nexus_serial_bridge.cpp:216:12:[m[K [01;31m[Kerror: [m[Kâ€˜[01m[Kserial_[m[Kâ€™ was not declared in this scope
  216 |       if (![01;31m[Kserial_[m[K.is_open()) {
      |            [01;31m[K^~~~~~~[m[K
[01m[K/home/hs/ros2_study/src/nexus_base_ros-master/src/nexus_serial_bridge.cpp:222:47:[m[K [01;31m[Kerror: [m[Kâ€˜[01m[Kserial_[m[Kâ€™ was not declared in this scope
  222 |       std::size_t n = boost::asio::read_until([01;31m[Kserial_[m[K, buffer, '\n', ec);
      |                                               [01;31m[K^~~~~~~[m[K
[01m[K/home/hs/ros2_study/src/nexus_base_ros-master/src/nexus_serial_bridge.cpp:[m[K At global scope:
[01m[K/home/hs/ros2_study/src/nexus_base_ros-master/src/nexus_serial_bridge.cpp:252:27:[m[K [01;31m[Kerror: [m[Kexpected initializer before â€˜[01m[Kio_[m[Kâ€™
  252 |   boost::asio::io_context [01;31m[Kio_[m[K;
      |                           [01;31m[K^~~[m[K
[01m[K/home/hs/ros2_study/src/nexus_base_ros-master/src/nexus_serial_bridge.cpp:253:28:[m[K [01;31m[Kerror: [m[Kno matching function for call to â€˜[01m[Kboost::asio::basic_serial_port<>::basic_serial_port()[m[Kâ€™
  253 |   boost::asio::serial_port [01;31m[Kserial_[m[K;
      |                            [01;31m[K^~~~~~~[m[K
In file included from [01m[K/usr/include/boost/asio.hpp:29[m[K,
                 from [01m[K/home/hs/ros2_study/src/nexus_base_ros-master/src/nexus_serial_bridge.cpp:14[m[K:
[01m[K/usr/include/boost/asio/basic_serial_port.hpp:245:3:[m[K [01;36m[Knote: [m[Kcandidate: â€˜[01m[Ktemplate<class ExecutionContext> boost::asio::basic_serial_port<Executor>::basic_serial_port(ExecutionContext&, const native_handle_type&, typename std::enable_if<std::is_convertible<ExecutionContext&, boost::asio::execution_context&>::value>::type*) [with ExecutionContext = ExecutionContext; Executor = boost::asio::execution::any_executor<boost::asio::execution::context_as_t<boost::asio::execution_context&>, boost::asio::execution::detail::blocking::never_t<0>, boost::asio::execution::prefer_only<boost::asio::execution::detail::blocking::possibly_t<0> >, boost::asio::execution::prefer_only<boost::asio::execution::detail::outstanding_work::tracked_t<0> >, boost::asio::execution::prefer_only<boost::asio::execution::detail::outstanding_work::untracked_t<0> >, boost::asio::execution::prefer_only<boost::asio::execution::detail::relationship::fork_t<0> >, boost::asio::execution::prefer_only<boost::asio::execution::detail::relationship::continuation_t<0> > >][m[Kâ€™
  245 |   [01;36m[Kbasic_serial_port[m[K(ExecutionContext& context,
      |   [01;36m[K^~~~~~~~~~~~~~~~~[m[K
[01m[K/usr/include/boost/asio/basic_serial_port.hpp:245:3:[m[K [01;36m[Knote: [m[K  template argument deduction/substitution failed:
[01m[K/home/hs/ros2_study/src/nexus_base_ros-master/src/nexus_serial_bridge.cpp:253:28:[m[K [01;36m[Knote: [m[K  candidate expects 3 arguments, 0 provided
  253 |   boost::asio::serial_port [01;36m[Kserial_[m[K;
      |                            [01;36m[K^~~~~~~[m[K
In file included from [01m[K/usr/include/boost/asio.hpp:29[m[K,
                 from [01m[K/home/hs/ros2_study/src/nexus_base_ros-master/src/nexus_serial_bridge.cpp:14[m[K:
[01m[K/usr/include/boost/asio/basic_serial_port.hpp:197:3:[m[K [01;36m[Knote: [m[Kcandidate: â€˜[01m[Ktemplate<class ExecutionContext> boost::asio::basic_serial_port<Executor>::basic_serial_port(ExecutionContext&, const string&, typename std::enable_if<std::is_convertible<ExecutionContext&, boost::asio::execution_context&>::value>::type*) [with ExecutionContext = ExecutionContext; Executor = boost::asio::execution::any_executor<boost::asio::execution::context_as_t<boost::asio::execution_context&>, boost::asio::execution::detail::blocking::never_t<0>, boost::asio::execution::prefer_only<boost::asio::execution::detail::blocking::possibly_t<0> >, boost::asio::execution::prefer_only<boost::asio::execution::detail::outstanding_work::tracked_t<0> >, boost::asio::execution::prefer_only<boost::asio::execution::detail::outstanding_work::untracked_t<0> >, boost::asio::execution::prefer_only<boost::asio::execution::detail::relationship::fork_t<0> >, boost::asio::execution::prefer_only<boost::asio::execution::detail::relationship::continuation_t<0> > >][m[Kâ€™
  197 |   [01;36m[Kbasic_serial_port[m[K(ExecutionContext& context, const std::string& device,
      |   [01;36m[K^~~~~~~~~~~~~~~~~[m[K
[01m[K/usr/include/boost/asio/basic_serial_port.hpp:197:3:[m[K [01;36m[Knote: [m[K  template argument deduction/substitution failed:
[01m[K/home/hs/ros2_study/src/nexus_base_ros-master/src/nexus_serial_bridge.cpp:253:28:[m[K [01;36m[Knote: [m[K  candidate expects 3 arguments, 0 provided
  253 |   boost::asio::serial_port [01;36m[Kserial_[m[K;
      |                            [01;36m[K^~~~~~~[m[K
In file included from [01m[K/usr/include/boost/asio.hpp:29[m[K,
                 from [01m[K/home/hs/ros2_study/src/nexus_base_ros-master/src/nexus_serial_bridge.cpp:14[m[K:
[01m[K/usr/include/boost/asio/basic_serial_port.hpp:153:3:[m[K [01;36m[Knote: [m[Kcandidate: â€˜[01m[Ktemplate<class ExecutionContext> boost::asio::basic_serial_port<Executor>::basic_serial_port(ExecutionContext&, const char*, typename std::enable_if<std::is_convertible<ExecutionContext&, boost::asio::execution_context&>::value>::type*) [with ExecutionContext = ExecutionContext; Executor = boost::asio::execution::any_executor<boost::asio::execution::context_as_t<boost::asio::execution_context&>, boost::asio::execution::detail::blocking::never_t<0>, boost::asio::execution::prefer_only<boost::asio::execution::detail::blocking::possibly_t<0> >, boost::asio::execution::prefer_only<boost::asio::execution::detail::outstanding_work::tracked_t<0> >, boost::asio::execution::prefer_only<boost::asio::execution::detail::outstanding_work::untracked_t<0> >, boost::asio::execution::prefer_only<boost::asio::execution::detail::relationship::fork_t<0> >, boost::asio::execution::prefer_only<boost::asio::execution::detail::relationship::continuation_t<0> > >][m[Kâ€™
  153 |   [01;36m[Kbasic_serial_port[m[K(ExecutionContext& context, const char* device,
      |   [01;36m[K^~~~~~~~~~~~~~~~~[m[K
[01m[K/usr/include/boost/asio/basic_serial_port.hpp:153:3:[m[K [01;36m[Knote: [m[K  template argument deduction/substitution failed:
[01m[K/home/hs/ros2_study/src/nexus_base_ros-master/src/nexus_serial_bridge.cpp:253:28:[m[K [01;36m[Knote: [m[K  candidate expects 3 arguments, 0 provided
  253 |   boost::asio::serial_port [01;36m[Kserial_[m[K;
      |                            [01;36m[K^~~~~~~[m[K
In file included from [01m[K/usr/include/boost/asio.hpp:29[m[K,
                 from [01m[K/home/hs/ros2_study/src/nexus_base_ros-master/src/nexus_serial_bridge.cpp:14[m[K:
[01m[K/usr/include/boost/asio/basic_serial_port.hpp:111:12:[m[K [01;36m[Knote: [m[Kcandidate: â€˜[01m[Ktemplate<class ExecutionContext> boost::asio::basic_serial_port<Executor>::basic_serial_port(ExecutionContext&, typename std::enable_if<std::is_convertible<ExecutionContext&, boost::asio::execution_context&>::value, boost::asio::basic_serial_port<Executor> >::type*) [with ExecutionContext = ExecutionContext; Executor = boost::asio::execution::any_executor<boost::asio::execution::context_as_t<boost::asio::execution_context&>, boost::asio::execution::detail::blocking::never_t<0>, boost::asio::execution::prefer_only<boost::asio::execution::detail::blocking::possibly_t<0> >, boost::asio::execution::prefer_only<boost::asio::execution::detail::outstanding_work::tracked_t<0> >, boost::asio::execution::prefer_only<boost::asio::execution::detail::outstanding_work::untracked_t<0> >, boost::asio::execution::prefer_only<boost::asio::execution::detail::relationship::fork_t<0> >, boost::asio::execution::prefer_only<boost::asio::execution::detail::relationship::continuation_t<0> > >][m[Kâ€™
  111 |   explicit [01;36m[Kbasic_serial_port[m[K(ExecutionContext& context,
      |            [01;36m[K^~~~~~~~~~~~~~~~~[m[K
[01m[K/usr/include/boost/asio/basic_serial_port.hpp:111:12:[m[K [01;36m[Knote: [m[K  template argument deduction/substitution failed:
[01m[K/home/hs/ros2_study/src/nexus_base_ros-master/src/nexus_serial_bridge.cpp:253:28:[m[K [01;36m[Knote: [m[K  candidate expects 2 arguments, 0 provided
  253 |   boost::asio::serial_port [01;36m[Kserial_[m[K;
      |                            [01;36m[K^~~~~~~[m[K
In file included from [01m[K/usr/include/boost/asio.hpp:29[m[K,
                 from [01m[K/home/hs/ros2_study/src/nexus_base_ros-master/src/nexus_serial_bridge.cpp:14[m[K:
[01m[K/usr/include/boost/asio/basic_serial_port.hpp:270:3:[m[K [01;36m[Knote: [m[Kcandidate: â€˜[01m[Kboost::asio::basic_serial_port<Executor>::basic_serial_port(boost::asio::basic_serial_port<Executor>&&) [with Executor = boost::asio::execution::any_executor<boost::asio::execution::context_as_t<boost::asio::execution_context&>, boost::asio::execution::detail::blocking::never_t<0>, boost::asio::execution::prefer_only<boost::asio::execution::detail::blocking::possibly_t<0> >, boost::asio::execution::prefer_only<boost::asio::execution::detail::outstanding_work::tracked_t<0> >, boost::asio::execution::prefer_only<boost::asio::execution::detail::outstanding_work::untracked_t<0> >, boost::asio::execution::prefer_only<boost::asio::execution::detail::relationship::fork_t<0> >, boost::asio::execution::prefer_only<boost::asio::execution::detail::relationship::continuation_t<0> > >][m[Kâ€™
  270 |   [01;36m[Kbasic_serial_port[m[K(basic_serial_port&& other)
      |   [01;36m[K^~~~~~~~~~~~~~~~~[m[K
[01m[K/usr/include/boost/asio/basic_serial_port.hpp:270:3:[m[K [01;36m[Knote: [m[K  candidate expects 1 argument, 0 provided
[01m[K/usr/include/boost/asio/basic_serial_port.hpp:221:3:[m[K [01;36m[Knote: [m[Kcandidate: â€˜[01m[Kboost::asio::basic_serial_port<Executor>::basic_serial_port(const executor_type&, const native_handle_type&) [with Executor = boost::asio::execution::any_executor<boost::asio::execution::context_as_t<boost::asio::execution_context&>, boost::asio::execution::detail::blocking::never_t<0>, boost::asio::execution::prefer_only<boost::asio::execution::detail::blocking::possibly_t<0> >, boost::asio::execution::prefer_only<boost::asio::execution::detail::outstanding_work::tracked_t<0> >, boost::asio::execution::prefer_only<boost::asio::execution::detail::outstanding_work::untracked_t<0> >, boost::asio::execution::prefer_only<boost::asio::execution::detail::relationship::fork_t<0> >, boost::asio::execution::prefer_only<boost::asio::execution::detail::relationship::continuation_t<0> > >; boost::asio::basic_serial_port<Executor>::executor_type = boost::asio::execution::any_executor<boost::asio::execution::context_as_t<boost::asio::execution_context&>, boost::asio::execution::detail::blocking::never_t<0>, boost::asio::execution::prefer_only<boost::asio::execution::detail::blocking::possibly_t<0> >, boost::asio::execution::prefer_only<boost::asio::execution::detail::outstanding_work::tracked_t<0> >, boost::asio::execution::prefer_only<boost::asio::execution::detail::outstanding_work::untracked_t<0> >, boost::asio::execution::prefer_only<boost::asio::execution::detail::relationship::fork_t<0> >, boost::asio::execution::prefer_only<boost::asio::execution::detail::relationship::continuation_t<0> > >; boost::asio::basic_serial_port<Executor>::native_handle_type = int][m[Kâ€™
  221 |   [01;36m[Kbasic_serial_port[m[K(const executor_type& ex,
      |   [01;36m[K^~~~~~~~~~~~~~~~~[m[K
[01m[K/usr/include/boost/asio/basic_serial_port.hpp:221:3:[m[K [01;36m[Knote: [m[K  candidate expects 2 arguments, 0 provided
[01m[K/usr/include/boost/asio/basic_serial_port.hpp:176:3:[m[K [01;36m[Knote: [m[Kcandidate: â€˜[01m[Kboost::asio::basic_serial_port<Executor>::basic_serial_port(const executor_type&, const string&) [with Executor = boost::asio::execution::any_executor<boost::asio::execution::context_as_t<boost::asio::execution_context&>, boost::asio::execution::detail::blocking::never_t<0>, boost::asio::execution::prefer_only<boost::asio::execution::detail::blocking::possibly_t<0> >, boost::asio::execution::prefer_only<boost::asio::execution::detail::outstanding_work::tracked_t<0> >, boost::asio::execution::prefer_only<boost::asio::execution::detail::outstanding_work::untracked_t<0> >, boost::asio::execution::prefer_only<boost::asio::execution::detail::relationship::fork_t<0> >, boost::asio::execution::prefer_only<boost::asio::execution::detail::relationship::continuation_t<0> > >; boost::asio::basic_serial_port<Executor>::executor_type = boost::asio::execution::any_executor<boost::asio::execution::context_as_t<boost::asio::execution_context&>, boost::asio::execution::detail::blocking::never_t<0>, boost::asio::execution::prefer_only<boost::asio::execution::detail::blocking::possibly_t<0> >, boost::asio::execution::prefer_only<boost::asio::execution::detail::outstanding_work::tracked_t<0> >, boost::asio::execution::prefer_only<boost::asio::execution::detail::outstanding_work::untracked_t<0> >, boost::asio::execution::prefer_only<boost::asio::execution::detail::relationship::fork_t<0> >, boost::asio::execution::prefer_only<boost::asio::execution::detail::relationship::continuation_t<0> > >; std::string = std::__cxx11::basic_string<char>][m[Kâ€™
  176 |   [01;36m[Kbasic_serial_port[m[K(const executor_type& ex, const std::string& device)
      |   [01;36m[K^~~~~~~~~~~~~~~~~[m[K
[01m[K/usr/include/boost/asio/basic_serial_port.hpp:176:3:[m[K [01;36m[Knote: [m[K  candidate expects 2 arguments, 0 provided
[01m[K/usr/include/boost/asio/basic_serial_port.hpp:132:3:[m[K [01;36m[Knote: [m[Kcandidate: â€˜[01m[Kboost::asio::basic_serial_port<Executor>::basic_serial_port(const executor_type&, const char*) [with Executor = boost::asio::execution::any_executor<boost::asio::execution::context_as_t<boost::asio::execution_context&>, boost::asio::execution::detail::blocking::never_t<0>, boost::asio::execution::prefer_only<boost::asio::execution::detail::blocking::possibly_t<0> >, boost::asio::execution::prefer_only<boost::asio::execution::detail::outstanding_work::tracked_t<0> >, boost::asio::execution::prefer_only<boost::asio::execution::detail::outstanding_work::untracked_t<0> >, boost::asio::execution::prefer_only<boost::asio::execution::detail::relationship::fork_t<0> >, boost::asio::execution::prefer_only<boost::asio::execution::detail::relationship::continuation_t<0> > >; boost::asio::basic_serial_port<Executor>::executor_type = boost::asio::execution::any_executor<boost::asio::execution::context_as_t<boost::asio::execution_context&>, boost::asio::execution::detail::blocking::never_t<0>, boost::asio::execution::prefer_only<boost::asio::execution::detail::blocking::possibly_t<0> >, boost::asio::execution::prefer_only<boost::asio::execution::detail::outstanding_work::tracked_t<0> >, boost::asio::execution::prefer_only<boost::asio::execution::detail::outstanding_work::untracked_t<0> >, boost::asio::execution::prefer_only<boost::asio::execution::detail::relationship::fork_t<0> >, boost::asio::execution::prefer_only<boost::asio::execution::detail::relationship::continuation_t<0> > >][m[Kâ€™
  132 |   [01;36m[Kbasic_serial_port[m[K(const executor_type& ex, const char* device)
      |   [01;36m[K^~~~~~~~~~~~~~~~~[m[K
[01m[K/usr/include/boost/asio/basic_serial_port.hpp:132:3:[m[K [01;36m[Knote: [m[K  candidate expects 2 arguments, 0 provided
[01m[K/usr/include/boost/asio/basic_serial_port.hpp:97:12:[m[K [01;36m[Knote: [m[Kcandidate: â€˜[01m[Kboost::asio::basic_serial_port<Executor>::basic_serial_port(const executor_type&) [with Executor = boost::asio::execution::any_executor<boost::asio::execution::context_as_t<boost::asio::execution_context&>, boost::asio::execution::detail::blocking::never_t<0>, boost::asio::execution::prefer_only<boost::asio::execution::detail::blocking::possibly_t<0> >, boost::asio::execution::prefer_only<boost::asio::execution::detail::outstanding_work::tracked_t<0> >, boost::asio::execution::prefer_only<boost::asio::execution::detail::outstanding_work::untracked_t<0> >, boost::asio::execution::prefer_only<boost::asio::execution::detail::relationship::fork_t<0> >, boost::asio::execution::prefer_only<boost::asio::execution::detail::relationship::continuation_t<0> > >; boost::asio::basic_serial_port<Executor>::executor_type = boost::asio::execution::any_executor<boost::asio::execution::context_as_t<boost::asio::execution_context&>, boost::asio::execution::detail::blocking::never_t<0>, boost::asio::execution::prefer_only<boost::asio::execution::detail::blocking::possibly_t<0> >, boost::asio::execution::prefer_only<boost::asio::execution::detail::outstanding_work::tracked_t<0> >, boost::asio::execution::prefer_only<boost::asio::execution::detail::outstanding_work::untracked_t<0> >, boost::asio::execution::prefer_only<boost::asio::execution::detail::relationship::fork_t<0> >, boost::asio::execution::prefer_only<boost::asio::execution::detail::relationship::continuation_t<0> > >][m[Kâ€™
   97 |   explicit [01;36m[Kbasic_serial_port[m[K(const executor_type& ex)
      |            [01;36m[K^~~~~~~~~~~~~~~~~[m[K
[01m[K/usr/include/boost/asio/basic_serial_port.hpp:97:12:[m[K [01;36m[Knote: [m[K  candidate expects 1 argument, 0 provided
[01m[K/home/hs/ros2_study/src/nexus_base_ros-master/src/nexus_serial_bridge.cpp:278:1:[m[K [01;31m[Kerror: [m[Kexpected declaration before â€˜[01m[K}[m[Kâ€™ token
  278 | [01;31m[K}[m[K;
      | [01;31m[K^[m[K
gmake[2]: *** [CMakeFiles/nexus_serial_bridge.dir/build.make:76: CMakeFiles/nexus_serial_bridge.dir/src/nexus_serial_bridge.cpp.o] ì˜¤ë¥˜ 1
gmake[1]: *** [CMakeFiles/Makefile2:598: CMakeFiles/nexus_serial_bridge.dir/all] ì˜¤ë¥˜ 2
gmake: *** [Makefile:146: all] ì˜¤ë¥˜ 2
