[0.537s] Invoking command in '/home/hs/ros2_study/build/nexus_base_ros': CMAKE_PREFIX_PATH=${CMAKE_PREFIX_PATH}:/home/hs/ros2_study/install/bno055:/opt/ros/humble /usr/local/bin/cmake --build /home/hs/ros2_study/build/nexus_base_ros -- -j8 -l8
[0.588s] [  1%] Built target nexus_base_ros__cpp
[0.593s] [ 11%] Built target nexus_base_ros__rosidl_generator_c
[0.599s] [ 11%] Built target ament_cmake_python_copy_nexus_base_ros
[0.626s] [ 21%] Built target nexus_base_ros__rosidl_typesupport_cpp
[0.633s] [ 31%] Built target nexus_base_ros__rosidl_typesupport_fastrtps_cpp
[0.639s] [ 40%] Built target nexus_base_ros__rosidl_typesupport_introspection_c
[0.640s] [ 60%] Built target nexus_base_ros__rosidl_typesupport_introspection_cpp
[0.640s] [ 60%] Built target nexus_base_ros__rosidl_typesupport_fastrtps_c
[0.640s] [ 70%] Built target nexus_base_ros__rosidl_typesupport_c
[0.669s] [ 70%] Built target nexus_base_ros
[0.687s] [ 72%] Built target nexus_base_ros__py
[0.705s] [ 75%] Built target nexus_odometry
[0.728s] [ 83%] Built target nexus_teleop_joy
[0.728s] [ 86%] Built target nexus_base_ros__rosidl_generator_py
[0.758s] [ 90%] Built target nexus_base_ros__rosidl_typesupport_introspection_c__pyext
[0.758s] [ 93%] Built target nexus_base_ros__rosidl_typesupport_fastrtps_c__pyext
[0.760s] [ 96%] Built target nexus_base_ros__rosidl_typesupport_c__pyext
[0.766s] [ 98%] [32mBuilding CXX object CMakeFiles/nexus_serial_bridge.dir/src/nexus_serial_bridge.cpp.o[0m
[1.132s] running egg_info
[1.133s] writing nexus_base_ros.egg-info/PKG-INFO
[1.134s] writing dependency_links to nexus_base_ros.egg-info/dependency_links.txt
[1.134s] writing top-level names to nexus_base_ros.egg-info/top_level.txt
[1.138s] reading manifest file 'nexus_base_ros.egg-info/SOURCES.txt'
[1.139s] writing manifest file 'nexus_base_ros.egg-info/SOURCES.txt'
[1.188s] [ 98%] Built target ament_cmake_python_build_nexus_base_ros_egg
[5.636s] [01m[K/home/hs/ros2_study/src/nexus_base_ros-master/src/nexus_serial_bridge.cpp:[m[K In constructor â€˜[01m[KNexusSerialBridge::NexusSerialBridge()[m[Kâ€™:
[5.636s] [01m[K/home/hs/ros2_study/src/nexus_base_ros-master/src/nexus_serial_bridge.cpp:35:5:[m[K [01;31m[Kerror: [m[Kclass â€˜[01m[KNexusSerialBridge[m[Kâ€™ does not have any field named â€˜[01m[Kio_[m[Kâ€™
[5.637s]    35 |     [01;31m[Kio_[m[K(),
[5.637s]       |     [01;31m[K^~~[m[K
[5.637s] [01m[K/home/hs/ros2_study/src/nexus_base_ros-master/src/nexus_serial_bridge.cpp:36:5:[m[K [01;31m[Kerror: [m[Kclass â€˜[01m[KNexusSerialBridge[m[Kâ€™ does not have any field named â€˜[01m[Kserial_[m[Kâ€™
[5.637s]    36 |     [01;31m[Kserial_[m[K(io_),
[5.637s]       |     [01;31m[K^~~~~~~[m[K
[5.645s] [01m[K/home/hs/ros2_study/src/nexus_base_ros-master/src/nexus_serial_bridge.cpp:36:13:[m[K [01;31m[Kerror: [m[Kâ€˜[01m[Kio_[m[Kâ€™ was not declared in this scope
[5.645s]    36 |     serial_([01;31m[Kio_[m[K),
[5.645s]       |             [01;31m[K^~~[m[K
[5.645s] [01m[K/home/hs/ros2_study/src/nexus_base_ros-master/src/nexus_serial_bridge.cpp:37:5:[m[K [01;31m[Kerror: [m[Kclass â€˜[01m[KNexusSerialBridge[m[Kâ€™ does not have any field named â€˜[01m[Krunning_[m[Kâ€™
[5.645s]    37 |     [01;31m[Krunning_[m[K(true),
[5.645s]       |     [01;31m[K^~~~~~~~[m[K
[5.646s] [01m[K/home/hs/ros2_study/src/nexus_base_ros-master/src/nexus_serial_bridge.cpp:38:5:[m[K [01;31m[Kerror: [m[Kclass â€˜[01m[KNexusSerialBridge[m[Kâ€™ does not have any field named â€˜[01m[Karmed_[m[Kâ€™
[5.646s]    38 |     [01;31m[Karmed_[m[K(true),
[5.646s]       |     [01;31m[K^~~~~~[m[K
[5.646s] [01m[K/home/hs/ros2_study/src/nexus_base_ros-master/src/nexus_serial_bridge.cpp:39:5:[m[K [01;31m[Kerror: [m[Kclass â€˜[01m[KNexusSerialBridge[m[Kâ€™ does not have any field named â€˜[01m[Khas_cmd_[m[Kâ€™
[5.646s]    39 |     [01;31m[Khas_cmd_[m[K(false) {
[5.646s]       |     [01;31m[K^~~~~~~~[m[K
[5.655s] [01m[K/home/hs/ros2_study/src/nexus_base_ros-master/src/nexus_serial_bridge.cpp:40:5:[m[K [01;31m[Kerror: [m[Kâ€˜[01m[Kport_[m[Kâ€™ was not declared in this scope
[5.655s]    40 |     [01;31m[Kport_[m[K = declare_parameter<std::string>("serial_port", "/dev/ttyUSB0");
[5.655s]       |     [01;31m[K^~~~~[m[K
[5.668s] [01m[K/home/hs/ros2_study/src/nexus_base_ros-master/src/nexus_serial_bridge.cpp:41:5:[m[K [01;31m[Kerror: [m[Kâ€˜[01m[Kbaudrate_[m[Kâ€™ was not declared in this scope
[5.668s]    41 |     [01;31m[Kbaudrate_[m[K = declare_parameter<int>("serial_baud", kDefaultBaudrate);
[5.668s]       |     [01;31m[K^~~~~~~~~[m[K
[5.687s] [01m[K/home/hs/ros2_study/src/nexus_base_ros-master/src/nexus_serial_bridge.cpp:42:5:[m[K [01;31m[Kerror: [m[Kâ€˜[01m[Ktx_rate_hz_[m[Kâ€™ was not declared in this scope
[5.687s]    42 |     [01;31m[Ktx_rate_hz_[m[K = declare_parameter<double>("tx_rate_hz", kDefaultTxRateHz);
[5.687s]       |     [01;31m[K^~~~~~~~~~~[m[K
[5.709s] [01m[K/home/hs/ros2_study/src/nexus_base_ros-master/src/nexus_serial_bridge.cpp:43:5:[m[K [01;31m[Kerror: [m[Kâ€˜[01m[Kcmd_timeout_ms_[m[Kâ€™ was not declared in this scope
[5.709s]    43 |     [01;31m[Kcmd_timeout_ms_[m[K = declare_parameter<int>("cmd_timeout_ms", kDefaultCmdTimeoutMs);
[5.710s]       |     [01;31m[K^~~~~~~~~~~~~~~[m[K
[5.722s] [01m[K/home/hs/ros2_study/src/nexus_base_ros-master/src/nexus_serial_bridge.cpp:44:5:[m[K [01;31m[Kerror: [m[Kâ€˜[01m[Kframe_id_[m[Kâ€™ was not declared in this scope
[5.722s]    44 |     [01;31m[Kframe_id_[m[K = declare_parameter<std::string>("frame_id", "base_link");
[5.722s]       |     [01;31m[K^~~~~~~~~[m[K
[5.743s] [01m[K/home/hs/ros2_study/src/nexus_base_ros-master/src/nexus_serial_bridge.cpp:46:5:[m[K [01;31m[Kerror: [m[Kâ€˜[01m[Kwheel_vel_pub_[m[Kâ€™ was not declared in this scope
[5.744s]    46 |     [01;31m[Kwheel_vel_pub_[m[K = create_publisher<nexus_base_ros::msg::Encoders>("wheel_vel", rclcpp::SensorDataQoS());
[5.744s]       |     [01;31m[K^~~~~~~~~~~~~~[m[K
[5.770s] [01m[K/home/hs/ros2_study/src/nexus_base_ros-master/src/nexus_serial_bridge.cpp:47:5:[m[K [01;31m[Kerror: [m[Kâ€˜[01m[Kwheel_enc_pub_[m[Kâ€™ was not declared in this scope
[5.771s]    47 |     [01;31m[Kwheel_enc_pub_[m[K = create_publisher<std_msgs::msg::Int32MultiArray>("wheel_enc", rclcpp::SensorDataQoS());
[5.771s]       |     [01;31m[K^~~~~~~~~~~~~~[m[K
[5.784s] [01m[K/home/hs/ros2_study/src/nexus_base_ros-master/src/nexus_serial_bridge.cpp:49:5:[m[K [01;31m[Kerror: [m[Kâ€˜[01m[Kcmd_sub_[m[Kâ€™ was not declared in this scope
[5.785s]    49 |     [01;31m[Kcmd_sub_[m[K = create_subscription<geometry_msgs::msg::Twist>(
[5.785s]       |     [01;31m[K^~~~~~~~[m[K
[5.882s] [01m[K/home/hs/ros2_study/src/nexus_base_ros-master/src/nexus_serial_bridge.cpp:54:5:[m[K [01;31m[Kerror: [m[Kâ€˜[01m[Kemergency_srv_[m[Kâ€™ was not declared in this scope
[5.882s]    54 |     [01;31m[Kemergency_srv_[m[K = create_service<nexus_base_ros::srv::EmergencyStopEnable>(
[5.882s]       |     [01;31m[K^~~~~~~~~~~~~~[m[K
[5.933s] [01m[K/home/hs/ros2_study/src/nexus_base_ros-master/src/nexus_serial_bridge.cpp:58:5:[m[K [01;31m[Kerror: [m[Kâ€˜[01m[Karming_srv_[m[Kâ€™ was not declared in this scope
[5.933s]    58 |     [01;31m[Karming_srv_[m[K = create_service<nexus_base_ros::srv::ArmingEnable>(
[5.933s]       |     [01;31m[K^~~~~~~~~~~[m[K
[5.974s] [01m[K/home/hs/ros2_study/src/nexus_base_ros-master/src/nexus_serial_bridge.cpp:65:5:[m[K [01;31m[Kerror: [m[Kâ€˜[01m[Ksend_timer_[m[Kâ€™ was not declared in this scope; did you mean â€˜[01m[Ksetitimer[m[Kâ€™?
[5.974s]    65 |     [01;31m[Ksend_timer_[m[K = create_wall_timer(period, std::bind(&NexusSerialBridge::sendLatestCmd, this));
[5.974s]       |     [01;31m[K^~~~~~~~~~~[m[K
[5.974s]       |     [32m[Ksetitimer[m[K
[5.992s] [01m[K/home/hs/ros2_study/src/nexus_base_ros-master/src/nexus_serial_bridge.cpp:67:5:[m[K [01;31m[Kerror: [m[Kâ€˜[01m[Kread_thread_[m[Kâ€™ was not declared in this scope; did you mean â€˜[01m[Kreadahead[m[Kâ€™?
[5.993s]    67 |     [01;31m[Kread_thread_[m[K = std::thread(&NexusSerialBridge::readLoop, this);
[5.993s]       |     [01;31m[K^~~~~~~~~~~~[m[K
[5.993s]       |     [32m[Kreadahead[m[K
[6.426s] [01m[K/home/hs/ros2_study/src/nexus_base_ros-master/src/nexus_serial_bridge.cpp:[m[K In destructor â€˜[01m[Kvirtual NexusSerialBridge::~NexusSerialBridge()[m[Kâ€™:
[6.426s] [01m[K/home/hs/ros2_study/src/nexus_base_ros-master/src/nexus_serial_bridge.cpp:71:5:[m[K [01;31m[Kerror: [m[Kâ€˜[01m[Krunning_[m[Kâ€™ was not declared in this scope
[6.426s]    71 |     [01;31m[Krunning_[m[K.store(false);
[6.427s]       |     [01;31m[K^~~~~~~~[m[K
[6.444s] [01m[K/home/hs/ros2_study/src/nexus_base_ros-master/src/nexus_serial_bridge.cpp:73:9:[m[K [01;31m[Kerror: [m[Kâ€˜[01m[Kread_thread_[m[Kâ€™ was not declared in this scope; did you mean â€˜[01m[Kreadahead[m[Kâ€™?
[6.444s]    73 |     if ([01;31m[Kread_thread_[m[K.joinable()) {
[6.444s]       |         [01;31m[K^~~~~~~~~~~~[m[K
[6.444s]       |         [32m[Kreadahead[m[K
[6.455s] [01m[K/home/hs/ros2_study/src/nexus_base_ros-master/src/nexus_serial_bridge.cpp:[m[K In member function â€˜[01m[Kvoid NexusSerialBridge::openSerial()[m[Kâ€™:
[6.455s] [01m[K/home/hs/ros2_study/src/nexus_base_ros-master/src/nexus_serial_bridge.cpp:81:7:[m[K [01;31m[Kerror: [m[Kâ€˜[01m[Kserial_[m[Kâ€™ was not declared in this scope
[6.455s]    81 |       [01;31m[Kserial_[m[K.open(port_);
[6.455s]       |       [01;31m[K^~~~~~~[m[K
[6.464s] [01m[K/home/hs/ros2_study/src/nexus_base_ros-master/src/nexus_serial_bridge.cpp:81:20:[m[K [01;31m[Kerror: [m[Kâ€˜[01m[Kport_[m[Kâ€™ was not declared in this scope
[6.464s]    81 |       serial_.open([01;31m[Kport_[m[K);
[6.464s]       |                    [01;31m[K^~~~~[m[K
[6.478s] [01m[K/home/hs/ros2_study/src/nexus_base_ros-master/src/nexus_serial_bridge.cpp:82:67:[m[K [01;31m[Kerror: [m[Kâ€˜[01m[Kbaudrate_[m[Kâ€™ was not declared in this scope
[6.479s]    82 |       serial_.set_option(boost::asio::serial_port_base::baud_rate([01;31m[Kbaudrate_[m[K));
[6.479s]       |                                                                   [01;31m[K^~~~~~~~~[m[K
[6.492s] In file included from [01m[K/opt/ros/humble/include/rclcpp/rclcpp/logging.hpp:24[m[K,
[6.493s]                  from [01m[K/opt/ros/humble/include/rclcpp/rclcpp/client.hpp:40[m[K,
[6.493s]                  from [01m[K/opt/ros/humble/include/rclcpp/rclcpp/callback_group.hpp:24[m[K,
[6.493s]                  from [01m[K/opt/ros/humble/include/rclcpp/rclcpp/any_executable.hpp:20[m[K,
[6.493s]                  from [01m[K/opt/ros/humble/include/rclcpp/rclcpp/memory_strategy.hpp:25[m[K,
[6.493s]                  from [01m[K/opt/ros/humble/include/rclcpp/rclcpp/memory_strategies.hpp:18[m[K,
[6.493s]                  from [01m[K/opt/ros/humble/include/rclcpp/rclcpp/executor_options.hpp:20[m[K,
[6.493s]                  from [01m[K/opt/ros/humble/include/rclcpp/rclcpp/executor.hpp:37[m[K,
[6.494s]                  from [01m[K/opt/ros/humble/include/rclcpp/rclcpp/executors/multi_threaded_executor.hpp:25[m[K,
[6.494s]                  from [01m[K/opt/ros/humble/include/rclcpp/rclcpp/executors.hpp:21[m[K,
[6.494s]                  from [01m[K/opt/ros/humble/include/rclcpp/rclcpp/rclcpp.hpp:155[m[K,
[6.494s]                  from [01m[K/home/hs/ros2_study/src/nexus_base_ros-master/src/nexus_serial_bridge.cpp:18[m[K:
[6.494s] [01m[K/home/hs/ros2_study/src/nexus_base_ros-master/src/nexus_serial_bridge.cpp:89:71:[m[K [01;31m[Kerror: [m[Kâ€˜[01m[Kport_[m[Kâ€™ was not declared in this scope
[6.494s]    89 |       RCLCPP_ERROR(get_logger(), "Failed to open serial port %s: %s", [01;31m[Kport_[m[K.c_str(), ex.what());
[6.494s]       |                                                                       [01;31m[K^~~~~[m[K
[6.511s] [01m[K/home/hs/ros2_study/src/nexus_base_ros-master/src/nexus_serial_bridge.cpp:[m[K In member function â€˜[01m[Kvoid NexusSerialBridge::closeSerial()[m[Kâ€™:
[6.511s] [01m[K/home/hs/ros2_study/src/nexus_base_ros-master/src/nexus_serial_bridge.cpp:94:38:[m[K [01;31m[Kerror: [m[Kâ€˜[01m[Kserial_mutex_[m[Kâ€™ was not declared in this scope
[6.511s]    94 |     std::lock_guard<std::mutex> lock([01;31m[Kserial_mutex_[m[K);
[6.511s]       |                                      [01;31m[K^~~~~~~~~~~~~[m[K
[6.521s] [01m[K/home/hs/ros2_study/src/nexus_base_ros-master/src/nexus_serial_bridge.cpp:95:9:[m[K [01;31m[Kerror: [m[Kâ€˜[01m[Kserial_[m[Kâ€™ was not declared in this scope
[6.521s]    95 |     if ([01;31m[Kserial_[m[K.is_open()) {
[6.521s]       |         [01;31m[K^~~~~~~[m[K
[6.540s] [01m[K/home/hs/ros2_study/src/nexus_base_ros-master/src/nexus_serial_bridge.cpp:[m[K In member function â€˜[01m[Kvoid NexusSerialBridge::cmdVelCallback(geometry_msgs::msg::Twist_<std::allocator<void> >::SharedPtr)[m[Kâ€™:
[6.540s] [01m[K/home/hs/ros2_study/src/nexus_base_ros-master/src/nexus_serial_bridge.cpp:103:38:[m[K [01;31m[Kerror: [m[Kâ€˜[01m[Kcmd_mutex_[m[Kâ€™ was not declared in this scope
[6.540s]   103 |     std::lock_guard<std::mutex> lock([01;31m[Kcmd_mutex_[m[K);
[6.541s]       |                                      [01;31m[K^~~~~~~~~~[m[K
[6.559s] [01m[K/home/hs/ros2_study/src/nexus_base_ros-master/src/nexus_serial_bridge.cpp:104:5:[m[K [01;31m[Kerror: [m[Kâ€˜[01m[Kcmd_vx_mmps_[m[Kâ€™ was not declared in this scope
[6.559s]   104 |     [01;31m[Kcmd_vx_mmps_[m[K = msg->linear.x * 1000.0;
[6.559s]       |     [01;31m[K^~~~~~~~~~~~[m[K
[6.577s] [01m[K/home/hs/ros2_study/src/nexus_base_ros-master/src/nexus_serial_bridge.cpp:105:5:[m[K [01;31m[Kerror: [m[Kâ€˜[01m[Kcmd_vy_mmps_[m[Kâ€™ was not declared in this scope
[6.577s]   105 |     [01;31m[Kcmd_vy_mmps_[m[K = msg->linear.y * 1000.0;
[6.577s]       |     [01;31m[K^~~~~~~~~~~~[m[K
[6.597s] [01m[K/home/hs/ros2_study/src/nexus_base_ros-master/src/nexus_serial_bridge.cpp:106:5:[m[K [01;31m[Kerror: [m[Kâ€˜[01m[Kcmd_wz_mradps_[m[Kâ€™ was not declared in this scope
[6.598s]   106 |     [01;31m[Kcmd_wz_mradps_[m[K = msg->angular.z * 1000.0;
[6.598s]       |     [01;31m[K^~~~~~~~~~~~~~[m[K
[6.616s] [01m[K/home/hs/ros2_study/src/nexus_base_ros-master/src/nexus_serial_bridge.cpp:107:5:[m[K [01;31m[Kerror: [m[Kâ€˜[01m[Klast_cmd_time_[m[Kâ€™ was not declared in this scope
[6.616s]   107 |     [01;31m[Klast_cmd_time_[m[K = now();
[6.616s]       |     [01;31m[K^~~~~~~~~~~~~~[m[K
[6.628s] [01m[K/home/hs/ros2_study/src/nexus_base_ros-master/src/nexus_serial_bridge.cpp:108:5:[m[K [01;31m[Kerror: [m[Kâ€˜[01m[Khas_cmd_[m[Kâ€™ was not declared in this scope
[6.628s]   108 |     [01;31m[Khas_cmd_[m[K = true;
[6.628s]       |     [01;31m[K^~~~~~~~[m[K
[6.645s] [01m[K/home/hs/ros2_study/src/nexus_base_ros-master/src/nexus_serial_bridge.cpp:[m[K In member function â€˜[01m[Kvoid NexusSerialBridge::handleEmergencyStop(std::shared_ptr<nexus_base_ros::srv::EmergencyStopEnable_Request_<std::allocator<void> > >, std::shared_ptr<nexus_base_ros::srv::EmergencyStopEnable_Response_<std::allocator<void> > >)[m[Kâ€™:
[6.645s] [01m[K/home/hs/ros2_study/src/nexus_base_ros-master/src/nexus_serial_bridge.cpp:115:7:[m[K [01;31m[Kerror: [m[Kâ€˜[01m[Karmed_[m[Kâ€™ was not declared in this scope
[6.645s]   115 |       [01;31m[Karmed_[m[K.store(false);
[6.645s]       |       [01;31m[K^~~~~~[m[K
[6.661s] [01m[K/home/hs/ros2_study/src/nexus_base_ros-master/src/nexus_serial_bridge.cpp:[m[K In member function â€˜[01m[Kvoid NexusSerialBridge::handleArming(std::shared_ptr<nexus_base_ros::srv::ArmingEnable_Request_<std::allocator<void> > >, std::shared_ptr<nexus_base_ros::srv::ArmingEnable_Response_<std::allocator<void> > >)[m[Kâ€™:
[6.661s] [01m[K/home/hs/ros2_study/src/nexus_base_ros-master/src/nexus_serial_bridge.cpp:125:7:[m[K [01;31m[Kerror: [m[Kâ€˜[01m[Karmed_[m[Kâ€™ was not declared in this scope
[6.661s]   125 |       [01;31m[Karmed_[m[K.store(true);
[6.661s]       |       [01;31m[K^~~~~~[m[K
[6.671s] [01m[K/home/hs/ros2_study/src/nexus_base_ros-master/src/nexus_serial_bridge.cpp:[m[K In member function â€˜[01m[Kvoid NexusSerialBridge::sendLatestCmd()[m[Kâ€™:
[6.671s] [01m[K/home/hs/ros2_study/src/nexus_base_ros-master/src/nexus_serial_bridge.cpp:131:10:[m[K [01;31m[Kerror: [m[Kâ€˜[01m[Kserial_[m[Kâ€™ was not declared in this scope
[6.671s]   131 |     if (![01;31m[Kserial_[m[K.is_open()) {
[6.672s]       |          [01;31m[K^~~~~~~[m[K
[6.686s] [01m[K/home/hs/ros2_study/src/nexus_base_ros-master/src/nexus_serial_bridge.cpp:141:40:[m[K [01;31m[Kerror: [m[Kâ€˜[01m[Kcmd_mutex_[m[Kâ€™ was not declared in this scope
[6.686s]   141 |       std::lock_guard<std::mutex> lock([01;31m[Kcmd_mutex_[m[K);
[6.686s]       |                                        [01;31m[K^~~~~~~~~~[m[K
[6.698s] [01m[K/home/hs/ros2_study/src/nexus_base_ros-master/src/nexus_serial_bridge.cpp:142:12:[m[K [01;31m[Kerror: [m[Kâ€˜[01m[Khas_cmd_[m[Kâ€™ was not declared in this scope
[6.698s]   142 |       if (![01;31m[Khas_cmd_[m[K) {
[6.698s]       |            [01;31m[K^~~~~~~~[m[K
[6.717s] [01m[K/home/hs/ros2_study/src/nexus_base_ros-master/src/nexus_serial_bridge.cpp:145:32:[m[K [01;31m[Kerror: [m[Kâ€˜[01m[Klast_cmd_time_[m[Kâ€™ was not declared in this scope
[6.717s]   145 |         auto age_ms = (now() - [01;31m[Klast_cmd_time_[m[K).nanoseconds() / 1000000;
[6.717s]       |                                [01;31m[K^~~~~~~~~~~~~~[m[K
[6.739s] [01m[K/home/hs/ros2_study/src/nexus_base_ros-master/src/nexus_serial_bridge.cpp:146:22:[m[K [01;31m[Kerror: [m[Kâ€˜[01m[Kcmd_timeout_ms_[m[Kâ€™ was not declared in this scope
[6.739s]   146 |         if (age_ms > [01;31m[Kcmd_timeout_ms_[m[K) {
[6.739s]       |                      [01;31m[K^~~~~~~~~~~~~~~[m[K
[6.758s] [01m[K/home/hs/ros2_study/src/nexus_base_ros-master/src/nexus_serial_bridge.cpp:149:16:[m[K [01;31m[Kerror: [m[Kâ€˜[01m[Kcmd_vx_mmps_[m[Kâ€™ was not declared in this scope
[6.758s]   149 |           vx = [01;31m[Kcmd_vx_mmps_[m[K;
[6.758s]       |                [01;31m[K^~~~~~~~~~~~[m[K
[6.776s] [01m[K/home/hs/ros2_study/src/nexus_base_ros-master/src/nexus_serial_bridge.cpp:150:16:[m[K [01;31m[Kerror: [m[Kâ€˜[01m[Kcmd_vy_mmps_[m[Kâ€™ was not declared in this scope
[6.776s]   150 |           vy = [01;31m[Kcmd_vy_mmps_[m[K;
[6.776s]       |                [01;31m[K^~~~~~~~~~~~[m[K
[6.796s] [01m[K/home/hs/ros2_study/src/nexus_base_ros-master/src/nexus_serial_bridge.cpp:151:16:[m[K [01;31m[Kerror: [m[Kâ€˜[01m[Kcmd_wz_mradps_[m[Kâ€™ was not declared in this scope
[6.796s]   151 |           wz = [01;31m[Kcmd_wz_mradps_[m[K;
[6.796s]       |                [01;31m[K^~~~~~~~~~~~~~[m[K
[6.806s] [01m[K/home/hs/ros2_study/src/nexus_base_ros-master/src/nexus_serial_bridge.cpp:156:10:[m[K [01;31m[Kerror: [m[Kâ€˜[01m[Karmed_[m[Kâ€™ was not declared in this scope
[6.806s]   156 |     if (![01;31m[Karmed_[m[K.load()) {
[6.806s]       |          [01;31m[K^~~~~~[m[K
[6.826s] [01m[K/home/hs/ros2_study/src/nexus_base_ros-master/src/nexus_serial_bridge.cpp:[m[K In member function â€˜[01m[Kvoid NexusSerialBridge::writeLine(const string&)[m[Kâ€™:
[6.826s] [01m[K/home/hs/ros2_study/src/nexus_base_ros-master/src/nexus_serial_bridge.cpp:171:38:[m[K [01;31m[Kerror: [m[Kâ€˜[01m[Kserial_mutex_[m[Kâ€™ was not declared in this scope
[6.826s]   171 |     std::lock_guard<std::mutex> lock([01;31m[Kserial_mutex_[m[K);
[6.826s]       |                                      [01;31m[K^~~~~~~~~~~~~[m[K
[6.837s] [01m[K/home/hs/ros2_study/src/nexus_base_ros-master/src/nexus_serial_bridge.cpp:172:10:[m[K [01;31m[Kerror: [m[Kâ€˜[01m[Kserial_[m[Kâ€™ was not declared in this scope
[6.837s]   172 |     if (![01;31m[Kserial_[m[K.is_open()) {
[6.838s]       |          [01;31m[K^~~~~~~[m[K
[6.849s] [01m[K/home/hs/ros2_study/src/nexus_base_ros-master/src/nexus_serial_bridge.cpp:176:24:[m[K [01;31m[Kerror: [m[Kâ€˜[01m[Kserial_[m[Kâ€™ was not declared in this scope
[6.849s]   176 |     boost::asio::write([01;31m[Kserial_[m[K, boost::asio::buffer(line), ec);
[6.849s]       |                        [01;31m[K^~~~~~~[m[K
[6.864s] [01m[K/home/hs/ros2_study/src/nexus_base_ros-master/src/nexus_serial_bridge.cpp:[m[K In member function â€˜[01m[Kvoid NexusSerialBridge::publishWheelVel(int, int, int, int)[m[Kâ€™:
[6.864s] [01m[K/home/hs/ros2_study/src/nexus_base_ros-master/src/nexus_serial_bridge.cpp:195:27:[m[K [01;31m[Kerror: [m[Kâ€˜[01m[Kframe_id_[m[Kâ€™ was not declared in this scope
[6.864s]   195 |     msg.header.frame_id = [01;31m[Kframe_id_[m[K;
[6.864s]       |                           [01;31m[K^~~~~~~~~[m[K
[6.886s] [01m[K/home/hs/ros2_study/src/nexus_base_ros-master/src/nexus_serial_bridge.cpp:200:5:[m[K [01;31m[Kerror: [m[Kâ€˜[01m[Kwheel_vel_pub_[m[Kâ€™ was not declared in this scope
[6.887s]   200 |     [01;31m[Kwheel_vel_pub_[m[K->publish(msg);
[6.887s]       |     [01;31m[K^~~~~~~~~~~~~~[m[K
[6.910s] [01m[K/home/hs/ros2_study/src/nexus_base_ros-master/src/nexus_serial_bridge.cpp:[m[K In member function â€˜[01m[Kvoid NexusSerialBridge::publishWheelEnc(long int, long int, long int, long int)[m[Kâ€™:
[6.910s] [01m[K/home/hs/ros2_study/src/nexus_base_ros-master/src/nexus_serial_bridge.cpp:210:5:[m[K [01;31m[Kerror: [m[Kâ€˜[01m[Kwheel_enc_pub_[m[Kâ€™ was not declared in this scope
[6.910s]   210 |     [01;31m[Kwheel_enc_pub_[m[K->publish(msg);
[6.910s]       |     [01;31m[K^~~~~~~~~~~~~~[m[K
[6.922s] [01m[K/home/hs/ros2_study/src/nexus_base_ros-master/src/nexus_serial_bridge.cpp:[m[K In member function â€˜[01m[Kvoid NexusSerialBridge::readLoop()[m[Kâ€™:
[6.922s] [01m[K/home/hs/ros2_study/src/nexus_base_ros-master/src/nexus_serial_bridge.cpp:215:12:[m[K [01;31m[Kerror: [m[Kâ€˜[01m[Krunning_[m[Kâ€™ was not declared in this scope
[6.922s]   215 |     while ([01;31m[Krunning_[m[K.load()) {
[6.922s]       |            [01;31m[K^~~~~~~~[m[K
[6.933s] [01m[K/home/hs/ros2_study/src/nexus_base_ros-master/src/nexus_serial_bridge.cpp:216:12:[m[K [01;31m[Kerror: [m[Kâ€˜[01m[Kserial_[m[Kâ€™ was not declared in this scope
[6.933s]   216 |       if (![01;31m[Kserial_[m[K.is_open()) {
[6.934s]       |            [01;31m[K^~~~~~~[m[K
[6.944s] [01m[K/home/hs/ros2_study/src/nexus_base_ros-master/src/nexus_serial_bridge.cpp:222:47:[m[K [01;31m[Kerror: [m[Kâ€˜[01m[Kserial_[m[Kâ€™ was not declared in this scope
[6.945s]   222 |       std::size_t n = boost::asio::read_until([01;31m[Kserial_[m[K, buffer, '\n', ec);
[6.945s]       |                                               [01;31m[K^~~~~~~[m[K
[6.947s] [01m[K/home/hs/ros2_study/src/nexus_base_ros-master/src/nexus_serial_bridge.cpp:[m[K At global scope:
[6.948s] [01m[K/home/hs/ros2_study/src/nexus_base_ros-master/src/nexus_serial_bridge.cpp:252:27:[m[K [01;31m[Kerror: [m[Kexpected initializer before â€˜[01m[Kio_[m[Kâ€™
[6.948s]   252 |   boost::asio::io_context [01;31m[Kio_[m[K;
[6.948s]       |                           [01;31m[K^~~[m[K
[6.948s] [01m[K/home/hs/ros2_study/src/nexus_base_ros-master/src/nexus_serial_bridge.cpp:253:28:[m[K [01;31m[Kerror: [m[Kno matching function for call to â€˜[01m[Kboost::asio::basic_serial_port<>::basic_serial_port()[m[Kâ€™
[6.949s]   253 |   boost::asio::serial_port [01;31m[Kserial_[m[K;
[6.949s]       |                            [01;31m[K^~~~~~~[m[K
[6.949s] In file included from [01m[K/usr/include/boost/asio.hpp:29[m[K,
[6.949s]                  from [01m[K/home/hs/ros2_study/src/nexus_base_ros-master/src/nexus_serial_bridge.cpp:14[m[K:
[6.950s] [01m[K/usr/include/boost/asio/basic_serial_port.hpp:245:3:[m[K [01;36m[Knote: [m[Kcandidate: â€˜[01m[Ktemplate<class ExecutionContext> boost::asio::basic_serial_port<Executor>::basic_serial_port(ExecutionContext&, const native_handle_type&, typename std::enable_if<std::is_convertible<ExecutionContext&, boost::asio::execution_context&>::value>::type*) [with ExecutionContext = ExecutionContext; Executor = boost::asio::execution::any_executor<boost::asio::execution::context_as_t<boost::asio::execution_context&>, boost::asio::execution::detail::blocking::never_t<0>, boost::asio::execution::prefer_only<boost::asio::execution::detail::blocking::possibly_t<0> >, boost::asio::execution::prefer_only<boost::asio::execution::detail::outstanding_work::tracked_t<0> >, boost::asio::execution::prefer_only<boost::asio::execution::detail::outstanding_work::untracked_t<0> >, boost::asio::execution::prefer_only<boost::asio::execution::detail::relationship::fork_t<0> >, boost::asio::execution::prefer_only<boost::asio::execution::detail::relationship::continuation_t<0> > >][m[Kâ€™
[6.950s]   245 |   [01;36m[Kbasic_serial_port[m[K(ExecutionContext& context,
[6.950s]       |   [01;36m[K^~~~~~~~~~~~~~~~~[m[K
[6.950s] [01m[K/usr/include/boost/asio/basic_serial_port.hpp:245:3:[m[K [01;36m[Knote: [m[K  template argument deduction/substitution failed:
[6.950s] [01m[K/home/hs/ros2_study/src/nexus_base_ros-master/src/nexus_serial_bridge.cpp:253:28:[m[K [01;36m[Knote: [m[K  candidate expects 3 arguments, 0 provided
[6.950s]   253 |   boost::asio::serial_port [01;36m[Kserial_[m[K;
[6.950s]       |                            [01;36m[K^~~~~~~[m[K
[6.950s] In file included from [01m[K/usr/include/boost/asio.hpp:29[m[K,
[6.950s]                  from [01m[K/home/hs/ros2_study/src/nexus_base_ros-master/src/nexus_serial_bridge.cpp:14[m[K:
[6.950s] [01m[K/usr/include/boost/asio/basic_serial_port.hpp:197:3:[m[K [01;36m[Knote: [m[Kcandidate: â€˜[01m[Ktemplate<class ExecutionContext> boost::asio::basic_serial_port<Executor>::basic_serial_port(ExecutionContext&, const string&, typename std::enable_if<std::is_convertible<ExecutionContext&, boost::asio::execution_context&>::value>::type*) [with ExecutionContext = ExecutionContext; Executor = boost::asio::execution::any_executor<boost::asio::execution::context_as_t<boost::asio::execution_context&>, boost::asio::execution::detail::blocking::never_t<0>, boost::asio::execution::prefer_only<boost::asio::execution::detail::blocking::possibly_t<0> >, boost::asio::execution::prefer_only<boost::asio::execution::detail::outstanding_work::tracked_t<0> >, boost::asio::execution::prefer_only<boost::asio::execution::detail::outstanding_work::untracked_t<0> >, boost::asio::execution::prefer_only<boost::asio::execution::detail::relationship::fork_t<0> >, boost::asio::execution::prefer_only<boost::asio::execution::detail::relationship::continuation_t<0> > >][m[Kâ€™
[6.950s]   197 |   [01;36m[Kbasic_serial_port[m[K(ExecutionContext& context, const std::string& device,
[6.951s]       |   [01;36m[K^~~~~~~~~~~~~~~~~[m[K
[6.951s] [01m[K/usr/include/boost/asio/basic_serial_port.hpp:197:3:[m[K [01;36m[Knote: [m[K  template argument deduction/substitution failed:
[6.951s] [01m[K/home/hs/ros2_study/src/nexus_base_ros-master/src/nexus_serial_bridge.cpp:253:28:[m[K [01;36m[Knote: [m[K  candidate expects 3 arguments, 0 provided
[6.951s]   253 |   boost::asio::serial_port [01;36m[Kserial_[m[K;
[6.951s]       |                            [01;36m[K^~~~~~~[m[K
[6.951s] In file included from [01m[K/usr/include/boost/asio.hpp:29[m[K,
[6.951s]                  from [01m[K/home/hs/ros2_study/src/nexus_base_ros-master/src/nexus_serial_bridge.cpp:14[m[K:
[6.951s] [01m[K/usr/include/boost/asio/basic_serial_port.hpp:153:3:[m[K [01;36m[Knote: [m[Kcandidate: â€˜[01m[Ktemplate<class ExecutionContext> boost::asio::basic_serial_port<Executor>::basic_serial_port(ExecutionContext&, const char*, typename std::enable_if<std::is_convertible<ExecutionContext&, boost::asio::execution_context&>::value>::type*) [with ExecutionContext = ExecutionContext; Executor = boost::asio::execution::any_executor<boost::asio::execution::context_as_t<boost::asio::execution_context&>, boost::asio::execution::detail::blocking::never_t<0>, boost::asio::execution::prefer_only<boost::asio::execution::detail::blocking::possibly_t<0> >, boost::asio::execution::prefer_only<boost::asio::execution::detail::outstanding_work::tracked_t<0> >, boost::asio::execution::prefer_only<boost::asio::execution::detail::outstanding_work::untracked_t<0> >, boost::asio::execution::prefer_only<boost::asio::execution::detail::relationship::fork_t<0> >, boost::asio::execution::prefer_only<boost::asio::execution::detail::relationship::continuation_t<0> > >][m[Kâ€™
[6.951s]   153 |   [01;36m[Kbasic_serial_port[m[K(ExecutionContext& context, const char* device,
[6.951s]       |   [01;36m[K^~~~~~~~~~~~~~~~~[m[K
[6.951s] [01m[K/usr/include/boost/asio/basic_serial_port.hpp:153:3:[m[K [01;36m[Knote: [m[K  template argument deduction/substitution failed:
[6.952s] [01m[K/home/hs/ros2_study/src/nexus_base_ros-master/src/nexus_serial_bridge.cpp:253:28:[m[K [01;36m[Knote: [m[K  candidate expects 3 arguments, 0 provided
[6.952s]   253 |   boost::asio::serial_port [01;36m[Kserial_[m[K;
[6.952s]       |                            [01;36m[K^~~~~~~[m[K
[6.952s] In file included from [01m[K/usr/include/boost/asio.hpp:29[m[K,
[6.952s]                  from [01m[K/home/hs/ros2_study/src/nexus_base_ros-master/src/nexus_serial_bridge.cpp:14[m[K:
[6.952s] [01m[K/usr/include/boost/asio/basic_serial_port.hpp:111:12:[m[K [01;36m[Knote: [m[Kcandidate: â€˜[01m[Ktemplate<class ExecutionContext> boost::asio::basic_serial_port<Executor>::basic_serial_port(ExecutionContext&, typename std::enable_if<std::is_convertible<ExecutionContext&, boost::asio::execution_context&>::value, boost::asio::basic_serial_port<Executor> >::type*) [with ExecutionContext = ExecutionContext; Executor = boost::asio::execution::any_executor<boost::asio::execution::context_as_t<boost::asio::execution_context&>, boost::asio::execution::detail::blocking::never_t<0>, boost::asio::execution::prefer_only<boost::asio::execution::detail::blocking::possibly_t<0> >, boost::asio::execution::prefer_only<boost::asio::execution::detail::outstanding_work::tracked_t<0> >, boost::asio::execution::prefer_only<boost::asio::execution::detail::outstanding_work::untracked_t<0> >, boost::asio::execution::prefer_only<boost::asio::execution::detail::relationship::fork_t<0> >, boost::asio::execution::prefer_only<boost::asio::execution::detail::relationship::continuation_t<0> > >][m[Kâ€™
[6.952s]   111 |   explicit [01;36m[Kbasic_serial_port[m[K(ExecutionContext& context,
[6.952s]       |            [01;36m[K^~~~~~~~~~~~~~~~~[m[K
[6.952s] [01m[K/usr/include/boost/asio/basic_serial_port.hpp:111:12:[m[K [01;36m[Knote: [m[K  template argument deduction/substitution failed:
[6.952s] [01m[K/home/hs/ros2_study/src/nexus_base_ros-master/src/nexus_serial_bridge.cpp:253:28:[m[K [01;36m[Knote: [m[K  candidate expects 2 arguments, 0 provided
[6.952s]   253 |   boost::asio::serial_port [01;36m[Kserial_[m[K;
[6.953s]       |                            [01;36m[K^~~~~~~[m[K
[6.953s] In file included from [01m[K/usr/include/boost/asio.hpp:29[m[K,
[6.953s]                  from [01m[K/home/hs/ros2_study/src/nexus_base_ros-master/src/nexus_serial_bridge.cpp:14[m[K:
[6.953s] [01m[K/usr/include/boost/asio/basic_serial_port.hpp:270:3:[m[K [01;36m[Knote: [m[Kcandidate: â€˜[01m[Kboost::asio::basic_serial_port<Executor>::basic_serial_port(boost::asio::basic_serial_port<Executor>&&) [with Executor = boost::asio::execution::any_executor<boost::asio::execution::context_as_t<boost::asio::execution_context&>, boost::asio::execution::detail::blocking::never_t<0>, boost::asio::execution::prefer_only<boost::asio::execution::detail::blocking::possibly_t<0> >, boost::asio::execution::prefer_only<boost::asio::execution::detail::outstanding_work::tracked_t<0> >, boost::asio::execution::prefer_only<boost::asio::execution::detail::outstanding_work::untracked_t<0> >, boost::asio::execution::prefer_only<boost::asio::execution::detail::relationship::fork_t<0> >, boost::asio::execution::prefer_only<boost::asio::execution::detail::relationship::continuation_t<0> > >][m[Kâ€™
[6.953s]   270 |   [01;36m[Kbasic_serial_port[m[K(basic_serial_port&& other)
[6.953s]       |   [01;36m[K^~~~~~~~~~~~~~~~~[m[K
[6.953s] [01m[K/usr/include/boost/asio/basic_serial_port.hpp:270:3:[m[K [01;36m[Knote: [m[K  candidate expects 1 argument, 0 provided
[6.953s] [01m[K/usr/include/boost/asio/basic_serial_port.hpp:221:3:[m[K [01;36m[Knote: [m[Kcandidate: â€˜[01m[Kboost::asio::basic_serial_port<Executor>::basic_serial_port(const executor_type&, const native_handle_type&) [with Executor = boost::asio::execution::any_executor<boost::asio::execution::context_as_t<boost::asio::execution_context&>, boost::asio::execution::detail::blocking::never_t<0>, boost::asio::execution::prefer_only<boost::asio::execution::detail::blocking::possibly_t<0> >, boost::asio::execution::prefer_only<boost::asio::execution::detail::outstanding_work::tracked_t<0> >, boost::asio::execution::prefer_only<boost::asio::execution::detail::outstanding_work::untracked_t<0> >, boost::asio::execution::prefer_only<boost::asio::execution::detail::relationship::fork_t<0> >, boost::asio::execution::prefer_only<boost::asio::execution::detail::relationship::continuation_t<0> > >; boost::asio::basic_serial_port<Executor>::executor_type = boost::asio::execution::any_executor<boost::asio::execution::context_as_t<boost::asio::execution_context&>, boost::asio::execution::detail::blocking::never_t<0>, boost::asio::execution::prefer_only<boost::asio::execution::detail::blocking::possibly_t<0> >, boost::asio::execution::prefer_only<boost::asio::execution::detail::outstanding_work::tracked_t<0> >, boost::asio::execution::prefer_only<boost::asio::execution::detail::outstanding_work::untracked_t<0> >, boost::asio::execution::prefer_only<boost::asio::execution::detail::relationship::fork_t<0> >, boost::asio::execution::prefer_only<boost::asio::execution::detail::relationship::continuation_t<0> > >; boost::asio::basic_serial_port<Executor>::native_handle_type = int][m[Kâ€™
[6.953s]   221 |   [01;36m[Kbasic_serial_port[m[K(const executor_type& ex,
[6.953s]       |   [01;36m[K^~~~~~~~~~~~~~~~~[m[K
[6.954s] [01m[K/usr/include/boost/asio/basic_serial_port.hpp:221:3:[m[K [01;36m[Knote: [m[K  candidate expects 2 arguments, 0 provided
[6.954s] [01m[K/usr/include/boost/asio/basic_serial_port.hpp:176:3:[m[K [01;36m[Knote: [m[Kcandidate: â€˜[01m[Kboost::asio::basic_serial_port<Executor>::basic_serial_port(const executor_type&, const string&) [with Executor = boost::asio::execution::any_executor<boost::asio::execution::context_as_t<boost::asio::execution_context&>, boost::asio::execution::detail::blocking::never_t<0>, boost::asio::execution::prefer_only<boost::asio::execution::detail::blocking::possibly_t<0> >, boost::asio::execution::prefer_only<boost::asio::execution::detail::outstanding_work::tracked_t<0> >, boost::asio::execution::prefer_only<boost::asio::execution::detail::outstanding_work::untracked_t<0> >, boost::asio::execution::prefer_only<boost::asio::execution::detail::relationship::fork_t<0> >, boost::asio::execution::prefer_only<boost::asio::execution::detail::relationship::continuation_t<0> > >; boost::asio::basic_serial_port<Executor>::executor_type = boost::asio::execution::any_executor<boost::asio::execution::context_as_t<boost::asio::execution_context&>, boost::asio::execution::detail::blocking::never_t<0>, boost::asio::execution::prefer_only<boost::asio::execution::detail::blocking::possibly_t<0> >, boost::asio::execution::prefer_only<boost::asio::execution::detail::outstanding_work::tracked_t<0> >, boost::asio::execution::prefer_only<boost::asio::execution::detail::outstanding_work::untracked_t<0> >, boost::asio::execution::prefer_only<boost::asio::execution::detail::relationship::fork_t<0> >, boost::asio::execution::prefer_only<boost::asio::execution::detail::relationship::continuation_t<0> > >; std::string = std::__cxx11::basic_string<char>][m[Kâ€™
[6.954s]   176 |   [01;36m[Kbasic_serial_port[m[K(const executor_type& ex, const std::string& device)
[6.954s]       |   [01;36m[K^~~~~~~~~~~~~~~~~[m[K
[6.954s] [01m[K/usr/include/boost/asio/basic_serial_port.hpp:176:3:[m[K [01;36m[Knote: [m[K  candidate expects 2 arguments, 0 provided
[6.954s] [01m[K/usr/include/boost/asio/basic_serial_port.hpp:132:3:[m[K [01;36m[Knote: [m[Kcandidate: â€˜[01m[Kboost::asio::basic_serial_port<Executor>::basic_serial_port(const executor_type&, const char*) [with Executor = boost::asio::execution::any_executor<boost::asio::execution::context_as_t<boost::asio::execution_context&>, boost::asio::execution::detail::blocking::never_t<0>, boost::asio::execution::prefer_only<boost::asio::execution::detail::blocking::possibly_t<0> >, boost::asio::execution::prefer_only<boost::asio::execution::detail::outstanding_work::tracked_t<0> >, boost::asio::execution::prefer_only<boost::asio::execution::detail::outstanding_work::untracked_t<0> >, boost::asio::execution::prefer_only<boost::asio::execution::detail::relationship::fork_t<0> >, boost::asio::execution::prefer_only<boost::asio::execution::detail::relationship::continuation_t<0> > >; boost::asio::basic_serial_port<Executor>::executor_type = boost::asio::execution::any_executor<boost::asio::execution::context_as_t<boost::asio::execution_context&>, boost::asio::execution::detail::blocking::never_t<0>, boost::asio::execution::prefer_only<boost::asio::execution::detail::blocking::possibly_t<0> >, boost::asio::execution::prefer_only<boost::asio::execution::detail::outstanding_work::tracked_t<0> >, boost::asio::execution::prefer_only<boost::asio::execution::detail::outstanding_work::untracked_t<0> >, boost::asio::execution::prefer_only<boost::asio::execution::detail::relationship::fork_t<0> >, boost::asio::execution::prefer_only<boost::asio::execution::detail::relationship::continuation_t<0> > >][m[Kâ€™
[6.954s]   132 |   [01;36m[Kbasic_serial_port[m[K(const executor_type& ex, const char* device)
[6.954s]       |   [01;36m[K^~~~~~~~~~~~~~~~~[m[K
[6.954s] [01m[K/usr/include/boost/asio/basic_serial_port.hpp:132:3:[m[K [01;36m[Knote: [m[K  candidate expects 2 arguments, 0 provided
[6.954s] [01m[K/usr/include/boost/asio/basic_serial_port.hpp:97:12:[m[K [01;36m[Knote: [m[Kcandidate: â€˜[01m[Kboost::asio::basic_serial_port<Executor>::basic_serial_port(const executor_type&) [with Executor = boost::asio::execution::any_executor<boost::asio::execution::context_as_t<boost::asio::execution_context&>, boost::asio::execution::detail::blocking::never_t<0>, boost::asio::execution::prefer_only<boost::asio::execution::detail::blocking::possibly_t<0> >, boost::asio::execution::prefer_only<boost::asio::execution::detail::outstanding_work::tracked_t<0> >, boost::asio::execution::prefer_only<boost::asio::execution::detail::outstanding_work::untracked_t<0> >, boost::asio::execution::prefer_only<boost::asio::execution::detail::relationship::fork_t<0> >, boost::asio::execution::prefer_only<boost::asio::execution::detail::relationship::continuation_t<0> > >; boost::asio::basic_serial_port<Executor>::executor_type = boost::asio::execution::any_executor<boost::asio::execution::context_as_t<boost::asio::execution_context&>, boost::asio::execution::detail::blocking::never_t<0>, boost::asio::execution::prefer_only<boost::asio::execution::detail::blocking::possibly_t<0> >, boost::asio::execution::prefer_only<boost::asio::execution::detail::outstanding_work::tracked_t<0> >, boost::asio::execution::prefer_only<boost::asio::execution::detail::outstanding_work::untracked_t<0> >, boost::asio::execution::prefer_only<boost::asio::execution::detail::relationship::fork_t<0> >, boost::asio::execution::prefer_only<boost::asio::execution::detail::relationship::continuation_t<0> > >][m[Kâ€™
[6.955s]    97 |   explicit [01;36m[Kbasic_serial_port[m[K(const executor_type& ex)
[6.955s]       |            [01;36m[K^~~~~~~~~~~~~~~~~[m[K
[6.955s] [01m[K/usr/include/boost/asio/basic_serial_port.hpp:97:12:[m[K [01;36m[Knote: [m[K  candidate expects 1 argument, 0 provided
[6.955s] [01m[K/home/hs/ros2_study/src/nexus_base_ros-master/src/nexus_serial_bridge.cpp:278:1:[m[K [01;31m[Kerror: [m[Kexpected declaration before â€˜[01m[K}[m[Kâ€™ token
[6.955s]   278 | [01;31m[K}[m[K;
[6.955s]       | [01;31m[K^[m[K
[10.775s] gmake[2]: *** [CMakeFiles/nexus_serial_bridge.dir/build.make:76: CMakeFiles/nexus_serial_bridge.dir/src/nexus_serial_bridge.cpp.o] ì˜¤ë¥˜ 1
[10.776s] gmake[1]: *** [CMakeFiles/Makefile2:598: CMakeFiles/nexus_serial_bridge.dir/all] ì˜¤ë¥˜ 2
[10.776s] gmake: *** [Makefile:146: all] ì˜¤ë¥˜ 2
[10.779s] Invoked command in '/home/hs/ros2_study/build/nexus_base_ros' returned '2': CMAKE_PREFIX_PATH=${CMAKE_PREFIX_PATH}:/home/hs/ros2_study/install/bno055:/opt/ros/humble /usr/local/bin/cmake --build /home/hs/ros2_study/build/nexus_base_ros -- -j8 -l8
